[2m2025-09-03T07:27:29.083233Z[0m [32m INFO[0m [2m78:[0m Scheduling drift: difference between scheduled and actual task start times for command EC: 9ms
[2m2025-09-03T07:27:29.083695Z[0m [32m INFO[0m [2m94:[0m Command EC validated successfully (latency: 14 µs)
[2m2025-09-03T07:27:29.083901Z[0m [32m INFO[0m [2m100:[0m Command validated: EC
[2m2025-09-03T07:27:29.084072Z[0m [32m INFO[0m [2m102:[0m About to send command: EC
[2m2025-09-03T07:27:29.085531Z[0m [32m INFO[0m [2m32:[0m Command sent: [3, 0, 0, 0, 0, 0, 0, 0, 67, 77, 49, 0, 0, 0, 0, 0, 0, 73, 64, 50, 0, 0, 0, 0, 0, 0, 0, 120, 156, 1, 39, 0, 216, 255, 123, 34, 99, 111, 109, 109, 97, 110, 100, 95, 116, 121, 112, 101, 34, 58, 34, 69, 67, 34, 44, 34, 109, 101, 115, 115, 97, 103, 101, 34, 58, 34, 72, 101, 108, 108, 111, 34, 125, 12, 19, 13, 10]
[2m2025-09-03T07:27:29.086019Z[0m [32m INFO[0m [2m139:[0m ✅ Command EC completed 1987 ms before its deadline
[2m2025-09-03T07:27:34.075883Z[0m [32m INFO[0m [2m78:[0m Scheduling drift: difference between scheduled and actual task start times for command PG: 2ms
[2m2025-09-03T07:27:34.076174Z[0m [32m INFO[0m [2m94:[0m Command PG validated successfully (latency: 1 µs)
[2m2025-09-03T07:27:34.076328Z[0m [32m INFO[0m [2m100:[0m Command validated: PG
[2m2025-09-03T07:27:34.076507Z[0m [32m INFO[0m [2m102:[0m About to send command: PG
[2m2025-09-03T07:27:34.077734Z[0m [32m INFO[0m [2m32:[0m Command sent: [3, 0, 0, 0, 0, 0, 0, 0, 67, 77, 50, 0, 0, 0, 0, 0, 128, 71, 64, 47, 0, 0, 0, 0, 0, 0, 0, 120, 156, 1, 36, 0, 219, 255, 123, 34, 99, 111, 109, 109, 97, 110, 100, 95, 116, 121, 112, 101, 34, 58, 34, 80, 71, 34, 44, 34, 109, 101, 115, 115, 97, 103, 101, 34, 58, 110, 117, 108, 108, 125, 233, 113, 12, 156]
[2m2025-09-03T07:27:34.077928Z[0m [32m INFO[0m [2m139:[0m ✅ Command PG completed 1995 ms before its deadline
[2m2025-09-03T07:27:39.098828Z[0m [32m INFO[0m [2m78:[0m Scheduling drift: difference between scheduled and actual task start times for command EC: 12ms
[2m2025-09-03T07:27:39.099053Z[0m [32m INFO[0m [2m94:[0m Command EC validated successfully (latency: 1 µs)
[2m2025-09-03T07:27:39.099168Z[0m [32m INFO[0m [2m100:[0m Command validated: EC
[2m2025-09-03T07:27:39.099285Z[0m [32m INFO[0m [2m102:[0m About to send command: EC
[2m2025-09-03T07:27:39.100368Z[0m [32m INFO[0m [2m32:[0m Command sent: [3, 0, 0, 0, 0, 0, 0, 0, 67, 77, 51, 0, 0, 0, 0, 0, 0, 73, 64, 50, 0, 0, 0, 0, 0, 0, 0, 120, 156, 1, 39, 0, 216, 255, 123, 34, 99, 111, 109, 109, 97, 110, 100, 95, 116, 121, 112, 101, 34, 58, 34, 69, 67, 34, 44, 34, 109, 101, 115, 115, 97, 103, 101, 34, 58, 34, 72, 101, 108, 108, 111, 34, 125, 12, 19, 13, 10]
[2m2025-09-03T07:27:39.100533Z[0m [32m INFO[0m [2m139:[0m ✅ Command EC completed 1985 ms before its deadline
[2m2025-09-03T07:27:44.075226Z[0m [32m INFO[0m [2m78:[0m Scheduling drift: difference between scheduled and actual task start times for command SC: 2ms
[2m2025-09-03T07:27:44.075531Z[0m [32m INFO[0m [2m94:[0m Command SC validated successfully (latency: 1 µs)
[2m2025-09-03T07:27:44.075969Z[0m [32m INFO[0m [2m100:[0m Command validated: SC
[2m2025-09-03T07:27:44.076157Z[0m [32m INFO[0m [2m102:[0m About to send command: SC
[2m2025-09-03T07:27:44.077282Z[0m [32m INFO[0m [2m32:[0m Command sent: [3, 0, 0, 0, 0, 0, 0, 0, 67, 77, 52, 0, 0, 0, 0, 0, 128, 71, 64, 47, 0, 0, 0, 0, 0, 0, 0, 120, 156, 1, 36, 0, 219, 255, 123, 34, 99, 111, 109, 109, 97, 110, 100, 95, 116, 121, 112, 101, 34, 58, 34, 83, 67, 34, 44, 34, 109, 101, 115, 115, 97, 103, 101, 34, 58, 110, 117, 108, 108, 125, 233, 98, 12, 155]
[2m2025-09-03T07:27:44.077489Z[0m [32m INFO[0m [2m139:[0m ✅ Command SC completed 1995 ms before its deadline
[2m2025-09-03T07:27:49.084874Z[0m [32m INFO[0m [2m78:[0m Scheduling drift: difference between scheduled and actual task start times for command PG: 6ms
[2m2025-09-03T07:27:49.085301Z[0m [32m INFO[0m [2m94:[0m Command PG validated successfully (latency: 1 µs)
[2m2025-09-03T07:27:49.085474Z[0m [32m INFO[0m [2m100:[0m Command validated: PG
[2m2025-09-03T07:27:49.085712Z[0m [32m INFO[0m [2m102:[0m About to send command: PG
[2m2025-09-03T07:27:49.086866Z[0m [32m INFO[0m [2m32:[0m Command sent: [3, 0, 0, 0, 0, 0, 0, 0, 67, 77, 53, 0, 0, 0, 0, 0, 128, 71, 64, 47, 0, 0, 0, 0, 0, 0, 0, 120, 156, 1, 36, 0, 219, 255, 123, 34, 99, 111, 109, 109, 97, 110, 100, 95, 116, 121, 112, 101, 34, 58, 34, 80, 71, 34, 44, 34, 109, 101, 115, 115, 97, 103, 101, 34, 58, 110, 117, 108, 108, 125, 233, 113, 12, 156]
[2m2025-09-03T07:27:49.087076Z[0m [32m INFO[0m [2m139:[0m ✅ Command PG completed 1991 ms before its deadline
[2m2025-09-03T07:27:49.115687Z[0m [32m INFO[0m [2m78:[0m Scheduling drift: difference between scheduled and actual task start times for command EC: 14ms
[2m2025-09-03T07:27:49.116002Z[0m [32m INFO[0m [2m94:[0m Command EC validated successfully (latency: 3 µs)
[2m2025-09-03T07:27:49.116156Z[0m [32m INFO[0m [2m100:[0m Command validated: EC
[2m2025-09-03T07:27:49.116312Z[0m [32m INFO[0m [2m102:[0m About to send command: EC
[2m2025-09-03T07:27:49.117315Z[0m [32m INFO[0m [2m32:[0m Command sent: [3, 0, 0, 0, 0, 0, 0, 0, 67, 77, 54, 0, 0, 0, 0, 0, 0, 73, 64, 50, 0, 0, 0, 0, 0, 0, 0, 120, 156, 1, 39, 0, 216, 255, 123, 34, 99, 111, 109, 109, 97, 110, 100, 95, 116, 121, 112, 101, 34, 58, 34, 69, 67, 34, 44, 34, 109, 101, 115, 115, 97, 103, 101, 34, 58, 34, 72, 101, 108, 108, 111, 34, 125, 12, 19, 13, 10]
[2m2025-09-03T07:27:49.117498Z[0m [32m INFO[0m [2m139:[0m ✅ Command EC completed 1983 ms before its deadline
[2m2025-09-03T07:27:59.124092Z[0m [32m INFO[0m [2m78:[0m Scheduling drift: difference between scheduled and actual task start times for command EC: 6ms
[2m2025-09-03T07:27:59.124407Z[0m [32m INFO[0m [2m94:[0m Command EC validated successfully (latency: 1 µs)
[2m2025-09-03T07:27:59.124551Z[0m [32m INFO[0m [2m100:[0m Command validated: EC
[2m2025-09-03T07:27:59.124732Z[0m [32m INFO[0m [2m102:[0m About to send command: EC
[2m2025-09-03T07:27:59.125783Z[0m [32m INFO[0m [2m32:[0m Command sent: [3, 0, 0, 0, 0, 0, 0, 0, 67, 77, 55, 0, 0, 0, 0, 0, 0, 73, 64, 50, 0, 0, 0, 0, 0, 0, 0, 120, 156, 1, 39, 0, 216, 255, 123, 34, 99, 111, 109, 109, 97, 110, 100, 95, 116, 121, 112, 101, 34, 58, 34, 69, 67, 34, 44, 34, 109, 101, 115, 115, 97, 103, 101, 34, 58, 34, 72, 101, 108, 108, 111, 34, 125, 12, 19, 13, 10]
[2m2025-09-03T07:27:59.125989Z[0m [32m INFO[0m [2m139:[0m ✅ Command EC completed 1991 ms before its deadline
[2m2025-09-03T07:28:04.096138Z[0m [32m INFO[0m [2m78:[0m Scheduling drift: difference between scheduled and actual task start times for command PG: 8ms
[2m2025-09-03T07:28:04.096559Z[0m [32m INFO[0m [2m94:[0m Command PG validated successfully (latency: 1 µs)
[2m2025-09-03T07:28:04.096926Z[0m [32m INFO[0m [2m100:[0m Command validated: PG
[2m2025-09-03T07:28:04.097135Z[0m [32m INFO[0m [2m102:[0m About to send command: PG
[2m2025-09-03T07:28:04.098295Z[0m [32m INFO[0m [2m32:[0m Command sent: [3, 0, 0, 0, 0, 0, 0, 0, 67, 77, 56, 0, 0, 0, 0, 0, 128, 71, 64, 47, 0, 0, 0, 0, 0, 0, 0, 120, 156, 1, 36, 0, 219, 255, 123, 34, 99, 111, 109, 109, 97, 110, 100, 95, 116, 121, 112, 101, 34, 58, 34, 80, 71, 34, 44, 34, 109, 101, 115, 115, 97, 103, 101, 34, 58, 110, 117, 108, 108, 125, 233, 113, 12, 156]
[2m2025-09-03T07:28:04.098464Z[0m [32m INFO[0m [2m139:[0m ✅ Command PG completed 1988 ms before its deadline
[2m2025-09-03T07:28:09.089463Z[0m [32m INFO[0m [2m78:[0m Scheduling drift: difference between scheduled and actual task start times for command SC: 11ms
[2m2025-09-03T07:28:09.089947Z[0m [32m INFO[0m [2m94:[0m Command SC validated successfully (latency: 2 µs)
[2m2025-09-03T07:28:09.090310Z[0m [32m INFO[0m [2m100:[0m Command validated: SC
[2m2025-09-03T07:28:09.090529Z[0m [32m INFO[0m [2m102:[0m About to send command: SC
[2m2025-09-03T07:28:09.091745Z[0m [32m INFO[0m [2m32:[0m Command sent: [3, 0, 0, 0, 0, 0, 0, 0, 67, 77, 57, 0, 0, 0, 0, 0, 128, 71, 64, 47, 0, 0, 0, 0, 0, 0, 0, 120, 156, 1, 36, 0, 219, 255, 123, 34, 99, 111, 109, 109, 97, 110, 100, 95, 116, 121, 112, 101, 34, 58, 34, 83, 67, 34, 44, 34, 109, 101, 115, 115, 97, 103, 101, 34, 58, 110, 117, 108, 108, 125, 233, 98, 12, 155]
[2m2025-09-03T07:28:09.091985Z[0m [32m INFO[0m [2m139:[0m ✅ Command SC completed 1985 ms before its deadline
[2m2025-09-03T07:28:09.136346Z[0m [32m INFO[0m [2m78:[0m Scheduling drift: difference between scheduled and actual task start times for command EC: 10ms
[2m2025-09-03T07:28:09.136790Z[0m [32m INFO[0m [2m94:[0m Command EC validated successfully (latency: 1 µs)
[2m2025-09-03T07:28:09.137048Z[0m [32m INFO[0m [2m100:[0m Command validated: EC
[2m2025-09-03T07:28:09.137224Z[0m [32m INFO[0m [2m102:[0m About to send command: EC
[2m2025-09-03T07:28:09.138286Z[0m [32m INFO[0m [2m32:[0m Command sent: [4, 0, 0, 0, 0, 0, 0, 0, 67, 77, 49, 48, 0, 0, 0, 0, 0, 0, 73, 64, 50, 0, 0, 0, 0, 0, 0, 0, 120, 156, 1, 39, 0, 216, 255, 123, 34, 99, 111, 109, 109, 97, 110, 100, 95, 116, 121, 112, 101, 34, 58, 34, 69, 67, 34, 44, 34, 109, 101, 115, 115, 97, 103, 101, 34, 58, 34, 72, 101, 108, 108, 111, 34, 125, 12, 19, 13, 10]
[2m2025-09-03T07:28:09.138477Z[0m [32m INFO[0m [2m139:[0m ✅ Command EC completed 1987 ms before its deadline
[2m2025-09-03T07:28:19.111045Z[0m [32m INFO[0m [2m78:[0m Scheduling drift: difference between scheduled and actual task start times for command PG: 12ms
[2m2025-09-03T07:28:19.111543Z[0m [32m INFO[0m [2m94:[0m Command PG validated successfully (latency: 1 µs)
[2m2025-09-03T07:28:19.111755Z[0m [32m INFO[0m [2m100:[0m Command validated: PG
[2m2025-09-03T07:28:19.111931Z[0m [32m INFO[0m [2m102:[0m About to send command: PG
[2m2025-09-03T07:28:19.113035Z[0m [32m INFO[0m [2m32:[0m Command sent: [4, 0, 0, 0, 0, 0, 0, 0, 67, 77, 49, 49, 0, 0, 0, 0, 0, 128, 71, 64, 47, 0, 0, 0, 0, 0, 0, 0, 120, 156, 1, 36, 0, 219, 255, 123, 34, 99, 111, 109, 109, 97, 110, 100, 95, 116, 121, 112, 101, 34, 58, 34, 80, 71, 34, 44, 34, 109, 101, 115, 115, 97, 103, 101, 34, 58, 110, 117, 108, 108, 125, 233, 113, 12, 156]
[2m2025-09-03T07:28:19.113238Z[0m [32m INFO[0m [2m139:[0m ✅ Command PG completed 1985 ms before its deadline
[2m2025-09-03T07:28:19.142480Z[0m [32m INFO[0m [2m78:[0m Scheduling drift: difference between scheduled and actual task start times for command EC: 3ms
[2m2025-09-03T07:28:19.142829Z[0m [32m INFO[0m [2m94:[0m Command EC validated successfully (latency: 1 µs)
[2m2025-09-03T07:28:19.143039Z[0m [32m INFO[0m [2m100:[0m Command validated: EC
[2m2025-09-03T07:28:19.143185Z[0m [32m INFO[0m [2m102:[0m About to send command: EC
[2m2025-09-03T07:28:19.144365Z[0m [32m INFO[0m [2m32:[0m Command sent: [4, 0, 0, 0, 0, 0, 0, 0, 67, 77, 49, 50, 0, 0, 0, 0, 0, 0, 73, 64, 50, 0, 0, 0, 0, 0, 0, 0, 120, 156, 1, 39, 0, 216, 255, 123, 34, 99, 111, 109, 109, 97, 110, 100, 95, 116, 121, 112, 101, 34, 58, 34, 69, 67, 34, 44, 34, 109, 101, 115, 115, 97, 103, 101, 34, 58, 34, 72, 101, 108, 108, 111, 34, 125, 12, 19, 13, 10]
[2m2025-09-03T07:28:19.144544Z[0m [32m INFO[0m [2m139:[0m ✅ Command EC completed 1994 ms before its deadline
[2m2025-09-03T07:28:29.147993Z[0m [32m INFO[0m [2m78:[0m Scheduling drift: difference between scheduled and actual task start times for command EC: 3ms
[2m2025-09-03T07:28:29.148550Z[0m [32m INFO[0m [2m94:[0m Command EC validated successfully (latency: 3 µs)
[2m2025-09-03T07:28:29.148849Z[0m [32m INFO[0m [2m100:[0m Command validated: EC
[2m2025-09-03T07:28:29.149052Z[0m [32m INFO[0m [2m102:[0m About to send command: EC
[2m2025-09-03T07:28:29.150118Z[0m [32m INFO[0m [2m32:[0m Command sent: [4, 0, 0, 0, 0, 0, 0, 0, 67, 77, 49, 51, 0, 0, 0, 0, 0, 0, 73, 64, 50, 0, 0, 0, 0, 0, 0, 0, 120, 156, 1, 39, 0, 216, 255, 123, 34, 99, 111, 109, 109, 97, 110, 100, 95, 116, 121, 112, 101, 34, 58, 34, 69, 67, 34, 44, 34, 109, 101, 115, 115, 97, 103, 101, 34, 58, 34, 72, 101, 108, 108, 111, 34, 125, 12, 19, 13, 10]
[2m2025-09-03T07:28:29.150319Z[0m [32m INFO[0m [2m139:[0m ✅ Command EC completed 1994 ms before its deadline
[2m2025-09-03T07:28:34.101537Z[0m [32m INFO[0m [2m78:[0m Scheduling drift: difference between scheduled and actual task start times for command SC: 9ms
[2m2025-09-03T07:28:34.102271Z[0m [32m INFO[0m [2m94:[0m Command SC validated successfully (latency: 1 µs)
[2m2025-09-03T07:28:34.102448Z[0m [32m INFO[0m [2m100:[0m Command validated: SC
[2m2025-09-03T07:28:34.102616Z[0m [32m INFO[0m [2m102:[0m About to send command: SC
[2m2025-09-03T07:28:34.103687Z[0m [32m INFO[0m [2m32:[0m Command sent: [4, 0, 0, 0, 0, 0, 0, 0, 67, 77, 49, 52, 0, 0, 0, 0, 0, 128, 71, 64, 47, 0, 0, 0, 0, 0, 0, 0, 120, 156, 1, 36, 0, 219, 255, 123, 34, 99, 111, 109, 109, 97, 110, 100, 95, 116, 121, 112, 101, 34, 58, 34, 83, 67, 34, 44, 34, 109, 101, 115, 115, 97, 103, 101, 34, 58, 110, 117, 108, 108, 125, 233, 98, 12, 155]
[2m2025-09-03T07:28:34.103881Z[0m [32m INFO[0m [2m139:[0m ✅ Command SC completed 1988 ms before its deadline
[2m2025-09-03T07:28:34.117076Z[0m [32m INFO[0m [2m78:[0m Scheduling drift: difference between scheduled and actual task start times for command PG: 3ms
[2m2025-09-03T07:28:34.117366Z[0m [32m INFO[0m [2m94:[0m Command PG validated successfully (latency: 1 µs)
[2m2025-09-03T07:28:34.117550Z[0m [32m INFO[0m [2m100:[0m Command validated: PG
[2m2025-09-03T07:28:34.117669Z[0m [32m INFO[0m [2m102:[0m About to send command: PG
[2m2025-09-03T07:28:34.118619Z[0m [32m INFO[0m [2m32:[0m Command sent: [4, 0, 0, 0, 0, 0, 0, 0, 67, 77, 49, 53, 0, 0, 0, 0, 0, 128, 71, 64, 47, 0, 0, 0, 0, 0, 0, 0, 120, 156, 1, 36, 0, 219, 255, 123, 34, 99, 111, 109, 109, 97, 110, 100, 95, 116, 121, 112, 101, 34, 58, 34, 80, 71, 34, 44, 34, 109, 101, 115, 115, 97, 103, 101, 34, 58, 110, 117, 108, 108, 125, 233, 113, 12, 156]
[2m2025-09-03T07:28:34.118821Z[0m [32m INFO[0m [2m139:[0m ✅ Command PG completed 1994 ms before its deadline
[2m2025-09-03T07:28:39.165048Z[0m [32m INFO[0m [2m78:[0m Scheduling drift: difference between scheduled and actual task start times for command EC: 14ms
[2m2025-09-03T07:28:39.165392Z[0m [32m INFO[0m [2m94:[0m Command EC validated successfully (latency: 1 µs)
[2m2025-09-03T07:28:39.165761Z[0m [32m INFO[0m [2m100:[0m Command validated: EC
[2m2025-09-03T07:28:39.165886Z[0m [32m INFO[0m [2m102:[0m About to send command: EC
[2m2025-09-03T07:28:39.166914Z[0m [32m INFO[0m [2m32:[0m Command sent: [4, 0, 0, 0, 0, 0, 0, 0, 67, 77, 49, 54, 0, 0, 0, 0, 0, 0, 73, 64, 50, 0, 0, 0, 0, 0, 0, 0, 120, 156, 1, 39, 0, 216, 255, 123, 34, 99, 111, 109, 109, 97, 110, 100, 95, 116, 121, 112, 101, 34, 58, 34, 69, 67, 34, 44, 34, 109, 101, 115, 115, 97, 103, 101, 34, 58, 34, 72, 101, 108, 108, 111, 34, 125, 12, 19, 13, 10]
[2m2025-09-03T07:28:39.167084Z[0m [32m INFO[0m [2m139:[0m ✅ Command EC completed 1983 ms before its deadline
[2m2025-09-03T07:28:49.131832Z[0m [32m INFO[0m [2m78:[0m Scheduling drift: difference between scheduled and actual task start times for command PG: 12ms
[2m2025-09-03T07:28:49.132064Z[0m [32m INFO[0m [2m94:[0m Command PG validated successfully (latency: 1 µs)
[2m2025-09-03T07:28:49.132220Z[0m [32m INFO[0m [2m100:[0m Command validated: PG
[2m2025-09-03T07:28:49.132337Z[0m [32m INFO[0m [2m102:[0m About to send command: PG
[2m2025-09-03T07:28:49.133388Z[0m [32m INFO[0m [2m32:[0m Command sent: [4, 0, 0, 0, 0, 0, 0, 0, 67, 77, 49, 55, 0, 0, 0, 0, 0, 128, 71, 64, 47, 0, 0, 0, 0, 0, 0, 0, 120, 156, 1, 36, 0, 219, 255, 123, 34, 99, 111, 109, 109, 97, 110, 100, 95, 116, 121, 112, 101, 34, 58, 34, 80, 71, 34, 44, 34, 109, 101, 115, 115, 97, 103, 101, 34, 58, 110, 117, 108, 108, 125, 233, 113, 12, 156]
[2m2025-09-03T07:28:49.133548Z[0m [32m INFO[0m [2m139:[0m ✅ Command PG completed 1985 ms before its deadline
[2m2025-09-03T07:28:49.178969Z[0m [32m INFO[0m [2m78:[0m Scheduling drift: difference between scheduled and actual task start times for command EC: 11ms
[2m2025-09-03T07:28:49.179216Z[0m [32m INFO[0m [2m94:[0m Command EC validated successfully (latency: 1 µs)
[2m2025-09-03T07:28:49.179466Z[0m [32m INFO[0m [2m100:[0m Command validated: EC
[2m2025-09-03T07:28:49.179634Z[0m [32m INFO[0m [2m102:[0m About to send command: EC
[2m2025-09-03T07:28:49.180679Z[0m [32m INFO[0m [2m32:[0m Command sent: [4, 0, 0, 0, 0, 0, 0, 0, 67, 77, 49, 56, 0, 0, 0, 0, 0, 0, 73, 64, 50, 0, 0, 0, 0, 0, 0, 0, 120, 156, 1, 39, 0, 216, 255, 123, 34, 99, 111, 109, 109, 97, 110, 100, 95, 116, 121, 112, 101, 34, 58, 34, 69, 67, 34, 44, 34, 109, 101, 115, 115, 97, 103, 101, 34, 58, 34, 72, 101, 108, 108, 111, 34, 125, 12, 19, 13, 10]
[2m2025-09-03T07:28:49.180837Z[0m [32m INFO[0m [2m139:[0m ✅ Command EC completed 1986 ms before its deadline
[2m2025-09-03T07:28:59.108374Z[0m [32m INFO[0m [2m78:[0m Scheduling drift: difference between scheduled and actual task start times for command SC: 4ms
[2m2025-09-03T07:28:59.108613Z[0m [32m INFO[0m [2m94:[0m Command SC validated successfully (latency: 1 µs)
[2m2025-09-03T07:28:59.108764Z[0m [32m INFO[0m [2m100:[0m Command validated: SC
[2m2025-09-03T07:28:59.108916Z[0m [32m INFO[0m [2m102:[0m About to send command: SC
[2m2025-09-03T07:28:59.109903Z[0m [32m INFO[0m [2m32:[0m Command sent: [4, 0, 0, 0, 0, 0, 0, 0, 67, 77, 49, 57, 0, 0, 0, 0, 0, 128, 71, 64, 47, 0, 0, 0, 0, 0, 0, 0, 120, 156, 1, 36, 0, 219, 255, 123, 34, 99, 111, 109, 109, 97, 110, 100, 95, 116, 121, 112, 101, 34, 58, 34, 83, 67, 34, 44, 34, 109, 101, 115, 115, 97, 103, 101, 34, 58, 110, 117, 108, 108, 125, 233, 98, 12, 155]
[2m2025-09-03T07:28:59.110056Z[0m [32m INFO[0m [2m139:[0m ✅ Command SC completed 1994 ms before its deadline
[2m2025-09-03T07:28:59.185645Z[0m [32m INFO[0m [2m78:[0m Scheduling drift: difference between scheduled and actual task start times for command EC: 4ms
[2m2025-09-03T07:28:59.185858Z[0m [32m INFO[0m [2m94:[0m Command EC validated successfully (latency: 1 µs)
[2m2025-09-03T07:28:59.186001Z[0m [32m INFO[0m [2m100:[0m Command validated: EC
[2m2025-09-03T07:28:59.186131Z[0m [32m INFO[0m [2m102:[0m About to send command: EC
[2m2025-09-03T07:28:59.187179Z[0m [32m INFO[0m [2m32:[0m Command sent: [4, 0, 0, 0, 0, 0, 0, 0, 67, 77, 50, 48, 0, 0, 0, 0, 0, 0, 73, 64, 50, 0, 0, 0, 0, 0, 0, 0, 120, 156, 1, 39, 0, 216, 255, 123, 34, 99, 111, 109, 109, 97, 110, 100, 95, 116, 121, 112, 101, 34, 58, 34, 69, 67, 34, 44, 34, 109, 101, 115, 115, 97, 103, 101, 34, 58, 34, 72, 101, 108, 108, 111, 34, 125, 12, 19, 13, 10]
[2m2025-09-03T07:28:59.187367Z[0m [32m INFO[0m [2m139:[0m ✅ Command EC completed 1993 ms before its deadline
[2m2025-09-03T07:29:04.141363Z[0m [32m INFO[0m [2m78:[0m Scheduling drift: difference between scheduled and actual task start times for command PG: 7ms
[2m2025-09-03T07:29:04.141682Z[0m [32m INFO[0m [2m94:[0m Command PG validated successfully (latency: 1 µs)
[2m2025-09-03T07:29:04.141885Z[0m [32m INFO[0m [2m100:[0m Command validated: PG
[2m2025-09-03T07:29:04.142031Z[0m [32m INFO[0m [2m102:[0m About to send command: PG
[2m2025-09-03T07:29:04.143174Z[0m [32m INFO[0m [2m32:[0m Command sent: [4, 0, 0, 0, 0, 0, 0, 0, 67, 77, 50, 49, 0, 0, 0, 0, 0, 128, 71, 64, 47, 0, 0, 0, 0, 0, 0, 0, 120, 156, 1, 36, 0, 219, 255, 123, 34, 99, 111, 109, 109, 97, 110, 100, 95, 116, 121, 112, 101, 34, 58, 34, 80, 71, 34, 44, 34, 109, 101, 115, 115, 97, 103, 101, 34, 58, 110, 117, 108, 108, 125, 233, 113, 12, 156]
[2m2025-09-03T07:29:04.143393Z[0m [32m INFO[0m [2m139:[0m ✅ Command PG completed 1990 ms before its deadline
[2m2025-09-03T07:29:09.192554Z[0m [32m INFO[0m [2m78:[0m Scheduling drift: difference between scheduled and actual task start times for command EC: 4ms
[2m2025-09-03T07:29:09.192788Z[0m [32m INFO[0m [2m94:[0m Command EC validated successfully (latency: 1 µs)
[2m2025-09-03T07:29:09.192913Z[0m [32m INFO[0m [2m100:[0m Command validated: EC
[2m2025-09-03T07:29:09.193066Z[0m [32m INFO[0m [2m102:[0m About to send command: EC
[2m2025-09-03T07:29:09.194056Z[0m [32m INFO[0m [2m32:[0m Command sent: [4, 0, 0, 0, 0, 0, 0, 0, 67, 77, 50, 50, 0, 0, 0, 0, 0, 0, 73, 64, 50, 0, 0, 0, 0, 0, 0, 0, 120, 156, 1, 39, 0, 216, 255, 123, 34, 99, 111, 109, 109, 97, 110, 100, 95, 116, 121, 112, 101, 34, 58, 34, 69, 67, 34, 44, 34, 109, 101, 115, 115, 97, 103, 101, 34, 58, 34, 72, 101, 108, 108, 111, 34, 125, 12, 19, 13, 10]
[2m2025-09-03T07:29:09.194226Z[0m [32m INFO[0m [2m139:[0m ✅ Command EC completed 1993 ms before its deadline
[2m2025-09-03T07:29:19.159823Z[0m [32m INFO[0m [2m78:[0m Scheduling drift: difference between scheduled and actual task start times for command PG: 16ms
[2m2025-09-03T07:29:19.160062Z[0m [32m INFO[0m [2m94:[0m Command PG validated successfully (latency: 1 µs)
[2m2025-09-03T07:29:19.160206Z[0m [32m INFO[0m [2m100:[0m Command validated: PG
[2m2025-09-03T07:29:19.160372Z[0m [32m INFO[0m [2m102:[0m About to send command: PG
[2m2025-09-03T07:29:19.161528Z[0m [32m INFO[0m [2m32:[0m Command sent: [4, 0, 0, 0, 0, 0, 0, 0, 67, 77, 50, 51, 0, 0, 0, 0, 0, 128, 71, 64, 47, 0, 0, 0, 0, 0, 0, 0, 120, 156, 1, 36, 0, 219, 255, 123, 34, 99, 111, 109, 109, 97, 110, 100, 95, 116, 121, 112, 101, 34, 58, 34, 80, 71, 34, 44, 34, 109, 101, 115, 115, 97, 103, 101, 34, 58, 110, 117, 108, 108, 125, 233, 113, 12, 156]
[2m2025-09-03T07:29:19.161702Z[0m [32m INFO[0m [2m139:[0m ✅ Command PG completed 1981 ms before its deadline
[2m2025-09-03T07:29:19.206070Z[0m [32m INFO[0m [2m78:[0m Scheduling drift: difference between scheduled and actual task start times for command EC: 11ms
[2m2025-09-03T07:29:19.206342Z[0m [32m INFO[0m [2m94:[0m Command EC validated successfully (latency: 1 µs)
[2m2025-09-03T07:29:19.206483Z[0m [32m INFO[0m [2m100:[0m Command validated: EC
[2m2025-09-03T07:29:19.206653Z[0m [32m INFO[0m [2m102:[0m About to send command: EC
[2m2025-09-03T07:29:19.207892Z[0m [32m INFO[0m [2m32:[0m Command sent: [4, 0, 0, 0, 0, 0, 0, 0, 67, 77, 50, 52, 0, 0, 0, 0, 0, 0, 73, 64, 50, 0, 0, 0, 0, 0, 0, 0, 120, 156, 1, 39, 0, 216, 255, 123, 34, 99, 111, 109, 109, 97, 110, 100, 95, 116, 121, 112, 101, 34, 58, 34, 69, 67, 34, 44, 34, 109, 101, 115, 115, 97, 103, 101, 34, 58, 34, 72, 101, 108, 108, 111, 34, 125, 12, 19, 13, 10]
[2m2025-09-03T07:29:19.208110Z[0m [32m INFO[0m [2m139:[0m ✅ Command EC completed 1986 ms before its deadline
[2m2025-09-03T07:29:24.124958Z[0m [32m INFO[0m [2m78:[0m Scheduling drift: difference between scheduled and actual task start times for command SC: 14ms
[2m2025-09-03T07:29:24.125320Z[0m [32m INFO[0m [2m94:[0m Command SC validated successfully (latency: 1 µs)
[2m2025-09-03T07:29:24.125531Z[0m [32m INFO[0m [2m100:[0m Command validated: SC
[2m2025-09-03T07:29:24.125719Z[0m [32m INFO[0m [2m102:[0m About to send command: SC
[2m2025-09-03T07:29:24.127016Z[0m [32m INFO[0m [2m32:[0m Command sent: [4, 0, 0, 0, 0, 0, 0, 0, 67, 77, 50, 53, 0, 0, 0, 0, 0, 128, 71, 64, 47, 0, 0, 0, 0, 0, 0, 0, 120, 156, 1, 36, 0, 219, 255, 123, 34, 99, 111, 109, 109, 97, 110, 100, 95, 116, 121, 112, 101, 34, 58, 34, 83, 67, 34, 44, 34, 109, 101, 115, 115, 97, 103, 101, 34, 58, 110, 117, 108, 108, 125, 233, 98, 12, 155]
[2m2025-09-03T07:29:24.127197Z[0m [32m INFO[0m [2m139:[0m ✅ Command SC completed 1982 ms before its deadline
[2m2025-09-03T07:29:29.220592Z[0m [32m INFO[0m [2m78:[0m Scheduling drift: difference between scheduled and actual task start times for command EC: 12ms
[2m2025-09-03T07:29:29.221031Z[0m [32m INFO[0m [2m94:[0m Command EC validated successfully (latency: 1 µs)
[2m2025-09-03T07:29:29.221398Z[0m [32m INFO[0m [2m100:[0m Command validated: EC
[2m2025-09-03T07:29:29.221635Z[0m [32m INFO[0m [2m102:[0m About to send command: EC
[2m2025-09-03T07:29:29.222855Z[0m [32m INFO[0m [2m32:[0m Command sent: [4, 0, 0, 0, 0, 0, 0, 0, 67, 77, 50, 54, 0, 0, 0, 0, 0, 0, 73, 64, 50, 0, 0, 0, 0, 0, 0, 0, 120, 156, 1, 39, 0, 216, 255, 123, 34, 99, 111, 109, 109, 97, 110, 100, 95, 116, 121, 112, 101, 34, 58, 34, 69, 67, 34, 44, 34, 109, 101, 115, 115, 97, 103, 101, 34, 58, 34, 72, 101, 108, 108, 111, 34, 125, 12, 19, 13, 10]
[2m2025-09-03T07:29:29.223099Z[0m [32m INFO[0m [2m139:[0m ✅ Command EC completed 1985 ms before its deadline
[2m2025-09-03T07:29:34.169436Z[0m [32m INFO[0m [2m78:[0m Scheduling drift: difference between scheduled and actual task start times for command PG: 7ms
[2m2025-09-03T07:29:34.169765Z[0m [32m INFO[0m [2m94:[0m Command PG validated successfully (latency: 1 µs)
[2m2025-09-03T07:29:34.170022Z[0m [32m INFO[0m [2m100:[0m Command validated: PG
[2m2025-09-03T07:29:34.170213Z[0m [32m INFO[0m [2m102:[0m About to send command: PG
[2m2025-09-03T07:29:34.171512Z[0m [32m INFO[0m [2m32:[0m Command sent: [4, 0, 0, 0, 0, 0, 0, 0, 67, 77, 50, 55, 0, 0, 0, 0, 0, 128, 71, 64, 47, 0, 0, 0, 0, 0, 0, 0, 120, 156, 1, 36, 0, 219, 255, 123, 34, 99, 111, 109, 109, 97, 110, 100, 95, 116, 121, 112, 101, 34, 58, 34, 80, 71, 34, 44, 34, 109, 101, 115, 115, 97, 103, 101, 34, 58, 110, 117, 108, 108, 125, 233, 113, 12, 156]
[2m2025-09-03T07:29:34.171741Z[0m [32m INFO[0m [2m139:[0m ✅ Command PG completed 1990 ms before its deadline
[2m2025-09-03T07:29:39.233009Z[0m [32m INFO[0m [2m78:[0m Scheduling drift: difference between scheduled and actual task start times for command EC: 9ms
[2m2025-09-03T07:29:39.233523Z[0m [32m INFO[0m [2m94:[0m Command EC validated successfully (latency: 1 µs)
[2m2025-09-03T07:29:39.233766Z[0m [32m INFO[0m [2m100:[0m Command validated: EC
[2m2025-09-03T07:29:39.233985Z[0m [32m INFO[0m [2m102:[0m About to send command: EC
[2m2025-09-03T07:29:39.235240Z[0m [32m INFO[0m [2m32:[0m Command sent: [4, 0, 0, 0, 0, 0, 0, 0, 67, 77, 50, 56, 0, 0, 0, 0, 0, 0, 73, 64, 50, 0, 0, 0, 0, 0, 0, 0, 120, 156, 1, 39, 0, 216, 255, 123, 34, 99, 111, 109, 109, 97, 110, 100, 95, 116, 121, 112, 101, 34, 58, 34, 69, 67, 34, 44, 34, 109, 101, 115, 115, 97, 103, 101, 34, 58, 34, 72, 101, 108, 108, 111, 34, 125, 12, 19, 13, 10]
[2m2025-09-03T07:29:39.235449Z[0m [32m INFO[0m [2m139:[0m ✅ Command EC completed 1987 ms before its deadline
[2m2025-09-03T07:29:49.130581Z[0m [32m INFO[0m [2m78:[0m Scheduling drift: difference between scheduled and actual task start times for command SC: 3ms
[2m2025-09-03T07:29:49.130936Z[0m [32m INFO[0m [2m94:[0m Command SC validated successfully (latency: 1 µs)
[2m2025-09-03T07:29:49.131131Z[0m [32m INFO[0m [2m100:[0m Command validated: SC
[2m2025-09-03T07:29:49.131300Z[0m [32m INFO[0m [2m102:[0m About to send command: SC
[2m2025-09-03T07:29:49.132681Z[0m [32m INFO[0m [2m32:[0m Command sent: [4, 0, 0, 0, 0, 0, 0, 0, 67, 77, 50, 57, 0, 0, 0, 0, 0, 128, 71, 64, 47, 0, 0, 0, 0, 0, 0, 0, 120, 156, 1, 36, 0, 219, 255, 123, 34, 99, 111, 109, 109, 97, 110, 100, 95, 116, 121, 112, 101, 34, 58, 34, 83, 67, 34, 44, 34, 109, 101, 115, 115, 97, 103, 101, 34, 58, 110, 117, 108, 108, 125, 233, 98, 12, 155]
[2m2025-09-03T07:29:49.132929Z[0m [32m INFO[0m [2m139:[0m ✅ Command SC completed 1994 ms before its deadline
[2m2025-09-03T07:29:49.176555Z[0m [32m INFO[0m [2m78:[0m Scheduling drift: difference between scheduled and actual task start times for command PG: 4ms
[2m2025-09-03T07:29:49.176855Z[0m [32m INFO[0m [2m94:[0m Command PG validated successfully (latency: 1 µs)
[2m2025-09-03T07:29:49.177121Z[0m [32m INFO[0m [2m100:[0m Command validated: PG
[2m2025-09-03T07:29:49.177371Z[0m [32m INFO[0m [2m102:[0m About to send command: PG
[2m2025-09-03T07:29:49.178564Z[0m [32m INFO[0m [2m32:[0m Command sent: [4, 0, 0, 0, 0, 0, 0, 0, 67, 77, 51, 48, 0, 0, 0, 0, 0, 128, 71, 64, 47, 0, 0, 0, 0, 0, 0, 0, 120, 156, 1, 36, 0, 219, 255, 123, 34, 99, 111, 109, 109, 97, 110, 100, 95, 116, 121, 112, 101, 34, 58, 34, 80, 71, 34, 44, 34, 109, 101, 115, 115, 97, 103, 101, 34, 58, 110, 117, 108, 108, 125, 233, 113, 12, 156]
[2m2025-09-03T07:29:49.178778Z[0m [32m INFO[0m [2m139:[0m ✅ Command PG completed 1993 ms before its deadline
[2m2025-09-03T07:29:49.237752Z[0m [32m INFO[0m [2m78:[0m Scheduling drift: difference between scheduled and actual task start times for command EC: 1ms
[2m2025-09-03T07:29:49.238101Z[0m [32m INFO[0m [2m94:[0m Command EC validated successfully (latency: 1 µs)
[2m2025-09-03T07:29:49.238333Z[0m [32m INFO[0m [2m100:[0m Command validated: EC
[2m2025-09-03T07:29:49.238577Z[0m [32m INFO[0m [2m102:[0m About to send command: EC
[2m2025-09-03T07:29:49.240027Z[0m [32m INFO[0m [2m32:[0m Command sent: [4, 0, 0, 0, 0, 0, 0, 0, 67, 77, 51, 49, 0, 0, 0, 0, 0, 0, 73, 64, 50, 0, 0, 0, 0, 0, 0, 0, 120, 156, 1, 39, 0, 216, 255, 123, 34, 99, 111, 109, 109, 97, 110, 100, 95, 116, 121, 112, 101, 34, 58, 34, 69, 67, 34, 44, 34, 109, 101, 115, 115, 97, 103, 101, 34, 58, 34, 72, 101, 108, 108, 111, 34, 125, 12, 19, 13, 10]
[2m2025-09-03T07:29:49.240258Z[0m [32m INFO[0m [2m139:[0m ✅ Command EC completed 1995 ms before its deadline
[2m2025-09-03T07:29:59.253073Z[0m [32m INFO[0m [2m78:[0m Scheduling drift: difference between scheduled and actual task start times for command EC: 12ms
[2m2025-09-03T07:29:59.253362Z[0m [32m INFO[0m [2m94:[0m Command EC validated successfully (latency: 1 µs)
[2m2025-09-03T07:29:59.253534Z[0m [32m INFO[0m [2m100:[0m Command validated: EC
[2m2025-09-03T07:29:59.253725Z[0m [32m INFO[0m [2m102:[0m About to send command: EC
[2m2025-09-03T07:29:59.254925Z[0m [32m INFO[0m [2m32:[0m Command sent: [4, 0, 0, 0, 0, 0, 0, 0, 67, 77, 51, 50, 0, 0, 0, 0, 0, 0, 73, 64, 50, 0, 0, 0, 0, 0, 0, 0, 120, 156, 1, 39, 0, 216, 255, 123, 34, 99, 111, 109, 109, 97, 110, 100, 95, 116, 121, 112, 101, 34, 58, 34, 69, 67, 34, 44, 34, 109, 101, 115, 115, 97, 103, 101, 34, 58, 34, 72, 101, 108, 108, 111, 34, 125, 12, 19, 13, 10]
[2m2025-09-03T07:29:59.255136Z[0m [32m INFO[0m [2m139:[0m ✅ Command EC completed 1985 ms before its deadline
[2m2025-09-03T07:30:04.182809Z[0m [32m INFO[0m [2m78:[0m Scheduling drift: difference between scheduled and actual task start times for command PG: 3ms
[2m2025-09-03T07:30:04.183182Z[0m [32m INFO[0m [2m94:[0m Command PG validated successfully (latency: 1 µs)
[2m2025-09-03T07:30:04.183408Z[0m [32m INFO[0m [2m100:[0m Command validated: PG
[2m2025-09-03T07:30:04.183565Z[0m [32m INFO[0m [2m102:[0m About to send command: PG
[2m2025-09-03T07:30:04.184914Z[0m [32m INFO[0m [2m32:[0m Command sent: [4, 0, 0, 0, 0, 0, 0, 0, 67, 77, 51, 51, 0, 0, 0, 0, 0, 128, 71, 64, 47, 0, 0, 0, 0, 0, 0, 0, 120, 156, 1, 36, 0, 219, 255, 123, 34, 99, 111, 109, 109, 97, 110, 100, 95, 116, 121, 112, 101, 34, 58, 34, 80, 71, 34, 44, 34, 109, 101, 115, 115, 97, 103, 101, 34, 58, 110, 117, 108, 108, 125, 233, 113, 12, 156]
[2m2025-09-03T07:30:04.185172Z[0m [32m INFO[0m [2m139:[0m ✅ Command PG completed 1993 ms before its deadline
[2m2025-09-03T07:30:09.264523Z[0m [32m INFO[0m [2m78:[0m Scheduling drift: difference between scheduled and actual task start times for command EC: 9ms
[2m2025-09-03T07:30:09.264958Z[0m [32m INFO[0m [2m94:[0m Command EC validated successfully (latency: 1 µs)
[2m2025-09-03T07:30:09.265278Z[0m [32m INFO[0m [2m100:[0m Command validated: EC
[2m2025-09-03T07:30:09.265518Z[0m [32m INFO[0m [2m102:[0m About to send command: EC
[2m2025-09-03T07:30:09.266718Z[0m [32m INFO[0m [2m32:[0m Command sent: [4, 0, 0, 0, 0, 0, 0, 0, 67, 77, 51, 52, 0, 0, 0, 0, 0, 0, 73, 64, 50, 0, 0, 0, 0, 0, 0, 0, 120, 156, 1, 39, 0, 216, 255, 123, 34, 99, 111, 109, 109, 97, 110, 100, 95, 116, 121, 112, 101, 34, 58, 34, 69, 67, 34, 44, 34, 109, 101, 115, 115, 97, 103, 101, 34, 58, 34, 72, 101, 108, 108, 111, 34, 125, 12, 19, 13, 10]
[2m2025-09-03T07:30:09.266942Z[0m [32m INFO[0m [2m139:[0m ✅ Command EC completed 1988 ms before its deadline
[2m2025-09-03T07:30:14.139079Z[0m [32m INFO[0m [2m78:[0m Scheduling drift: difference between scheduled and actual task start times for command SC: 5ms
[2m2025-09-03T07:30:14.139463Z[0m [32m INFO[0m [2m94:[0m Command SC validated successfully (latency: 1 µs)
[2m2025-09-03T07:30:14.139770Z[0m [32m INFO[0m [2m100:[0m Command validated: SC
[2m2025-09-03T07:30:14.140029Z[0m [32m INFO[0m [2m102:[0m About to send command: SC
[2m2025-09-03T07:30:14.141489Z[0m [32m INFO[0m [2m32:[0m Command sent: [4, 0, 0, 0, 0, 0, 0, 0, 67, 77, 51, 53, 0, 0, 0, 0, 0, 128, 71, 64, 47, 0, 0, 0, 0, 0, 0, 0, 120, 156, 1, 36, 0, 219, 255, 123, 34, 99, 111, 109, 109, 97, 110, 100, 95, 116, 121, 112, 101, 34, 58, 34, 83, 67, 34, 44, 34, 109, 101, 115, 115, 97, 103, 101, 34, 58, 110, 117, 108, 108, 125, 233, 98, 12, 155]
[2m2025-09-03T07:30:14.141684Z[0m [32m INFO[0m [2m139:[0m ✅ Command SC completed 1991 ms before its deadline
[2m2025-09-03T07:30:19.189442Z[0m [32m INFO[0m [2m78:[0m Scheduling drift: difference between scheduled and actual task start times for command PG: 4ms
[2m2025-09-03T07:30:19.189925Z[0m [32m INFO[0m [2m94:[0m Command PG validated successfully (latency: 1 µs)
[2m2025-09-03T07:30:19.190160Z[0m [32m INFO[0m [2m100:[0m Command validated: PG
[2m2025-09-03T07:30:19.190437Z[0m [32m INFO[0m [2m102:[0m About to send command: PG
[2m2025-09-03T07:30:19.191664Z[0m [32m INFO[0m [2m32:[0m Command sent: [4, 0, 0, 0, 0, 0, 0, 0, 67, 77, 51, 54, 0, 0, 0, 0, 0, 128, 71, 64, 47, 0, 0, 0, 0, 0, 0, 0, 120, 156, 1, 36, 0, 219, 255, 123, 34, 99, 111, 109, 109, 97, 110, 100, 95, 116, 121, 112, 101, 34, 58, 34, 80, 71, 34, 44, 34, 109, 101, 115, 115, 97, 103, 101, 34, 58, 110, 117, 108, 108, 125, 233, 113, 12, 156]
[2m2025-09-03T07:30:19.191866Z[0m [32m INFO[0m [2m139:[0m ✅ Command PG completed 1993 ms before its deadline
[2m2025-09-03T07:30:19.282050Z[0m [32m INFO[0m [2m78:[0m Scheduling drift: difference between scheduled and actual task start times for command EC: 14ms
[2m2025-09-03T07:30:19.282493Z[0m [32m INFO[0m [2m94:[0m Command EC validated successfully (latency: 1 µs)
[2m2025-09-03T07:30:19.282723Z[0m [32m INFO[0m [2m100:[0m Command validated: EC
[2m2025-09-03T07:30:19.282993Z[0m [32m INFO[0m [2m102:[0m About to send command: EC
[2m2025-09-03T07:30:19.284394Z[0m [32m INFO[0m [2m32:[0m Command sent: [4, 0, 0, 0, 0, 0, 0, 0, 67, 77, 51, 55, 0, 0, 0, 0, 0, 0, 73, 64, 50, 0, 0, 0, 0, 0, 0, 0, 120, 156, 1, 39, 0, 216, 255, 123, 34, 99, 111, 109, 109, 97, 110, 100, 95, 116, 121, 112, 101, 34, 58, 34, 69, 67, 34, 44, 34, 109, 101, 115, 115, 97, 103, 101, 34, 58, 34, 72, 101, 108, 108, 111, 34, 125, 12, 19, 13, 10]
[2m2025-09-03T07:30:19.284589Z[0m [32m INFO[0m [2m139:[0m ✅ Command EC completed 1982 ms before its deadline
[2m2025-09-03T07:30:29.292673Z[0m [32m INFO[0m [2m78:[0m Scheduling drift: difference between scheduled and actual task start times for command EC: 7ms
[2m2025-09-03T07:30:29.293156Z[0m [32m INFO[0m [2m94:[0m Command EC validated successfully (latency: 1 µs)
[2m2025-09-03T07:30:29.293434Z[0m [32m INFO[0m [2m100:[0m Command validated: EC
[2m2025-09-03T07:30:29.293648Z[0m [32m INFO[0m [2m102:[0m About to send command: EC
[2m2025-09-03T07:30:29.294827Z[0m [32m INFO[0m [2m32:[0m Command sent: [4, 0, 0, 0, 0, 0, 0, 0, 67, 77, 51, 56, 0, 0, 0, 0, 0, 0, 73, 64, 50, 0, 0, 0, 0, 0, 0, 0, 120, 156, 1, 39, 0, 216, 255, 123, 34, 99, 111, 109, 109, 97, 110, 100, 95, 116, 121, 112, 101, 34, 58, 34, 69, 67, 34, 44, 34, 109, 101, 115, 115, 97, 103, 101, 34, 58, 34, 72, 101, 108, 108, 111, 34, 125, 12, 19, 13, 10]
[2m2025-09-03T07:30:29.295037Z[0m [32m INFO[0m [2m139:[0m ✅ Command EC completed 1989 ms before its deadline
[2m2025-09-03T07:30:34.203758Z[0m [32m INFO[0m [2m78:[0m Scheduling drift: difference between scheduled and actual task start times for command PG: 11ms
[2m2025-09-03T07:30:34.204207Z[0m [32m INFO[0m [2m94:[0m Command PG validated successfully (latency: 1 µs)
[2m2025-09-03T07:30:34.204552Z[0m [32m INFO[0m [2m100:[0m Command validated: PG
[2m2025-09-03T07:30:34.204791Z[0m [32m INFO[0m [2m102:[0m About to send command: PG
[2m2025-09-03T07:30:34.206153Z[0m [32m INFO[0m [2m32:[0m Command sent: [4, 0, 0, 0, 0, 0, 0, 0, 67, 77, 51, 57, 0, 0, 0, 0, 0, 128, 71, 64, 47, 0, 0, 0, 0, 0, 0, 0, 120, 156, 1, 36, 0, 219, 255, 123, 34, 99, 111, 109, 109, 97, 110, 100, 95, 116, 121, 112, 101, 34, 58, 34, 80, 71, 34, 44, 34, 109, 101, 115, 115, 97, 103, 101, 34, 58, 110, 117, 108, 108, 125, 233, 113, 12, 156]
[2m2025-09-03T07:30:34.206390Z[0m [32m INFO[0m [2m139:[0m ✅ Command PG completed 1985 ms before its deadline
[2m2025-09-03T07:30:39.144383Z[0m [32m INFO[0m [2m78:[0m Scheduling drift: difference between scheduled and actual task start times for command SC: 2ms
[2m2025-09-03T07:30:39.144997Z[0m [32m INFO[0m [2m94:[0m Command SC validated successfully (latency: 1 µs)
[2m2025-09-03T07:30:39.145316Z[0m [32m INFO[0m [2m100:[0m Command validated: SC
[2m2025-09-03T07:30:39.145540Z[0m [32m INFO[0m [2m102:[0m About to send command: SC
[2m2025-09-03T07:30:39.146707Z[0m [32m INFO[0m [2m32:[0m Command sent: [4, 0, 0, 0, 0, 0, 0, 0, 67, 77, 52, 48, 0, 0, 0, 0, 0, 128, 71, 64, 47, 0, 0, 0, 0, 0, 0, 0, 120, 156, 1, 36, 0, 219, 255, 123, 34, 99, 111, 109, 109, 97, 110, 100, 95, 116, 121, 112, 101, 34, 58, 34, 83, 67, 34, 44, 34, 109, 101, 115, 115, 97, 103, 101, 34, 58, 110, 117, 108, 108, 125, 233, 98, 12, 155]
[2m2025-09-03T07:30:39.146911Z[0m [32m INFO[0m [2m139:[0m ✅ Command SC completed 1995 ms before its deadline
[2m2025-09-03T07:30:39.298235Z[0m [32m INFO[0m [2m78:[0m Scheduling drift: difference between scheduled and actual task start times for command EC: 2ms
[2m2025-09-03T07:30:39.298768Z[0m [32m INFO[0m [2m94:[0m Command EC validated successfully (latency: 1 µs)
[2m2025-09-03T07:30:39.299024Z[0m [32m INFO[0m [2m100:[0m Command validated: EC
[2m2025-09-03T07:30:39.299246Z[0m [32m INFO[0m [2m102:[0m About to send command: EC
[2m2025-09-03T07:30:39.300522Z[0m [32m INFO[0m [2m32:[0m Command sent: [4, 0, 0, 0, 0, 0, 0, 0, 67, 77, 52, 49, 0, 0, 0, 0, 0, 0, 73, 64, 50, 0, 0, 0, 0, 0, 0, 0, 120, 156, 1, 39, 0, 216, 255, 123, 34, 99, 111, 109, 109, 97, 110, 100, 95, 116, 121, 112, 101, 34, 58, 34, 69, 67, 34, 44, 34, 109, 101, 115, 115, 97, 103, 101, 34, 58, 34, 72, 101, 108, 108, 111, 34, 125, 12, 19, 13, 10]
[2m2025-09-03T07:30:39.300742Z[0m [32m INFO[0m [2m139:[0m ✅ Command EC completed 1994 ms before its deadline
[2m2025-09-03T07:30:49.207336Z[0m [32m INFO[0m [2m78:[0m Scheduling drift: difference between scheduled and actual task start times for command PG: 0ms
[2m2025-09-03T07:30:49.207653Z[0m [32m INFO[0m [2m94:[0m Command PG validated successfully (latency: 1 µs)
[2m2025-09-03T07:30:49.207865Z[0m [32m INFO[0m [2m100:[0m Command validated: PG
[2m2025-09-03T07:30:49.208055Z[0m [32m INFO[0m [2m102:[0m About to send command: PG
[2m2025-09-03T07:30:49.209530Z[0m [32m INFO[0m [2m32:[0m Command sent: [4, 0, 0, 0, 0, 0, 0, 0, 67, 77, 52, 50, 0, 0, 0, 0, 0, 128, 71, 64, 47, 0, 0, 0, 0, 0, 0, 0, 120, 156, 1, 36, 0, 219, 255, 123, 34, 99, 111, 109, 109, 97, 110, 100, 95, 116, 121, 112, 101, 34, 58, 34, 80, 71, 34, 44, 34, 109, 101, 115, 115, 97, 103, 101, 34, 58, 110, 117, 108, 108, 125, 233, 113, 12, 156]
[2m2025-09-03T07:30:49.209807Z[0m [32m INFO[0m [2m139:[0m ✅ Command PG completed 1996 ms before its deadline
[2m2025-09-03T07:30:49.315261Z[0m [32m INFO[0m [2m78:[0m Scheduling drift: difference between scheduled and actual task start times for command EC: 14ms
[2m2025-09-03T07:30:49.315737Z[0m [32m INFO[0m [2m94:[0m Command EC validated successfully (latency: 1 µs)
[2m2025-09-03T07:30:49.315973Z[0m [32m INFO[0m [2m100:[0m Command validated: EC
[2m2025-09-03T07:30:49.316162Z[0m [32m INFO[0m [2m102:[0m About to send command: EC
[2m2025-09-03T07:30:49.317291Z[0m [32m INFO[0m [2m32:[0m Command sent: [4, 0, 0, 0, 0, 0, 0, 0, 67, 77, 52, 51, 0, 0, 0, 0, 0, 0, 73, 64, 50, 0, 0, 0, 0, 0, 0, 0, 120, 156, 1, 39, 0, 216, 255, 123, 34, 99, 111, 109, 109, 97, 110, 100, 95, 116, 121, 112, 101, 34, 58, 34, 69, 67, 34, 44, 34, 109, 101, 115, 115, 97, 103, 101, 34, 58, 34, 72, 101, 108, 108, 111, 34, 125, 12, 19, 13, 10]
[2m2025-09-03T07:30:49.317483Z[0m [32m INFO[0m [2m139:[0m ✅ Command EC completed 1983 ms before its deadline
[2m2025-09-03T07:30:59.318793Z[0m [32m INFO[0m [2m78:[0m Scheduling drift: difference between scheduled and actual task start times for command EC: 1ms
[2m2025-09-03T07:30:59.319222Z[0m [32m INFO[0m [2m94:[0m Command EC validated successfully (latency: 1 µs)
[2m2025-09-03T07:30:59.319447Z[0m [32m INFO[0m [2m100:[0m Command validated: EC
[2m2025-09-03T07:30:59.319629Z[0m [32m INFO[0m [2m102:[0m About to send command: EC
[2m2025-09-03T07:30:59.320746Z[0m [32m INFO[0m [2m32:[0m Command sent: [4, 0, 0, 0, 0, 0, 0, 0, 67, 77, 52, 52, 0, 0, 0, 0, 0, 0, 73, 64, 50, 0, 0, 0, 0, 0, 0, 0, 120, 156, 1, 39, 0, 216, 255, 123, 34, 99, 111, 109, 109, 97, 110, 100, 95, 116, 121, 112, 101, 34, 58, 34, 69, 67, 34, 44, 34, 109, 101, 115, 115, 97, 103, 101, 34, 58, 34, 72, 101, 108, 108, 111, 34, 125, 12, 19, 13, 10]
[2m2025-09-03T07:30:59.320953Z[0m [32m INFO[0m [2m139:[0m ✅ Command EC completed 1996 ms before its deadline
[2m2025-09-03T07:31:04.162352Z[0m [32m INFO[0m [2m78:[0m Scheduling drift: difference between scheduled and actual task start times for command SC: 15ms
[2m2025-09-03T07:31:04.162691Z[0m [32m INFO[0m [2m94:[0m Command SC validated successfully (latency: 1 µs)
[2m2025-09-03T07:31:04.162916Z[0m [32m INFO[0m [2m100:[0m Command validated: SC
[2m2025-09-03T07:31:04.163161Z[0m [32m INFO[0m [2m102:[0m About to send command: SC
[2m2025-09-03T07:31:04.164617Z[0m [32m INFO[0m [2m32:[0m Command sent: [4, 0, 0, 0, 0, 0, 0, 0, 67, 77, 52, 53, 0, 0, 0, 0, 0, 128, 71, 64, 47, 0, 0, 0, 0, 0, 0, 0, 120, 156, 1, 36, 0, 219, 255, 123, 34, 99, 111, 109, 109, 97, 110, 100, 95, 116, 121, 112, 101, 34, 58, 34, 83, 67, 34, 44, 34, 109, 101, 115, 115, 97, 103, 101, 34, 58, 110, 117, 108, 108, 125, 233, 98, 12, 155]
[2m2025-09-03T07:31:04.164819Z[0m [32m INFO[0m [2m139:[0m ✅ Command SC completed 1982 ms before its deadline
[2m2025-09-03T07:31:04.224578Z[0m [32m INFO[0m [2m78:[0m Scheduling drift: difference between scheduled and actual task start times for command PG: 14ms
[2m2025-09-03T07:31:04.225011Z[0m [32m INFO[0m [2m94:[0m Command PG validated successfully (latency: 1 µs)
[2m2025-09-03T07:31:04.225209Z[0m [32m INFO[0m [2m100:[0m Command validated: PG
[2m2025-09-03T07:31:04.225384Z[0m [32m INFO[0m [2m102:[0m About to send command: PG
[2m2025-09-03T07:31:04.227144Z[0m [32m INFO[0m [2m32:[0m Command sent: [4, 0, 0, 0, 0, 0, 0, 0, 67, 77, 52, 54, 0, 0, 0, 0, 0, 128, 71, 64, 47, 0, 0, 0, 0, 0, 0, 0, 120, 156, 1, 36, 0, 219, 255, 123, 34, 99, 111, 109, 109, 97, 110, 100, 95, 116, 121, 112, 101, 34, 58, 34, 80, 71, 34, 44, 34, 109, 101, 115, 115, 97, 103, 101, 34, 58, 110, 117, 108, 108, 125, 233, 113, 12, 156]
[2m2025-09-03T07:31:04.227411Z[0m [32m INFO[0m [2m139:[0m ✅ Command PG completed 1982 ms before its deadline
[2m2025-09-03T07:31:09.336685Z[0m [32m INFO[0m [2m78:[0m Scheduling drift: difference between scheduled and actual task start times for command EC: 15ms
[2m2025-09-03T07:31:09.337106Z[0m [32m INFO[0m [2m94:[0m Command EC validated successfully (latency: 2 µs)
[2m2025-09-03T07:31:09.337347Z[0m [32m INFO[0m [2m100:[0m Command validated: EC
[2m2025-09-03T07:31:09.337624Z[0m [32m INFO[0m [2m102:[0m About to send command: EC
[2m2025-09-03T07:31:09.339004Z[0m [32m INFO[0m [2m32:[0m Command sent: [4, 0, 0, 0, 0, 0, 0, 0, 67, 77, 52, 55, 0, 0, 0, 0, 0, 0, 73, 64, 50, 0, 0, 0, 0, 0, 0, 0, 120, 156, 1, 39, 0, 216, 255, 123, 34, 99, 111, 109, 109, 97, 110, 100, 95, 116, 121, 112, 101, 34, 58, 34, 69, 67, 34, 44, 34, 109, 101, 115, 115, 97, 103, 101, 34, 58, 34, 72, 101, 108, 108, 111, 34, 125, 12, 19, 13, 10]
[2m2025-09-03T07:31:09.339350Z[0m [32m INFO[0m [2m139:[0m ✅ Command EC completed 1981 ms before its deadline
[2m2025-09-03T07:31:19.241607Z[0m [32m INFO[0m [2m78:[0m Scheduling drift: difference between scheduled and actual task start times for command PG: 13ms
[2m2025-09-03T07:31:19.241978Z[0m [32m INFO[0m [2m94:[0m Command PG validated successfully (latency: 1 µs)
[2m2025-09-03T07:31:19.242230Z[0m [32m INFO[0m [2m100:[0m Command validated: PG
[2m2025-09-03T07:31:19.242475Z[0m [32m INFO[0m [2m102:[0m About to send command: PG
[2m2025-09-03T07:31:19.243873Z[0m [32m INFO[0m [2m32:[0m Command sent: [4, 0, 0, 0, 0, 0, 0, 0, 67, 77, 52, 56, 0, 0, 0, 0, 0, 128, 71, 64, 47, 0, 0, 0, 0, 0, 0, 0, 120, 156, 1, 36, 0, 219, 255, 123, 34, 99, 111, 109, 109, 97, 110, 100, 95, 116, 121, 112, 101, 34, 58, 34, 80, 71, 34, 44, 34, 109, 101, 115, 115, 97, 103, 101, 34, 58, 110, 117, 108, 108, 125, 233, 113, 12, 156]
[2m2025-09-03T07:31:19.244134Z[0m [32m INFO[0m [2m139:[0m ✅ Command PG completed 1983 ms before its deadline
[2m2025-09-03T07:31:19.351408Z[0m [32m INFO[0m [2m78:[0m Scheduling drift: difference between scheduled and actual task start times for command EC: 11ms
[2m2025-09-03T07:31:19.351820Z[0m [32m INFO[0m [2m94:[0m Command EC validated successfully (latency: 1 µs)
[2m2025-09-03T07:31:19.352082Z[0m [32m INFO[0m [2m100:[0m Command validated: EC
[2m2025-09-03T07:31:19.352254Z[0m [32m INFO[0m [2m102:[0m About to send command: EC
[2m2025-09-03T07:31:19.353534Z[0m [32m INFO[0m [2m32:[0m Command sent: [4, 0, 0, 0, 0, 0, 0, 0, 67, 77, 52, 57, 0, 0, 0, 0, 0, 0, 73, 64, 50, 0, 0, 0, 0, 0, 0, 0, 120, 156, 1, 39, 0, 216, 255, 123, 34, 99, 111, 109, 109, 97, 110, 100, 95, 116, 121, 112, 101, 34, 58, 34, 69, 67, 34, 44, 34, 109, 101, 115, 115, 97, 103, 101, 34, 58, 34, 72, 101, 108, 108, 111, 34, 125, 12, 19, 13, 10]
[2m2025-09-03T07:31:19.353752Z[0m [32m INFO[0m [2m139:[0m ✅ Command EC completed 1985 ms before its deadline
[2m2025-09-03T07:31:29.167841Z[0m [32m INFO[0m [2m78:[0m Scheduling drift: difference between scheduled and actual task start times for command SC: 2ms
[2m2025-09-03T07:31:29.168180Z[0m [32m INFO[0m [2m94:[0m Command SC validated successfully (latency: 1 µs)
[2m2025-09-03T07:31:29.168398Z[0m [32m INFO[0m [2m100:[0m Command validated: SC
[2m2025-09-03T07:31:29.168616Z[0m [32m INFO[0m [2m102:[0m About to send command: SC
[2m2025-09-03T07:31:29.169864Z[0m [32m INFO[0m [2m32:[0m Command sent: [4, 0, 0, 0, 0, 0, 0, 0, 67, 77, 53, 48, 0, 0, 0, 0, 0, 128, 71, 64, 47, 0, 0, 0, 0, 0, 0, 0, 120, 156, 1, 36, 0, 219, 255, 123, 34, 99, 111, 109, 109, 97, 110, 100, 95, 116, 121, 112, 101, 34, 58, 34, 83, 67, 34, 44, 34, 109, 101, 115, 115, 97, 103, 101, 34, 58, 110, 117, 108, 108, 125, 233, 98, 12, 155]
[2m2025-09-03T07:31:29.170093Z[0m [32m INFO[0m [2m139:[0m ✅ Command SC completed 1994 ms before its deadline
[2m2025-09-03T07:31:29.368519Z[0m [32m INFO[0m [2m78:[0m Scheduling drift: difference between scheduled and actual task start times for command EC: 14ms
[2m2025-09-03T07:31:29.368876Z[0m [32m INFO[0m [2m94:[0m Command EC validated successfully (latency: 1 µs)
[2m2025-09-03T07:31:29.369120Z[0m [32m INFO[0m [2m100:[0m Command validated: EC
[2m2025-09-03T07:31:29.369374Z[0m [32m INFO[0m [2m102:[0m About to send command: EC
[2m2025-09-03T07:31:29.370553Z[0m [32m INFO[0m [2m32:[0m Command sent: [4, 0, 0, 0, 0, 0, 0, 0, 67, 77, 53, 49, 0, 0, 0, 0, 0, 0, 73, 64, 50, 0, 0, 0, 0, 0, 0, 0, 120, 156, 1, 39, 0, 216, 255, 123, 34, 99, 111, 109, 109, 97, 110, 100, 95, 116, 121, 112, 101, 34, 58, 34, 69, 67, 34, 44, 34, 109, 101, 115, 115, 97, 103, 101, 34, 58, 34, 72, 101, 108, 108, 111, 34, 125, 12, 19, 13, 10]
[2m2025-09-03T07:31:29.370756Z[0m [32m INFO[0m [2m139:[0m ✅ Command EC completed 1983 ms before its deadline
[2m2025-09-03T07:31:34.246649Z[0m [32m INFO[0m [2m78:[0m Scheduling drift: difference between scheduled and actual task start times for command PG: 2ms
[2m2025-09-03T07:31:34.247070Z[0m [32m INFO[0m [2m94:[0m Command PG validated successfully (latency: 1 µs)
[2m2025-09-03T07:31:34.247325Z[0m [32m INFO[0m [2m100:[0m Command validated: PG
[2m2025-09-03T07:31:34.247534Z[0m [32m INFO[0m [2m102:[0m About to send command: PG
[2m2025-09-03T07:31:34.248851Z[0m [32m INFO[0m [2m32:[0m Command sent: [4, 0, 0, 0, 0, 0, 0, 0, 67, 77, 53, 50, 0, 0, 0, 0, 0, 128, 71, 64, 47, 0, 0, 0, 0, 0, 0, 0, 120, 156, 1, 36, 0, 219, 255, 123, 34, 99, 111, 109, 109, 97, 110, 100, 95, 116, 121, 112, 101, 34, 58, 34, 80, 71, 34, 44, 34, 109, 101, 115, 115, 97, 103, 101, 34, 58, 110, 117, 108, 108, 125, 233, 113, 12, 156]
[2m2025-09-03T07:31:34.249091Z[0m [32m INFO[0m [2m139:[0m ✅ Command PG completed 1995 ms before its deadline
[2m2025-09-03T07:31:39.373485Z[0m [32m INFO[0m [2m78:[0m Scheduling drift: difference between scheduled and actual task start times for command EC: 2ms
[2m2025-09-03T07:31:39.373773Z[0m [32m INFO[0m [2m94:[0m Command EC validated successfully (latency: 1 µs)
[2m2025-09-03T07:31:39.373955Z[0m [32m INFO[0m [2m100:[0m Command validated: EC
[2m2025-09-03T07:31:39.374120Z[0m [32m INFO[0m [2m102:[0m About to send command: EC
[2m2025-09-03T07:31:39.375178Z[0m [32m INFO[0m [2m32:[0m Command sent: [4, 0, 0, 0, 0, 0, 0, 0, 67, 77, 53, 51, 0, 0, 0, 0, 0, 0, 73, 64, 50, 0, 0, 0, 0, 0, 0, 0, 120, 156, 1, 39, 0, 216, 255, 123, 34, 99, 111, 109, 109, 97, 110, 100, 95, 116, 121, 112, 101, 34, 58, 34, 69, 67, 34, 44, 34, 109, 101, 115, 115, 97, 103, 101, 34, 58, 34, 72, 101, 108, 108, 111, 34, 125, 12, 19, 13, 10]
[2m2025-09-03T07:31:39.375346Z[0m [32m INFO[0m [2m139:[0m ✅ Command EC completed 1995 ms before its deadline
[2m2025-09-03T07:31:49.256102Z[0m [32m INFO[0m [2m78:[0m Scheduling drift: difference between scheduled and actual task start times for command PG: 6ms
[2m2025-09-03T07:31:49.256519Z[0m [32m INFO[0m [2m94:[0m Command PG validated successfully (latency: 1 µs)
[2m2025-09-03T07:31:49.256786Z[0m [32m INFO[0m [2m100:[0m Command validated: PG
[2m2025-09-03T07:31:49.257021Z[0m [32m INFO[0m [2m102:[0m About to send command: PG
[2m2025-09-03T07:31:49.258167Z[0m [32m INFO[0m [2m32:[0m Command sent: [4, 0, 0, 0, 0, 0, 0, 0, 67, 77, 53, 52, 0, 0, 0, 0, 0, 128, 71, 64, 47, 0, 0, 0, 0, 0, 0, 0, 120, 156, 1, 36, 0, 219, 255, 123, 34, 99, 111, 109, 109, 97, 110, 100, 95, 116, 121, 112, 101, 34, 58, 34, 80, 71, 34, 44, 34, 109, 101, 115, 115, 97, 103, 101, 34, 58, 110, 117, 108, 108, 125, 233, 113, 12, 156]
[2m2025-09-03T07:31:49.258361Z[0m [32m INFO[0m [2m139:[0m ✅ Command PG completed 1990 ms before its deadline
[2m2025-09-03T07:31:49.378715Z[0m [32m INFO[0m [2m78:[0m Scheduling drift: difference between scheduled and actual task start times for command EC: 3ms
[2m2025-09-03T07:31:49.378996Z[0m [32m INFO[0m [2m94:[0m Command EC validated successfully (latency: 1 µs)
[2m2025-09-03T07:31:49.379165Z[0m [32m INFO[0m [2m100:[0m Command validated: EC
[2m2025-09-03T07:31:49.379319Z[0m [32m INFO[0m [2m102:[0m About to send command: EC
[2m2025-09-03T07:31:49.380631Z[0m [32m INFO[0m [2m32:[0m Command sent: [4, 0, 0, 0, 0, 0, 0, 0, 67, 77, 53, 53, 0, 0, 0, 0, 0, 0, 73, 64, 50, 0, 0, 0, 0, 0, 0, 0, 120, 156, 1, 39, 0, 216, 255, 123, 34, 99, 111, 109, 109, 97, 110, 100, 95, 116, 121, 112, 101, 34, 58, 34, 69, 67, 34, 44, 34, 109, 101, 115, 115, 97, 103, 101, 34, 58, 34, 72, 101, 108, 108, 111, 34, 125, 12, 19, 13, 10]
[2m2025-09-03T07:31:49.380869Z[0m [32m INFO[0m [2m139:[0m ✅ Command EC completed 1994 ms before its deadline
[2m2025-09-03T07:31:54.174197Z[0m [32m INFO[0m [2m78:[0m Scheduling drift: difference between scheduled and actual task start times for command SC: 3ms
[2m2025-09-03T07:31:54.174477Z[0m [32m INFO[0m [2m94:[0m Command SC validated successfully (latency: 1 µs)
[2m2025-09-03T07:31:54.174646Z[0m [32m INFO[0m [2m100:[0m Command validated: SC
[2m2025-09-03T07:31:54.174782Z[0m [32m INFO[0m [2m102:[0m About to send command: SC
[2m2025-09-03T07:31:54.175779Z[0m [32m INFO[0m [2m32:[0m Command sent: [4, 0, 0, 0, 0, 0, 0, 0, 67, 77, 53, 54, 0, 0, 0, 0, 0, 128, 71, 64, 47, 0, 0, 0, 0, 0, 0, 0, 120, 156, 1, 36, 0, 219, 255, 123, 34, 99, 111, 109, 109, 97, 110, 100, 95, 116, 121, 112, 101, 34, 58, 34, 83, 67, 34, 44, 34, 109, 101, 115, 115, 97, 103, 101, 34, 58, 110, 117, 108, 108, 125, 233, 98, 12, 155]
[2m2025-09-03T07:31:54.175952Z[0m [32m INFO[0m [2m139:[0m ✅ Command SC completed 1994 ms before its deadline
[2m2025-09-03T07:31:59.388081Z[0m [32m INFO[0m [2m78:[0m Scheduling drift: difference between scheduled and actual task start times for command EC: 7ms
[2m2025-09-03T07:31:59.388415Z[0m [32m INFO[0m [2m94:[0m Command EC validated successfully (latency: 1 µs)
[2m2025-09-03T07:31:59.388589Z[0m [32m INFO[0m [2m100:[0m Command validated: EC
[2m2025-09-03T07:31:59.388759Z[0m [32m INFO[0m [2m102:[0m About to send command: EC
[2m2025-09-03T07:31:59.389775Z[0m [32m INFO[0m [2m32:[0m Command sent: [4, 0, 0, 0, 0, 0, 0, 0, 67, 77, 53, 55, 0, 0, 0, 0, 0, 0, 73, 64, 50, 0, 0, 0, 0, 0, 0, 0, 120, 156, 1, 39, 0, 216, 255, 123, 34, 99, 111, 109, 109, 97, 110, 100, 95, 116, 121, 112, 101, 34, 58, 34, 69, 67, 34, 44, 34, 109, 101, 115, 115, 97, 103, 101, 34, 58, 34, 72, 101, 108, 108, 111, 34, 125, 12, 19, 13, 10]
[2m2025-09-03T07:31:59.389984Z[0m [32m INFO[0m [2m139:[0m ✅ Command EC completed 1991 ms before its deadline
[2m2025-09-03T07:32:04.268363Z[0m [32m INFO[0m [2m78:[0m Scheduling drift: difference between scheduled and actual task start times for command PG: 9ms
[2m2025-09-03T07:32:04.268619Z[0m [32m INFO[0m [2m94:[0m Command PG validated successfully (latency: 1 µs)
[2m2025-09-03T07:32:04.268762Z[0m [32m INFO[0m [2m100:[0m Command validated: PG
[2m2025-09-03T07:32:04.268896Z[0m [32m INFO[0m [2m102:[0m About to send command: PG
[2m2025-09-03T07:32:04.269867Z[0m [32m INFO[0m [2m32:[0m Command sent: [4, 0, 0, 0, 0, 0, 0, 0, 67, 77, 53, 56, 0, 0, 0, 0, 0, 128, 71, 64, 47, 0, 0, 0, 0, 0, 0, 0, 120, 156, 1, 36, 0, 219, 255, 123, 34, 99, 111, 109, 109, 97, 110, 100, 95, 116, 121, 112, 101, 34, 58, 34, 80, 71, 34, 44, 34, 109, 101, 115, 115, 97, 103, 101, 34, 58, 110, 117, 108, 108, 125, 233, 113, 12, 156]
[2m2025-09-03T07:32:04.270026Z[0m [32m INFO[0m [2m139:[0m ✅ Command PG completed 1988 ms before its deadline
[2m2025-09-03T07:32:09.406704Z[0m [32m INFO[0m [2m78:[0m Scheduling drift: difference between scheduled and actual task start times for command EC: 16ms
[2m2025-09-03T07:32:09.406942Z[0m [32m INFO[0m [2m94:[0m Command EC validated successfully (latency: 1 µs)
[2m2025-09-03T07:32:09.407125Z[0m [32m INFO[0m [2m100:[0m Command validated: EC
[2m2025-09-03T07:32:09.407290Z[0m [32m INFO[0m [2m102:[0m About to send command: EC
[2m2025-09-03T07:32:09.408348Z[0m [32m INFO[0m [2m32:[0m Command sent: [4, 0, 0, 0, 0, 0, 0, 0, 67, 77, 53, 57, 0, 0, 0, 0, 0, 0, 73, 64, 50, 0, 0, 0, 0, 0, 0, 0, 120, 156, 1, 39, 0, 216, 255, 123, 34, 99, 111, 109, 109, 97, 110, 100, 95, 116, 121, 112, 101, 34, 58, 34, 69, 67, 34, 44, 34, 109, 101, 115, 115, 97, 103, 101, 34, 58, 34, 72, 101, 108, 108, 111, 34, 125, 12, 19, 13, 10]
[2m2025-09-03T07:32:09.408564Z[0m [32m INFO[0m [2m139:[0m ✅ Command EC completed 1981 ms before its deadline
[2m2025-09-03T07:32:19.181135Z[0m [32m INFO[0m [2m78:[0m Scheduling drift: difference between scheduled and actual task start times for command SC: 4ms
[2m2025-09-03T07:32:19.181416Z[0m [32m INFO[0m [2m94:[0m Command SC validated successfully (latency: 1 µs)
[2m2025-09-03T07:32:19.181565Z[0m [32m INFO[0m [2m100:[0m Command validated: SC
[2m2025-09-03T07:32:19.181763Z[0m [32m INFO[0m [2m102:[0m About to send command: SC
[2m2025-09-03T07:32:19.182793Z[0m [32m INFO[0m [2m32:[0m Command sent: [4, 0, 0, 0, 0, 0, 0, 0, 67, 77, 54, 48, 0, 0, 0, 0, 0, 128, 71, 64, 47, 0, 0, 0, 0, 0, 0, 0, 120, 156, 1, 36, 0, 219, 255, 123, 34, 99, 111, 109, 109, 97, 110, 100, 95, 116, 121, 112, 101, 34, 58, 34, 83, 67, 34, 44, 34, 109, 101, 115, 115, 97, 103, 101, 34, 58, 110, 117, 108, 108, 125, 233, 98, 12, 155]
[2m2025-09-03T07:32:19.182956Z[0m [32m INFO[0m [2m139:[0m ✅ Command SC completed 1993 ms before its deadline
[2m2025-09-03T07:32:19.274332Z[0m [32m INFO[0m [2m78:[0m Scheduling drift: difference between scheduled and actual task start times for command PG: 4ms
[2m2025-09-03T07:32:19.274632Z[0m [32m INFO[0m [2m94:[0m Command PG validated successfully (latency: 1 µs)
[2m2025-09-03T07:32:19.274945Z[0m [32m INFO[0m [2m100:[0m Command validated: PG
[2m2025-09-03T07:32:19.275213Z[0m [32m INFO[0m [2m102:[0m About to send command: PG
[2m2025-09-03T07:32:19.276245Z[0m [32m INFO[0m [2m32:[0m Command sent: [4, 0, 0, 0, 0, 0, 0, 0, 67, 77, 54, 49, 0, 0, 0, 0, 0, 128, 71, 64, 47, 0, 0, 0, 0, 0, 0, 0, 120, 156, 1, 36, 0, 219, 255, 123, 34, 99, 111, 109, 109, 97, 110, 100, 95, 116, 121, 112, 101, 34, 58, 34, 80, 71, 34, 44, 34, 109, 101, 115, 115, 97, 103, 101, 34, 58, 110, 117, 108, 108, 125, 233, 113, 12, 156]
[2m2025-09-03T07:32:19.276400Z[0m [32m INFO[0m [2m139:[0m ✅ Command PG completed 1993 ms before its deadline
[2m2025-09-03T07:32:19.414377Z[0m [32m INFO[0m [2m78:[0m Scheduling drift: difference between scheduled and actual task start times for command EC: 5ms
[2m2025-09-03T07:32:19.414582Z[0m [32m INFO[0m [2m94:[0m Command EC validated successfully (latency: 1 µs)
[2m2025-09-03T07:32:19.414726Z[0m [32m INFO[0m [2m100:[0m Command validated: EC
[2m2025-09-03T07:32:19.414854Z[0m [32m INFO[0m [2m102:[0m About to send command: EC
[2m2025-09-03T07:32:19.415811Z[0m [32m INFO[0m [2m32:[0m Command sent: [4, 0, 0, 0, 0, 0, 0, 0, 67, 77, 54, 50, 0, 0, 0, 0, 0, 0, 73, 64, 50, 0, 0, 0, 0, 0, 0, 0, 120, 156, 1, 39, 0, 216, 255, 123, 34, 99, 111, 109, 109, 97, 110, 100, 95, 116, 121, 112, 101, 34, 58, 34, 69, 67, 34, 44, 34, 109, 101, 115, 115, 97, 103, 101, 34, 58, 34, 72, 101, 108, 108, 111, 34, 125, 12, 19, 13, 10]
[2m2025-09-03T07:32:19.415987Z[0m [32m INFO[0m [2m139:[0m ✅ Command EC completed 1992 ms before its deadline
[2m2025-09-03T07:32:29.432185Z[0m [32m INFO[0m [2m78:[0m Scheduling drift: difference between scheduled and actual task start times for command EC: 15ms
[2m2025-09-03T07:32:29.432592Z[0m [32m INFO[0m [2m94:[0m Command EC validated successfully (latency: 2 µs)
[2m2025-09-03T07:32:29.432805Z[0m [32m INFO[0m [2m100:[0m Command validated: EC
[2m2025-09-03T07:32:29.433018Z[0m [32m INFO[0m [2m102:[0m About to send command: EC
[2m2025-09-03T07:32:29.434168Z[0m [32m INFO[0m [2m32:[0m Command sent: [4, 0, 0, 0, 0, 0, 0, 0, 67, 77, 54, 51, 0, 0, 0, 0, 0, 0, 73, 64, 50, 0, 0, 0, 0, 0, 0, 0, 120, 156, 1, 39, 0, 216, 255, 123, 34, 99, 111, 109, 109, 97, 110, 100, 95, 116, 121, 112, 101, 34, 58, 34, 69, 67, 34, 44, 34, 109, 101, 115, 115, 97, 103, 101, 34, 58, 34, 72, 101, 108, 108, 111, 34, 125, 12, 19, 13, 10]
[2m2025-09-03T07:32:29.434361Z[0m [32m INFO[0m [2m139:[0m ✅ Command EC completed 1981 ms before its deadline
[2m2025-09-03T07:32:34.289233Z[0m [32m INFO[0m [2m78:[0m Scheduling drift: difference between scheduled and actual task start times for command PG: 12ms
[2m2025-09-03T07:32:34.289587Z[0m [32m INFO[0m [2m94:[0m Command PG validated successfully (latency: 2 µs)
[2m2025-09-03T07:32:34.289713Z[0m [32m INFO[0m [2m100:[0m Command validated: PG
[2m2025-09-03T07:32:34.289797Z[0m [32m INFO[0m [2m102:[0m About to send command: PG
[2m2025-09-03T07:32:34.290812Z[0m [32m INFO[0m [2m32:[0m Command sent: [4, 0, 0, 0, 0, 0, 0, 0, 67, 77, 54, 52, 0, 0, 0, 0, 0, 128, 71, 64, 47, 0, 0, 0, 0, 0, 0, 0, 120, 156, 1, 36, 0, 219, 255, 123, 34, 99, 111, 109, 109, 97, 110, 100, 95, 116, 121, 112, 101, 34, 58, 34, 80, 71, 34, 44, 34, 109, 101, 115, 115, 97, 103, 101, 34, 58, 110, 117, 108, 108, 125, 233, 113, 12, 156]
[2m2025-09-03T07:32:34.290976Z[0m [32m INFO[0m [2m139:[0m ✅ Command PG completed 1985 ms before its deadline
[2m2025-09-03T07:32:39.444126Z[0m [32m INFO[0m [2m78:[0m Scheduling drift: difference between scheduled and actual task start times for command EC: 9ms
[2m2025-09-03T07:32:39.444406Z[0m [32m INFO[0m [2m94:[0m Command EC validated successfully (latency: 1 µs)
[2m2025-09-03T07:32:39.444614Z[0m [32m INFO[0m [2m100:[0m Command validated: EC
[2m2025-09-03T07:32:39.444829Z[0m [32m INFO[0m [2m102:[0m About to send command: EC
[2m2025-09-03T07:32:39.446127Z[0m [32m INFO[0m [2m32:[0m Command sent: [4, 0, 0, 0, 0, 0, 0, 0, 67, 77, 54, 53, 0, 0, 0, 0, 0, 0, 73, 64, 50, 0, 0, 0, 0, 0, 0, 0, 120, 156, 1, 39, 0, 216, 255, 123, 34, 99, 111, 109, 109, 97, 110, 100, 95, 116, 121, 112, 101, 34, 58, 34, 69, 67, 34, 44, 34, 109, 101, 115, 115, 97, 103, 101, 34, 58, 34, 72, 101, 108, 108, 111, 34, 125, 12, 19, 13, 10]
[2m2025-09-03T07:32:39.446309Z[0m [32m INFO[0m [2m139:[0m ✅ Command EC completed 1988 ms before its deadline
[2m2025-09-03T07:32:44.198311Z[0m [32m INFO[0m [2m78:[0m Scheduling drift: difference between scheduled and actual task start times for command SC: 15ms
[2m2025-09-03T07:32:44.198618Z[0m [32m INFO[0m [2m94:[0m Command SC validated successfully (latency: 1 µs)
[2m2025-09-03T07:32:44.198762Z[0m [32m INFO[0m [2m100:[0m Command validated: SC
[2m2025-09-03T07:32:44.198902Z[0m [32m INFO[0m [2m102:[0m About to send command: SC
[2m2025-09-03T07:32:44.199954Z[0m [32m INFO[0m [2m32:[0m Command sent: [4, 0, 0, 0, 0, 0, 0, 0, 67, 77, 54, 54, 0, 0, 0, 0, 0, 128, 71, 64, 47, 0, 0, 0, 0, 0, 0, 0, 120, 156, 1, 36, 0, 219, 255, 123, 34, 99, 111, 109, 109, 97, 110, 100, 95, 116, 121, 112, 101, 34, 58, 34, 83, 67, 34, 44, 34, 109, 101, 115, 115, 97, 103, 101, 34, 58, 110, 117, 108, 108, 125, 233, 98, 12, 155]
[2m2025-09-03T07:32:44.200145Z[0m [32m INFO[0m [2m139:[0m ✅ Command SC completed 1982 ms before its deadline
[2m2025-09-03T07:32:49.302317Z[0m [32m INFO[0m [2m78:[0m Scheduling drift: difference between scheduled and actual task start times for command PG: 11ms
[2m2025-09-03T07:32:49.302704Z[0m [32m INFO[0m [2m94:[0m Command PG validated successfully (latency: 1 µs)
[2m2025-09-03T07:32:49.302977Z[0m [32m INFO[0m [2m100:[0m Command validated: PG
[2m2025-09-03T07:32:49.303175Z[0m [32m INFO[0m [2m102:[0m About to send command: PG
[2m2025-09-03T07:32:49.304259Z[0m [32m INFO[0m [2m32:[0m Command sent: [4, 0, 0, 0, 0, 0, 0, 0, 67, 77, 54, 55, 0, 0, 0, 0, 0, 128, 71, 64, 47, 0, 0, 0, 0, 0, 0, 0, 120, 156, 1, 36, 0, 219, 255, 123, 34, 99, 111, 109, 109, 97, 110, 100, 95, 116, 121, 112, 101, 34, 58, 34, 80, 71, 34, 44, 34, 109, 101, 115, 115, 97, 103, 101, 34, 58, 110, 117, 108, 108, 125, 233, 113, 12, 156]
[2m2025-09-03T07:32:49.304439Z[0m [32m INFO[0m [2m139:[0m ✅ Command PG completed 1986 ms before its deadline
[2m2025-09-03T07:32:49.456345Z[0m [32m INFO[0m [2m78:[0m Scheduling drift: difference between scheduled and actual task start times for command EC: 9ms
[2m2025-09-03T07:32:49.456657Z[0m [32m INFO[0m [2m94:[0m Command EC validated successfully (latency: 1 µs)
[2m2025-09-03T07:32:49.456863Z[0m [32m INFO[0m [2m100:[0m Command validated: EC
[2m2025-09-03T07:32:49.457032Z[0m [32m INFO[0m [2m102:[0m About to send command: EC
[2m2025-09-03T07:32:49.458068Z[0m [32m INFO[0m [2m32:[0m Command sent: [4, 0, 0, 0, 0, 0, 0, 0, 67, 77, 54, 56, 0, 0, 0, 0, 0, 0, 73, 64, 50, 0, 0, 0, 0, 0, 0, 0, 120, 156, 1, 39, 0, 216, 255, 123, 34, 99, 111, 109, 109, 97, 110, 100, 95, 116, 121, 112, 101, 34, 58, 34, 69, 67, 34, 44, 34, 109, 101, 115, 115, 97, 103, 101, 34, 58, 34, 72, 101, 108, 108, 111, 34, 125, 12, 19, 13, 10]
[2m2025-09-03T07:32:49.458242Z[0m [32m INFO[0m [2m139:[0m ✅ Command EC completed 1988 ms before its deadline
[2m2025-09-03T07:32:59.471269Z[0m [32m INFO[0m [2m78:[0m Scheduling drift: difference between scheduled and actual task start times for command EC: 12ms
[2m2025-09-03T07:32:59.471535Z[0m [32m INFO[0m [2m94:[0m Command EC validated successfully (latency: 1 µs)
[2m2025-09-03T07:32:59.471689Z[0m [32m INFO[0m [2m100:[0m Command validated: EC
[2m2025-09-03T07:32:59.471835Z[0m [32m INFO[0m [2m102:[0m About to send command: EC
[2m2025-09-03T07:32:59.472928Z[0m [32m INFO[0m [2m32:[0m Command sent: [4, 0, 0, 0, 0, 0, 0, 0, 67, 77, 54, 57, 0, 0, 0, 0, 0, 0, 73, 64, 50, 0, 0, 0, 0, 0, 0, 0, 120, 156, 1, 39, 0, 216, 255, 123, 34, 99, 111, 109, 109, 97, 110, 100, 95, 116, 121, 112, 101, 34, 58, 34, 69, 67, 34, 44, 34, 109, 101, 115, 115, 97, 103, 101, 34, 58, 34, 72, 101, 108, 108, 111, 34, 125, 12, 19, 13, 10]
[2m2025-09-03T07:32:59.473151Z[0m [32m INFO[0m [2m139:[0m ✅ Command EC completed 1985 ms before its deadline
[2m2025-09-03T07:33:04.313808Z[0m [32m INFO[0m [2m78:[0m Scheduling drift: difference between scheduled and actual task start times for command PG: 9ms
[2m2025-09-03T07:33:04.314186Z[0m [32m INFO[0m [2m94:[0m Command PG validated successfully (latency: 0 µs)
[2m2025-09-03T07:33:04.314378Z[0m [32m INFO[0m [2m100:[0m Command validated: PG
[2m2025-09-03T07:33:04.314586Z[0m [32m INFO[0m [2m102:[0m About to send command: PG
[2m2025-09-03T07:33:04.315639Z[0m [32m INFO[0m [2m32:[0m Command sent: [4, 0, 0, 0, 0, 0, 0, 0, 67, 77, 55, 48, 0, 0, 0, 0, 0, 128, 71, 64, 47, 0, 0, 0, 0, 0, 0, 0, 120, 156, 1, 36, 0, 219, 255, 123, 34, 99, 111, 109, 109, 97, 110, 100, 95, 116, 121, 112, 101, 34, 58, 34, 80, 71, 34, 44, 34, 109, 101, 115, 115, 97, 103, 101, 34, 58, 110, 117, 108, 108, 125, 233, 113, 12, 156]
[2m2025-09-03T07:33:04.315817Z[0m [32m INFO[0m [2m139:[0m ✅ Command PG completed 1988 ms before its deadline
[2m2025-09-03T07:33:09.205231Z[0m [32m INFO[0m [2m78:[0m Scheduling drift: difference between scheduled and actual task start times for command SC: 4ms
[2m2025-09-03T07:33:09.205520Z[0m [32m INFO[0m [2m94:[0m Command SC validated successfully (latency: 0 µs)
[2m2025-09-03T07:33:09.205720Z[0m [32m INFO[0m [2m100:[0m Command validated: SC
[2m2025-09-03T07:33:09.205918Z[0m [32m INFO[0m [2m102:[0m About to send command: SC
[2m2025-09-03T07:33:09.206894Z[0m [32m INFO[0m [2m32:[0m Command sent: [4, 0, 0, 0, 0, 0, 0, 0, 67, 77, 55, 49, 0, 0, 0, 0, 0, 128, 71, 64, 47, 0, 0, 0, 0, 0, 0, 0, 120, 156, 1, 36, 0, 219, 255, 123, 34, 99, 111, 109, 109, 97, 110, 100, 95, 116, 121, 112, 101, 34, 58, 34, 83, 67, 34, 44, 34, 109, 101, 115, 115, 97, 103, 101, 34, 58, 110, 117, 108, 108, 125, 233, 98, 12, 155]
[2m2025-09-03T07:33:09.207055Z[0m [32m INFO[0m [2m139:[0m ✅ Command SC completed 1993 ms before its deadline
[2m2025-09-03T07:33:09.486684Z[0m [32m INFO[0m [2m78:[0m Scheduling drift: difference between scheduled and actual task start times for command EC: 13ms
[2m2025-09-03T07:33:09.486943Z[0m [32m INFO[0m [2m94:[0m Command EC validated successfully (latency: 1 µs)
[2m2025-09-03T07:33:09.487093Z[0m [32m INFO[0m [2m100:[0m Command validated: EC
[2m2025-09-03T07:33:09.487236Z[0m [32m INFO[0m [2m102:[0m About to send command: EC
[2m2025-09-03T07:33:09.488225Z[0m [32m INFO[0m [2m32:[0m Command sent: [4, 0, 0, 0, 0, 0, 0, 0, 67, 77, 55, 50, 0, 0, 0, 0, 0, 0, 73, 64, 50, 0, 0, 0, 0, 0, 0, 0, 120, 156, 1, 39, 0, 216, 255, 123, 34, 99, 111, 109, 109, 97, 110, 100, 95, 116, 121, 112, 101, 34, 58, 34, 69, 67, 34, 44, 34, 109, 101, 115, 115, 97, 103, 101, 34, 58, 34, 72, 101, 108, 108, 111, 34, 125, 12, 19, 13, 10]
[2m2025-09-03T07:33:09.488375Z[0m [32m INFO[0m [2m139:[0m ✅ Command EC completed 1984 ms before its deadline
[2m2025-09-03T07:33:19.334947Z[0m [32m INFO[0m [2m78:[0m Scheduling drift: difference between scheduled and actual task start times for command PG: 18ms
[2m2025-09-03T07:33:19.337454Z[0m [32m INFO[0m [2m94:[0m Command PG validated successfully (latency: 2 µs)
[2m2025-09-03T07:33:19.337629Z[0m [32m INFO[0m [2m100:[0m Command validated: PG
[2m2025-09-03T07:33:19.337760Z[0m [32m INFO[0m [2m102:[0m About to send command: PG
[2m2025-09-03T07:33:19.338731Z[0m [32m INFO[0m [2m32:[0m Command sent: [4, 0, 0, 0, 0, 0, 0, 0, 67, 77, 55, 51, 0, 0, 0, 0, 0, 128, 71, 64, 47, 0, 0, 0, 0, 0, 0, 0, 120, 156, 1, 36, 0, 219, 255, 123, 34, 99, 111, 109, 109, 97, 110, 100, 95, 116, 121, 112, 101, 34, 58, 34, 80, 71, 34, 44, 34, 109, 101, 115, 115, 97, 103, 101, 34, 58, 110, 117, 108, 108, 125, 233, 113, 12, 156]
[2m2025-09-03T07:33:19.338901Z[0m [32m INFO[0m [2m139:[0m ✅ Command PG completed 1977 ms before its deadline
[2m2025-09-03T07:33:19.503373Z[0m [32m INFO[0m [2m78:[0m Scheduling drift: difference between scheduled and actual task start times for command EC: 14ms
[2m2025-09-03T07:33:19.503584Z[0m [32m INFO[0m [2m94:[0m Command EC validated successfully (latency: 1 µs)
[2m2025-09-03T07:33:19.503700Z[0m [32m INFO[0m [2m100:[0m Command validated: EC
[2m2025-09-03T07:33:19.503792Z[0m [32m INFO[0m [2m102:[0m About to send command: EC
[2m2025-09-03T07:33:19.504876Z[0m [32m INFO[0m [2m32:[0m Command sent: [4, 0, 0, 0, 0, 0, 0, 0, 67, 77, 55, 52, 0, 0, 0, 0, 0, 0, 73, 64, 50, 0, 0, 0, 0, 0, 0, 0, 120, 156, 1, 39, 0, 216, 255, 123, 34, 99, 111, 109, 109, 97, 110, 100, 95, 116, 121, 112, 101, 34, 58, 34, 69, 67, 34, 44, 34, 109, 101, 115, 115, 97, 103, 101, 34, 58, 34, 72, 101, 108, 108, 111, 34, 125, 12, 19, 13, 10]
[2m2025-09-03T07:33:19.505046Z[0m [32m INFO[0m [2m139:[0m ✅ Command EC completed 1983 ms before its deadline
[2m2025-09-03T07:33:29.511882Z[0m [32m INFO[0m [2m78:[0m Scheduling drift: difference between scheduled and actual task start times for command EC: 6ms
[2m2025-09-03T07:33:29.512173Z[0m [32m INFO[0m [2m94:[0m Command EC validated successfully (latency: 1 µs)
[2m2025-09-03T07:33:29.512279Z[0m [32m INFO[0m [2m100:[0m Command validated: EC
[2m2025-09-03T07:33:29.512422Z[0m [32m INFO[0m [2m102:[0m About to send command: EC
[2m2025-09-03T07:33:29.513442Z[0m [32m INFO[0m [2m32:[0m Command sent: [4, 0, 0, 0, 0, 0, 0, 0, 67, 77, 55, 53, 0, 0, 0, 0, 0, 0, 73, 64, 50, 0, 0, 0, 0, 0, 0, 0, 120, 156, 1, 39, 0, 216, 255, 123, 34, 99, 111, 109, 109, 97, 110, 100, 95, 116, 121, 112, 101, 34, 58, 34, 69, 67, 34, 44, 34, 109, 101, 115, 115, 97, 103, 101, 34, 58, 34, 72, 101, 108, 108, 111, 34, 125, 12, 19, 13, 10]
[2m2025-09-03T07:33:29.513611Z[0m [32m INFO[0m [2m139:[0m ✅ Command EC completed 1991 ms before its deadline
[2m2025-09-03T07:33:34.212381Z[0m [32m INFO[0m [2m78:[0m Scheduling drift: difference between scheduled and actual task start times for command SC: 5ms
[2m2025-09-03T07:33:34.212656Z[0m [32m INFO[0m [2m94:[0m Command SC validated successfully (latency: 1 µs)
[2m2025-09-03T07:33:34.212803Z[0m [32m INFO[0m [2m100:[0m Command validated: SC
[2m2025-09-03T07:33:34.212955Z[0m [32m INFO[0m [2m102:[0m About to send command: SC
[2m2025-09-03T07:33:34.214241Z[0m [32m INFO[0m [2m32:[0m Command sent: [4, 0, 0, 0, 0, 0, 0, 0, 67, 77, 55, 54, 0, 0, 0, 0, 0, 128, 71, 64, 47, 0, 0, 0, 0, 0, 0, 0, 120, 156, 1, 36, 0, 219, 255, 123, 34, 99, 111, 109, 109, 97, 110, 100, 95, 116, 121, 112, 101, 34, 58, 34, 83, 67, 34, 44, 34, 109, 101, 115, 115, 97, 103, 101, 34, 58, 110, 117, 108, 108, 125, 233, 98, 12, 155]
[2m2025-09-03T07:33:34.214435Z[0m [32m INFO[0m [2m139:[0m ✅ Command SC completed 1992 ms before its deadline
[2m2025-09-03T07:33:34.352248Z[0m [32m INFO[0m [2m78:[0m Scheduling drift: difference between scheduled and actual task start times for command PG: 13ms
[2m2025-09-03T07:33:34.352488Z[0m [32m INFO[0m [2m94:[0m Command PG validated successfully (latency: 1 µs)
[2m2025-09-03T07:33:34.352607Z[0m [32m INFO[0m [2m100:[0m Command validated: PG
[2m2025-09-03T07:33:34.352777Z[0m [32m INFO[0m [2m102:[0m About to send command: PG
[2m2025-09-03T07:33:34.353852Z[0m [32m INFO[0m [2m32:[0m Command sent: [4, 0, 0, 0, 0, 0, 0, 0, 67, 77, 55, 55, 0, 0, 0, 0, 0, 128, 71, 64, 47, 0, 0, 0, 0, 0, 0, 0, 120, 156, 1, 36, 0, 219, 255, 123, 34, 99, 111, 109, 109, 97, 110, 100, 95, 116, 121, 112, 101, 34, 58, 34, 80, 71, 34, 44, 34, 109, 101, 115, 115, 97, 103, 101, 34, 58, 110, 117, 108, 108, 125, 233, 113, 12, 156]
[2m2025-09-03T07:33:34.354063Z[0m [32m INFO[0m [2m139:[0m ✅ Command PG completed 1985 ms before its deadline
[2m2025-09-03T07:33:39.524355Z[0m [32m INFO[0m [2m78:[0m Scheduling drift: difference between scheduled and actual task start times for command EC: 10ms
[2m2025-09-03T07:33:39.524607Z[0m [32m INFO[0m [2m94:[0m Command EC validated successfully (latency: 2 µs)
[2m2025-09-03T07:33:39.524745Z[0m [32m INFO[0m [2m100:[0m Command validated: EC
[2m2025-09-03T07:33:39.524881Z[0m [32m INFO[0m [2m102:[0m About to send command: EC
[2m2025-09-03T07:33:39.525898Z[0m [32m INFO[0m [2m32:[0m Command sent: [4, 0, 0, 0, 0, 0, 0, 0, 67, 77, 55, 56, 0, 0, 0, 0, 0, 0, 73, 64, 50, 0, 0, 0, 0, 0, 0, 0, 120, 156, 1, 39, 0, 216, 255, 123, 34, 99, 111, 109, 109, 97, 110, 100, 95, 116, 121, 112, 101, 34, 58, 34, 69, 67, 34, 44, 34, 109, 101, 115, 115, 97, 103, 101, 34, 58, 34, 72, 101, 108, 108, 111, 34, 125, 12, 19, 13, 10]
[2m2025-09-03T07:33:39.526067Z[0m [32m INFO[0m [2m139:[0m ✅ Command EC completed 1987 ms before its deadline
[2m2025-09-03T07:33:49.356447Z[0m [32m INFO[0m [2m78:[0m Scheduling drift: difference between scheduled and actual task start times for command PG: 2ms
[2m2025-09-03T07:33:49.356718Z[0m [32m INFO[0m [2m94:[0m Command PG validated successfully (latency: 1 µs)
[2m2025-09-03T07:33:49.356910Z[0m [32m INFO[0m [2m100:[0m Command validated: PG
[2m2025-09-03T07:33:49.357069Z[0m [32m INFO[0m [2m102:[0m About to send command: PG
[2m2025-09-03T07:33:49.358202Z[0m [32m INFO[0m [2m32:[0m Command sent: [4, 0, 0, 0, 0, 0, 0, 0, 67, 77, 55, 57, 0, 0, 0, 0, 0, 128, 71, 64, 47, 0, 0, 0, 0, 0, 0, 0, 120, 156, 1, 36, 0, 219, 255, 123, 34, 99, 111, 109, 109, 97, 110, 100, 95, 116, 121, 112, 101, 34, 58, 34, 80, 71, 34, 44, 34, 109, 101, 115, 115, 97, 103, 101, 34, 58, 110, 117, 108, 108, 125, 233, 113, 12, 156]
[2m2025-09-03T07:33:49.358385Z[0m [32m INFO[0m [2m139:[0m ✅ Command PG completed 1995 ms before its deadline
[2m2025-09-03T07:33:49.541703Z[0m [32m INFO[0m [2m78:[0m Scheduling drift: difference between scheduled and actual task start times for command EC: 15ms
[2m2025-09-03T07:33:49.541965Z[0m [32m INFO[0m [2m94:[0m Command EC validated successfully (latency: 0 µs)
[2m2025-09-03T07:33:49.542120Z[0m [32m INFO[0m [2m100:[0m Command validated: EC
[2m2025-09-03T07:33:49.542274Z[0m [32m INFO[0m [2m102:[0m About to send command: EC
[2m2025-09-03T07:33:49.543353Z[0m [32m INFO[0m [2m32:[0m Command sent: [4, 0, 0, 0, 0, 0, 0, 0, 67, 77, 56, 48, 0, 0, 0, 0, 0, 0, 73, 64, 50, 0, 0, 0, 0, 0, 0, 0, 120, 156, 1, 39, 0, 216, 255, 123, 34, 99, 111, 109, 109, 97, 110, 100, 95, 116, 121, 112, 101, 34, 58, 34, 69, 67, 34, 44, 34, 109, 101, 115, 115, 97, 103, 101, 34, 58, 34, 72, 101, 108, 108, 111, 34, 125, 12, 19, 13, 10]
[2m2025-09-03T07:33:49.543551Z[0m [32m INFO[0m [2m139:[0m ✅ Command EC completed 1982 ms before its deadline
[2m2025-09-03T07:33:59.219743Z[0m [32m INFO[0m [2m78:[0m Scheduling drift: difference between scheduled and actual task start times for command SC: 5ms
[2m2025-09-03T07:33:59.219947Z[0m [32m INFO[0m [2m94:[0m Command SC validated successfully (latency: 1 µs)
[2m2025-09-03T07:33:59.220097Z[0m [32m INFO[0m [2m100:[0m Command validated: SC
[2m2025-09-03T07:33:59.220238Z[0m [32m INFO[0m [2m102:[0m About to send command: SC
[2m2025-09-03T07:33:59.221298Z[0m [32m INFO[0m [2m32:[0m Command sent: [4, 0, 0, 0, 0, 0, 0, 0, 67, 77, 56, 49, 0, 0, 0, 0, 0, 128, 71, 64, 47, 0, 0, 0, 0, 0, 0, 0, 120, 156, 1, 36, 0, 219, 255, 123, 34, 99, 111, 109, 109, 97, 110, 100, 95, 116, 121, 112, 101, 34, 58, 34, 83, 67, 34, 44, 34, 109, 101, 115, 115, 97, 103, 101, 34, 58, 110, 117, 108, 108, 125, 233, 98, 12, 155]
[2m2025-09-03T07:33:59.221519Z[0m [32m INFO[0m [2m139:[0m ✅ Command SC completed 1993 ms before its deadline
[2m2025-09-03T07:33:59.545445Z[0m [32m INFO[0m [2m78:[0m Scheduling drift: difference between scheduled and actual task start times for command EC: 1ms
[2m2025-09-03T07:33:59.545684Z[0m [32m INFO[0m [2m94:[0m Command EC validated successfully (latency: 1 µs)
[2m2025-09-03T07:33:59.545848Z[0m [32m INFO[0m [2m100:[0m Command validated: EC
[2m2025-09-03T07:33:59.545989Z[0m [32m INFO[0m [2m102:[0m About to send command: EC
[2m2025-09-03T07:33:59.547030Z[0m [32m INFO[0m [2m32:[0m Command sent: [4, 0, 0, 0, 0, 0, 0, 0, 67, 77, 56, 50, 0, 0, 0, 0, 0, 0, 73, 64, 50, 0, 0, 0, 0, 0, 0, 0, 120, 156, 1, 39, 0, 216, 255, 123, 34, 99, 111, 109, 109, 97, 110, 100, 95, 116, 121, 112, 101, 34, 58, 34, 69, 67, 34, 44, 34, 109, 101, 115, 115, 97, 103, 101, 34, 58, 34, 72, 101, 108, 108, 111, 34, 125, 12, 19, 13, 10]
[2m2025-09-03T07:33:59.547205Z[0m [32m INFO[0m [2m139:[0m ✅ Command EC completed 1996 ms before its deadline
[2m2025-09-03T07:34:04.366991Z[0m [32m INFO[0m [2m78:[0m Scheduling drift: difference between scheduled and actual task start times for command PG: 8ms
[2m2025-09-03T07:34:04.367288Z[0m [32m INFO[0m [2m94:[0m Command PG validated successfully (latency: 1 µs)
[2m2025-09-03T07:34:04.367500Z[0m [32m INFO[0m [2m100:[0m Command validated: PG
[2m2025-09-03T07:34:04.367683Z[0m [32m INFO[0m [2m102:[0m About to send command: PG
[2m2025-09-03T07:34:04.368923Z[0m [32m INFO[0m [2m32:[0m Command sent: [4, 0, 0, 0, 0, 0, 0, 0, 67, 77, 56, 51, 0, 0, 0, 0, 0, 128, 71, 64, 47, 0, 0, 0, 0, 0, 0, 0, 120, 156, 1, 36, 0, 219, 255, 123, 34, 99, 111, 109, 109, 97, 110, 100, 95, 116, 121, 112, 101, 34, 58, 34, 80, 71, 34, 44, 34, 109, 101, 115, 115, 97, 103, 101, 34, 58, 110, 117, 108, 108, 125, 233, 113, 12, 156]
[2m2025-09-03T07:34:04.369220Z[0m [32m INFO[0m [2m139:[0m ✅ Command PG completed 1989 ms before its deadline
[2m2025-09-03T07:34:09.551073Z[0m [32m INFO[0m [2m78:[0m Scheduling drift: difference between scheduled and actual task start times for command EC: 3ms
[2m2025-09-03T07:34:09.551301Z[0m [32m INFO[0m [2m94:[0m Command EC validated successfully (latency: 0 µs)
[2m2025-09-03T07:34:09.551413Z[0m [32m INFO[0m [2m100:[0m Command validated: EC
[2m2025-09-03T07:34:09.551511Z[0m [32m INFO[0m [2m102:[0m About to send command: EC
[2m2025-09-03T07:34:09.552595Z[0m [32m INFO[0m [2m32:[0m Command sent: [4, 0, 0, 0, 0, 0, 0, 0, 67, 77, 56, 52, 0, 0, 0, 0, 0, 0, 73, 64, 50, 0, 0, 0, 0, 0, 0, 0, 120, 156, 1, 39, 0, 216, 255, 123, 34, 99, 111, 109, 109, 97, 110, 100, 95, 116, 121, 112, 101, 34, 58, 34, 69, 67, 34, 44, 34, 109, 101, 115, 115, 97, 103, 101, 34, 58, 34, 72, 101, 108, 108, 111, 34, 125, 12, 19, 13, 10]
[2m2025-09-03T07:34:09.552755Z[0m [32m INFO[0m [2m139:[0m ✅ Command EC completed 1994 ms before its deadline
[2m2025-09-03T07:34:19.375869Z[0m [32m INFO[0m [2m78:[0m Scheduling drift: difference between scheduled and actual task start times for command PG: 6ms
[2m2025-09-03T07:34:19.376116Z[0m [32m INFO[0m [2m94:[0m Command PG validated successfully (latency: 1 µs)
[2m2025-09-03T07:34:19.376261Z[0m [32m INFO[0m [2m100:[0m Command validated: PG
[2m2025-09-03T07:34:19.376409Z[0m [32m INFO[0m [2m102:[0m About to send command: PG
[2m2025-09-03T07:34:19.377582Z[0m [32m INFO[0m [2m32:[0m Command sent: [4, 0, 0, 0, 0, 0, 0, 0, 67, 77, 56, 53, 0, 0, 0, 0, 0, 128, 71, 64, 47, 0, 0, 0, 0, 0, 0, 0, 120, 156, 1, 36, 0, 219, 255, 123, 34, 99, 111, 109, 109, 97, 110, 100, 95, 116, 121, 112, 101, 34, 58, 34, 80, 71, 34, 44, 34, 109, 101, 115, 115, 97, 103, 101, 34, 58, 110, 117, 108, 108, 125, 233, 113, 12, 156]
[2m2025-09-03T07:34:19.377794Z[0m [32m INFO[0m [2m139:[0m ✅ Command PG completed 1991 ms before its deadline
[2m2025-09-03T07:34:19.561703Z[0m [32m INFO[0m [2m78:[0m Scheduling drift: difference between scheduled and actual task start times for command EC: 8ms
[2m2025-09-03T07:34:19.562004Z[0m [32m INFO[0m [2m94:[0m Command EC validated successfully (latency: 1 µs)
[2m2025-09-03T07:34:19.562190Z[0m [32m INFO[0m [2m100:[0m Command validated: EC
[2m2025-09-03T07:34:19.562367Z[0m [32m INFO[0m [2m102:[0m About to send command: EC
[2m2025-09-03T07:34:19.563466Z[0m [32m INFO[0m [2m32:[0m Command sent: [4, 0, 0, 0, 0, 0, 0, 0, 67, 77, 56, 54, 0, 0, 0, 0, 0, 0, 73, 64, 50, 0, 0, 0, 0, 0, 0, 0, 120, 156, 1, 39, 0, 216, 255, 123, 34, 99, 111, 109, 109, 97, 110, 100, 95, 116, 121, 112, 101, 34, 58, 34, 69, 67, 34, 44, 34, 109, 101, 115, 115, 97, 103, 101, 34, 58, 34, 72, 101, 108, 108, 111, 34, 125, 12, 19, 13, 10]
[2m2025-09-03T07:34:19.563670Z[0m [32m INFO[0m [2m139:[0m ✅ Command EC completed 1989 ms before its deadline
[2m2025-09-03T07:34:24.236098Z[0m [32m INFO[0m [2m78:[0m Scheduling drift: difference between scheduled and actual task start times for command SC: 14ms
[2m2025-09-03T07:34:24.236566Z[0m [32m INFO[0m [2m94:[0m Command SC validated successfully (latency: 2 µs)
[2m2025-09-03T07:34:24.236779Z[0m [32m INFO[0m [2m100:[0m Command validated: SC
[2m2025-09-03T07:34:24.236910Z[0m [32m INFO[0m [2m102:[0m About to send command: SC
[2m2025-09-03T07:34:24.237934Z[0m [32m INFO[0m [2m32:[0m Command sent: [4, 0, 0, 0, 0, 0, 0, 0, 67, 77, 56, 55, 0, 0, 0, 0, 0, 128, 71, 64, 47, 0, 0, 0, 0, 0, 0, 0, 120, 156, 1, 36, 0, 219, 255, 123, 34, 99, 111, 109, 109, 97, 110, 100, 95, 116, 121, 112, 101, 34, 58, 34, 83, 67, 34, 44, 34, 109, 101, 115, 115, 97, 103, 101, 34, 58, 110, 117, 108, 108, 125, 233, 98, 12, 155]
[2m2025-09-03T07:34:24.238115Z[0m [32m INFO[0m [2m139:[0m ✅ Command SC completed 1983 ms before its deadline
[2m2025-09-03T07:34:29.578876Z[0m [32m INFO[0m [2m78:[0m Scheduling drift: difference between scheduled and actual task start times for command EC: 14ms
[2m2025-09-03T07:34:29.579322Z[0m [32m INFO[0m [2m94:[0m Command EC validated successfully (latency: 1 µs)
[2m2025-09-03T07:34:29.579571Z[0m [32m INFO[0m [2m100:[0m Command validated: EC
[2m2025-09-03T07:34:29.579743Z[0m [32m INFO[0m [2m102:[0m About to send command: EC
[2m2025-09-03T07:34:29.580843Z[0m [32m INFO[0m [2m32:[0m Command sent: [4, 0, 0, 0, 0, 0, 0, 0, 67, 77, 56, 56, 0, 0, 0, 0, 0, 0, 73, 64, 50, 0, 0, 0, 0, 0, 0, 0, 120, 156, 1, 39, 0, 216, 255, 123, 34, 99, 111, 109, 109, 97, 110, 100, 95, 116, 121, 112, 101, 34, 58, 34, 69, 67, 34, 44, 34, 109, 101, 115, 115, 97, 103, 101, 34, 58, 34, 72, 101, 108, 108, 111, 34, 125, 12, 19, 13, 10]
[2m2025-09-03T07:34:29.581020Z[0m [32m INFO[0m [2m139:[0m ✅ Command EC completed 1982 ms before its deadline
[2m2025-09-03T07:34:34.389707Z[0m [32m INFO[0m [2m78:[0m Scheduling drift: difference between scheduled and actual task start times for command PG: 11ms
[2m2025-09-03T07:34:34.389926Z[0m [32m INFO[0m [2m94:[0m Command PG validated successfully (latency: 1 µs)
[2m2025-09-03T07:34:34.390038Z[0m [32m INFO[0m [2m100:[0m Command validated: PG
[2m2025-09-03T07:34:34.390149Z[0m [32m INFO[0m [2m102:[0m About to send command: PG
[2m2025-09-03T07:34:34.391186Z[0m [32m INFO[0m [2m32:[0m Command sent: [4, 0, 0, 0, 0, 0, 0, 0, 67, 77, 56, 57, 0, 0, 0, 0, 0, 128, 71, 64, 47, 0, 0, 0, 0, 0, 0, 0, 120, 156, 1, 36, 0, 219, 255, 123, 34, 99, 111, 109, 109, 97, 110, 100, 95, 116, 121, 112, 101, 34, 58, 34, 80, 71, 34, 44, 34, 109, 101, 115, 115, 97, 103, 101, 34, 58, 110, 117, 108, 108, 125, 233, 113, 12, 156]
[2m2025-09-03T07:34:34.391353Z[0m [32m INFO[0m [2m139:[0m ✅ Command PG completed 1986 ms before its deadline
[2m2025-09-03T07:34:39.593676Z[0m [32m INFO[0m [2m78:[0m Scheduling drift: difference between scheduled and actual task start times for command EC: 12ms
[2m2025-09-03T07:34:39.594044Z[0m [32m INFO[0m [2m94:[0m Command EC validated successfully (latency: 1 µs)
[2m2025-09-03T07:34:39.594251Z[0m [32m INFO[0m [2m100:[0m Command validated: EC
[2m2025-09-03T07:34:39.594444Z[0m [32m INFO[0m [2m102:[0m About to send command: EC
[2m2025-09-03T07:34:39.595527Z[0m [32m INFO[0m [2m32:[0m Command sent: [4, 0, 0, 0, 0, 0, 0, 0, 67, 77, 57, 48, 0, 0, 0, 0, 0, 0, 73, 64, 50, 0, 0, 0, 0, 0, 0, 0, 120, 156, 1, 39, 0, 216, 255, 123, 34, 99, 111, 109, 109, 97, 110, 100, 95, 116, 121, 112, 101, 34, 58, 34, 69, 67, 34, 44, 34, 109, 101, 115, 115, 97, 103, 101, 34, 58, 34, 72, 101, 108, 108, 111, 34, 125, 12, 19, 13, 10]
[2m2025-09-03T07:34:39.595715Z[0m [32m INFO[0m [2m139:[0m ✅ Command EC completed 1985 ms before its deadline
[2m2025-09-03T07:34:49.251346Z[0m [32m INFO[0m [2m78:[0m Scheduling drift: difference between scheduled and actual task start times for command SC: 12ms
[2m2025-09-03T07:34:49.251688Z[0m [32m INFO[0m [2m94:[0m Command SC validated successfully (latency: 1 µs)
[2m2025-09-03T07:34:49.251875Z[0m [32m INFO[0m [2m100:[0m Command validated: SC
[2m2025-09-03T07:34:49.252066Z[0m [32m INFO[0m [2m102:[0m About to send command: SC
[2m2025-09-03T07:34:49.253389Z[0m [32m INFO[0m [2m32:[0m Command sent: [4, 0, 0, 0, 0, 0, 0, 0, 67, 77, 57, 49, 0, 0, 0, 0, 0, 128, 71, 64, 47, 0, 0, 0, 0, 0, 0, 0, 120, 156, 1, 36, 0, 219, 255, 123, 34, 99, 111, 109, 109, 97, 110, 100, 95, 116, 121, 112, 101, 34, 58, 34, 83, 67, 34, 44, 34, 109, 101, 115, 115, 97, 103, 101, 34, 58, 110, 117, 108, 108, 125, 233, 98, 12, 155]
[2m2025-09-03T07:34:49.253604Z[0m [32m INFO[0m [2m139:[0m ✅ Command SC completed 1984 ms before its deadline
[2m2025-09-03T07:34:49.406708Z[0m [32m INFO[0m [2m78:[0m Scheduling drift: difference between scheduled and actual task start times for command PG: 15ms
[2m2025-09-03T07:34:49.406982Z[0m [32m INFO[0m [2m94:[0m Command PG validated successfully (latency: 1 µs)
[2m2025-09-03T07:34:49.407179Z[0m [32m INFO[0m [2m100:[0m Command validated: PG
[2m2025-09-03T07:34:49.407347Z[0m [32m INFO[0m [2m102:[0m About to send command: PG
[2m2025-09-03T07:34:49.408400Z[0m [32m INFO[0m [2m32:[0m Command sent: [4, 0, 0, 0, 0, 0, 0, 0, 67, 77, 57, 50, 0, 0, 0, 0, 0, 128, 71, 64, 47, 0, 0, 0, 0, 0, 0, 0, 120, 156, 1, 36, 0, 219, 255, 123, 34, 99, 111, 109, 109, 97, 110, 100, 95, 116, 121, 112, 101, 34, 58, 34, 80, 71, 34, 44, 34, 109, 101, 115, 115, 97, 103, 101, 34, 58, 110, 117, 108, 108, 125, 233, 113, 12, 156]
[2m2025-09-03T07:34:49.408598Z[0m [32m INFO[0m [2m139:[0m ✅ Command PG completed 1982 ms before its deadline
[2m2025-09-03T07:34:49.609619Z[0m [32m INFO[0m [2m78:[0m Scheduling drift: difference between scheduled and actual task start times for command EC: 13ms
[2m2025-09-03T07:34:49.609956Z[0m [32m INFO[0m [2m94:[0m Command EC validated successfully (latency: 1 µs)
[2m2025-09-03T07:34:49.610162Z[0m [32m INFO[0m [2m100:[0m Command validated: EC
[2m2025-09-03T07:34:49.610305Z[0m [32m INFO[0m [2m102:[0m About to send command: EC
[2m2025-09-03T07:34:49.611436Z[0m [32m INFO[0m [2m32:[0m Command sent: [4, 0, 0, 0, 0, 0, 0, 0, 67, 77, 57, 51, 0, 0, 0, 0, 0, 0, 73, 64, 50, 0, 0, 0, 0, 0, 0, 0, 120, 156, 1, 39, 0, 216, 255, 123, 34, 99, 111, 109, 109, 97, 110, 100, 95, 116, 121, 112, 101, 34, 58, 34, 69, 67, 34, 44, 34, 109, 101, 115, 115, 97, 103, 101, 34, 58, 34, 72, 101, 108, 108, 111, 34, 125, 12, 19, 13, 10]
[2m2025-09-03T07:34:49.611601Z[0m [32m INFO[0m [2m139:[0m ✅ Command EC completed 1984 ms before its deadline
[2m2025-09-03T07:34:59.617219Z[0m [32m INFO[0m [2m78:[0m Scheduling drift: difference between scheduled and actual task start times for command EC: 5ms
[2m2025-09-03T07:34:59.617657Z[0m [32m INFO[0m [2m94:[0m Command EC validated successfully (latency: 1 µs)
[2m2025-09-03T07:34:59.617918Z[0m [32m INFO[0m [2m100:[0m Command validated: EC
[2m2025-09-03T07:34:59.618171Z[0m [32m INFO[0m [2m102:[0m About to send command: EC
[2m2025-09-03T07:34:59.619524Z[0m [32m INFO[0m [2m32:[0m Command sent: [4, 0, 0, 0, 0, 0, 0, 0, 67, 77, 57, 52, 0, 0, 0, 0, 0, 0, 73, 64, 50, 0, 0, 0, 0, 0, 0, 0, 120, 156, 1, 39, 0, 216, 255, 123, 34, 99, 111, 109, 109, 97, 110, 100, 95, 116, 121, 112, 101, 34, 58, 34, 69, 67, 34, 44, 34, 109, 101, 115, 115, 97, 103, 101, 34, 58, 34, 72, 101, 108, 108, 111, 34, 125, 12, 19, 13, 10]
[2m2025-09-03T07:34:59.619758Z[0m [32m INFO[0m [2m139:[0m ✅ Command EC completed 1992 ms before its deadline
[2m2025-09-03T07:35:04.417230Z[0m [32m INFO[0m [2m78:[0m Scheduling drift: difference between scheduled and actual task start times for command PG: 8ms
[2m2025-09-03T07:35:04.417534Z[0m [32m INFO[0m [2m94:[0m Command PG validated successfully (latency: 1 µs)
[2m2025-09-03T07:35:04.417683Z[0m [32m INFO[0m [2m100:[0m Command validated: PG
[2m2025-09-03T07:35:04.417836Z[0m [32m INFO[0m [2m102:[0m About to send command: PG
[2m2025-09-03T07:35:04.419048Z[0m [32m INFO[0m [2m32:[0m Command sent: [4, 0, 0, 0, 0, 0, 0, 0, 67, 77, 57, 53, 0, 0, 0, 0, 0, 128, 71, 64, 47, 0, 0, 0, 0, 0, 0, 0, 120, 156, 1, 36, 0, 219, 255, 123, 34, 99, 111, 109, 109, 97, 110, 100, 95, 116, 121, 112, 101, 34, 58, 34, 80, 71, 34, 44, 34, 109, 101, 115, 115, 97, 103, 101, 34, 58, 110, 117, 108, 108, 125, 233, 113, 12, 156]
[2m2025-09-03T07:35:04.419225Z[0m [32m INFO[0m [2m139:[0m ✅ Command PG completed 1989 ms before its deadline
[2m2025-09-03T07:35:09.620310Z[0m [32m INFO[0m [2m78:[0m Scheduling drift: difference between scheduled and actual task start times for command EC: 0ms
[2m2025-09-03T07:35:09.620550Z[0m [32m INFO[0m [2m94:[0m Command EC validated successfully (latency: 1 µs)
[2m2025-09-03T07:35:09.620724Z[0m [32m INFO[0m [2m100:[0m Command validated: EC
[2m2025-09-03T07:35:09.620846Z[0m [32m INFO[0m [2m102:[0m About to send command: EC
[2m2025-09-03T07:35:09.621948Z[0m [32m INFO[0m [2m32:[0m Command sent: [4, 0, 0, 0, 0, 0, 0, 0, 67, 77, 57, 54, 0, 0, 0, 0, 0, 0, 73, 64, 50, 0, 0, 0, 0, 0, 0, 0, 120, 156, 1, 39, 0, 216, 255, 123, 34, 99, 111, 109, 109, 97, 110, 100, 95, 116, 121, 112, 101, 34, 58, 34, 69, 67, 34, 44, 34, 109, 101, 115, 115, 97, 103, 101, 34, 58, 34, 72, 101, 108, 108, 111, 34, 125, 12, 19, 13, 10]
[2m2025-09-03T07:35:09.622116Z[0m [32m INFO[0m [2m139:[0m ✅ Command EC completed 1997 ms before its deadline
[2m2025-09-03T07:35:14.261529Z[0m [32m INFO[0m [2m78:[0m Scheduling drift: difference between scheduled and actual task start times for command SC: 7ms
[2m2025-09-03T07:35:14.261807Z[0m [32m INFO[0m [2m94:[0m Command SC validated successfully (latency: 1 µs)
[2m2025-09-03T07:35:14.261966Z[0m [32m INFO[0m [2m100:[0m Command validated: SC
[2m2025-09-03T07:35:14.262107Z[0m [32m INFO[0m [2m102:[0m About to send command: SC
[2m2025-09-03T07:35:14.263119Z[0m [32m INFO[0m [2m32:[0m Command sent: [4, 0, 0, 0, 0, 0, 0, 0, 67, 77, 57, 55, 0, 0, 0, 0, 0, 128, 71, 64, 47, 0, 0, 0, 0, 0, 0, 0, 120, 156, 1, 36, 0, 219, 255, 123, 34, 99, 111, 109, 109, 97, 110, 100, 95, 116, 121, 112, 101, 34, 58, 34, 83, 67, 34, 44, 34, 109, 101, 115, 115, 97, 103, 101, 34, 58, 110, 117, 108, 108, 125, 233, 98, 12, 155]
[2m2025-09-03T07:35:14.263307Z[0m [32m INFO[0m [2m139:[0m ✅ Command SC completed 1990 ms before its deadline
[2m2025-09-03T07:35:19.432424Z[0m [32m INFO[0m [2m78:[0m Scheduling drift: difference between scheduled and actual task start times for command PG: 13ms
[2m2025-09-03T07:35:19.432833Z[0m [32m INFO[0m [2m94:[0m Command PG validated successfully (latency: 1 µs)
[2m2025-09-03T07:35:19.433128Z[0m [32m INFO[0m [2m100:[0m Command validated: PG
[2m2025-09-03T07:35:19.433327Z[0m [32m INFO[0m [2m102:[0m About to send command: PG
[2m2025-09-03T07:35:19.434420Z[0m [32m INFO[0m [2m32:[0m Command sent: [4, 0, 0, 0, 0, 0, 0, 0, 67, 77, 57, 56, 0, 0, 0, 0, 0, 128, 71, 64, 47, 0, 0, 0, 0, 0, 0, 0, 120, 156, 1, 36, 0, 219, 255, 123, 34, 99, 111, 109, 109, 97, 110, 100, 95, 116, 121, 112, 101, 34, 58, 34, 80, 71, 34, 44, 34, 109, 101, 115, 115, 97, 103, 101, 34, 58, 110, 117, 108, 108, 125, 233, 113, 12, 156]
[2m2025-09-03T07:35:19.434598Z[0m [32m INFO[0m [2m139:[0m ✅ Command PG completed 1984 ms before its deadline
[2m2025-09-03T07:35:19.635515Z[0m [32m INFO[0m [2m78:[0m Scheduling drift: difference between scheduled and actual task start times for command EC: 13ms
[2m2025-09-03T07:35:19.635779Z[0m [32m INFO[0m [2m94:[0m Command EC validated successfully (latency: 1 µs)
[2m2025-09-03T07:35:19.635981Z[0m [32m INFO[0m [2m100:[0m Command validated: EC
[2m2025-09-03T07:35:19.636226Z[0m [32m INFO[0m [2m102:[0m About to send command: EC
[2m2025-09-03T07:35:19.637930Z[0m [32m INFO[0m [2m32:[0m Command sent: [4, 0, 0, 0, 0, 0, 0, 0, 67, 77, 57, 57, 0, 0, 0, 0, 0, 0, 73, 64, 50, 0, 0, 0, 0, 0, 0, 0, 120, 156, 1, 39, 0, 216, 255, 123, 34, 99, 111, 109, 109, 97, 110, 100, 95, 116, 121, 112, 101, 34, 58, 34, 69, 67, 34, 44, 34, 109, 101, 115, 115, 97, 103, 101, 34, 58, 34, 72, 101, 108, 108, 111, 34, 125, 12, 19, 13, 10]
[2m2025-09-03T07:35:19.638294Z[0m [32m INFO[0m [2m139:[0m ✅ Command EC completed 1983 ms before its deadline
