[2m2025-08-30T17:49:54.270238Z[0m [32m INFO[0m [2m63:[0m Command EC validated successfully (latency: 27 µs)
[2m2025-08-30T17:49:54.280174Z[0m [32m INFO[0m [2m69:[0m Command validated: EC
[2m2025-08-30T17:49:54.280356Z[0m [32m INFO[0m [2m71:[0m About to send command: EC
[2m2025-08-30T17:49:54.282054Z[0m [32m INFO[0m [2m32:[0m Command sent: [3, 0, 0, 0, 0, 0, 0, 0, 67, 77, 49, 0, 0, 0, 0, 0, 0, 73, 64, 50, 0, 0, 0, 0, 0, 0, 0, 120, 156, 1, 39, 0, 216, 255, 123, 34, 99, 111, 109, 109, 97, 110, 100, 95, 116, 121, 112, 101, 34, 58, 34, 69, 67, 34, 44, 34, 109, 101, 115, 115, 97, 103, 101, 34, 58, 34, 72, 101, 108, 108, 111, 34, 125, 12, 19, 13, 10]
[2m2025-08-30T17:50:04.272185Z[0m [32m INFO[0m [2m63:[0m Command PG validated successfully (latency: 3 µs)
[2m2025-08-30T17:50:04.272581Z[0m [32m INFO[0m [2m69:[0m Command validated: PG
[2m2025-08-30T17:50:04.272768Z[0m [32m INFO[0m [2m71:[0m About to send command: PG
[2m2025-08-30T17:50:04.274018Z[0m [32m INFO[0m [2m32:[0m Command sent: [3, 0, 0, 0, 0, 0, 0, 0, 67, 77, 50, 0, 0, 0, 0, 0, 128, 71, 64, 47, 0, 0, 0, 0, 0, 0, 0, 120, 156, 1, 36, 0, 219, 255, 123, 34, 99, 111, 109, 109, 97, 110, 100, 95, 116, 121, 112, 101, 34, 58, 34, 80, 71, 34, 44, 34, 109, 101, 115, 115, 97, 103, 101, 34, 58, 110, 117, 108, 108, 125, 233, 113, 12, 156]
[2m2025-08-30T17:50:09.290118Z[0m [32m INFO[0m [2m63:[0m Command EC validated successfully (latency: 1 µs)
[2m2025-08-30T17:50:09.290411Z[0m [32m INFO[0m [2m69:[0m Command validated: EC
[2m2025-08-30T17:50:09.290544Z[0m [32m INFO[0m [2m71:[0m About to send command: EC
[2m2025-08-30T17:50:09.291809Z[0m [32m INFO[0m [2m32:[0m Command sent: [3, 0, 0, 0, 0, 0, 0, 0, 67, 77, 51, 0, 0, 0, 0, 0, 0, 73, 64, 50, 0, 0, 0, 0, 0, 0, 0, 120, 156, 1, 39, 0, 216, 255, 123, 34, 99, 111, 109, 109, 97, 110, 100, 95, 116, 121, 112, 101, 34, 58, 34, 69, 67, 34, 44, 34, 109, 101, 115, 115, 97, 103, 101, 34, 58, 34, 72, 101, 108, 108, 111, 34, 125, 12, 19, 13, 10]
[2m2025-08-30T17:50:17.282035Z[0m [32m INFO[0m [2m63:[0m Command SC validated successfully (latency: 1 µs)
[2m2025-08-30T17:50:17.282503Z[0m [32m INFO[0m [2m69:[0m Command validated: SC
[2m2025-08-30T17:50:17.282853Z[0m [32m INFO[0m [2m71:[0m About to send command: SC
[2m2025-08-30T17:50:17.283932Z[0m [32m INFO[0m [2m32:[0m Command sent: [3, 0, 0, 0, 0, 0, 0, 0, 67, 77, 52, 0, 0, 0, 0, 0, 128, 71, 64, 47, 0, 0, 0, 0, 0, 0, 0, 120, 156, 1, 36, 0, 219, 255, 123, 34, 99, 111, 109, 109, 97, 110, 100, 95, 116, 121, 112, 101, 34, 58, 34, 83, 67, 34, 44, 34, 109, 101, 115, 115, 97, 103, 101, 34, 58, 110, 117, 108, 108, 125, 233, 98, 12, 155]
[2m2025-08-30T17:50:24.294539Z[0m [32m INFO[0m [2m63:[0m Command EC validated successfully (latency: 1 µs)
[2m2025-08-30T17:50:24.294829Z[0m [32m INFO[0m [2m69:[0m Command validated: EC
[2m2025-08-30T17:50:24.294995Z[0m [32m INFO[0m [2m71:[0m About to send command: EC
[2m2025-08-30T17:50:24.296020Z[0m [32m INFO[0m [2m32:[0m Command sent: [3, 0, 0, 0, 0, 0, 0, 0, 67, 77, 53, 0, 0, 0, 0, 0, 0, 73, 64, 50, 0, 0, 0, 0, 0, 0, 0, 120, 156, 1, 39, 0, 216, 255, 123, 34, 99, 111, 109, 109, 97, 110, 100, 95, 116, 121, 112, 101, 34, 58, 34, 69, 67, 34, 44, 34, 109, 101, 115, 115, 97, 103, 101, 34, 58, 34, 72, 101, 108, 108, 111, 34, 125, 12, 19, 13, 10]
[2m2025-08-30T17:50:29.286878Z[0m [32m INFO[0m [2m63:[0m Command PG validated successfully (latency: 2 µs)
[2m2025-08-30T17:50:29.287264Z[0m [32m INFO[0m [2m69:[0m Command validated: PG
[2m2025-08-30T17:50:29.287602Z[0m [32m INFO[0m [2m71:[0m About to send command: PG
[2m2025-08-30T17:50:29.288844Z[0m [32m INFO[0m [2m32:[0m Command sent: [3, 0, 0, 0, 0, 0, 0, 0, 67, 77, 54, 0, 0, 0, 0, 0, 128, 71, 64, 47, 0, 0, 0, 0, 0, 0, 0, 120, 156, 1, 36, 0, 219, 255, 123, 34, 99, 111, 109, 109, 97, 110, 100, 95, 116, 121, 112, 101, 34, 58, 34, 80, 71, 34, 44, 34, 109, 101, 115, 115, 97, 103, 101, 34, 58, 110, 117, 108, 108, 125, 233, 113, 12, 156]
[2m2025-08-30T17:50:39.298888Z[0m [32m INFO[0m [2m63:[0m Command EC validated successfully (latency: 2 µs)
[2m2025-08-30T17:50:39.299242Z[0m [32m INFO[0m [2m69:[0m Command validated: EC
[2m2025-08-30T17:50:39.299446Z[0m [32m INFO[0m [2m71:[0m About to send command: EC
[2m2025-08-30T17:50:39.300578Z[0m [32m INFO[0m [2m32:[0m Command sent: [3, 0, 0, 0, 0, 0, 0, 0, 67, 77, 55, 0, 0, 0, 0, 0, 0, 73, 64, 50, 0, 0, 0, 0, 0, 0, 0, 120, 156, 1, 39, 0, 216, 255, 123, 34, 99, 111, 109, 109, 97, 110, 100, 95, 116, 121, 112, 101, 34, 58, 34, 69, 67, 34, 44, 34, 109, 101, 115, 115, 97, 103, 101, 34, 58, 34, 72, 101, 108, 108, 111, 34, 125, 12, 19, 13, 10]
[2m2025-08-30T17:50:54.306207Z[0m [32m INFO[0m [2m63:[0m Command PG validated successfully (latency: 1 µs)
[2m2025-08-30T17:50:54.306601Z[0m [32m INFO[0m [2m69:[0m Command validated: PG
[2m2025-08-30T17:50:54.306788Z[0m [32m INFO[0m [2m71:[0m About to send command: PG
[2m2025-08-30T17:50:54.307897Z[0m [32m INFO[0m [2m32:[0m Command sent: [3, 0, 0, 0, 0, 0, 0, 0, 67, 77, 56, 0, 0, 0, 0, 0, 128, 71, 64, 47, 0, 0, 0, 0, 0, 0, 0, 120, 156, 1, 36, 0, 219, 255, 123, 34, 99, 111, 109, 109, 97, 110, 100, 95, 116, 121, 112, 101, 34, 58, 34, 80, 71, 34, 44, 34, 109, 101, 115, 115, 97, 103, 101, 34, 58, 110, 117, 108, 108, 125, 233, 113, 12, 156]
[2m2025-08-30T17:50:54.308062Z[0m [32m INFO[0m [2m63:[0m Command EC validated successfully (latency: 0 µs)
[2m2025-08-30T17:50:54.308200Z[0m [32m INFO[0m [2m69:[0m Command validated: EC
[2m2025-08-30T17:50:54.308295Z[0m [32m INFO[0m [2m71:[0m About to send command: EC
[2m2025-08-30T17:50:54.309139Z[0m [32m INFO[0m [2m32:[0m Command sent: [3, 0, 0, 0, 0, 0, 0, 0, 67, 77, 57, 0, 0, 0, 0, 0, 0, 73, 64, 50, 0, 0, 0, 0, 0, 0, 0, 120, 156, 1, 39, 0, 216, 255, 123, 34, 99, 111, 109, 109, 97, 110, 100, 95, 116, 121, 112, 101, 34, 58, 34, 69, 67, 34, 44, 34, 109, 101, 115, 115, 97, 103, 101, 34, 58, 34, 72, 101, 108, 108, 111, 34, 125, 12, 19, 13, 10]
[2m2025-08-30T17:50:55.285720Z[0m [32m INFO[0m [2m63:[0m Command SC validated successfully (latency: 2 µs)
[2m2025-08-30T17:50:55.286056Z[0m [32m INFO[0m [2m69:[0m Command validated: SC
[2m2025-08-30T17:50:55.286258Z[0m [32m INFO[0m [2m71:[0m About to send command: SC
[2m2025-08-30T17:50:55.287412Z[0m [32m INFO[0m [2m32:[0m Command sent: [4, 0, 0, 0, 0, 0, 0, 0, 67, 77, 49, 48, 0, 0, 0, 0, 0, 128, 71, 64, 47, 0, 0, 0, 0, 0, 0, 0, 120, 156, 1, 36, 0, 219, 255, 123, 34, 99, 111, 109, 109, 97, 110, 100, 95, 116, 121, 112, 101, 34, 58, 34, 83, 67, 34, 44, 34, 109, 101, 115, 115, 97, 103, 101, 34, 58, 110, 117, 108, 108, 125, 233, 98, 12, 155]
[2m2025-08-30T17:51:09.320192Z[0m [32m INFO[0m [2m63:[0m Command EC validated successfully (latency: 1 µs)
[2m2025-08-30T17:51:09.320515Z[0m [32m INFO[0m [2m69:[0m Command validated: EC
[2m2025-08-30T17:51:09.320676Z[0m [32m INFO[0m [2m71:[0m About to send command: EC
[2m2025-08-30T17:51:09.321863Z[0m [32m INFO[0m [2m32:[0m Command sent: [4, 0, 0, 0, 0, 0, 0, 0, 67, 77, 49, 49, 0, 0, 0, 0, 0, 0, 73, 64, 50, 0, 0, 0, 0, 0, 0, 0, 120, 156, 1, 39, 0, 216, 255, 123, 34, 99, 111, 109, 109, 97, 110, 100, 95, 116, 121, 112, 101, 34, 58, 34, 69, 67, 34, 44, 34, 109, 101, 115, 115, 97, 103, 101, 34, 58, 34, 72, 101, 108, 108, 111, 34, 125, 12, 19, 13, 10]
[2m2025-08-30T17:51:19.310570Z[0m [32m INFO[0m [2m63:[0m Command PG validated successfully (latency: 1 µs)
[2m2025-08-30T17:51:19.310912Z[0m [32m INFO[0m [2m69:[0m Command validated: PG
[2m2025-08-30T17:51:19.311057Z[0m [32m INFO[0m [2m71:[0m About to send command: PG
[2m2025-08-30T17:51:19.312259Z[0m [32m INFO[0m [2m32:[0m Command sent: [4, 0, 0, 0, 0, 0, 0, 0, 67, 77, 49, 50, 0, 0, 0, 0, 0, 128, 71, 64, 47, 0, 0, 0, 0, 0, 0, 0, 120, 156, 1, 36, 0, 219, 255, 123, 34, 99, 111, 109, 109, 97, 110, 100, 95, 116, 121, 112, 101, 34, 58, 34, 80, 71, 34, 44, 34, 109, 101, 115, 115, 97, 103, 101, 34, 58, 110, 117, 108, 108, 125, 233, 113, 12, 156]
[2m2025-08-30T17:51:24.339523Z[0m [32m INFO[0m [2m63:[0m Command EC validated successfully (latency: 2 µs)
[2m2025-08-30T17:51:24.339984Z[0m [32m INFO[0m [2m69:[0m Command validated: EC
[2m2025-08-30T17:51:24.340133Z[0m [32m INFO[0m [2m71:[0m About to send command: EC
[2m2025-08-30T17:51:24.341291Z[0m [32m INFO[0m [2m32:[0m Command sent: [4, 0, 0, 0, 0, 0, 0, 0, 67, 77, 49, 51, 0, 0, 0, 0, 0, 0, 73, 64, 50, 0, 0, 0, 0, 0, 0, 0, 120, 156, 1, 39, 0, 216, 255, 123, 34, 99, 111, 109, 109, 97, 110, 100, 95, 116, 121, 112, 101, 34, 58, 34, 69, 67, 34, 44, 34, 109, 101, 115, 115, 97, 103, 101, 34, 58, 34, 72, 101, 108, 108, 111, 34, 125, 12, 19, 13, 10]
[2m2025-08-30T17:51:33.292708Z[0m [32m INFO[0m [2m63:[0m Command SC validated successfully (latency: 1 µs)
[2m2025-08-30T17:51:33.293193Z[0m [32m INFO[0m [2m69:[0m Command validated: SC
[2m2025-08-30T17:51:33.293431Z[0m [32m INFO[0m [2m71:[0m About to send command: SC
[2m2025-08-30T17:51:33.294622Z[0m [32m INFO[0m [2m32:[0m Command sent: [4, 0, 0, 0, 0, 0, 0, 0, 67, 77, 49, 52, 0, 0, 0, 0, 0, 128, 71, 64, 47, 0, 0, 0, 0, 0, 0, 0, 120, 156, 1, 36, 0, 219, 255, 123, 34, 99, 111, 109, 109, 97, 110, 100, 95, 116, 121, 112, 101, 34, 58, 34, 83, 67, 34, 44, 34, 109, 101, 115, 115, 97, 103, 101, 34, 58, 110, 117, 108, 108, 125, 233, 98, 12, 155]
[2m2025-08-30T17:51:39.345224Z[0m [32m INFO[0m [2m63:[0m Command EC validated successfully (latency: 1 µs)
[2m2025-08-30T17:51:39.345661Z[0m [32m INFO[0m [2m69:[0m Command validated: EC
[2m2025-08-30T17:51:39.345862Z[0m [32m INFO[0m [2m71:[0m About to send command: EC
[2m2025-08-30T17:51:39.346963Z[0m [32m INFO[0m [2m32:[0m Command sent: [4, 0, 0, 0, 0, 0, 0, 0, 67, 77, 49, 53, 0, 0, 0, 0, 0, 0, 73, 64, 50, 0, 0, 0, 0, 0, 0, 0, 120, 156, 1, 39, 0, 216, 255, 123, 34, 99, 111, 109, 109, 97, 110, 100, 95, 116, 121, 112, 101, 34, 58, 34, 69, 67, 34, 44, 34, 109, 101, 115, 115, 97, 103, 101, 34, 58, 34, 72, 101, 108, 108, 111, 34, 125, 12, 19, 13, 10]
[2m2025-08-30T17:51:44.320235Z[0m [32m INFO[0m [2m63:[0m Command PG validated successfully (latency: 1 µs)
[2m2025-08-30T17:51:44.320687Z[0m [32m INFO[0m [2m69:[0m Command validated: PG
[2m2025-08-30T17:51:44.320975Z[0m [32m INFO[0m [2m71:[0m About to send command: PG
[2m2025-08-30T17:51:44.322178Z[0m [32m INFO[0m [2m32:[0m Command sent: [4, 0, 0, 0, 0, 0, 0, 0, 67, 77, 49, 54, 0, 0, 0, 0, 0, 128, 71, 64, 47, 0, 0, 0, 0, 0, 0, 0, 120, 156, 1, 36, 0, 219, 255, 123, 34, 99, 111, 109, 109, 97, 110, 100, 95, 116, 121, 112, 101, 34, 58, 34, 80, 71, 34, 44, 34, 109, 101, 115, 115, 97, 103, 101, 34, 58, 110, 117, 108, 108, 125, 233, 113, 12, 156]
[2m2025-08-30T17:51:54.363061Z[0m [32m INFO[0m [2m63:[0m Command EC validated successfully (latency: 1 µs)
[2m2025-08-30T17:51:54.363297Z[0m [32m INFO[0m [2m69:[0m Command validated: EC
[2m2025-08-30T17:51:54.363406Z[0m [32m INFO[0m [2m71:[0m About to send command: EC
[2m2025-08-30T17:51:54.364485Z[0m [32m INFO[0m [2m32:[0m Command sent: [4, 0, 0, 0, 0, 0, 0, 0, 67, 77, 49, 55, 0, 0, 0, 0, 0, 0, 73, 64, 50, 0, 0, 0, 0, 0, 0, 0, 120, 156, 1, 39, 0, 216, 255, 123, 34, 99, 111, 109, 109, 97, 110, 100, 95, 116, 121, 112, 101, 34, 58, 34, 69, 67, 34, 44, 34, 109, 101, 115, 115, 97, 103, 101, 34, 58, 34, 72, 101, 108, 108, 111, 34, 125, 12, 19, 13, 10]
[2m2025-08-30T17:52:09.329845Z[0m [32m INFO[0m [2m63:[0m Command PG validated successfully (latency: 2 µs)
[2m2025-08-30T17:52:09.330116Z[0m [32m INFO[0m [2m69:[0m Command validated: PG
[2m2025-08-30T17:52:09.330234Z[0m [32m INFO[0m [2m71:[0m About to send command: PG
[2m2025-08-30T17:52:09.331575Z[0m [32m INFO[0m [2m32:[0m Command sent: [4, 0, 0, 0, 0, 0, 0, 0, 67, 77, 49, 56, 0, 0, 0, 0, 0, 128, 71, 64, 47, 0, 0, 0, 0, 0, 0, 0, 120, 156, 1, 36, 0, 219, 255, 123, 34, 99, 111, 109, 109, 97, 110, 100, 95, 116, 121, 112, 101, 34, 58, 34, 80, 71, 34, 44, 34, 109, 101, 115, 115, 97, 103, 101, 34, 58, 110, 117, 108, 108, 125, 233, 113, 12, 156]
[2m2025-08-30T17:52:09.377181Z[0m [32m INFO[0m [2m63:[0m Command EC validated successfully (latency: 2 µs)
[2m2025-08-30T17:52:09.377439Z[0m [32m INFO[0m [2m69:[0m Command validated: EC
[2m2025-08-30T17:52:09.377653Z[0m [32m INFO[0m [2m71:[0m About to send command: EC
[2m2025-08-30T17:52:09.379052Z[0m [32m INFO[0m [2m32:[0m Command sent: [4, 0, 0, 0, 0, 0, 0, 0, 67, 77, 49, 57, 0, 0, 0, 0, 0, 0, 73, 64, 50, 0, 0, 0, 0, 0, 0, 0, 120, 156, 1, 39, 0, 216, 255, 123, 34, 99, 111, 109, 109, 97, 110, 100, 95, 116, 121, 112, 101, 34, 58, 34, 69, 67, 34, 44, 34, 109, 101, 115, 115, 97, 103, 101, 34, 58, 34, 72, 101, 108, 108, 111, 34, 125, 12, 19, 13, 10]
[2m2025-08-30T17:52:11.309577Z[0m [32m INFO[0m [2m63:[0m Command SC validated successfully (latency: 3 µs)
[2m2025-08-30T17:52:11.310708Z[0m [32m INFO[0m [2m69:[0m Command validated: SC
[2m2025-08-30T17:52:11.310948Z[0m [32m INFO[0m [2m71:[0m About to send command: SC
[2m2025-08-30T17:52:11.312648Z[0m [32m INFO[0m [2m32:[0m Command sent: [4, 0, 0, 0, 0, 0, 0, 0, 67, 77, 50, 48, 0, 0, 0, 0, 0, 128, 71, 64, 47, 0, 0, 0, 0, 0, 0, 0, 120, 156, 1, 36, 0, 219, 255, 123, 34, 99, 111, 109, 109, 97, 110, 100, 95, 116, 121, 112, 101, 34, 58, 34, 83, 67, 34, 44, 34, 109, 101, 115, 115, 97, 103, 101, 34, 58, 110, 117, 108, 108, 125, 233, 98, 12, 155]
