[2m2025-08-31T17:11:17.553920Z[0m [32m INFO[0m [2m59:[0m Scheduling drift: difference between scheduled and actual task start times for command EC: 15ms
[2m2025-08-31T17:11:17.554375Z[0m [32m INFO[0m [2m75:[0m Command EC validated successfully (latency: 16 µs)
[2m2025-08-31T17:11:17.554593Z[0m [32m INFO[0m [2m81:[0m Command validated: EC
[2m2025-08-31T17:11:17.554757Z[0m [32m INFO[0m [2m83:[0m About to send command: EC
[2m2025-08-31T17:11:17.556436Z[0m [32m INFO[0m [2m32:[0m Command sent: [3, 0, 0, 0, 0, 0, 0, 0, 67, 77, 49, 0, 0, 0, 0, 0, 0, 73, 64, 50, 0, 0, 0, 0, 0, 0, 0, 120, 156, 1, 39, 0, 216, 255, 123, 34, 99, 111, 109, 109, 97, 110, 100, 95, 116, 121, 112, 101, 34, 58, 34, 69, 67, 34, 44, 34, 109, 101, 115, 115, 97, 103, 101, 34, 58, 34, 72, 101, 108, 108, 111, 34, 125, 12, 19, 13, 10]
[2m2025-08-31T17:11:27.547853Z[0m [32m INFO[0m [2m59:[0m Scheduling drift: difference between scheduled and actual task start times for command PG: 9ms
[2m2025-08-31T17:11:27.548140Z[0m [32m INFO[0m [2m75:[0m Command PG validated successfully (latency: 1 µs)
[2m2025-08-31T17:11:27.548272Z[0m [32m INFO[0m [2m81:[0m Command validated: PG
[2m2025-08-31T17:11:27.548398Z[0m [32m INFO[0m [2m83:[0m About to send command: PG
[2m2025-08-31T17:11:27.549488Z[0m [32m INFO[0m [2m32:[0m Command sent: [3, 0, 0, 0, 0, 0, 0, 0, 67, 77, 50, 0, 0, 0, 0, 0, 128, 71, 64, 47, 0, 0, 0, 0, 0, 0, 0, 120, 156, 1, 36, 0, 219, 255, 123, 34, 99, 111, 109, 109, 97, 110, 100, 95, 116, 121, 112, 101, 34, 58, 34, 80, 71, 34, 44, 34, 109, 101, 115, 115, 97, 103, 101, 34, 58, 110, 117, 108, 108, 125, 233, 113, 12, 156]
[2m2025-08-31T17:11:32.573844Z[0m [32m INFO[0m [2m59:[0m Scheduling drift: difference between scheduled and actual task start times for command EC: 16ms
[2m2025-08-31T17:11:32.574117Z[0m [32m INFO[0m [2m75:[0m Command EC validated successfully (latency: 1 µs)
[2m2025-08-31T17:11:32.574332Z[0m [32m INFO[0m [2m81:[0m Command validated: EC
[2m2025-08-31T17:11:32.574567Z[0m [32m INFO[0m [2m83:[0m About to send command: EC
[2m2025-08-31T17:11:32.575584Z[0m [32m INFO[0m [2m32:[0m Command sent: [3, 0, 0, 0, 0, 0, 0, 0, 67, 77, 51, 0, 0, 0, 0, 0, 0, 73, 64, 50, 0, 0, 0, 0, 0, 0, 0, 120, 156, 1, 39, 0, 216, 255, 123, 34, 99, 111, 109, 109, 97, 110, 100, 95, 116, 121, 112, 101, 34, 58, 34, 69, 67, 34, 44, 34, 109, 101, 115, 115, 97, 103, 101, 34, 58, 34, 72, 101, 108, 108, 111, 34, 125, 12, 19, 13, 10]
[2m2025-08-31T17:11:40.552360Z[0m [32m INFO[0m [2m59:[0m Scheduling drift: difference between scheduled and actual task start times for command SC: 14ms
[2m2025-08-31T17:11:40.552609Z[0m [32m INFO[0m [2m75:[0m Command SC validated successfully (latency: 0 µs)
[2m2025-08-31T17:11:40.552734Z[0m [32m INFO[0m [2m81:[0m Command validated: SC
[2m2025-08-31T17:11:40.552900Z[0m [32m INFO[0m [2m83:[0m About to send command: SC
[2m2025-08-31T17:11:40.554096Z[0m [32m INFO[0m [2m32:[0m Command sent: [3, 0, 0, 0, 0, 0, 0, 0, 67, 77, 52, 0, 0, 0, 0, 0, 128, 71, 64, 47, 0, 0, 0, 0, 0, 0, 0, 120, 156, 1, 36, 0, 219, 255, 123, 34, 99, 111, 109, 109, 97, 110, 100, 95, 116, 121, 112, 101, 34, 58, 34, 83, 67, 34, 44, 34, 109, 101, 115, 115, 97, 103, 101, 34, 58, 110, 117, 108, 108, 125, 233, 98, 12, 155]
[2m2025-08-31T17:11:47.586040Z[0m [32m INFO[0m [2m59:[0m Scheduling drift: difference between scheduled and actual task start times for command EC: 10ms
[2m2025-08-31T17:11:47.586521Z[0m [32m INFO[0m [2m75:[0m Command EC validated successfully (latency: 1 µs)
[2m2025-08-31T17:11:47.586905Z[0m [32m INFO[0m [2m81:[0m Command validated: EC
[2m2025-08-31T17:11:47.587072Z[0m [32m INFO[0m [2m83:[0m About to send command: EC
[2m2025-08-31T17:11:47.588252Z[0m [32m INFO[0m [2m32:[0m Command sent: [3, 0, 0, 0, 0, 0, 0, 0, 67, 77, 53, 0, 0, 0, 0, 0, 0, 73, 64, 50, 0, 0, 0, 0, 0, 0, 0, 120, 156, 1, 39, 0, 216, 255, 123, 34, 99, 111, 109, 109, 97, 110, 100, 95, 116, 121, 112, 101, 34, 58, 34, 69, 67, 34, 44, 34, 109, 101, 115, 115, 97, 103, 101, 34, 58, 34, 72, 101, 108, 108, 111, 34, 125, 12, 19, 13, 10]
[2m2025-08-31T17:11:52.553648Z[0m [32m INFO[0m [2m59:[0m Scheduling drift: difference between scheduled and actual task start times for command PG: 4ms
[2m2025-08-31T17:11:52.554071Z[0m [32m INFO[0m [2m75:[0m Command PG validated successfully (latency: 1 µs)
[2m2025-08-31T17:11:52.554534Z[0m [32m INFO[0m [2m81:[0m Command validated: PG
[2m2025-08-31T17:11:52.554690Z[0m [32m INFO[0m [2m83:[0m About to send command: PG
[2m2025-08-31T17:11:52.555733Z[0m [32m INFO[0m [2m32:[0m Command sent: [3, 0, 0, 0, 0, 0, 0, 0, 67, 77, 54, 0, 0, 0, 0, 0, 128, 71, 64, 47, 0, 0, 0, 0, 0, 0, 0, 120, 156, 1, 36, 0, 219, 255, 123, 34, 99, 111, 109, 109, 97, 110, 100, 95, 116, 121, 112, 101, 34, 58, 34, 80, 71, 34, 44, 34, 109, 101, 115, 115, 97, 103, 101, 34, 58, 110, 117, 108, 108, 125, 233, 113, 12, 156]
[2m2025-08-31T17:12:02.600927Z[0m [32m INFO[0m [2m59:[0m Scheduling drift: difference between scheduled and actual task start times for command EC: 12ms
[2m2025-08-31T17:12:02.601187Z[0m [32m INFO[0m [2m75:[0m Command EC validated successfully (latency: 1 µs)
[2m2025-08-31T17:12:02.601291Z[0m [32m INFO[0m [2m81:[0m Command validated: EC
[2m2025-08-31T17:12:02.601425Z[0m [32m INFO[0m [2m83:[0m About to send command: EC
[2m2025-08-31T17:12:02.602514Z[0m [32m INFO[0m [2m32:[0m Command sent: [3, 0, 0, 0, 0, 0, 0, 0, 67, 77, 55, 0, 0, 0, 0, 0, 0, 73, 64, 50, 0, 0, 0, 0, 0, 0, 0, 120, 156, 1, 39, 0, 216, 255, 123, 34, 99, 111, 109, 109, 97, 110, 100, 95, 116, 121, 112, 101, 34, 58, 34, 69, 67, 34, 44, 34, 109, 101, 115, 115, 97, 103, 101, 34, 58, 34, 72, 101, 108, 108, 111, 34, 125, 12, 19, 13, 10]
[2m2025-08-31T17:12:17.571564Z[0m [32m INFO[0m [2m59:[0m Scheduling drift: difference between scheduled and actual task start times for command PG: 16ms
[2m2025-08-31T17:12:17.571914Z[0m [32m INFO[0m [2m75:[0m Command PG validated successfully (latency: 1 µs)
[2m2025-08-31T17:12:17.572233Z[0m [32m INFO[0m [2m81:[0m Command validated: PG
[2m2025-08-31T17:12:17.572362Z[0m [32m INFO[0m [2m83:[0m About to send command: PG
[2m2025-08-31T17:12:17.573364Z[0m [32m INFO[0m [2m32:[0m Command sent: [3, 0, 0, 0, 0, 0, 0, 0, 67, 77, 56, 0, 0, 0, 0, 0, 128, 71, 64, 47, 0, 0, 0, 0, 0, 0, 0, 120, 156, 1, 36, 0, 219, 255, 123, 34, 99, 111, 109, 109, 97, 110, 100, 95, 116, 121, 112, 101, 34, 58, 34, 80, 71, 34, 44, 34, 109, 101, 115, 115, 97, 103, 101, 34, 58, 110, 117, 108, 108, 125, 233, 113, 12, 156]
[2m2025-08-31T17:12:17.617554Z[0m [32m INFO[0m [2m59:[0m Scheduling drift: difference between scheduled and actual task start times for command EC: 15ms
[2m2025-08-31T17:12:17.618022Z[0m [32m INFO[0m [2m75:[0m Command EC validated successfully (latency: 1 µs)
[2m2025-08-31T17:12:17.618203Z[0m [32m INFO[0m [2m81:[0m Command validated: EC
[2m2025-08-31T17:12:17.618326Z[0m [32m INFO[0m [2m83:[0m About to send command: EC
[2m2025-08-31T17:12:17.619467Z[0m [32m INFO[0m [2m32:[0m Command sent: [3, 0, 0, 0, 0, 0, 0, 0, 67, 77, 57, 0, 0, 0, 0, 0, 0, 73, 64, 50, 0, 0, 0, 0, 0, 0, 0, 120, 156, 1, 39, 0, 216, 255, 123, 34, 99, 111, 109, 109, 97, 110, 100, 95, 116, 121, 112, 101, 34, 58, 34, 69, 67, 34, 44, 34, 109, 101, 115, 115, 97, 103, 101, 34, 58, 34, 72, 101, 108, 108, 111, 34, 125, 12, 19, 13, 10]
[2m2025-08-31T17:12:18.558289Z[0m [32m INFO[0m [2m59:[0m Scheduling drift: difference between scheduled and actual task start times for command SC: 4ms
[2m2025-08-31T17:12:18.558567Z[0m [32m INFO[0m [2m75:[0m Command SC validated successfully (latency: 1 µs)
[2m2025-08-31T17:12:18.558792Z[0m [32m INFO[0m [2m81:[0m Command validated: SC
[2m2025-08-31T17:12:18.559021Z[0m [32m INFO[0m [2m83:[0m About to send command: SC
[2m2025-08-31T17:12:18.560003Z[0m [32m INFO[0m [2m32:[0m Command sent: [4, 0, 0, 0, 0, 0, 0, 0, 67, 77, 49, 48, 0, 0, 0, 0, 0, 128, 71, 64, 47, 0, 0, 0, 0, 0, 0, 0, 120, 156, 1, 36, 0, 219, 255, 123, 34, 99, 111, 109, 109, 97, 110, 100, 95, 116, 121, 112, 101, 34, 58, 34, 83, 67, 34, 44, 34, 109, 101, 115, 115, 97, 103, 101, 34, 58, 110, 117, 108, 108, 125, 233, 98, 12, 155]
[2m2025-08-31T17:12:32.629234Z[0m [32m INFO[0m [2m59:[0m Scheduling drift: difference between scheduled and actual task start times for command EC: 10ms
[2m2025-08-31T17:12:32.629516Z[0m [32m INFO[0m [2m75:[0m Command EC validated successfully (latency: 1 µs)
[2m2025-08-31T17:12:32.629642Z[0m [32m INFO[0m [2m81:[0m Command validated: EC
[2m2025-08-31T17:12:32.629859Z[0m [32m INFO[0m [2m83:[0m About to send command: EC
[2m2025-08-31T17:12:32.630983Z[0m [32m INFO[0m [2m32:[0m Command sent: [4, 0, 0, 0, 0, 0, 0, 0, 67, 77, 49, 49, 0, 0, 0, 0, 0, 0, 73, 64, 50, 0, 0, 0, 0, 0, 0, 0, 120, 156, 1, 39, 0, 216, 255, 123, 34, 99, 111, 109, 109, 97, 110, 100, 95, 116, 121, 112, 101, 34, 58, 34, 69, 67, 34, 44, 34, 109, 101, 115, 115, 97, 103, 101, 34, 58, 34, 72, 101, 108, 108, 111, 34, 125, 12, 19, 13, 10]
[2m2025-08-31T17:12:42.579750Z[0m [32m INFO[0m [2m59:[0m Scheduling drift: difference between scheduled and actual task start times for command PG: 6ms
[2m2025-08-31T17:12:42.579968Z[0m [32m INFO[0m [2m75:[0m Command PG validated successfully (latency: 1 µs)
[2m2025-08-31T17:12:42.580095Z[0m [32m INFO[0m [2m81:[0m Command validated: PG
[2m2025-08-31T17:12:42.580248Z[0m [32m INFO[0m [2m83:[0m About to send command: PG
[2m2025-08-31T17:12:42.581314Z[0m [32m INFO[0m [2m32:[0m Command sent: [4, 0, 0, 0, 0, 0, 0, 0, 67, 77, 49, 50, 0, 0, 0, 0, 0, 128, 71, 64, 47, 0, 0, 0, 0, 0, 0, 0, 120, 156, 1, 36, 0, 219, 255, 123, 34, 99, 111, 109, 109, 97, 110, 100, 95, 116, 121, 112, 101, 34, 58, 34, 80, 71, 34, 44, 34, 109, 101, 115, 115, 97, 103, 101, 34, 58, 110, 117, 108, 108, 125, 233, 113, 12, 156]
[2m2025-08-31T17:12:47.642509Z[0m [32m INFO[0m [2m59:[0m Scheduling drift: difference between scheduled and actual task start times for command EC: 11ms
[2m2025-08-31T17:12:47.642965Z[0m [32m INFO[0m [2m75:[0m Command EC validated successfully (latency: 1 µs)
[2m2025-08-31T17:12:47.643138Z[0m [32m INFO[0m [2m81:[0m Command validated: EC
[2m2025-08-31T17:12:47.643350Z[0m [32m INFO[0m [2m83:[0m About to send command: EC
[2m2025-08-31T17:12:47.644477Z[0m [32m INFO[0m [2m32:[0m Command sent: [4, 0, 0, 0, 0, 0, 0, 0, 67, 77, 49, 51, 0, 0, 0, 0, 0, 0, 73, 64, 50, 0, 0, 0, 0, 0, 0, 0, 120, 156, 1, 39, 0, 216, 255, 123, 34, 99, 111, 109, 109, 97, 110, 100, 95, 116, 121, 112, 101, 34, 58, 34, 69, 67, 34, 44, 34, 109, 101, 115, 115, 97, 103, 101, 34, 58, 34, 72, 101, 108, 108, 111, 34, 125, 12, 19, 13, 10]
