[2m2025-09-01T14:41:49.370733Z[0m [32m INFO[0m [2m59:[0m Scheduling drift: difference between scheduled and actual task start times for command EC: 8ms
[2m2025-09-01T14:41:49.371134Z[0m [32m INFO[0m [2m75:[0m Command EC validated successfully (latency: 0 µs)
[2m2025-09-01T14:41:49.371298Z[0m [32m INFO[0m [2m81:[0m Command validated: EC
[2m2025-09-01T14:41:49.371447Z[0m [32m INFO[0m [2m83:[0m About to send command: EC
[2m2025-09-01T14:41:49.372819Z[0m [32m INFO[0m [2m32:[0m Command sent: [3, 0, 0, 0, 0, 0, 0, 0, 67, 77, 49, 0, 0, 0, 0, 0, 0, 73, 64, 50, 0, 0, 0, 0, 0, 0, 0, 120, 156, 1, 39, 0, 216, 255, 123, 34, 99, 111, 109, 109, 97, 110, 100, 95, 116, 121, 112, 101, 34, 58, 34, 69, 67, 34, 44, 34, 109, 101, 115, 115, 97, 103, 101, 34, 58, 34, 72, 101, 108, 108, 111, 34, 125, 12, 19, 13, 10]
[2m2025-09-01T14:41:59.370478Z[0m [32m INFO[0m [2m59:[0m Scheduling drift: difference between scheduled and actual task start times for command PG: 8ms
[2m2025-09-01T14:41:59.370709Z[0m [32m INFO[0m [2m75:[0m Command PG validated successfully (latency: 1 µs)
[2m2025-09-01T14:41:59.370844Z[0m [32m INFO[0m [2m81:[0m Command validated: PG
[2m2025-09-01T14:41:59.371008Z[0m [32m INFO[0m [2m83:[0m About to send command: PG
[2m2025-09-01T14:41:59.372013Z[0m [32m INFO[0m [2m32:[0m Command sent: [3, 0, 0, 0, 0, 0, 0, 0, 67, 77, 50, 0, 0, 0, 0, 0, 128, 71, 64, 47, 0, 0, 0, 0, 0, 0, 0, 120, 156, 1, 36, 0, 219, 255, 123, 34, 99, 111, 109, 109, 97, 110, 100, 95, 116, 121, 112, 101, 34, 58, 34, 80, 71, 34, 44, 34, 109, 101, 115, 115, 97, 103, 101, 34, 58, 110, 117, 108, 108, 125, 233, 113, 12, 156]
[2m2025-09-01T14:42:04.378815Z[0m [32m INFO[0m [2m59:[0m Scheduling drift: difference between scheduled and actual task start times for command EC: 5ms
[2m2025-09-01T14:42:04.379178Z[0m [32m INFO[0m [2m75:[0m Command EC validated successfully (latency: 1 µs)
[2m2025-09-01T14:42:04.379381Z[0m [32m INFO[0m [2m81:[0m Command validated: EC
[2m2025-09-01T14:42:04.379509Z[0m [32m INFO[0m [2m83:[0m About to send command: EC
[2m2025-09-01T14:42:04.380574Z[0m [32m INFO[0m [2m32:[0m Command sent: [3, 0, 0, 0, 0, 0, 0, 0, 67, 77, 51, 0, 0, 0, 0, 0, 0, 73, 64, 50, 0, 0, 0, 0, 0, 0, 0, 120, 156, 1, 39, 0, 216, 255, 123, 34, 99, 111, 109, 109, 97, 110, 100, 95, 116, 121, 112, 101, 34, 58, 34, 69, 67, 34, 44, 34, 109, 101, 115, 115, 97, 103, 101, 34, 58, 34, 72, 101, 108, 108, 111, 34, 125, 12, 19, 13, 10]
[2m2025-09-01T14:42:12.364560Z[0m [32m INFO[0m [2m59:[0m Scheduling drift: difference between scheduled and actual task start times for command SC: 2ms
[2m2025-09-01T14:42:12.364905Z[0m [32m INFO[0m [2m75:[0m Command SC validated successfully (latency: 1 µs)
[2m2025-09-01T14:42:12.365116Z[0m [32m INFO[0m [2m81:[0m Command validated: SC
[2m2025-09-01T14:42:12.365284Z[0m [32m INFO[0m [2m83:[0m About to send command: SC
[2m2025-09-01T14:42:12.366295Z[0m [32m INFO[0m [2m32:[0m Command sent: [3, 0, 0, 0, 0, 0, 0, 0, 67, 77, 52, 0, 0, 0, 0, 0, 128, 71, 64, 47, 0, 0, 0, 0, 0, 0, 0, 120, 156, 1, 36, 0, 219, 255, 123, 34, 99, 111, 109, 109, 97, 110, 100, 95, 116, 121, 112, 101, 34, 58, 34, 83, 67, 34, 44, 34, 109, 101, 115, 115, 97, 103, 101, 34, 58, 110, 117, 108, 108, 125, 233, 98, 12, 155]
[2m2025-09-01T14:42:19.389384Z[0m [32m INFO[0m [2m59:[0m Scheduling drift: difference between scheduled and actual task start times for command EC: 9ms
[2m2025-09-01T14:42:19.389674Z[0m [32m INFO[0m [2m75:[0m Command EC validated successfully (latency: 1 µs)
[2m2025-09-01T14:42:19.389885Z[0m [32m INFO[0m [2m81:[0m Command validated: EC
[2m2025-09-01T14:42:19.389996Z[0m [32m INFO[0m [2m83:[0m About to send command: EC
[2m2025-09-01T14:42:19.390988Z[0m [32m INFO[0m [2m32:[0m Command sent: [3, 0, 0, 0, 0, 0, 0, 0, 67, 77, 53, 0, 0, 0, 0, 0, 0, 73, 64, 50, 0, 0, 0, 0, 0, 0, 0, 120, 156, 1, 39, 0, 216, 255, 123, 34, 99, 111, 109, 109, 97, 110, 100, 95, 116, 121, 112, 101, 34, 58, 34, 69, 67, 34, 44, 34, 109, 101, 115, 115, 97, 103, 101, 34, 58, 34, 72, 101, 108, 108, 111, 34, 125, 12, 19, 13, 10]
[2m2025-09-01T14:42:24.380153Z[0m [32m INFO[0m [2m59:[0m Scheduling drift: difference between scheduled and actual task start times for command PG: 8ms
[2m2025-09-01T14:42:24.380406Z[0m [32m INFO[0m [2m75:[0m Command PG validated successfully (latency: 1 µs)
[2m2025-09-01T14:42:24.380520Z[0m [32m INFO[0m [2m81:[0m Command validated: PG
[2m2025-09-01T14:42:24.380662Z[0m [32m INFO[0m [2m83:[0m About to send command: PG
[2m2025-09-01T14:42:24.381814Z[0m [32m INFO[0m [2m32:[0m Command sent: [3, 0, 0, 0, 0, 0, 0, 0, 67, 77, 54, 0, 0, 0, 0, 0, 128, 71, 64, 47, 0, 0, 0, 0, 0, 0, 0, 120, 156, 1, 36, 0, 219, 255, 123, 34, 99, 111, 109, 109, 97, 110, 100, 95, 116, 121, 112, 101, 34, 58, 34, 80, 71, 34, 44, 34, 109, 101, 115, 115, 97, 103, 101, 34, 58, 110, 117, 108, 108, 125, 233, 113, 12, 156]
