[2m2025-09-03T07:35:38.241251Z[0m [32m INFO[0m [2m16:[0m 🚀 Ground system starting...
[2m2025-09-03T07:35:38.310943Z[0m [32m INFO[0m [2m22:[0m ✅ Connected to RabbitMQ
[2m2025-09-03T07:35:38.343149Z[0m [32m INFO[0m [2m28:[0m ✅ Channel created successfully
[2m2025-09-03T07:35:38.343371Z[0m [32m INFO[0m [2m31:[0m 📤 Sender bound to 'command_queue'
[2m2025-09-03T07:35:38.343720Z[0m [32m INFO[0m [2m49:[0m 📥 Receiver bound to 'telemetry_queue'
[2m2025-09-03T07:35:38.343950Z[0m [32m INFO[0m [2m51:[0m ⚡ Running scheduler + receiver
[2m2025-09-03T07:35:48.352990Z[0m [32m INFO[0m [2m78:[0m Scheduling drift: difference between scheduled and actual task start times for command EC: 9ms
[2m2025-09-03T07:35:48.353330Z[0m [32m INFO[0m [2m94:[0m Command EC validated successfully (latency: 15 µs)
[2m2025-09-03T07:35:48.353595Z[0m [32m INFO[0m [2m100:[0m Command validated: EC
[2m2025-09-03T07:35:48.353813Z[0m [32m INFO[0m [2m102:[0m About to send command: EC
[2m2025-09-03T07:35:48.355176Z[0m [32m INFO[0m [2m32:[0m Command sent: [3, 0, 0, 0, 0, 0, 0, 0, 67, 77, 49, 0, 0, 0, 0, 0, 0, 73, 64, 50, 0, 0, 0, 0, 0, 0, 0, 120, 156, 1, 39, 0, 216, 255, 123, 34, 99, 111, 109, 109, 97, 110, 100, 95, 116, 121, 112, 101, 34, 58, 34, 69, 67, 34, 44, 34, 109, 101, 115, 115, 97, 103, 101, 34, 58, 34, 72, 101, 108, 108, 111, 34, 125, 12, 19, 13, 10]
[2m2025-09-03T07:35:48.355390Z[0m [32m INFO[0m [2m139:[0m ✅ Command EC completed 1988 ms before its deadline
[2m2025-09-03T07:35:53.347570Z[0m [32m INFO[0m [2m78:[0m Scheduling drift: difference between scheduled and actual task start times for command PG: 3ms
[2m2025-09-03T07:35:53.347926Z[0m [32m INFO[0m [2m94:[0m Command PG validated successfully (latency: 1 µs)
[2m2025-09-03T07:35:53.348283Z[0m [32m INFO[0m [2m100:[0m Command validated: PG
[2m2025-09-03T07:35:53.348574Z[0m [32m INFO[0m [2m102:[0m About to send command: PG
[2m2025-09-03T07:35:53.349839Z[0m [32m INFO[0m [2m32:[0m Command sent: [3, 0, 0, 0, 0, 0, 0, 0, 67, 77, 50, 0, 0, 0, 0, 0, 128, 71, 64, 47, 0, 0, 0, 0, 0, 0, 0, 120, 156, 1, 36, 0, 219, 255, 123, 34, 99, 111, 109, 109, 97, 110, 100, 95, 116, 121, 112, 101, 34, 58, 34, 80, 71, 34, 44, 34, 109, 101, 115, 115, 97, 103, 101, 34, 58, 110, 117, 108, 108, 125, 233, 113, 12, 156]
[2m2025-09-03T07:35:53.350001Z[0m [32m INFO[0m [2m139:[0m ✅ Command PG completed 1993 ms before its deadline
[2m2025-09-03T07:35:58.359952Z[0m [32m INFO[0m [2m78:[0m Scheduling drift: difference between scheduled and actual task start times for command EC: 4ms
[2m2025-09-03T07:35:58.360551Z[0m [32m INFO[0m [2m94:[0m Command EC validated successfully (latency: 2 µs)
[2m2025-09-03T07:35:58.360910Z[0m [32m INFO[0m [2m100:[0m Command validated: EC
[2m2025-09-03T07:35:58.361193Z[0m [32m INFO[0m [2m102:[0m About to send command: EC
[2m2025-09-03T07:35:58.362273Z[0m [32m INFO[0m [2m32:[0m Command sent: [3, 0, 0, 0, 0, 0, 0, 0, 67, 77, 51, 0, 0, 0, 0, 0, 0, 73, 64, 50, 0, 0, 0, 0, 0, 0, 0, 120, 156, 1, 39, 0, 216, 255, 123, 34, 99, 111, 109, 109, 97, 110, 100, 95, 116, 121, 112, 101, 34, 58, 34, 69, 67, 34, 44, 34, 109, 101, 115, 115, 97, 103, 101, 34, 58, 34, 72, 101, 108, 108, 111, 34, 125, 12, 19, 13, 10]
[2m2025-09-03T07:35:58.362442Z[0m [32m INFO[0m [2m139:[0m ✅ Command EC completed 1993 ms before its deadline
[2m2025-09-03T07:36:03.358663Z[0m [32m INFO[0m [2m78:[0m Scheduling drift: difference between scheduled and actual task start times for command SC: 14ms
[2m2025-09-03T07:36:03.359213Z[0m [32m INFO[0m [2m94:[0m Command SC validated successfully (latency: 2 µs)
[2m2025-09-03T07:36:03.359494Z[0m [32m INFO[0m [2m100:[0m Command validated: SC
[2m2025-09-03T07:36:03.359700Z[0m [32m INFO[0m [2m102:[0m About to send command: SC
[2m2025-09-03T07:36:03.360944Z[0m [32m INFO[0m [2m32:[0m Command sent: [3, 0, 0, 0, 0, 0, 0, 0, 67, 77, 52, 0, 0, 0, 0, 0, 128, 71, 64, 47, 0, 0, 0, 0, 0, 0, 0, 120, 156, 1, 36, 0, 219, 255, 123, 34, 99, 111, 109, 109, 97, 110, 100, 95, 116, 121, 112, 101, 34, 58, 34, 83, 67, 34, 44, 34, 109, 101, 115, 115, 97, 103, 101, 34, 58, 110, 117, 108, 108, 125, 233, 98, 12, 155]
[2m2025-09-03T07:36:03.361215Z[0m [32m INFO[0m [2m139:[0m ✅ Command SC completed 1982 ms before its deadline
[2m2025-09-03T07:36:08.357429Z[0m [32m INFO[0m [2m78:[0m Scheduling drift: difference between scheduled and actual task start times for command PG: 7ms
[2m2025-09-03T07:36:08.357670Z[0m [32m INFO[0m [2m94:[0m Command PG validated successfully (latency: 1 µs)
[2m2025-09-03T07:36:08.357808Z[0m [32m INFO[0m [2m100:[0m Command validated: PG
[2m2025-09-03T07:36:08.357973Z[0m [32m INFO[0m [2m102:[0m About to send command: PG
[2m2025-09-03T07:36:08.359082Z[0m [32m INFO[0m [2m32:[0m Command sent: [3, 0, 0, 0, 0, 0, 0, 0, 67, 77, 53, 0, 0, 0, 0, 0, 128, 71, 64, 47, 0, 0, 0, 0, 0, 0, 0, 120, 156, 1, 36, 0, 219, 255, 123, 34, 99, 111, 109, 109, 97, 110, 100, 95, 116, 121, 112, 101, 34, 58, 34, 80, 71, 34, 44, 34, 109, 101, 115, 115, 97, 103, 101, 34, 58, 110, 117, 108, 108, 125, 233, 113, 12, 156]
[2m2025-09-03T07:36:08.359282Z[0m [32m INFO[0m [2m139:[0m ✅ Command PG completed 1990 ms before its deadline
[2m2025-09-03T07:36:08.372926Z[0m [32m INFO[0m [2m78:[0m Scheduling drift: difference between scheduled and actual task start times for command EC: 10ms
[2m2025-09-03T07:36:08.373152Z[0m [32m INFO[0m [2m94:[0m Command EC validated successfully (latency: 1 µs)
[2m2025-09-03T07:36:08.373302Z[0m [32m INFO[0m [2m100:[0m Command validated: EC
[2m2025-09-03T07:36:08.373485Z[0m [32m INFO[0m [2m102:[0m About to send command: EC
[2m2025-09-03T07:36:08.374541Z[0m [32m INFO[0m [2m32:[0m Command sent: [3, 0, 0, 0, 0, 0, 0, 0, 67, 77, 54, 0, 0, 0, 0, 0, 0, 73, 64, 50, 0, 0, 0, 0, 0, 0, 0, 120, 156, 1, 39, 0, 216, 255, 123, 34, 99, 111, 109, 109, 97, 110, 100, 95, 116, 121, 112, 101, 34, 58, 34, 69, 67, 34, 44, 34, 109, 101, 115, 115, 97, 103, 101, 34, 58, 34, 72, 101, 108, 108, 111, 34, 125, 12, 19, 13, 10]
[2m2025-09-03T07:36:08.374744Z[0m [32m INFO[0m [2m139:[0m ✅ Command EC completed 1987 ms before its deadline
[2m2025-09-03T07:36:18.382314Z[0m [32m INFO[0m [2m78:[0m Scheduling drift: difference between scheduled and actual task start times for command EC: 7ms
[2m2025-09-03T07:36:18.382660Z[0m [32m INFO[0m [2m94:[0m Command EC validated successfully (latency: 1 µs)
[2m2025-09-03T07:36:18.382850Z[0m [32m INFO[0m [2m100:[0m Command validated: EC
[2m2025-09-03T07:36:18.383005Z[0m [32m INFO[0m [2m102:[0m About to send command: EC
[2m2025-09-03T07:36:18.384015Z[0m [32m INFO[0m [2m32:[0m Command sent: [3, 0, 0, 0, 0, 0, 0, 0, 67, 77, 55, 0, 0, 0, 0, 0, 0, 73, 64, 50, 0, 0, 0, 0, 0, 0, 0, 120, 156, 1, 39, 0, 216, 255, 123, 34, 99, 111, 109, 109, 97, 110, 100, 95, 116, 121, 112, 101, 34, 58, 34, 69, 67, 34, 44, 34, 109, 101, 115, 115, 97, 103, 101, 34, 58, 34, 72, 101, 108, 108, 111, 34, 125, 12, 19, 13, 10]
[2m2025-09-03T07:36:18.384220Z[0m [32m INFO[0m [2m139:[0m ✅ Command EC completed 1990 ms before its deadline
[2m2025-09-03T07:36:23.364852Z[0m [32m INFO[0m [2m78:[0m Scheduling drift: difference between scheduled and actual task start times for command PG: 5ms
[2m2025-09-03T07:36:23.365399Z[0m [32m INFO[0m [2m94:[0m Command PG validated successfully (latency: 3 µs)
[2m2025-09-03T07:36:23.365742Z[0m [32m INFO[0m [2m100:[0m Command validated: PG
[2m2025-09-03T07:36:23.365976Z[0m [32m INFO[0m [2m102:[0m About to send command: PG
[2m2025-09-03T07:36:23.367113Z[0m [32m INFO[0m [2m32:[0m Command sent: [3, 0, 0, 0, 0, 0, 0, 0, 67, 77, 56, 0, 0, 0, 0, 0, 128, 71, 64, 47, 0, 0, 0, 0, 0, 0, 0, 120, 156, 1, 36, 0, 219, 255, 123, 34, 99, 111, 109, 109, 97, 110, 100, 95, 116, 121, 112, 101, 34, 58, 34, 80, 71, 34, 44, 34, 109, 101, 115, 115, 97, 103, 101, 34, 58, 110, 117, 108, 108, 125, 233, 113, 12, 156]
[2m2025-09-03T07:36:23.367272Z[0m [32m INFO[0m [2m139:[0m ✅ Command PG completed 1992 ms before its deadline
[2m2025-09-03T07:36:28.370375Z[0m [32m INFO[0m [2m78:[0m Scheduling drift: difference between scheduled and actual task start times for command SC: 8ms
[2m2025-09-03T07:36:28.370706Z[0m [32m INFO[0m [2m94:[0m Command SC validated successfully (latency: 0 µs)
[2m2025-09-03T07:36:28.370886Z[0m [32m INFO[0m [2m100:[0m Command validated: SC
[2m2025-09-03T07:36:28.371030Z[0m [32m INFO[0m [2m102:[0m About to send command: SC
[2m2025-09-03T07:36:28.372046Z[0m [32m INFO[0m [2m32:[0m Command sent: [3, 0, 0, 0, 0, 0, 0, 0, 67, 77, 57, 0, 0, 0, 0, 0, 128, 71, 64, 47, 0, 0, 0, 0, 0, 0, 0, 120, 156, 1, 36, 0, 219, 255, 123, 34, 99, 111, 109, 109, 97, 110, 100, 95, 116, 121, 112, 101, 34, 58, 34, 83, 67, 34, 44, 34, 109, 101, 115, 115, 97, 103, 101, 34, 58, 110, 117, 108, 108, 125, 233, 98, 12, 155]
[2m2025-09-03T07:36:28.372195Z[0m [32m INFO[0m [2m139:[0m ✅ Command SC completed 1989 ms before its deadline
[2m2025-09-03T07:36:28.386145Z[0m [32m INFO[0m [2m78:[0m Scheduling drift: difference between scheduled and actual task start times for command EC: 1ms
[2m2025-09-03T07:36:28.386355Z[0m [32m INFO[0m [2m94:[0m Command EC validated successfully (latency: 0 µs)
[2m2025-09-03T07:36:28.386510Z[0m [32m INFO[0m [2m100:[0m Command validated: EC
[2m2025-09-03T07:36:28.386620Z[0m [32m INFO[0m [2m102:[0m About to send command: EC
[2m2025-09-03T07:36:28.387512Z[0m [32m INFO[0m [2m32:[0m Command sent: [4, 0, 0, 0, 0, 0, 0, 0, 67, 77, 49, 48, 0, 0, 0, 0, 0, 0, 73, 64, 50, 0, 0, 0, 0, 0, 0, 0, 120, 156, 1, 39, 0, 216, 255, 123, 34, 99, 111, 109, 109, 97, 110, 100, 95, 116, 121, 112, 101, 34, 58, 34, 69, 67, 34, 44, 34, 109, 101, 115, 115, 97, 103, 101, 34, 58, 34, 72, 101, 108, 108, 111, 34, 125, 12, 19, 13, 10]
[2m2025-09-03T07:36:28.387677Z[0m [32m INFO[0m [2m139:[0m ✅ Command EC completed 1996 ms before its deadline
[2m2025-09-03T07:36:38.379965Z[0m [32m INFO[0m [2m78:[0m Scheduling drift: difference between scheduled and actual task start times for command PG: 12ms
[2m2025-09-03T07:36:38.380747Z[0m [32m INFO[0m [2m94:[0m Command PG validated successfully (latency: 1 µs)
[2m2025-09-03T07:36:38.381044Z[0m [32m INFO[0m [2m100:[0m Command validated: PG
[2m2025-09-03T07:36:38.381238Z[0m [32m INFO[0m [2m102:[0m About to send command: PG
[2m2025-09-03T07:36:38.382333Z[0m [32m INFO[0m [2m32:[0m Command sent: [4, 0, 0, 0, 0, 0, 0, 0, 67, 77, 49, 49, 0, 0, 0, 0, 0, 128, 71, 64, 47, 0, 0, 0, 0, 0, 0, 0, 120, 156, 1, 36, 0, 219, 255, 123, 34, 99, 111, 109, 109, 97, 110, 100, 95, 116, 121, 112, 101, 34, 58, 34, 80, 71, 34, 44, 34, 109, 101, 115, 115, 97, 103, 101, 34, 58, 110, 117, 108, 108, 125, 233, 113, 12, 156]
[2m2025-09-03T07:36:38.382505Z[0m [32m INFO[0m [2m139:[0m ✅ Command PG completed 1984 ms before its deadline
[2m2025-09-03T07:36:38.394819Z[0m [32m INFO[0m [2m78:[0m Scheduling drift: difference between scheduled and actual task start times for command EC: 7ms
[2m2025-09-03T07:36:38.395165Z[0m [32m INFO[0m [2m94:[0m Command EC validated successfully (latency: 1 µs)
[2m2025-09-03T07:36:38.395333Z[0m [32m INFO[0m [2m100:[0m Command validated: EC
[2m2025-09-03T07:36:38.395507Z[0m [32m INFO[0m [2m102:[0m About to send command: EC
[2m2025-09-03T07:36:38.396475Z[0m [32m INFO[0m [2m32:[0m Command sent: [4, 0, 0, 0, 0, 0, 0, 0, 67, 77, 49, 50, 0, 0, 0, 0, 0, 0, 73, 64, 50, 0, 0, 0, 0, 0, 0, 0, 120, 156, 1, 39, 0, 216, 255, 123, 34, 99, 111, 109, 109, 97, 110, 100, 95, 116, 121, 112, 101, 34, 58, 34, 69, 67, 34, 44, 34, 109, 101, 115, 115, 97, 103, 101, 34, 58, 34, 72, 101, 108, 108, 111, 34, 125, 12, 19, 13, 10]
[2m2025-09-03T07:36:38.396636Z[0m [32m INFO[0m [2m139:[0m ✅ Command EC completed 1991 ms before its deadline
[2m2025-09-03T07:36:48.405783Z[0m [32m INFO[0m [2m78:[0m Scheduling drift: difference between scheduled and actual task start times for command EC: 8ms
[2m2025-09-03T07:36:48.406039Z[0m [32m INFO[0m [2m94:[0m Command EC validated successfully (latency: 1 µs)
[2m2025-09-03T07:36:48.406165Z[0m [32m INFO[0m [2m100:[0m Command validated: EC
[2m2025-09-03T07:36:48.406312Z[0m [32m INFO[0m [2m102:[0m About to send command: EC
[2m2025-09-03T07:36:48.407262Z[0m [32m INFO[0m [2m32:[0m Command sent: [4, 0, 0, 0, 0, 0, 0, 0, 67, 77, 49, 51, 0, 0, 0, 0, 0, 0, 73, 64, 50, 0, 0, 0, 0, 0, 0, 0, 120, 156, 1, 39, 0, 216, 255, 123, 34, 99, 111, 109, 109, 97, 110, 100, 95, 116, 121, 112, 101, 34, 58, 34, 69, 67, 34, 44, 34, 109, 101, 115, 115, 97, 103, 101, 34, 58, 34, 72, 101, 108, 108, 111, 34, 125, 12, 19, 13, 10]
[2m2025-09-03T07:36:48.407406Z[0m [32m INFO[0m [2m139:[0m ✅ Command EC completed 1989 ms before its deadline
[2m2025-09-03T07:36:53.380716Z[0m [32m INFO[0m [2m78:[0m Scheduling drift: difference between scheduled and actual task start times for command SC: 8ms
[2m2025-09-03T07:36:53.381007Z[0m [32m INFO[0m [2m94:[0m Command SC validated successfully (latency: 1 µs)
[2m2025-09-03T07:36:53.381139Z[0m [32m INFO[0m [2m100:[0m Command validated: SC
[2m2025-09-03T07:36:53.381301Z[0m [32m INFO[0m [2m102:[0m About to send command: SC
[2m2025-09-03T07:36:53.382365Z[0m [32m INFO[0m [2m32:[0m Command sent: [4, 0, 0, 0, 0, 0, 0, 0, 67, 77, 49, 52, 0, 0, 0, 0, 0, 128, 71, 64, 47, 0, 0, 0, 0, 0, 0, 0, 120, 156, 1, 36, 0, 219, 255, 123, 34, 99, 111, 109, 109, 97, 110, 100, 95, 116, 121, 112, 101, 34, 58, 34, 83, 67, 34, 44, 34, 109, 101, 115, 115, 97, 103, 101, 34, 58, 110, 117, 108, 108, 125, 233, 98, 12, 155]
[2m2025-09-03T07:36:53.382512Z[0m [32m INFO[0m [2m139:[0m ✅ Command SC completed 1989 ms before its deadline
[2m2025-09-03T07:36:53.382629Z[0m [32m INFO[0m [2m78:[0m Scheduling drift: difference between scheduled and actual task start times for command PG: 0ms
[2m2025-09-03T07:36:53.382729Z[0m [32m INFO[0m [2m94:[0m Command PG validated successfully (latency: 0 µs)
[2m2025-09-03T07:36:53.382825Z[0m [32m INFO[0m [2m100:[0m Command validated: PG
[2m2025-09-03T07:36:53.382928Z[0m [32m INFO[0m [2m102:[0m About to send command: PG
[2m2025-09-03T07:36:53.383723Z[0m [32m INFO[0m [2m32:[0m Command sent: [4, 0, 0, 0, 0, 0, 0, 0, 67, 77, 49, 53, 0, 0, 0, 0, 0, 128, 71, 64, 47, 0, 0, 0, 0, 0, 0, 0, 120, 156, 1, 36, 0, 219, 255, 123, 34, 99, 111, 109, 109, 97, 110, 100, 95, 116, 121, 112, 101, 34, 58, 34, 80, 71, 34, 44, 34, 109, 101, 115, 115, 97, 103, 101, 34, 58, 110, 117, 108, 108, 125, 233, 113, 12, 156]
[2m2025-09-03T07:36:53.383864Z[0m [32m INFO[0m [2m139:[0m ✅ Command PG completed 1998 ms before its deadline
[2m2025-09-03T07:36:58.409698Z[0m [32m INFO[0m [2m78:[0m Scheduling drift: difference between scheduled and actual task start times for command EC: 2ms
[2m2025-09-03T07:36:58.410060Z[0m [32m INFO[0m [2m94:[0m Command EC validated successfully (latency: 2 µs)
[2m2025-09-03T07:36:58.410285Z[0m [32m INFO[0m [2m100:[0m Command validated: EC
[2m2025-09-03T07:36:58.410604Z[0m [32m INFO[0m [2m102:[0m About to send command: EC
[2m2025-09-03T07:36:58.411821Z[0m [32m INFO[0m [2m32:[0m Command sent: [4, 0, 0, 0, 0, 0, 0, 0, 67, 77, 49, 54, 0, 0, 0, 0, 0, 0, 73, 64, 50, 0, 0, 0, 0, 0, 0, 0, 120, 156, 1, 39, 0, 216, 255, 123, 34, 99, 111, 109, 109, 97, 110, 100, 95, 116, 121, 112, 101, 34, 58, 34, 69, 67, 34, 44, 34, 109, 101, 115, 115, 97, 103, 101, 34, 58, 34, 72, 101, 108, 108, 111, 34, 125, 12, 19, 13, 10]
[2m2025-09-03T07:36:58.412006Z[0m [32m INFO[0m [2m139:[0m ✅ Command EC completed 1995 ms before its deadline
[2m2025-09-03T07:37:08.393933Z[0m [32m INFO[0m [2m78:[0m Scheduling drift: difference between scheduled and actual task start times for command PG: 9ms
[2m2025-09-03T07:37:08.394499Z[0m [32m INFO[0m [2m94:[0m Command PG validated successfully (latency: 1 µs)
[2m2025-09-03T07:37:08.394768Z[0m [32m INFO[0m [2m100:[0m Command validated: PG
[2m2025-09-03T07:37:08.395038Z[0m [32m INFO[0m [2m102:[0m About to send command: PG
[2m2025-09-03T07:37:08.396043Z[0m [32m INFO[0m [2m32:[0m Command sent: [4, 0, 0, 0, 0, 0, 0, 0, 67, 77, 49, 55, 0, 0, 0, 0, 0, 128, 71, 64, 47, 0, 0, 0, 0, 0, 0, 0, 120, 156, 1, 36, 0, 219, 255, 123, 34, 99, 111, 109, 109, 97, 110, 100, 95, 116, 121, 112, 101, 34, 58, 34, 80, 71, 34, 44, 34, 109, 101, 115, 115, 97, 103, 101, 34, 58, 110, 117, 108, 108, 125, 233, 113, 12, 156]
[2m2025-09-03T07:37:08.396274Z[0m [32m INFO[0m [2m139:[0m ✅ Command PG completed 1987 ms before its deadline
[2m2025-09-03T07:37:08.424719Z[0m [32m INFO[0m [2m78:[0m Scheduling drift: difference between scheduled and actual task start times for command EC: 12ms
[2m2025-09-03T07:37:08.425103Z[0m [32m INFO[0m [2m94:[0m Command EC validated successfully (latency: 1 µs)
[2m2025-09-03T07:37:08.425372Z[0m [32m INFO[0m [2m100:[0m Command validated: EC
[2m2025-09-03T07:37:08.425503Z[0m [32m INFO[0m [2m102:[0m About to send command: EC
[2m2025-09-03T07:37:08.426583Z[0m [32m INFO[0m [2m32:[0m Command sent: [4, 0, 0, 0, 0, 0, 0, 0, 67, 77, 49, 56, 0, 0, 0, 0, 0, 0, 73, 64, 50, 0, 0, 0, 0, 0, 0, 0, 120, 156, 1, 39, 0, 216, 255, 123, 34, 99, 111, 109, 109, 97, 110, 100, 95, 116, 121, 112, 101, 34, 58, 34, 69, 67, 34, 44, 34, 109, 101, 115, 115, 97, 103, 101, 34, 58, 34, 72, 101, 108, 108, 111, 34, 125, 12, 19, 13, 10]
[2m2025-09-03T07:37:08.426756Z[0m [32m INFO[0m [2m139:[0m ✅ Command EC completed 1985 ms before its deadline
[2m2025-09-03T07:37:18.386737Z[0m [32m INFO[0m [2m78:[0m Scheduling drift: difference between scheduled and actual task start times for command SC: 4ms
[2m2025-09-03T07:37:18.387135Z[0m [32m INFO[0m [2m94:[0m Command SC validated successfully (latency: 1 µs)
[2m2025-09-03T07:37:18.387331Z[0m [32m INFO[0m [2m100:[0m Command validated: SC
[2m2025-09-03T07:37:18.387511Z[0m [32m INFO[0m [2m102:[0m About to send command: SC
[2m2025-09-03T07:37:18.388544Z[0m [32m INFO[0m [2m32:[0m Command sent: [4, 0, 0, 0, 0, 0, 0, 0, 67, 77, 49, 57, 0, 0, 0, 0, 0, 128, 71, 64, 47, 0, 0, 0, 0, 0, 0, 0, 120, 156, 1, 36, 0, 219, 255, 123, 34, 99, 111, 109, 109, 97, 110, 100, 95, 116, 121, 112, 101, 34, 58, 34, 83, 67, 34, 44, 34, 109, 101, 115, 115, 97, 103, 101, 34, 58, 110, 117, 108, 108, 125, 233, 98, 12, 155]
[2m2025-09-03T07:37:18.388703Z[0m [32m INFO[0m [2m139:[0m ✅ Command SC completed 1993 ms before its deadline
[2m2025-09-03T07:37:18.433326Z[0m [32m INFO[0m [2m78:[0m Scheduling drift: difference between scheduled and actual task start times for command EC: 6ms
[2m2025-09-03T07:37:18.433813Z[0m [32m INFO[0m [2m94:[0m Command EC validated successfully (latency: 3 µs)
[2m2025-09-03T07:37:18.433999Z[0m [32m INFO[0m [2m100:[0m Command validated: EC
[2m2025-09-03T07:37:18.434187Z[0m [32m INFO[0m [2m102:[0m About to send command: EC
[2m2025-09-03T07:37:18.435478Z[0m [32m INFO[0m [2m32:[0m Command sent: [4, 0, 0, 0, 0, 0, 0, 0, 67, 77, 50, 48, 0, 0, 0, 0, 0, 0, 73, 64, 50, 0, 0, 0, 0, 0, 0, 0, 120, 156, 1, 39, 0, 216, 255, 123, 34, 99, 111, 109, 109, 97, 110, 100, 95, 116, 121, 112, 101, 34, 58, 34, 69, 67, 34, 44, 34, 109, 101, 115, 115, 97, 103, 101, 34, 58, 34, 72, 101, 108, 108, 111, 34, 125, 12, 19, 13, 10]
[2m2025-09-03T07:37:18.435676Z[0m [32m INFO[0m [2m139:[0m ✅ Command EC completed 1991 ms before its deadline
[2m2025-09-03T07:37:23.409895Z[0m [32m INFO[0m [2m78:[0m Scheduling drift: difference between scheduled and actual task start times for command PG: 13ms
[2m2025-09-03T07:37:23.410352Z[0m [32m INFO[0m [2m94:[0m Command PG validated successfully (latency: 1 µs)
[2m2025-09-03T07:37:23.410557Z[0m [32m INFO[0m [2m100:[0m Command validated: PG
[2m2025-09-03T07:37:23.410671Z[0m [32m INFO[0m [2m102:[0m About to send command: PG
[2m2025-09-03T07:37:23.411718Z[0m [32m INFO[0m [2m32:[0m Command sent: [4, 0, 0, 0, 0, 0, 0, 0, 67, 77, 50, 49, 0, 0, 0, 0, 0, 128, 71, 64, 47, 0, 0, 0, 0, 0, 0, 0, 120, 156, 1, 36, 0, 219, 255, 123, 34, 99, 111, 109, 109, 97, 110, 100, 95, 116, 121, 112, 101, 34, 58, 34, 80, 71, 34, 44, 34, 109, 101, 115, 115, 97, 103, 101, 34, 58, 110, 117, 108, 108, 125, 233, 113, 12, 156]
[2m2025-09-03T07:37:23.411896Z[0m [32m INFO[0m [2m139:[0m ✅ Command PG completed 1984 ms before its deadline
[2m2025-09-03T07:37:28.445961Z[0m [32m INFO[0m [2m78:[0m Scheduling drift: difference between scheduled and actual task start times for command EC: 10ms
[2m2025-09-03T07:37:28.446440Z[0m [32m INFO[0m [2m94:[0m Command EC validated successfully (latency: 1 µs)
[2m2025-09-03T07:37:28.446704Z[0m [32m INFO[0m [2m100:[0m Command validated: EC
[2m2025-09-03T07:37:28.447015Z[0m [32m INFO[0m [2m102:[0m About to send command: EC
[2m2025-09-03T07:37:28.448217Z[0m [32m INFO[0m [2m32:[0m Command sent: [4, 0, 0, 0, 0, 0, 0, 0, 67, 77, 50, 50, 0, 0, 0, 0, 0, 0, 73, 64, 50, 0, 0, 0, 0, 0, 0, 0, 120, 156, 1, 39, 0, 216, 255, 123, 34, 99, 111, 109, 109, 97, 110, 100, 95, 116, 121, 112, 101, 34, 58, 34, 69, 67, 34, 44, 34, 109, 101, 115, 115, 97, 103, 101, 34, 58, 34, 72, 101, 108, 108, 111, 34, 125, 12, 19, 13, 10]
[2m2025-09-03T07:37:28.448389Z[0m [32m INFO[0m [2m139:[0m ✅ Command EC completed 1987 ms before its deadline
[2m2025-09-03T07:37:38.427129Z[0m [32m INFO[0m [2m78:[0m Scheduling drift: difference between scheduled and actual task start times for command PG: 15ms
[2m2025-09-03T07:37:38.427661Z[0m [32m INFO[0m [2m94:[0m Command PG validated successfully (latency: 1 µs)
[2m2025-09-03T07:37:38.427870Z[0m [32m INFO[0m [2m100:[0m Command validated: PG
[2m2025-09-03T07:37:38.428081Z[0m [32m INFO[0m [2m102:[0m About to send command: PG
[2m2025-09-03T07:37:38.429164Z[0m [32m INFO[0m [2m32:[0m Command sent: [4, 0, 0, 0, 0, 0, 0, 0, 67, 77, 50, 51, 0, 0, 0, 0, 0, 128, 71, 64, 47, 0, 0, 0, 0, 0, 0, 0, 120, 156, 1, 36, 0, 219, 255, 123, 34, 99, 111, 109, 109, 97, 110, 100, 95, 116, 121, 112, 101, 34, 58, 34, 80, 71, 34, 44, 34, 109, 101, 115, 115, 97, 103, 101, 34, 58, 110, 117, 108, 108, 125, 233, 113, 12, 156]
[2m2025-09-03T07:37:38.429334Z[0m [32m INFO[0m [2m139:[0m ✅ Command PG completed 1982 ms before its deadline
[2m2025-09-03T07:37:38.457727Z[0m [32m INFO[0m [2m78:[0m Scheduling drift: difference between scheduled and actual task start times for command EC: 9ms
[2m2025-09-03T07:37:38.458176Z[0m [32m INFO[0m [2m94:[0m Command EC validated successfully (latency: 2 µs)
[2m2025-09-03T07:37:38.458510Z[0m [32m INFO[0m [2m100:[0m Command validated: EC
[2m2025-09-03T07:37:38.458710Z[0m [32m INFO[0m [2m102:[0m About to send command: EC
[2m2025-09-03T07:37:38.459834Z[0m [32m INFO[0m [2m32:[0m Command sent: [4, 0, 0, 0, 0, 0, 0, 0, 67, 77, 50, 52, 0, 0, 0, 0, 0, 0, 73, 64, 50, 0, 0, 0, 0, 0, 0, 0, 120, 156, 1, 39, 0, 216, 255, 123, 34, 99, 111, 109, 109, 97, 110, 100, 95, 116, 121, 112, 101, 34, 58, 34, 69, 67, 34, 44, 34, 109, 101, 115, 115, 97, 103, 101, 34, 58, 34, 72, 101, 108, 108, 111, 34, 125, 12, 19, 13, 10]
[2m2025-09-03T07:37:38.460004Z[0m [32m INFO[0m [2m139:[0m ✅ Command EC completed 1988 ms before its deadline
[2m2025-09-03T07:37:43.391551Z[0m [32m INFO[0m [2m78:[0m Scheduling drift: difference between scheduled and actual task start times for command SC: 2ms
[2m2025-09-03T07:37:43.392053Z[0m [32m INFO[0m [2m94:[0m Command SC validated successfully (latency: 9 µs)
[2m2025-09-03T07:37:43.392333Z[0m [32m INFO[0m [2m100:[0m Command validated: SC
[2m2025-09-03T07:37:43.392536Z[0m [32m INFO[0m [2m102:[0m About to send command: SC
[2m2025-09-03T07:37:43.393587Z[0m [32m INFO[0m [2m32:[0m Command sent: [4, 0, 0, 0, 0, 0, 0, 0, 67, 77, 50, 53, 0, 0, 0, 0, 0, 128, 71, 64, 47, 0, 0, 0, 0, 0, 0, 0, 120, 156, 1, 36, 0, 219, 255, 123, 34, 99, 111, 109, 109, 97, 110, 100, 95, 116, 121, 112, 101, 34, 58, 34, 83, 67, 34, 44, 34, 109, 101, 115, 115, 97, 103, 101, 34, 58, 110, 117, 108, 108, 125, 233, 98, 12, 155]
[2m2025-09-03T07:37:43.393760Z[0m [32m INFO[0m [2m139:[0m ✅ Command SC completed 1995 ms before its deadline
[2m2025-09-03T07:37:48.471173Z[0m [32m INFO[0m [2m78:[0m Scheduling drift: difference between scheduled and actual task start times for command EC: 11ms
[2m2025-09-03T07:37:48.471551Z[0m [32m INFO[0m [2m94:[0m Command EC validated successfully (latency: 1 µs)
[2m2025-09-03T07:37:48.471774Z[0m [32m INFO[0m [2m100:[0m Command validated: EC
[2m2025-09-03T07:37:48.471916Z[0m [32m INFO[0m [2m102:[0m About to send command: EC
[2m2025-09-03T07:37:48.473035Z[0m [32m INFO[0m [2m32:[0m Command sent: [4, 0, 0, 0, 0, 0, 0, 0, 67, 77, 50, 54, 0, 0, 0, 0, 0, 0, 73, 64, 50, 0, 0, 0, 0, 0, 0, 0, 120, 156, 1, 39, 0, 216, 255, 123, 34, 99, 111, 109, 109, 97, 110, 100, 95, 116, 121, 112, 101, 34, 58, 34, 69, 67, 34, 44, 34, 109, 101, 115, 115, 97, 103, 101, 34, 58, 34, 72, 101, 108, 108, 111, 34, 125, 12, 19, 13, 10]
[2m2025-09-03T07:37:48.473223Z[0m [32m INFO[0m [2m139:[0m ✅ Command EC completed 1986 ms before its deadline
[2m2025-09-03T07:37:53.440823Z[0m [32m INFO[0m [2m78:[0m Scheduling drift: difference between scheduled and actual task start times for command PG: 11ms
[2m2025-09-03T07:37:53.441237Z[0m [32m INFO[0m [2m94:[0m Command PG validated successfully (latency: 1 µs)
[2m2025-09-03T07:37:53.441639Z[0m [32m INFO[0m [2m100:[0m Command validated: PG
[2m2025-09-03T07:37:53.441821Z[0m [32m INFO[0m [2m102:[0m About to send command: PG
[2m2025-09-03T07:37:53.442980Z[0m [32m INFO[0m [2m32:[0m Command sent: [4, 0, 0, 0, 0, 0, 0, 0, 67, 77, 50, 55, 0, 0, 0, 0, 0, 128, 71, 64, 47, 0, 0, 0, 0, 0, 0, 0, 120, 156, 1, 36, 0, 219, 255, 123, 34, 99, 111, 109, 109, 97, 110, 100, 95, 116, 121, 112, 101, 34, 58, 34, 80, 71, 34, 44, 34, 109, 101, 115, 115, 97, 103, 101, 34, 58, 110, 117, 108, 108, 125, 233, 113, 12, 156]
[2m2025-09-03T07:37:53.443159Z[0m [32m INFO[0m [2m139:[0m ✅ Command PG completed 1986 ms before its deadline
[2m2025-09-03T07:37:58.485137Z[0m [32m INFO[0m [2m78:[0m Scheduling drift: difference between scheduled and actual task start times for command EC: 11ms
[2m2025-09-03T07:37:58.485701Z[0m [32m INFO[0m [2m94:[0m Command EC validated successfully (latency: 1 µs)
[2m2025-09-03T07:37:58.486054Z[0m [32m INFO[0m [2m100:[0m Command validated: EC
[2m2025-09-03T07:37:58.486291Z[0m [32m INFO[0m [2m102:[0m About to send command: EC
[2m2025-09-03T07:37:58.487337Z[0m [32m INFO[0m [2m32:[0m Command sent: [4, 0, 0, 0, 0, 0, 0, 0, 67, 77, 50, 56, 0, 0, 0, 0, 0, 0, 73, 64, 50, 0, 0, 0, 0, 0, 0, 0, 120, 156, 1, 39, 0, 216, 255, 123, 34, 99, 111, 109, 109, 97, 110, 100, 95, 116, 121, 112, 101, 34, 58, 34, 69, 67, 34, 44, 34, 109, 101, 115, 115, 97, 103, 101, 34, 58, 34, 72, 101, 108, 108, 111, 34, 125, 12, 19, 13, 10]
[2m2025-09-03T07:37:58.487519Z[0m [32m INFO[0m [2m139:[0m ✅ Command EC completed 1985 ms before its deadline
[2m2025-09-03T07:38:08.398467Z[0m [32m INFO[0m [2m78:[0m Scheduling drift: difference between scheduled and actual task start times for command SC: 4ms
[2m2025-09-03T07:38:08.398780Z[0m [32m INFO[0m [2m94:[0m Command SC validated successfully (latency: 1 µs)
[2m2025-09-03T07:38:08.399105Z[0m [32m INFO[0m [2m100:[0m Command validated: SC
[2m2025-09-03T07:38:08.399570Z[0m [32m INFO[0m [2m102:[0m About to send command: SC
[2m2025-09-03T07:38:08.400745Z[0m [32m INFO[0m [2m32:[0m Command sent: [4, 0, 0, 0, 0, 0, 0, 0, 67, 77, 50, 57, 0, 0, 0, 0, 0, 128, 71, 64, 47, 0, 0, 0, 0, 0, 0, 0, 120, 156, 1, 36, 0, 219, 255, 123, 34, 99, 111, 109, 109, 97, 110, 100, 95, 116, 121, 112, 101, 34, 58, 34, 83, 67, 34, 44, 34, 109, 101, 115, 115, 97, 103, 101, 34, 58, 110, 117, 108, 108, 125, 233, 98, 12, 155]
[2m2025-09-03T07:38:08.400902Z[0m [32m INFO[0m [2m139:[0m ✅ Command SC completed 1992 ms before its deadline
[2m2025-09-03T07:38:08.445543Z[0m [32m INFO[0m [2m78:[0m Scheduling drift: difference between scheduled and actual task start times for command PG: 2ms
[2m2025-09-03T07:38:08.445910Z[0m [32m INFO[0m [2m94:[0m Command PG validated successfully (latency: 2 µs)
[2m2025-09-03T07:38:08.446127Z[0m [32m INFO[0m [2m100:[0m Command validated: PG
[2m2025-09-03T07:38:08.446373Z[0m [32m INFO[0m [2m102:[0m About to send command: PG
[2m2025-09-03T07:38:08.447516Z[0m [32m INFO[0m [2m32:[0m Command sent: [4, 0, 0, 0, 0, 0, 0, 0, 67, 77, 51, 48, 0, 0, 0, 0, 0, 128, 71, 64, 47, 0, 0, 0, 0, 0, 0, 0, 120, 156, 1, 36, 0, 219, 255, 123, 34, 99, 111, 109, 109, 97, 110, 100, 95, 116, 121, 112, 101, 34, 58, 34, 80, 71, 34, 44, 34, 109, 101, 115, 115, 97, 103, 101, 34, 58, 110, 117, 108, 108, 125, 233, 113, 12, 156]
[2m2025-09-03T07:38:08.447705Z[0m [32m INFO[0m [2m139:[0m ✅ Command PG completed 1995 ms before its deadline
[2m2025-09-03T07:38:08.492110Z[0m [32m INFO[0m [2m78:[0m Scheduling drift: difference between scheduled and actual task start times for command EC: 4ms
[2m2025-09-03T07:38:08.492630Z[0m [32m INFO[0m [2m94:[0m Command EC validated successfully (latency: 2 µs)
[2m2025-09-03T07:38:08.492821Z[0m [32m INFO[0m [2m100:[0m Command validated: EC
[2m2025-09-03T07:38:08.493001Z[0m [32m INFO[0m [2m102:[0m About to send command: EC
[2m2025-09-03T07:38:08.494148Z[0m [32m INFO[0m [2m32:[0m Command sent: [4, 0, 0, 0, 0, 0, 0, 0, 67, 77, 51, 49, 0, 0, 0, 0, 0, 0, 73, 64, 50, 0, 0, 0, 0, 0, 0, 0, 120, 156, 1, 39, 0, 216, 255, 123, 34, 99, 111, 109, 109, 97, 110, 100, 95, 116, 121, 112, 101, 34, 58, 34, 69, 67, 34, 44, 34, 109, 101, 115, 115, 97, 103, 101, 34, 58, 34, 72, 101, 108, 108, 111, 34, 125, 12, 19, 13, 10]
[2m2025-09-03T07:38:08.494323Z[0m [32m INFO[0m [2m139:[0m ✅ Command EC completed 1993 ms before its deadline
[2m2025-09-03T07:38:18.503619Z[0m [32m INFO[0m [2m78:[0m Scheduling drift: difference between scheduled and actual task start times for command EC: 9ms
[2m2025-09-03T07:38:18.503942Z[0m [32m INFO[0m [2m94:[0m Command EC validated successfully (latency: 1 µs)
[2m2025-09-03T07:38:18.504087Z[0m [32m INFO[0m [2m100:[0m Command validated: EC
[2m2025-09-03T07:38:18.504268Z[0m [32m INFO[0m [2m102:[0m About to send command: EC
[2m2025-09-03T07:38:18.505391Z[0m [32m INFO[0m [2m32:[0m Command sent: [4, 0, 0, 0, 0, 0, 0, 0, 67, 77, 51, 50, 0, 0, 0, 0, 0, 0, 73, 64, 50, 0, 0, 0, 0, 0, 0, 0, 120, 156, 1, 39, 0, 216, 255, 123, 34, 99, 111, 109, 109, 97, 110, 100, 95, 116, 121, 112, 101, 34, 58, 34, 69, 67, 34, 44, 34, 109, 101, 115, 115, 97, 103, 101, 34, 58, 34, 72, 101, 108, 108, 111, 34, 125, 12, 19, 13, 10]
[2m2025-09-03T07:38:18.505569Z[0m [32m INFO[0m [2m139:[0m ✅ Command EC completed 1988 ms before its deadline
[2m2025-09-03T07:38:23.455382Z[0m [32m INFO[0m [2m78:[0m Scheduling drift: difference between scheduled and actual task start times for command PG: 7ms
[2m2025-09-03T07:38:23.455848Z[0m [32m INFO[0m [2m94:[0m Command PG validated successfully (latency: 1 µs)
[2m2025-09-03T07:38:23.456003Z[0m [32m INFO[0m [2m100:[0m Command validated: PG
[2m2025-09-03T07:38:23.456146Z[0m [32m INFO[0m [2m102:[0m About to send command: PG
[2m2025-09-03T07:38:23.457252Z[0m [32m INFO[0m [2m32:[0m Command sent: [4, 0, 0, 0, 0, 0, 0, 0, 67, 77, 51, 51, 0, 0, 0, 0, 0, 128, 71, 64, 47, 0, 0, 0, 0, 0, 0, 0, 120, 156, 1, 36, 0, 219, 255, 123, 34, 99, 111, 109, 109, 97, 110, 100, 95, 116, 121, 112, 101, 34, 58, 34, 80, 71, 34, 44, 34, 109, 101, 115, 115, 97, 103, 101, 34, 58, 110, 117, 108, 108, 125, 233, 113, 12, 156]
[2m2025-09-03T07:38:23.457425Z[0m [32m INFO[0m [2m139:[0m ✅ Command PG completed 1990 ms before its deadline
[2m2025-09-03T07:38:28.520925Z[0m [32m INFO[0m [2m78:[0m Scheduling drift: difference between scheduled and actual task start times for command EC: 15ms
[2m2025-09-03T07:38:28.521270Z[0m [32m INFO[0m [2m94:[0m Command EC validated successfully (latency: 0 µs)
[2m2025-09-03T07:38:28.521461Z[0m [32m INFO[0m [2m100:[0m Command validated: EC
[2m2025-09-03T07:38:28.521604Z[0m [32m INFO[0m [2m102:[0m About to send command: EC
[2m2025-09-03T07:38:28.522702Z[0m [32m INFO[0m [2m32:[0m Command sent: [4, 0, 0, 0, 0, 0, 0, 0, 67, 77, 51, 52, 0, 0, 0, 0, 0, 0, 73, 64, 50, 0, 0, 0, 0, 0, 0, 0, 120, 156, 1, 39, 0, 216, 255, 123, 34, 99, 111, 109, 109, 97, 110, 100, 95, 116, 121, 112, 101, 34, 58, 34, 69, 67, 34, 44, 34, 109, 101, 115, 115, 97, 103, 101, 34, 58, 34, 72, 101, 108, 108, 111, 34, 125, 12, 19, 13, 10]
[2m2025-09-03T07:38:28.522909Z[0m [32m INFO[0m [2m139:[0m ✅ Command EC completed 1982 ms before its deadline
[2m2025-09-03T07:38:33.413002Z[0m [32m INFO[0m [2m78:[0m Scheduling drift: difference between scheduled and actual task start times for command SC: 11ms
[2m2025-09-03T07:38:33.413281Z[0m [32m INFO[0m [2m94:[0m Command SC validated successfully (latency: 1 µs)
[2m2025-09-03T07:38:33.413438Z[0m [32m INFO[0m [2m100:[0m Command validated: SC
[2m2025-09-03T07:38:33.413567Z[0m [32m INFO[0m [2m102:[0m About to send command: SC
[2m2025-09-03T07:38:33.414689Z[0m [32m INFO[0m [2m32:[0m Command sent: [4, 0, 0, 0, 0, 0, 0, 0, 67, 77, 51, 53, 0, 0, 0, 0, 0, 128, 71, 64, 47, 0, 0, 0, 0, 0, 0, 0, 120, 156, 1, 36, 0, 219, 255, 123, 34, 99, 111, 109, 109, 97, 110, 100, 95, 116, 121, 112, 101, 34, 58, 34, 83, 67, 34, 44, 34, 109, 101, 115, 115, 97, 103, 101, 34, 58, 110, 117, 108, 108, 125, 233, 98, 12, 155]
[2m2025-09-03T07:38:33.414974Z[0m [32m INFO[0m [2m139:[0m ✅ Command SC completed 1986 ms before its deadline
[2m2025-09-03T07:38:38.473699Z[0m [32m INFO[0m [2m78:[0m Scheduling drift: difference between scheduled and actual task start times for command PG: 16ms
[2m2025-09-03T07:38:38.474038Z[0m [32m INFO[0m [2m94:[0m Command PG validated successfully (latency: 1 µs)
[2m2025-09-03T07:38:38.474274Z[0m [32m INFO[0m [2m100:[0m Command validated: PG
[2m2025-09-03T07:38:38.474472Z[0m [32m INFO[0m [2m102:[0m About to send command: PG
[2m2025-09-03T07:38:38.475575Z[0m [32m INFO[0m [2m32:[0m Command sent: [4, 0, 0, 0, 0, 0, 0, 0, 67, 77, 51, 54, 0, 0, 0, 0, 0, 128, 71, 64, 47, 0, 0, 0, 0, 0, 0, 0, 120, 156, 1, 36, 0, 219, 255, 123, 34, 99, 111, 109, 109, 97, 110, 100, 95, 116, 121, 112, 101, 34, 58, 34, 80, 71, 34, 44, 34, 109, 101, 115, 115, 97, 103, 101, 34, 58, 110, 117, 108, 108, 125, 233, 113, 12, 156]
[2m2025-09-03T07:38:38.475746Z[0m [32m INFO[0m [2m139:[0m ✅ Command PG completed 1981 ms before its deadline
[2m2025-09-03T07:38:38.536309Z[0m [32m INFO[0m [2m78:[0m Scheduling drift: difference between scheduled and actual task start times for command EC: 13ms
[2m2025-09-03T07:38:38.536734Z[0m [32m INFO[0m [2m94:[0m Command EC validated successfully (latency: 1 µs)
[2m2025-09-03T07:38:38.536954Z[0m [32m INFO[0m [2m100:[0m Command validated: EC
[2m2025-09-03T07:38:38.537107Z[0m [32m INFO[0m [2m102:[0m About to send command: EC
[2m2025-09-03T07:38:38.538256Z[0m [32m INFO[0m [2m32:[0m Command sent: [4, 0, 0, 0, 0, 0, 0, 0, 67, 77, 51, 55, 0, 0, 0, 0, 0, 0, 73, 64, 50, 0, 0, 0, 0, 0, 0, 0, 120, 156, 1, 39, 0, 216, 255, 123, 34, 99, 111, 109, 109, 97, 110, 100, 95, 116, 121, 112, 101, 34, 58, 34, 69, 67, 34, 44, 34, 109, 101, 115, 115, 97, 103, 101, 34, 58, 34, 72, 101, 108, 108, 111, 34, 125, 12, 19, 13, 10]
[2m2025-09-03T07:38:38.538429Z[0m [32m INFO[0m [2m139:[0m ✅ Command EC completed 1984 ms before its deadline
[2m2025-09-03T07:38:48.543394Z[0m [32m INFO[0m [2m78:[0m Scheduling drift: difference between scheduled and actual task start times for command EC: 4ms
[2m2025-09-03T07:38:48.543924Z[0m [32m INFO[0m [2m94:[0m Command EC validated successfully (latency: 2 µs)
[2m2025-09-03T07:38:48.544224Z[0m [32m INFO[0m [2m100:[0m Command validated: EC
[2m2025-09-03T07:38:48.544427Z[0m [32m INFO[0m [2m102:[0m About to send command: EC
[2m2025-09-03T07:38:48.545472Z[0m [32m INFO[0m [2m32:[0m Command sent: [4, 0, 0, 0, 0, 0, 0, 0, 67, 77, 51, 56, 0, 0, 0, 0, 0, 0, 73, 64, 50, 0, 0, 0, 0, 0, 0, 0, 120, 156, 1, 39, 0, 216, 255, 123, 34, 99, 111, 109, 109, 97, 110, 100, 95, 116, 121, 112, 101, 34, 58, 34, 69, 67, 34, 44, 34, 109, 101, 115, 115, 97, 103, 101, 34, 58, 34, 72, 101, 108, 108, 111, 34, 125, 12, 19, 13, 10]
[2m2025-09-03T07:38:48.545644Z[0m [32m INFO[0m [2m139:[0m ✅ Command EC completed 1992 ms before its deadline
[2m2025-09-03T07:38:53.479538Z[0m [32m INFO[0m [2m78:[0m Scheduling drift: difference between scheduled and actual task start times for command PG: 3ms
[2m2025-09-03T07:38:53.479960Z[0m [32m INFO[0m [2m94:[0m Command PG validated successfully (latency: 1 µs)
[2m2025-09-03T07:38:53.480160Z[0m [32m INFO[0m [2m100:[0m Command validated: PG
[2m2025-09-03T07:38:53.480360Z[0m [32m INFO[0m [2m102:[0m About to send command: PG
[2m2025-09-03T07:38:53.481480Z[0m [32m INFO[0m [2m32:[0m Command sent: [4, 0, 0, 0, 0, 0, 0, 0, 67, 77, 51, 57, 0, 0, 0, 0, 0, 128, 71, 64, 47, 0, 0, 0, 0, 0, 0, 0, 120, 156, 1, 36, 0, 219, 255, 123, 34, 99, 111, 109, 109, 97, 110, 100, 95, 116, 121, 112, 101, 34, 58, 34, 80, 71, 34, 44, 34, 109, 101, 115, 115, 97, 103, 101, 34, 58, 110, 117, 108, 108, 125, 233, 113, 12, 156]
[2m2025-09-03T07:38:53.481682Z[0m [32m INFO[0m [2m139:[0m ✅ Command PG completed 1994 ms before its deadline
[2m2025-09-03T07:38:58.429422Z[0m [32m INFO[0m [2m78:[0m Scheduling drift: difference between scheduled and actual task start times for command SC: 14ms
[2m2025-09-03T07:38:58.429899Z[0m [32m INFO[0m [2m94:[0m Command SC validated successfully (latency: 1 µs)
[2m2025-09-03T07:38:58.430229Z[0m [32m INFO[0m [2m100:[0m Command validated: SC
[2m2025-09-03T07:38:58.430398Z[0m [32m INFO[0m [2m102:[0m About to send command: SC
[2m2025-09-03T07:38:58.431545Z[0m [32m INFO[0m [2m32:[0m Command sent: [4, 0, 0, 0, 0, 0, 0, 0, 67, 77, 52, 48, 0, 0, 0, 0, 0, 128, 71, 64, 47, 0, 0, 0, 0, 0, 0, 0, 120, 156, 1, 36, 0, 219, 255, 123, 34, 99, 111, 109, 109, 97, 110, 100, 95, 116, 121, 112, 101, 34, 58, 34, 83, 67, 34, 44, 34, 109, 101, 115, 115, 97, 103, 101, 34, 58, 110, 117, 108, 108, 125, 233, 98, 12, 155]
[2m2025-09-03T07:38:58.431728Z[0m [32m INFO[0m [2m139:[0m ✅ Command SC completed 1983 ms before its deadline
[2m2025-09-03T07:38:58.554154Z[0m [32m INFO[0m [2m78:[0m Scheduling drift: difference between scheduled and actual task start times for command EC: 8ms
[2m2025-09-03T07:38:58.554416Z[0m [32m INFO[0m [2m94:[0m Command EC validated successfully (latency: 1 µs)
[2m2025-09-03T07:38:58.554643Z[0m [32m INFO[0m [2m100:[0m Command validated: EC
[2m2025-09-03T07:38:58.554773Z[0m [32m INFO[0m [2m102:[0m About to send command: EC
[2m2025-09-03T07:38:58.555932Z[0m [32m INFO[0m [2m32:[0m Command sent: [4, 0, 0, 0, 0, 0, 0, 0, 67, 77, 52, 49, 0, 0, 0, 0, 0, 0, 73, 64, 50, 0, 0, 0, 0, 0, 0, 0, 120, 156, 1, 39, 0, 216, 255, 123, 34, 99, 111, 109, 109, 97, 110, 100, 95, 116, 121, 112, 101, 34, 58, 34, 69, 67, 34, 44, 34, 109, 101, 115, 115, 97, 103, 101, 34, 58, 34, 72, 101, 108, 108, 111, 34, 125, 12, 19, 13, 10]
[2m2025-09-03T07:38:58.556108Z[0m [32m INFO[0m [2m139:[0m ✅ Command EC completed 1989 ms before its deadline
[2m2025-09-03T07:39:08.490409Z[0m [32m INFO[0m [2m78:[0m Scheduling drift: difference between scheduled and actual task start times for command PG: 8ms
[2m2025-09-03T07:39:08.490703Z[0m [32m INFO[0m [2m94:[0m Command PG validated successfully (latency: 1 µs)
[2m2025-09-03T07:39:08.490896Z[0m [32m INFO[0m [2m100:[0m Command validated: PG
[2m2025-09-03T07:39:08.491097Z[0m [32m INFO[0m [2m102:[0m About to send command: PG
[2m2025-09-03T07:39:08.492033Z[0m [32m INFO[0m [2m32:[0m Command sent: [4, 0, 0, 0, 0, 0, 0, 0, 67, 77, 52, 50, 0, 0, 0, 0, 0, 128, 71, 64, 47, 0, 0, 0, 0, 0, 0, 0, 120, 156, 1, 36, 0, 219, 255, 123, 34, 99, 111, 109, 109, 97, 110, 100, 95, 116, 121, 112, 101, 34, 58, 34, 80, 71, 34, 44, 34, 109, 101, 115, 115, 97, 103, 101, 34, 58, 110, 117, 108, 108, 125, 233, 113, 12, 156]
[2m2025-09-03T07:39:08.492204Z[0m [32m INFO[0m [2m139:[0m ✅ Command PG completed 1989 ms before its deadline
[2m2025-09-03T07:39:08.569661Z[0m [32m INFO[0m [2m78:[0m Scheduling drift: difference between scheduled and actual task start times for command EC: 13ms
[2m2025-09-03T07:39:08.570062Z[0m [32m INFO[0m [2m94:[0m Command EC validated successfully (latency: 1 µs)
[2m2025-09-03T07:39:08.570376Z[0m [32m INFO[0m [2m100:[0m Command validated: EC
[2m2025-09-03T07:39:08.570547Z[0m [32m INFO[0m [2m102:[0m About to send command: EC
[2m2025-09-03T07:39:08.571725Z[0m [32m INFO[0m [2m32:[0m Command sent: [4, 0, 0, 0, 0, 0, 0, 0, 67, 77, 52, 51, 0, 0, 0, 0, 0, 0, 73, 64, 50, 0, 0, 0, 0, 0, 0, 0, 120, 156, 1, 39, 0, 216, 255, 123, 34, 99, 111, 109, 109, 97, 110, 100, 95, 116, 121, 112, 101, 34, 58, 34, 69, 67, 34, 44, 34, 109, 101, 115, 115, 97, 103, 101, 34, 58, 34, 72, 101, 108, 108, 111, 34, 125, 12, 19, 13, 10]
[2m2025-09-03T07:39:08.571921Z[0m [32m INFO[0m [2m139:[0m ✅ Command EC completed 1984 ms before its deadline
[2m2025-09-03T07:39:18.577007Z[0m [32m INFO[0m [2m78:[0m Scheduling drift: difference between scheduled and actual task start times for command EC: 4ms
[2m2025-09-03T07:39:18.577333Z[0m [32m INFO[0m [2m94:[0m Command EC validated successfully (latency: 1 µs)
[2m2025-09-03T07:39:18.577517Z[0m [32m INFO[0m [2m100:[0m Command validated: EC
[2m2025-09-03T07:39:18.577645Z[0m [32m INFO[0m [2m102:[0m About to send command: EC
[2m2025-09-03T07:39:18.578624Z[0m [32m INFO[0m [2m32:[0m Command sent: [4, 0, 0, 0, 0, 0, 0, 0, 67, 77, 52, 52, 0, 0, 0, 0, 0, 0, 73, 64, 50, 0, 0, 0, 0, 0, 0, 0, 120, 156, 1, 39, 0, 216, 255, 123, 34, 99, 111, 109, 109, 97, 110, 100, 95, 116, 121, 112, 101, 34, 58, 34, 69, 67, 34, 44, 34, 109, 101, 115, 115, 97, 103, 101, 34, 58, 34, 72, 101, 108, 108, 111, 34, 125, 12, 19, 13, 10]
[2m2025-09-03T07:39:18.578784Z[0m [32m INFO[0m [2m139:[0m ✅ Command EC completed 1993 ms before its deadline
[2m2025-09-03T07:39:23.432638Z[0m [32m INFO[0m [2m78:[0m Scheduling drift: difference between scheduled and actual task start times for command SC: 0ms
[2m2025-09-03T07:39:23.433281Z[0m [32m INFO[0m [2m94:[0m Command SC validated successfully (latency: 2 µs)
[2m2025-09-03T07:39:23.433887Z[0m [32m INFO[0m [2m100:[0m Command validated: SC
[2m2025-09-03T07:39:23.434072Z[0m [32m INFO[0m [2m102:[0m About to send command: SC
[2m2025-09-03T07:39:23.435273Z[0m [32m INFO[0m [2m32:[0m Command sent: [4, 0, 0, 0, 0, 0, 0, 0, 67, 77, 52, 53, 0, 0, 0, 0, 0, 128, 71, 64, 47, 0, 0, 0, 0, 0, 0, 0, 120, 156, 1, 36, 0, 219, 255, 123, 34, 99, 111, 109, 109, 97, 110, 100, 95, 116, 121, 112, 101, 34, 58, 34, 83, 67, 34, 44, 34, 109, 101, 115, 115, 97, 103, 101, 34, 58, 110, 117, 108, 108, 125, 233, 98, 12, 155]
[2m2025-09-03T07:39:23.435460Z[0m [32m INFO[0m [2m139:[0m ✅ Command SC completed 1996 ms before its deadline
[2m2025-09-03T07:39:23.495862Z[0m [32m INFO[0m [2m78:[0m Scheduling drift: difference between scheduled and actual task start times for command PG: 3ms
[2m2025-09-03T07:39:23.496316Z[0m [32m INFO[0m [2m94:[0m Command PG validated successfully (latency: 1 µs)
[2m2025-09-03T07:39:23.496531Z[0m [32m INFO[0m [2m100:[0m Command validated: PG
[2m2025-09-03T07:39:23.496776Z[0m [32m INFO[0m [2m102:[0m About to send command: PG
[2m2025-09-03T07:39:23.497929Z[0m [32m INFO[0m [2m32:[0m Command sent: [4, 0, 0, 0, 0, 0, 0, 0, 67, 77, 52, 54, 0, 0, 0, 0, 0, 128, 71, 64, 47, 0, 0, 0, 0, 0, 0, 0, 120, 156, 1, 36, 0, 219, 255, 123, 34, 99, 111, 109, 109, 97, 110, 100, 95, 116, 121, 112, 101, 34, 58, 34, 80, 71, 34, 44, 34, 109, 101, 115, 115, 97, 103, 101, 34, 58, 110, 117, 108, 108, 125, 233, 113, 12, 156]
[2m2025-09-03T07:39:23.498077Z[0m [32m INFO[0m [2m139:[0m ✅ Command PG completed 1994 ms before its deadline
[2m2025-09-03T07:39:28.588370Z[0m [32m INFO[0m [2m78:[0m Scheduling drift: difference between scheduled and actual task start times for command EC: 9ms
[2m2025-09-03T07:39:28.588751Z[0m [32m INFO[0m [2m94:[0m Command EC validated successfully (latency: 1 µs)
[2m2025-09-03T07:39:28.588975Z[0m [32m INFO[0m [2m100:[0m Command validated: EC
[2m2025-09-03T07:39:28.589133Z[0m [32m INFO[0m [2m102:[0m About to send command: EC
[2m2025-09-03T07:39:28.590324Z[0m [32m INFO[0m [2m32:[0m Command sent: [4, 0, 0, 0, 0, 0, 0, 0, 67, 77, 52, 55, 0, 0, 0, 0, 0, 0, 73, 64, 50, 0, 0, 0, 0, 0, 0, 0, 120, 156, 1, 39, 0, 216, 255, 123, 34, 99, 111, 109, 109, 97, 110, 100, 95, 116, 121, 112, 101, 34, 58, 34, 69, 67, 34, 44, 34, 109, 101, 115, 115, 97, 103, 101, 34, 58, 34, 72, 101, 108, 108, 111, 34, 125, 12, 19, 13, 10]
[2m2025-09-03T07:39:28.590500Z[0m [32m INFO[0m [2m139:[0m ✅ Command EC completed 1988 ms before its deadline
[2m2025-09-03T07:39:38.509162Z[0m [32m INFO[0m [2m78:[0m Scheduling drift: difference between scheduled and actual task start times for command PG: 10ms
[2m2025-09-03T07:39:38.509643Z[0m [32m INFO[0m [2m94:[0m Command PG validated successfully (latency: 3 µs)
[2m2025-09-03T07:39:38.509844Z[0m [32m INFO[0m [2m100:[0m Command validated: PG
[2m2025-09-03T07:39:38.510017Z[0m [32m INFO[0m [2m102:[0m About to send command: PG
[2m2025-09-03T07:39:38.511174Z[0m [32m INFO[0m [2m32:[0m Command sent: [4, 0, 0, 0, 0, 0, 0, 0, 67, 77, 52, 56, 0, 0, 0, 0, 0, 128, 71, 64, 47, 0, 0, 0, 0, 0, 0, 0, 120, 156, 1, 36, 0, 219, 255, 123, 34, 99, 111, 109, 109, 97, 110, 100, 95, 116, 121, 112, 101, 34, 58, 34, 80, 71, 34, 44, 34, 109, 101, 115, 115, 97, 103, 101, 34, 58, 110, 117, 108, 108, 125, 233, 113, 12, 156]
[2m2025-09-03T07:39:38.511369Z[0m [32m INFO[0m [2m139:[0m ✅ Command PG completed 1986 ms before its deadline
[2m2025-09-03T07:39:38.603407Z[0m [32m INFO[0m [2m78:[0m Scheduling drift: difference between scheduled and actual task start times for command EC: 12ms
[2m2025-09-03T07:39:38.603786Z[0m [32m INFO[0m [2m94:[0m Command EC validated successfully (latency: 1 µs)
[2m2025-09-03T07:39:38.603976Z[0m [32m INFO[0m [2m100:[0m Command validated: EC
[2m2025-09-03T07:39:38.604159Z[0m [32m INFO[0m [2m102:[0m About to send command: EC
[2m2025-09-03T07:39:38.605364Z[0m [32m INFO[0m [2m32:[0m Command sent: [4, 0, 0, 0, 0, 0, 0, 0, 67, 77, 52, 57, 0, 0, 0, 0, 0, 0, 73, 64, 50, 0, 0, 0, 0, 0, 0, 0, 120, 156, 1, 39, 0, 216, 255, 123, 34, 99, 111, 109, 109, 97, 110, 100, 95, 116, 121, 112, 101, 34, 58, 34, 69, 67, 34, 44, 34, 109, 101, 115, 115, 97, 103, 101, 34, 58, 34, 72, 101, 108, 108, 111, 34, 125, 12, 19, 13, 10]
[2m2025-09-03T07:39:38.605555Z[0m [32m INFO[0m [2m139:[0m ✅ Command EC completed 1985 ms before its deadline
[2m2025-09-03T07:39:48.440399Z[0m [32m INFO[0m [2m78:[0m Scheduling drift: difference between scheduled and actual task start times for command SC: 4ms
[2m2025-09-03T07:39:48.440681Z[0m [32m INFO[0m [2m94:[0m Command SC validated successfully (latency: 1 µs)
[2m2025-09-03T07:39:48.440821Z[0m [32m INFO[0m [2m100:[0m Command validated: SC
[2m2025-09-03T07:39:48.440966Z[0m [32m INFO[0m [2m102:[0m About to send command: SC
[2m2025-09-03T07:39:48.441938Z[0m [32m INFO[0m [2m32:[0m Command sent: [4, 0, 0, 0, 0, 0, 0, 0, 67, 77, 53, 48, 0, 0, 0, 0, 0, 128, 71, 64, 47, 0, 0, 0, 0, 0, 0, 0, 120, 156, 1, 36, 0, 219, 255, 123, 34, 99, 111, 109, 109, 97, 110, 100, 95, 116, 121, 112, 101, 34, 58, 34, 83, 67, 34, 44, 34, 109, 101, 115, 115, 97, 103, 101, 34, 58, 110, 117, 108, 108, 125, 233, 98, 12, 155]
[2m2025-09-03T07:39:48.442078Z[0m [32m INFO[0m [2m139:[0m ✅ Command SC completed 1993 ms before its deadline
[2m2025-09-03T07:39:48.610997Z[0m [32m INFO[0m [2m78:[0m Scheduling drift: difference between scheduled and actual task start times for command EC: 5ms
[2m2025-09-03T07:39:48.611530Z[0m [32m INFO[0m [2m94:[0m Command EC validated successfully (latency: 3 µs)
[2m2025-09-03T07:39:48.611866Z[0m [32m INFO[0m [2m100:[0m Command validated: EC
[2m2025-09-03T07:39:48.612060Z[0m [32m INFO[0m [2m102:[0m About to send command: EC
[2m2025-09-03T07:39:48.613288Z[0m [32m INFO[0m [2m32:[0m Command sent: [4, 0, 0, 0, 0, 0, 0, 0, 67, 77, 53, 49, 0, 0, 0, 0, 0, 0, 73, 64, 50, 0, 0, 0, 0, 0, 0, 0, 120, 156, 1, 39, 0, 216, 255, 123, 34, 99, 111, 109, 109, 97, 110, 100, 95, 116, 121, 112, 101, 34, 58, 34, 69, 67, 34, 44, 34, 109, 101, 115, 115, 97, 103, 101, 34, 58, 34, 72, 101, 108, 108, 111, 34, 125, 12, 19, 13, 10]
[2m2025-09-03T07:39:48.613471Z[0m [32m INFO[0m [2m139:[0m ✅ Command EC completed 1992 ms before its deadline
[2m2025-09-03T07:39:53.514000Z[0m [32m INFO[0m [2m78:[0m Scheduling drift: difference between scheduled and actual task start times for command PG: 2ms
[2m2025-09-03T07:39:53.514627Z[0m [32m INFO[0m [2m94:[0m Command PG validated successfully (latency: 2 µs)
[2m2025-09-03T07:39:53.514882Z[0m [32m INFO[0m [2m100:[0m Command validated: PG
[2m2025-09-03T07:39:53.515056Z[0m [32m INFO[0m [2m102:[0m About to send command: PG
[2m2025-09-03T07:39:53.516233Z[0m [32m INFO[0m [2m32:[0m Command sent: [4, 0, 0, 0, 0, 0, 0, 0, 67, 77, 53, 50, 0, 0, 0, 0, 0, 128, 71, 64, 47, 0, 0, 0, 0, 0, 0, 0, 120, 156, 1, 36, 0, 219, 255, 123, 34, 99, 111, 109, 109, 97, 110, 100, 95, 116, 121, 112, 101, 34, 58, 34, 80, 71, 34, 44, 34, 109, 101, 115, 115, 97, 103, 101, 34, 58, 110, 117, 108, 108, 125, 233, 113, 12, 156]
[2m2025-09-03T07:39:53.516439Z[0m [32m INFO[0m [2m139:[0m ✅ Command PG completed 1995 ms before its deadline
[2m2025-09-03T07:39:58.616955Z[0m [32m INFO[0m [2m78:[0m Scheduling drift: difference between scheduled and actual task start times for command EC: 3ms
[2m2025-09-03T07:39:58.617341Z[0m [32m INFO[0m [2m94:[0m Command EC validated successfully (latency: 1 µs)
[2m2025-09-03T07:39:58.617673Z[0m [32m INFO[0m [2m100:[0m Command validated: EC
[2m2025-09-03T07:39:58.617852Z[0m [32m INFO[0m [2m102:[0m About to send command: EC
[2m2025-09-03T07:39:58.618976Z[0m [32m INFO[0m [2m32:[0m Command sent: [4, 0, 0, 0, 0, 0, 0, 0, 67, 77, 53, 51, 0, 0, 0, 0, 0, 0, 73, 64, 50, 0, 0, 0, 0, 0, 0, 0, 120, 156, 1, 39, 0, 216, 255, 123, 34, 99, 111, 109, 109, 97, 110, 100, 95, 116, 121, 112, 101, 34, 58, 34, 69, 67, 34, 44, 34, 109, 101, 115, 115, 97, 103, 101, 34, 58, 34, 72, 101, 108, 108, 111, 34, 125, 12, 19, 13, 10]
[2m2025-09-03T07:39:58.619153Z[0m [32m INFO[0m [2m139:[0m ✅ Command EC completed 1994 ms before its deadline
[2m2025-09-03T07:40:08.525535Z[0m [32m INFO[0m [2m78:[0m Scheduling drift: difference between scheduled and actual task start times for command PG: 8ms
[2m2025-09-03T07:40:08.525931Z[0m [32m INFO[0m [2m94:[0m Command PG validated successfully (latency: 1 µs)
[2m2025-09-03T07:40:08.526191Z[0m [32m INFO[0m [2m100:[0m Command validated: PG
[2m2025-09-03T07:40:08.526401Z[0m [32m INFO[0m [2m102:[0m About to send command: PG
[2m2025-09-03T07:40:08.527434Z[0m [32m INFO[0m [2m32:[0m Command sent: [4, 0, 0, 0, 0, 0, 0, 0, 67, 77, 53, 52, 0, 0, 0, 0, 0, 128, 71, 64, 47, 0, 0, 0, 0, 0, 0, 0, 120, 156, 1, 36, 0, 219, 255, 123, 34, 99, 111, 109, 109, 97, 110, 100, 95, 116, 121, 112, 101, 34, 58, 34, 80, 71, 34, 44, 34, 109, 101, 115, 115, 97, 103, 101, 34, 58, 110, 117, 108, 108, 125, 233, 113, 12, 156]
[2m2025-09-03T07:40:08.527647Z[0m [32m INFO[0m [2m139:[0m ✅ Command PG completed 1989 ms before its deadline
[2m2025-09-03T07:40:08.632497Z[0m [32m INFO[0m [2m78:[0m Scheduling drift: difference between scheduled and actual task start times for command EC: 13ms
[2m2025-09-03T07:40:08.632801Z[0m [32m INFO[0m [2m94:[0m Command EC validated successfully (latency: 1 µs)
[2m2025-09-03T07:40:08.632949Z[0m [32m INFO[0m [2m100:[0m Command validated: EC
[2m2025-09-03T07:40:08.633111Z[0m [32m INFO[0m [2m102:[0m About to send command: EC
[2m2025-09-03T07:40:08.634115Z[0m [32m INFO[0m [2m32:[0m Command sent: [4, 0, 0, 0, 0, 0, 0, 0, 67, 77, 53, 53, 0, 0, 0, 0, 0, 0, 73, 64, 50, 0, 0, 0, 0, 0, 0, 0, 120, 156, 1, 39, 0, 216, 255, 123, 34, 99, 111, 109, 109, 97, 110, 100, 95, 116, 121, 112, 101, 34, 58, 34, 69, 67, 34, 44, 34, 109, 101, 115, 115, 97, 103, 101, 34, 58, 34, 72, 101, 108, 108, 111, 34, 125, 12, 19, 13, 10]
[2m2025-09-03T07:40:08.634275Z[0m [32m INFO[0m [2m139:[0m ✅ Command EC completed 1985 ms before its deadline
[2m2025-09-03T07:40:13.444937Z[0m [32m INFO[0m [2m78:[0m Scheduling drift: difference between scheduled and actual task start times for command SC: 2ms
[2m2025-09-03T07:40:13.445323Z[0m [32m INFO[0m [2m94:[0m Command SC validated successfully (latency: 1 µs)
[2m2025-09-03T07:40:13.445528Z[0m [32m INFO[0m [2m100:[0m Command validated: SC
[2m2025-09-03T07:40:13.445823Z[0m [32m INFO[0m [2m102:[0m About to send command: SC
[2m2025-09-03T07:40:13.446973Z[0m [32m INFO[0m [2m32:[0m Command sent: [4, 0, 0, 0, 0, 0, 0, 0, 67, 77, 53, 54, 0, 0, 0, 0, 0, 128, 71, 64, 47, 0, 0, 0, 0, 0, 0, 0, 120, 156, 1, 36, 0, 219, 255, 123, 34, 99, 111, 109, 109, 97, 110, 100, 95, 116, 121, 112, 101, 34, 58, 34, 83, 67, 34, 44, 34, 109, 101, 115, 115, 97, 103, 101, 34, 58, 110, 117, 108, 108, 125, 233, 98, 12, 155]
[2m2025-09-03T07:40:13.447156Z[0m [32m INFO[0m [2m139:[0m ✅ Command SC completed 1995 ms before its deadline
[2m2025-09-03T07:40:18.647326Z[0m [32m INFO[0m [2m78:[0m Scheduling drift: difference between scheduled and actual task start times for command EC: 12ms
[2m2025-09-03T07:40:18.647769Z[0m [32m INFO[0m [2m94:[0m Command EC validated successfully (latency: 1 µs)
[2m2025-09-03T07:40:18.647942Z[0m [32m INFO[0m [2m100:[0m Command validated: EC
[2m2025-09-03T07:40:18.648109Z[0m [32m INFO[0m [2m102:[0m About to send command: EC
[2m2025-09-03T07:40:18.649293Z[0m [32m INFO[0m [2m32:[0m Command sent: [4, 0, 0, 0, 0, 0, 0, 0, 67, 77, 53, 55, 0, 0, 0, 0, 0, 0, 73, 64, 50, 0, 0, 0, 0, 0, 0, 0, 120, 156, 1, 39, 0, 216, 255, 123, 34, 99, 111, 109, 109, 97, 110, 100, 95, 116, 121, 112, 101, 34, 58, 34, 69, 67, 34, 44, 34, 109, 101, 115, 115, 97, 103, 101, 34, 58, 34, 72, 101, 108, 108, 111, 34, 125, 12, 19, 13, 10]
[2m2025-09-03T07:40:18.649470Z[0m [32m INFO[0m [2m139:[0m ✅ Command EC completed 1984 ms before its deadline
[2m2025-09-03T07:40:23.533122Z[0m [32m INFO[0m [2m78:[0m Scheduling drift: difference between scheduled and actual task start times for command PG: 5ms
[2m2025-09-03T07:40:23.533532Z[0m [32m INFO[0m [2m94:[0m Command PG validated successfully (latency: 1 µs)
[2m2025-09-03T07:40:23.533676Z[0m [32m INFO[0m [2m100:[0m Command validated: PG
[2m2025-09-03T07:40:23.533820Z[0m [32m INFO[0m [2m102:[0m About to send command: PG
[2m2025-09-03T07:40:23.534832Z[0m [32m INFO[0m [2m32:[0m Command sent: [4, 0, 0, 0, 0, 0, 0, 0, 67, 77, 53, 56, 0, 0, 0, 0, 0, 128, 71, 64, 47, 0, 0, 0, 0, 0, 0, 0, 120, 156, 1, 36, 0, 219, 255, 123, 34, 99, 111, 109, 109, 97, 110, 100, 95, 116, 121, 112, 101, 34, 58, 34, 80, 71, 34, 44, 34, 109, 101, 115, 115, 97, 103, 101, 34, 58, 110, 117, 108, 108, 125, 233, 113, 12, 156]
[2m2025-09-03T07:40:23.534994Z[0m [32m INFO[0m [2m139:[0m ✅ Command PG completed 1992 ms before its deadline
[2m2025-09-03T07:40:28.656738Z[0m [32m INFO[0m [2m78:[0m Scheduling drift: difference between scheduled and actual task start times for command EC: 7ms
[2m2025-09-03T07:40:28.657121Z[0m [32m INFO[0m [2m94:[0m Command EC validated successfully (latency: 1 µs)
[2m2025-09-03T07:40:28.657418Z[0m [32m INFO[0m [2m100:[0m Command validated: EC
[2m2025-09-03T07:40:28.657566Z[0m [32m INFO[0m [2m102:[0m About to send command: EC
[2m2025-09-03T07:40:28.658666Z[0m [32m INFO[0m [2m32:[0m Command sent: [4, 0, 0, 0, 0, 0, 0, 0, 67, 77, 53, 57, 0, 0, 0, 0, 0, 0, 73, 64, 50, 0, 0, 0, 0, 0, 0, 0, 120, 156, 1, 39, 0, 216, 255, 123, 34, 99, 111, 109, 109, 97, 110, 100, 95, 116, 121, 112, 101, 34, 58, 34, 69, 67, 34, 44, 34, 109, 101, 115, 115, 97, 103, 101, 34, 58, 34, 72, 101, 108, 108, 111, 34, 125, 12, 19, 13, 10]
[2m2025-09-03T07:40:28.658845Z[0m [32m INFO[0m [2m139:[0m ✅ Command EC completed 1990 ms before its deadline
[2m2025-09-03T07:40:38.351641Z[0m [32m INFO[0m [2m67:[0m ✅ Channel closed
[2m2025-09-03T07:40:38.352770Z[0m [32m INFO[0m [2m73:[0m ✅ Connection closed
[2m2025-09-03T07:40:38.352935Z[0m [32m INFO[0m [2m76:[0m 👋 Ground system shutting down
