[2m2025-08-31T17:09:37.666134Z[0m [32m INFO[0m [2m51:[0m Urgent command EC has been dispatched within 12ms
[2m2025-08-31T17:09:37.666577Z[0m [32m INFO[0m [2m59:[0m Scheduling drift: difference between scheduled and actual task start times for command EC: 12ms
[2m2025-08-31T17:09:37.666752Z[0m [32m INFO[0m [2m75:[0m Command EC validated successfully (latency: 12 µs)
[2m2025-08-31T17:09:37.666948Z[0m [32m INFO[0m [2m81:[0m Command validated: EC
[2m2025-08-31T17:09:37.667119Z[0m [32m INFO[0m [2m83:[0m About to send command: EC
[2m2025-08-31T17:09:37.668474Z[0m [32m INFO[0m [2m32:[0m Command sent: [3, 0, 0, 0, 0, 0, 0, 0, 67, 77, 49, 0, 0, 0, 0, 0, 0, 73, 64, 50, 0, 0, 0, 0, 0, 0, 0, 120, 156, 1, 39, 0, 216, 255, 123, 34, 99, 111, 109, 109, 97, 110, 100, 95, 116, 121, 112, 101, 34, 58, 34, 69, 67, 34, 44, 34, 109, 101, 115, 115, 97, 103, 101, 34, 58, 34, 72, 101, 108, 108, 111, 34, 125, 12, 19, 13, 10]
[2m2025-08-31T17:09:47.661050Z[0m [32m INFO[0m [2m51:[0m Urgent command PG has been dispatched within 7ms
[2m2025-08-31T17:09:47.661377Z[0m [32m INFO[0m [2m59:[0m Scheduling drift: difference between scheduled and actual task start times for command PG: 7ms
[2m2025-08-31T17:09:47.661534Z[0m [32m INFO[0m [2m75:[0m Command PG validated successfully (latency: 1 µs)
[2m2025-08-31T17:09:47.661774Z[0m [32m INFO[0m [2m81:[0m Command validated: PG
[2m2025-08-31T17:09:47.661941Z[0m [32m INFO[0m [2m83:[0m About to send command: PG
[2m2025-08-31T17:09:47.663060Z[0m [32m INFO[0m [2m32:[0m Command sent: [3, 0, 0, 0, 0, 0, 0, 0, 67, 77, 50, 0, 0, 0, 0, 0, 128, 71, 64, 47, 0, 0, 0, 0, 0, 0, 0, 120, 156, 1, 36, 0, 219, 255, 123, 34, 99, 111, 109, 109, 97, 110, 100, 95, 116, 121, 112, 101, 34, 58, 34, 80, 71, 34, 44, 34, 109, 101, 115, 115, 97, 103, 101, 34, 58, 110, 117, 108, 108, 125, 233, 113, 12, 156]
[2m2025-08-31T17:09:52.673878Z[0m [32m INFO[0m [2m51:[0m Urgent command EC has been dispatched within 5ms
[2m2025-08-31T17:09:52.674186Z[0m [32m INFO[0m [2m59:[0m Scheduling drift: difference between scheduled and actual task start times for command EC: 5ms
[2m2025-08-31T17:09:52.674337Z[0m [32m INFO[0m [2m75:[0m Command EC validated successfully (latency: 1 µs)
[2m2025-08-31T17:09:52.674537Z[0m [32m INFO[0m [2m81:[0m Command validated: EC
[2m2025-08-31T17:09:52.674622Z[0m [32m INFO[0m [2m83:[0m About to send command: EC
[2m2025-08-31T17:09:52.675651Z[0m [32m INFO[0m [2m32:[0m Command sent: [3, 0, 0, 0, 0, 0, 0, 0, 67, 77, 51, 0, 0, 0, 0, 0, 0, 73, 64, 50, 0, 0, 0, 0, 0, 0, 0, 120, 156, 1, 39, 0, 216, 255, 123, 34, 99, 111, 109, 109, 97, 110, 100, 95, 116, 121, 112, 101, 34, 58, 34, 69, 67, 34, 44, 34, 109, 101, 115, 115, 97, 103, 101, 34, 58, 34, 72, 101, 108, 108, 111, 34, 125, 12, 19, 13, 10]
[2m2025-08-31T17:10:00.665915Z[0m [32m INFO[0m [2m51:[0m Urgent command SC has been dispatched within 11ms
[2m2025-08-31T17:10:00.666256Z[0m [32m INFO[0m [2m59:[0m Scheduling drift: difference between scheduled and actual task start times for command SC: 11ms
[2m2025-08-31T17:10:00.666384Z[0m [32m INFO[0m [2m75:[0m Command SC validated successfully (latency: 1 µs)
[2m2025-08-31T17:10:00.666514Z[0m [32m INFO[0m [2m81:[0m Command validated: SC
[2m2025-08-31T17:10:00.666761Z[0m [32m INFO[0m [2m83:[0m About to send command: SC
[2m2025-08-31T17:10:00.667801Z[0m [32m INFO[0m [2m32:[0m Command sent: [3, 0, 0, 0, 0, 0, 0, 0, 67, 77, 52, 0, 0, 0, 0, 0, 128, 71, 64, 47, 0, 0, 0, 0, 0, 0, 0, 120, 156, 1, 36, 0, 219, 255, 123, 34, 99, 111, 109, 109, 97, 110, 100, 95, 116, 121, 112, 101, 34, 58, 34, 83, 67, 34, 44, 34, 109, 101, 115, 115, 97, 103, 101, 34, 58, 110, 117, 108, 108, 125, 233, 98, 12, 155]
[2m2025-08-31T17:10:07.683857Z[0m [32m INFO[0m [2m51:[0m Urgent command EC has been dispatched within 8ms
[2m2025-08-31T17:10:07.684190Z[0m [32m INFO[0m [2m59:[0m Scheduling drift: difference between scheduled and actual task start times for command EC: 8ms
[2m2025-08-31T17:10:07.684448Z[0m [32m INFO[0m [2m75:[0m Command EC validated successfully (latency: 1 µs)
[2m2025-08-31T17:10:07.684682Z[0m [32m INFO[0m [2m81:[0m Command validated: EC
[2m2025-08-31T17:10:07.684822Z[0m [32m INFO[0m [2m83:[0m About to send command: EC
[2m2025-08-31T17:10:07.685920Z[0m [32m INFO[0m [2m32:[0m Command sent: [3, 0, 0, 0, 0, 0, 0, 0, 67, 77, 53, 0, 0, 0, 0, 0, 0, 73, 64, 50, 0, 0, 0, 0, 0, 0, 0, 120, 156, 1, 39, 0, 216, 255, 123, 34, 99, 111, 109, 109, 97, 110, 100, 95, 116, 121, 112, 101, 34, 58, 34, 69, 67, 34, 44, 34, 109, 101, 115, 115, 97, 103, 101, 34, 58, 34, 72, 101, 108, 108, 111, 34, 125, 12, 19, 13, 10]
[2m2025-08-31T17:10:12.667214Z[0m [32m INFO[0m [2m51:[0m Urgent command PG has been dispatched within 4ms
[2m2025-08-31T17:10:12.667442Z[0m [32m INFO[0m [2m59:[0m Scheduling drift: difference between scheduled and actual task start times for command PG: 4ms
[2m2025-08-31T17:10:12.667579Z[0m [32m INFO[0m [2m75:[0m Command PG validated successfully (latency: 1 µs)
[2m2025-08-31T17:10:12.667717Z[0m [32m INFO[0m [2m81:[0m Command validated: PG
[2m2025-08-31T17:10:12.667875Z[0m [32m INFO[0m [2m83:[0m About to send command: PG
[2m2025-08-31T17:10:12.668896Z[0m [32m INFO[0m [2m32:[0m Command sent: [3, 0, 0, 0, 0, 0, 0, 0, 67, 77, 54, 0, 0, 0, 0, 0, 128, 71, 64, 47, 0, 0, 0, 0, 0, 0, 0, 120, 156, 1, 36, 0, 219, 255, 123, 34, 99, 111, 109, 109, 97, 110, 100, 95, 116, 121, 112, 101, 34, 58, 34, 80, 71, 34, 44, 34, 109, 101, 115, 115, 97, 103, 101, 34, 58, 110, 117, 108, 108, 125, 233, 113, 12, 156]
[2m2025-08-31T17:10:22.686865Z[0m [32m INFO[0m [2m51:[0m Urgent command EC has been dispatched within 0ms
[2m2025-08-31T17:10:22.687238Z[0m [32m INFO[0m [2m59:[0m Scheduling drift: difference between scheduled and actual task start times for command EC: 0ms
[2m2025-08-31T17:10:22.687443Z[0m [32m INFO[0m [2m75:[0m Command EC validated successfully (latency: 1 µs)
[2m2025-08-31T17:10:22.687619Z[0m [32m INFO[0m [2m81:[0m Command validated: EC
[2m2025-08-31T17:10:22.687771Z[0m [32m INFO[0m [2m83:[0m About to send command: EC
[2m2025-08-31T17:10:22.689302Z[0m [32m INFO[0m [2m32:[0m Command sent: [3, 0, 0, 0, 0, 0, 0, 0, 67, 77, 55, 0, 0, 0, 0, 0, 0, 73, 64, 50, 0, 0, 0, 0, 0, 0, 0, 120, 156, 1, 39, 0, 216, 255, 123, 34, 99, 111, 109, 109, 97, 110, 100, 95, 116, 121, 112, 101, 34, 58, 34, 69, 67, 34, 44, 34, 109, 101, 115, 115, 97, 103, 101, 34, 58, 34, 72, 101, 108, 108, 111, 34, 125, 12, 19, 13, 10]
[2m2025-08-31T17:10:39.972703Z[0m [32m INFO[0m [2m51:[0m Urgent command PG has been dispatched within 2303ms
[2m2025-08-31T17:10:39.972993Z[0m [32m INFO[0m [2m59:[0m Scheduling drift: difference between scheduled and actual task start times for command PG: 2303ms
[2m2025-08-31T17:10:39.973132Z[0m [32m INFO[0m [2m75:[0m Command PG validated successfully (latency: 1 µs)
[2m2025-08-31T17:10:39.973284Z[0m [32m INFO[0m [2m81:[0m Command validated: PG
[2m2025-08-31T17:10:39.973490Z[0m [32m INFO[0m [2m83:[0m About to send command: PG
[2m2025-08-31T17:10:39.974534Z[0m [32m INFO[0m [2m32:[0m Command sent: [3, 0, 0, 0, 0, 0, 0, 0, 67, 77, 56, 0, 0, 0, 0, 0, 128, 71, 64, 47, 0, 0, 0, 0, 0, 0, 0, 120, 156, 1, 36, 0, 219, 255, 123, 34, 99, 111, 109, 109, 97, 110, 100, 95, 116, 121, 112, 101, 34, 58, 34, 80, 71, 34, 44, 34, 109, 101, 115, 115, 97, 103, 101, 34, 58, 110, 117, 108, 108, 125, 233, 113, 12, 156]
[2m2025-08-31T17:10:39.974706Z[0m [32m INFO[0m [2m51:[0m Urgent command EC has been dispatched within 2285ms
[2m2025-08-31T17:10:39.974872Z[0m [32m INFO[0m [2m59:[0m Scheduling drift: difference between scheduled and actual task start times for command EC: 2285ms
[2m2025-08-31T17:10:39.974979Z[0m [32m INFO[0m [2m75:[0m Command EC validated successfully (latency: 0 µs)
[2m2025-08-31T17:10:39.975110Z[0m [32m INFO[0m [2m81:[0m Command validated: EC
[2m2025-08-31T17:10:39.975225Z[0m [32m INFO[0m [2m83:[0m About to send command: EC
[2m2025-08-31T17:10:39.976248Z[0m [32m INFO[0m [2m32:[0m Command sent: [3, 0, 0, 0, 0, 0, 0, 0, 67, 77, 57, 0, 0, 0, 0, 0, 0, 73, 64, 50, 0, 0, 0, 0, 0, 0, 0, 120, 156, 1, 39, 0, 216, 255, 123, 34, 99, 111, 109, 109, 97, 110, 100, 95, 116, 121, 112, 101, 34, 58, 34, 69, 67, 34, 44, 34, 109, 101, 115, 115, 97, 103, 101, 34, 58, 34, 72, 101, 108, 108, 111, 34, 125, 12, 19, 13, 10]
[2m2025-08-31T17:10:39.976633Z[0m [32m INFO[0m [2m51:[0m Urgent command SC has been dispatched within 1309ms
[2m2025-08-31T17:10:39.976772Z[0m [32m INFO[0m [2m59:[0m Scheduling drift: difference between scheduled and actual task start times for command SC: 1309ms
[2m2025-08-31T17:10:39.976894Z[0m [32m INFO[0m [2m75:[0m Command SC validated successfully (latency: 0 µs)
[2m2025-08-31T17:10:39.977016Z[0m [32m INFO[0m [2m81:[0m Command validated: SC
[2m2025-08-31T17:10:39.977142Z[0m [32m INFO[0m [2m83:[0m About to send command: SC
[2m2025-08-31T17:10:39.978139Z[0m [32m INFO[0m [2m32:[0m Command sent: [4, 0, 0, 0, 0, 0, 0, 0, 67, 77, 49, 48, 0, 0, 0, 0, 0, 128, 71, 64, 47, 0, 0, 0, 0, 0, 0, 0, 120, 156, 1, 36, 0, 219, 255, 123, 34, 99, 111, 109, 109, 97, 110, 100, 95, 116, 121, 112, 101, 34, 58, 34, 83, 67, 34, 44, 34, 109, 101, 115, 115, 97, 103, 101, 34, 58, 110, 117, 108, 108, 125, 233, 98, 12, 155]
