[2m2025-08-30T18:12:32.764715Z[0m [32m INFO[0m [2m67:[0m Command EC validated successfully (latency: 23 µs)
[2m2025-08-30T18:12:32.765293Z[0m [32m INFO[0m [2m73:[0m Command validated: EC
[2m2025-08-30T18:12:32.765463Z[0m [32m INFO[0m [2m75:[0m About to send command: EC
[2m2025-08-30T18:12:32.766985Z[0m [32m INFO[0m [2m32:[0m Command sent: [3, 0, 0, 0, 0, 0, 0, 0, 67, 77, 49, 0, 0, 0, 0, 0, 0, 73, 64, 50, 0, 0, 0, 0, 0, 0, 0, 120, 156, 1, 39, 0, 216, 255, 123, 34, 99, 111, 109, 109, 97, 110, 100, 95, 116, 121, 112, 101, 34, 58, 34, 69, 67, 34, 44, 34, 109, 101, 115, 115, 97, 103, 101, 34, 58, 34, 72, 101, 108, 108, 111, 34, 125, 12, 19, 13, 10]
[2m2025-08-30T18:12:42.767770Z[0m [33m WARN[0m [2m47:[0m Urgent command PG exceeded 2ms dispatch: 5ms    
[2m2025-08-30T18:12:42.768141Z[0m [32m INFO[0m [2m67:[0m Command PG validated successfully (latency: 1 µs)
[2m2025-08-30T18:12:42.768459Z[0m [32m INFO[0m [2m73:[0m Command validated: PG
[2m2025-08-30T18:12:42.768720Z[0m [32m INFO[0m [2m75:[0m About to send command: PG
[2m2025-08-30T18:12:42.769839Z[0m [32m INFO[0m [2m32:[0m Command sent: [3, 0, 0, 0, 0, 0, 0, 0, 67, 77, 50, 0, 0, 0, 0, 0, 128, 71, 64, 47, 0, 0, 0, 0, 0, 0, 0, 120, 156, 1, 36, 0, 219, 255, 123, 34, 99, 111, 109, 109, 97, 110, 100, 95, 116, 121, 112, 101, 34, 58, 34, 80, 71, 34, 44, 34, 109, 101, 115, 115, 97, 103, 101, 34, 58, 110, 117, 108, 108, 125, 233, 113, 12, 156]
[2m2025-08-30T18:12:47.780930Z[0m [33m WARN[0m [2m47:[0m Urgent command EC exceeded 2ms dispatch: 13ms    
[2m2025-08-30T18:12:47.781381Z[0m [32m INFO[0m [2m67:[0m Command EC validated successfully (latency: 3 µs)
[2m2025-08-30T18:12:47.781636Z[0m [32m INFO[0m [2m73:[0m Command validated: EC
[2m2025-08-30T18:12:47.781836Z[0m [32m INFO[0m [2m75:[0m About to send command: EC
[2m2025-08-30T18:12:47.782957Z[0m [32m INFO[0m [2m32:[0m Command sent: [3, 0, 0, 0, 0, 0, 0, 0, 67, 77, 51, 0, 0, 0, 0, 0, 0, 73, 64, 50, 0, 0, 0, 0, 0, 0, 0, 120, 156, 1, 39, 0, 216, 255, 123, 34, 99, 111, 109, 109, 97, 110, 100, 95, 116, 121, 112, 101, 34, 58, 34, 69, 67, 34, 44, 34, 109, 101, 115, 115, 97, 103, 101, 34, 58, 34, 72, 101, 108, 108, 111, 34, 125, 12, 19, 13, 10]
[2m2025-08-30T18:12:55.778700Z[0m [33m WARN[0m [2m47:[0m Urgent command SC exceeded 2ms dispatch: 16ms    
[2m2025-08-30T18:12:55.779057Z[0m [32m INFO[0m [2m67:[0m Command SC validated successfully (latency: 1 µs)
[2m2025-08-30T18:12:55.779206Z[0m [32m INFO[0m [2m73:[0m Command validated: SC
[2m2025-08-30T18:12:55.779340Z[0m [32m INFO[0m [2m75:[0m About to send command: SC
[2m2025-08-30T18:12:55.780407Z[0m [32m INFO[0m [2m32:[0m Command sent: [3, 0, 0, 0, 0, 0, 0, 0, 67, 77, 52, 0, 0, 0, 0, 0, 128, 71, 64, 47, 0, 0, 0, 0, 0, 0, 0, 120, 156, 1, 36, 0, 219, 255, 123, 34, 99, 111, 109, 109, 97, 110, 100, 95, 116, 121, 112, 101, 34, 58, 34, 83, 67, 34, 44, 34, 109, 101, 115, 115, 97, 103, 101, 34, 58, 110, 117, 108, 108, 125, 233, 98, 12, 155]
[2m2025-08-30T18:13:02.794561Z[0m [33m WARN[0m [2m47:[0m Urgent command EC exceeded 2ms dispatch: 11ms    
[2m2025-08-30T18:13:02.794809Z[0m [32m INFO[0m [2m67:[0m Command EC validated successfully (latency: 1 µs)
[2m2025-08-30T18:13:02.794918Z[0m [32m INFO[0m [2m73:[0m Command validated: EC
[2m2025-08-30T18:13:02.795038Z[0m [32m INFO[0m [2m75:[0m About to send command: EC
[2m2025-08-30T18:13:02.796048Z[0m [32m INFO[0m [2m32:[0m Command sent: [3, 0, 0, 0, 0, 0, 0, 0, 67, 77, 53, 0, 0, 0, 0, 0, 0, 73, 64, 50, 0, 0, 0, 0, 0, 0, 0, 120, 156, 1, 39, 0, 216, 255, 123, 34, 99, 111, 109, 109, 97, 110, 100, 95, 116, 121, 112, 101, 34, 58, 34, 69, 67, 34, 44, 34, 109, 101, 115, 115, 97, 103, 101, 34, 58, 34, 72, 101, 108, 108, 111, 34, 125, 12, 19, 13, 10]
[2m2025-08-30T18:13:07.784610Z[0m [33m WARN[0m [2m47:[0m Urgent command PG exceeded 2ms dispatch: 14ms    
[2m2025-08-30T18:13:07.784916Z[0m [32m INFO[0m [2m67:[0m Command PG validated successfully (latency: 1 µs)
[2m2025-08-30T18:13:07.785180Z[0m [32m INFO[0m [2m73:[0m Command validated: PG
[2m2025-08-30T18:13:07.785374Z[0m [32m INFO[0m [2m75:[0m About to send command: PG
[2m2025-08-30T18:13:07.786407Z[0m [32m INFO[0m [2m32:[0m Command sent: [3, 0, 0, 0, 0, 0, 0, 0, 67, 77, 54, 0, 0, 0, 0, 0, 128, 71, 64, 47, 0, 0, 0, 0, 0, 0, 0, 120, 156, 1, 36, 0, 219, 255, 123, 34, 99, 111, 109, 109, 97, 110, 100, 95, 116, 121, 112, 101, 34, 58, 34, 80, 71, 34, 44, 34, 109, 101, 115, 115, 97, 103, 101, 34, 58, 110, 117, 108, 108, 125, 233, 113, 12, 156]
[2m2025-08-30T18:13:17.808666Z[0m [33m WARN[0m [2m47:[0m Urgent command EC exceeded 2ms dispatch: 12ms    
[2m2025-08-30T18:13:17.808938Z[0m [32m INFO[0m [2m67:[0m Command EC validated successfully (latency: 1 µs)
[2m2025-08-30T18:13:17.809092Z[0m [32m INFO[0m [2m73:[0m Command validated: EC
[2m2025-08-30T18:13:17.809211Z[0m [32m INFO[0m [2m75:[0m About to send command: EC
[2m2025-08-30T18:13:17.810222Z[0m [32m INFO[0m [2m32:[0m Command sent: [3, 0, 0, 0, 0, 0, 0, 0, 67, 77, 55, 0, 0, 0, 0, 0, 0, 73, 64, 50, 0, 0, 0, 0, 0, 0, 0, 120, 156, 1, 39, 0, 216, 255, 123, 34, 99, 111, 109, 109, 97, 110, 100, 95, 116, 121, 112, 101, 34, 58, 34, 69, 67, 34, 44, 34, 109, 101, 115, 115, 97, 103, 101, 34, 58, 34, 72, 101, 108, 108, 111, 34, 125, 12, 19, 13, 10]
[2m2025-08-30T18:13:32.791248Z[0m [33m WARN[0m [2m47:[0m Urgent command PG exceeded 2ms dispatch: 5ms    
[2m2025-08-30T18:13:32.791691Z[0m [32m INFO[0m [2m67:[0m Command PG validated successfully (latency: 1 µs)
[2m2025-08-30T18:13:32.791961Z[0m [32m INFO[0m [2m73:[0m Command validated: PG
[2m2025-08-30T18:13:32.792161Z[0m [32m INFO[0m [2m75:[0m About to send command: PG
[2m2025-08-30T18:13:32.793281Z[0m [32m INFO[0m [2m32:[0m Command sent: [3, 0, 0, 0, 0, 0, 0, 0, 67, 77, 56, 0, 0, 0, 0, 0, 128, 71, 64, 47, 0, 0, 0, 0, 0, 0, 0, 120, 156, 1, 36, 0, 219, 255, 123, 34, 99, 111, 109, 109, 97, 110, 100, 95, 116, 121, 112, 101, 34, 58, 34, 80, 71, 34, 44, 34, 109, 101, 115, 115, 97, 103, 101, 34, 58, 110, 117, 108, 108, 125, 233, 113, 12, 156]
[2m2025-08-30T18:13:32.823196Z[0m [33m WARN[0m [2m47:[0m Urgent command EC exceeded 2ms dispatch: 13ms    
[2m2025-08-30T18:13:32.823541Z[0m [32m INFO[0m [2m67:[0m Command EC validated successfully (latency: 1 µs)
[2m2025-08-30T18:13:32.823732Z[0m [32m INFO[0m [2m73:[0m Command validated: EC
[2m2025-08-30T18:13:32.823989Z[0m [32m INFO[0m [2m75:[0m About to send command: EC
[2m2025-08-30T18:13:32.825080Z[0m [32m INFO[0m [2m32:[0m Command sent: [3, 0, 0, 0, 0, 0, 0, 0, 67, 77, 57, 0, 0, 0, 0, 0, 0, 73, 64, 50, 0, 0, 0, 0, 0, 0, 0, 120, 156, 1, 39, 0, 216, 255, 123, 34, 99, 111, 109, 109, 97, 110, 100, 95, 116, 121, 112, 101, 34, 58, 34, 69, 67, 34, 44, 34, 109, 101, 115, 115, 97, 103, 101, 34, 58, 34, 72, 101, 108, 108, 111, 34, 125, 12, 19, 13, 10]
[2m2025-08-30T18:13:33.782666Z[0m [32m INFO[0m [2m67:[0m Command SC validated successfully (latency: 1 µs)
[2m2025-08-30T18:13:33.782952Z[0m [32m INFO[0m [2m73:[0m Command validated: SC
[2m2025-08-30T18:13:33.783240Z[0m [32m INFO[0m [2m75:[0m About to send command: SC
[2m2025-08-30T18:13:33.784772Z[0m [32m INFO[0m [2m32:[0m Command sent: [4, 0, 0, 0, 0, 0, 0, 0, 67, 77, 49, 48, 0, 0, 0, 0, 0, 128, 71, 64, 47, 0, 0, 0, 0, 0, 0, 0, 120, 156, 1, 36, 0, 219, 255, 123, 34, 99, 111, 109, 109, 97, 110, 100, 95, 116, 121, 112, 101, 34, 58, 34, 83, 67, 34, 44, 34, 109, 101, 115, 115, 97, 103, 101, 34, 58, 110, 117, 108, 108, 125, 233, 98, 12, 155]
[2m2025-08-30T18:13:47.839008Z[0m [33m WARN[0m [2m47:[0m Urgent command EC exceeded 2ms dispatch: 13ms    
[2m2025-08-30T18:13:47.839312Z[0m [32m INFO[0m [2m67:[0m Command EC validated successfully (latency: 1 µs)
[2m2025-08-30T18:13:47.839469Z[0m [32m INFO[0m [2m73:[0m Command validated: EC
[2m2025-08-30T18:13:47.839618Z[0m [32m INFO[0m [2m75:[0m About to send command: EC
[2m2025-08-30T18:13:47.840599Z[0m [32m INFO[0m [2m32:[0m Command sent: [4, 0, 0, 0, 0, 0, 0, 0, 67, 77, 49, 49, 0, 0, 0, 0, 0, 0, 73, 64, 50, 0, 0, 0, 0, 0, 0, 0, 120, 156, 1, 39, 0, 216, 255, 123, 34, 99, 111, 109, 109, 97, 110, 100, 95, 116, 121, 112, 101, 34, 58, 34, 69, 67, 34, 44, 34, 109, 101, 115, 115, 97, 103, 101, 34, 58, 34, 72, 101, 108, 108, 111, 34, 125, 12, 19, 13, 10]
[2m2025-08-30T18:13:57.797641Z[0m [33m WARN[0m [2m47:[0m Urgent command PG exceeded 2ms dispatch: 4ms    
[2m2025-08-30T18:13:57.798170Z[0m [32m INFO[0m [2m67:[0m Command PG validated successfully (latency: 1 µs)
[2m2025-08-30T18:13:57.798442Z[0m [32m INFO[0m [2m73:[0m Command validated: PG
[2m2025-08-30T18:13:57.798654Z[0m [32m INFO[0m [2m75:[0m About to send command: PG
[2m2025-08-30T18:13:57.799705Z[0m [32m INFO[0m [2m32:[0m Command sent: [4, 0, 0, 0, 0, 0, 0, 0, 67, 77, 49, 50, 0, 0, 0, 0, 0, 128, 71, 64, 47, 0, 0, 0, 0, 0, 0, 0, 120, 156, 1, 36, 0, 219, 255, 123, 34, 99, 111, 109, 109, 97, 110, 100, 95, 116, 121, 112, 101, 34, 58, 34, 80, 71, 34, 44, 34, 109, 101, 115, 115, 97, 103, 101, 34, 58, 110, 117, 108, 108, 125, 233, 113, 12, 156]
[2m2025-08-30T18:14:02.842757Z[0m [32m INFO[0m [2m67:[0m Command EC validated successfully (latency: 2 µs)
[2m2025-08-30T18:14:02.843063Z[0m [32m INFO[0m [2m73:[0m Command validated: EC
[2m2025-08-30T18:14:02.843228Z[0m [32m INFO[0m [2m75:[0m About to send command: EC
[2m2025-08-30T18:14:02.844359Z[0m [32m INFO[0m [2m32:[0m Command sent: [4, 0, 0, 0, 0, 0, 0, 0, 67, 77, 49, 51, 0, 0, 0, 0, 0, 0, 73, 64, 50, 0, 0, 0, 0, 0, 0, 0, 120, 156, 1, 39, 0, 216, 255, 123, 34, 99, 111, 109, 109, 97, 110, 100, 95, 116, 121, 112, 101, 34, 58, 34, 69, 67, 34, 44, 34, 109, 101, 115, 115, 97, 103, 101, 34, 58, 34, 72, 101, 108, 108, 111, 34, 125, 12, 19, 13, 10]
[2m2025-08-30T18:14:11.788819Z[0m [33m WARN[0m [2m47:[0m Urgent command SC exceeded 2ms dispatch: 4ms    
[2m2025-08-30T18:14:11.789099Z[0m [32m INFO[0m [2m67:[0m Command SC validated successfully (latency: 1 µs)
[2m2025-08-30T18:14:11.789272Z[0m [32m INFO[0m [2m73:[0m Command validated: SC
[2m2025-08-30T18:14:11.789429Z[0m [32m INFO[0m [2m75:[0m About to send command: SC
[2m2025-08-30T18:14:11.790571Z[0m [32m INFO[0m [2m32:[0m Command sent: [4, 0, 0, 0, 0, 0, 0, 0, 67, 77, 49, 52, 0, 0, 0, 0, 0, 128, 71, 64, 47, 0, 0, 0, 0, 0, 0, 0, 120, 156, 1, 36, 0, 219, 255, 123, 34, 99, 111, 109, 109, 97, 110, 100, 95, 116, 121, 112, 101, 34, 58, 34, 83, 67, 34, 44, 34, 109, 101, 115, 115, 97, 103, 101, 34, 58, 110, 117, 108, 108, 125, 233, 98, 12, 155]
