[2m2025-08-30T17:52:42.709171Z[0m [32m INFO[0m [2m63:[0m Command EC validated successfully (latency: 12 µs)
[2m2025-08-30T17:52:42.709884Z[0m [32m INFO[0m [2m69:[0m Command validated: EC
[2m2025-08-30T17:52:42.710092Z[0m [32m INFO[0m [2m71:[0m About to send command: EC
[2m2025-08-30T17:52:42.711242Z[0m [32m INFO[0m [2m86:[0m Latency of code execution: 2ms
[2m2025-08-30T17:52:42.711681Z[0m [32m INFO[0m [2m32:[0m Command sent: [3, 0, 0, 0, 0, 0, 0, 0, 67, 77, 49, 0, 0, 0, 0, 0, 0, 73, 64, 50, 0, 0, 0, 0, 0, 0, 0, 120, 156, 1, 39, 0, 216, 255, 123, 34, 99, 111, 109, 109, 97, 110, 100, 95, 116, 121, 112, 101, 34, 58, 34, 69, 67, 34, 44, 34, 109, 101, 115, 115, 97, 103, 101, 34, 58, 34, 72, 101, 108, 108, 111, 34, 125, 12, 19, 13, 10]
[2m2025-08-30T17:52:52.703143Z[0m [32m INFO[0m [2m63:[0m Command PG validated successfully (latency: 1 µs)
[2m2025-08-30T17:52:52.703742Z[0m [32m INFO[0m [2m69:[0m Command validated: PG
[2m2025-08-30T17:52:52.704012Z[0m [32m INFO[0m [2m71:[0m About to send command: PG
[2m2025-08-30T17:52:52.705001Z[0m [32m INFO[0m [2m86:[0m Latency of code execution: 1ms
[2m2025-08-30T17:52:52.705386Z[0m [32m INFO[0m [2m32:[0m Command sent: [3, 0, 0, 0, 0, 0, 0, 0, 67, 77, 50, 0, 0, 0, 0, 0, 128, 71, 64, 47, 0, 0, 0, 0, 0, 0, 0, 120, 156, 1, 36, 0, 219, 255, 123, 34, 99, 111, 109, 109, 97, 110, 100, 95, 116, 121, 112, 101, 34, 58, 34, 80, 71, 34, 44, 34, 109, 101, 115, 115, 97, 103, 101, 34, 58, 110, 117, 108, 108, 125, 233, 113, 12, 156]
[2m2025-08-30T17:52:57.725546Z[0m [32m INFO[0m [2m63:[0m Command EC validated successfully (latency: 2 µs)
[2m2025-08-30T17:52:57.726077Z[0m [32m INFO[0m [2m69:[0m Command validated: EC
[2m2025-08-30T17:52:57.726466Z[0m [32m INFO[0m [2m71:[0m About to send command: EC
[2m2025-08-30T17:52:57.727629Z[0m [32m INFO[0m [2m86:[0m Latency of code execution: 2ms
[2m2025-08-30T17:52:57.728042Z[0m [32m INFO[0m [2m32:[0m Command sent: [3, 0, 0, 0, 0, 0, 0, 0, 67, 77, 51, 0, 0, 0, 0, 0, 0, 73, 64, 50, 0, 0, 0, 0, 0, 0, 0, 120, 156, 1, 39, 0, 216, 255, 123, 34, 99, 111, 109, 109, 97, 110, 100, 95, 116, 121, 112, 101, 34, 58, 34, 69, 67, 34, 44, 34, 109, 101, 115, 115, 97, 103, 101, 34, 58, 34, 72, 101, 108, 108, 111, 34, 125, 12, 19, 13, 10]
[2m2025-08-30T17:53:05.696400Z[0m [32m INFO[0m [2m63:[0m Command SC validated successfully (latency: 2 µs)
[2m2025-08-30T17:53:05.697198Z[0m [32m INFO[0m [2m69:[0m Command validated: SC
[2m2025-08-30T17:53:05.697550Z[0m [32m INFO[0m [2m71:[0m About to send command: SC
[2m2025-08-30T17:53:05.698519Z[0m [32m INFO[0m [2m86:[0m Latency of code execution: 2ms
[2m2025-08-30T17:53:05.698851Z[0m [32m INFO[0m [2m32:[0m Command sent: [3, 0, 0, 0, 0, 0, 0, 0, 67, 77, 52, 0, 0, 0, 0, 0, 128, 71, 64, 47, 0, 0, 0, 0, 0, 0, 0, 120, 156, 1, 36, 0, 219, 255, 123, 34, 99, 111, 109, 109, 97, 110, 100, 95, 116, 121, 112, 101, 34, 58, 34, 83, 67, 34, 44, 34, 109, 101, 115, 115, 97, 103, 101, 34, 58, 110, 117, 108, 108, 125, 233, 98, 12, 155]
[2m2025-08-30T17:53:12.742254Z[0m [32m INFO[0m [2m63:[0m Command EC validated successfully (latency: 2 µs)
[2m2025-08-30T17:53:12.742585Z[0m [32m INFO[0m [2m69:[0m Command validated: EC
[2m2025-08-30T17:53:12.742806Z[0m [32m INFO[0m [2m71:[0m About to send command: EC
[2m2025-08-30T17:53:12.743753Z[0m [32m INFO[0m [2m86:[0m Latency of code execution: 1ms
[2m2025-08-30T17:53:12.744140Z[0m [32m INFO[0m [2m32:[0m Command sent: [3, 0, 0, 0, 0, 0, 0, 0, 67, 77, 53, 0, 0, 0, 0, 0, 0, 73, 64, 50, 0, 0, 0, 0, 0, 0, 0, 120, 156, 1, 39, 0, 216, 255, 123, 34, 99, 111, 109, 109, 97, 110, 100, 95, 116, 121, 112, 101, 34, 58, 34, 69, 67, 34, 44, 34, 109, 101, 115, 115, 97, 103, 101, 34, 58, 34, 72, 101, 108, 108, 111, 34, 125, 12, 19, 13, 10]
[2m2025-08-30T17:53:17.713110Z[0m [32m INFO[0m [2m63:[0m Command PG validated successfully (latency: 1 µs)
[2m2025-08-30T17:53:17.713387Z[0m [32m INFO[0m [2m69:[0m Command validated: PG
[2m2025-08-30T17:53:17.713537Z[0m [32m INFO[0m [2m71:[0m About to send command: PG
[2m2025-08-30T17:53:17.714511Z[0m [32m INFO[0m [2m86:[0m Latency of code execution: 1ms
[2m2025-08-30T17:53:17.714936Z[0m [32m INFO[0m [2m32:[0m Command sent: [3, 0, 0, 0, 0, 0, 0, 0, 67, 77, 54, 0, 0, 0, 0, 0, 128, 71, 64, 47, 0, 0, 0, 0, 0, 0, 0, 120, 156, 1, 36, 0, 219, 255, 123, 34, 99, 111, 109, 109, 97, 110, 100, 95, 116, 121, 112, 101, 34, 58, 34, 80, 71, 34, 44, 34, 109, 101, 115, 115, 97, 103, 101, 34, 58, 110, 117, 108, 108, 125, 233, 113, 12, 156]
[2m2025-08-30T17:53:27.760270Z[0m [32m INFO[0m [2m63:[0m Command EC validated successfully (latency: 1 µs)
[2m2025-08-30T17:53:27.760695Z[0m [32m INFO[0m [2m69:[0m Command validated: EC
[2m2025-08-30T17:53:27.760993Z[0m [32m INFO[0m [2m71:[0m About to send command: EC
[2m2025-08-30T17:53:27.762151Z[0m [32m INFO[0m [2m86:[0m Latency of code execution: 1ms
[2m2025-08-30T17:53:27.762588Z[0m [32m INFO[0m [2m32:[0m Command sent: [3, 0, 0, 0, 0, 0, 0, 0, 67, 77, 55, 0, 0, 0, 0, 0, 0, 73, 64, 50, 0, 0, 0, 0, 0, 0, 0, 120, 156, 1, 39, 0, 216, 255, 123, 34, 99, 111, 109, 109, 97, 110, 100, 95, 116, 121, 112, 101, 34, 58, 34, 69, 67, 34, 44, 34, 109, 101, 115, 115, 97, 103, 101, 34, 58, 34, 72, 101, 108, 108, 111, 34, 125, 12, 19, 13, 10]
[2m2025-08-30T17:53:42.725527Z[0m [32m INFO[0m [2m63:[0m Command PG validated successfully (latency: 2 µs)
[2m2025-08-30T17:53:42.725915Z[0m [32m INFO[0m [2m69:[0m Command validated: PG
[2m2025-08-30T17:53:42.726068Z[0m [32m INFO[0m [2m71:[0m About to send command: PG
[2m2025-08-30T17:53:42.726981Z[0m [32m INFO[0m [2m86:[0m Latency of code execution: 1ms
[2m2025-08-30T17:53:42.727355Z[0m [32m INFO[0m [2m32:[0m Command sent: [3, 0, 0, 0, 0, 0, 0, 0, 67, 77, 56, 0, 0, 0, 0, 0, 128, 71, 64, 47, 0, 0, 0, 0, 0, 0, 0, 120, 156, 1, 36, 0, 219, 255, 123, 34, 99, 111, 109, 109, 97, 110, 100, 95, 116, 121, 112, 101, 34, 58, 34, 80, 71, 34, 44, 34, 109, 101, 115, 115, 97, 103, 101, 34, 58, 110, 117, 108, 108, 125, 233, 113, 12, 156]
[2m2025-08-30T17:53:42.771572Z[0m [32m INFO[0m [2m63:[0m Command EC validated successfully (latency: 2 µs)
[2m2025-08-30T17:53:42.771830Z[0m [32m INFO[0m [2m69:[0m Command validated: EC
[2m2025-08-30T17:53:42.771971Z[0m [32m INFO[0m [2m71:[0m About to send command: EC
[2m2025-08-30T17:53:42.772804Z[0m [32m INFO[0m [2m86:[0m Latency of code execution: 1ms
[2m2025-08-30T17:53:42.773275Z[0m [32m INFO[0m [2m32:[0m Command sent: [3, 0, 0, 0, 0, 0, 0, 0, 67, 77, 57, 0, 0, 0, 0, 0, 0, 73, 64, 50, 0, 0, 0, 0, 0, 0, 0, 120, 156, 1, 39, 0, 216, 255, 123, 34, 99, 111, 109, 109, 97, 110, 100, 95, 116, 121, 112, 101, 34, 58, 34, 69, 67, 34, 44, 34, 109, 101, 115, 115, 97, 103, 101, 34, 58, 34, 72, 101, 108, 108, 111, 34, 125, 12, 19, 13, 10]
[2m2025-08-30T17:53:43.713378Z[0m [32m INFO[0m [2m63:[0m Command SC validated successfully (latency: 2 µs)
[2m2025-08-30T17:53:43.713638Z[0m [32m INFO[0m [2m69:[0m Command validated: SC
[2m2025-08-30T17:53:43.713797Z[0m [32m INFO[0m [2m71:[0m About to send command: SC
[2m2025-08-30T17:53:43.714783Z[0m [32m INFO[0m [2m86:[0m Latency of code execution: 1ms
[2m2025-08-30T17:53:43.715194Z[0m [32m INFO[0m [2m32:[0m Command sent: [4, 0, 0, 0, 0, 0, 0, 0, 67, 77, 49, 48, 0, 0, 0, 0, 0, 128, 71, 64, 47, 0, 0, 0, 0, 0, 0, 0, 120, 156, 1, 36, 0, 219, 255, 123, 34, 99, 111, 109, 109, 97, 110, 100, 95, 116, 121, 112, 101, 34, 58, 34, 83, 67, 34, 44, 34, 109, 101, 115, 115, 97, 103, 101, 34, 58, 110, 117, 108, 108, 125, 233, 98, 12, 155]
[2m2025-08-30T17:53:57.777068Z[0m [32m INFO[0m [2m63:[0m Command EC validated successfully (latency: 1 µs)
[2m2025-08-30T17:53:57.777390Z[0m [32m INFO[0m [2m69:[0m Command validated: EC
[2m2025-08-30T17:53:57.777561Z[0m [32m INFO[0m [2m71:[0m About to send command: EC
[2m2025-08-30T17:53:57.778522Z[0m [32m INFO[0m [2m86:[0m Latency of code execution: 1ms
[2m2025-08-30T17:53:57.778839Z[0m [32m INFO[0m [2m32:[0m Command sent: [4, 0, 0, 0, 0, 0, 0, 0, 67, 77, 49, 49, 0, 0, 0, 0, 0, 0, 73, 64, 50, 0, 0, 0, 0, 0, 0, 0, 120, 156, 1, 39, 0, 216, 255, 123, 34, 99, 111, 109, 109, 97, 110, 100, 95, 116, 121, 112, 101, 34, 58, 34, 69, 67, 34, 44, 34, 109, 101, 115, 115, 97, 103, 101, 34, 58, 34, 72, 101, 108, 108, 111, 34, 125, 12, 19, 13, 10]
[2m2025-08-30T17:54:07.737401Z[0m [32m INFO[0m [2m63:[0m Command PG validated successfully (latency: 1 µs)
[2m2025-08-30T17:54:07.737667Z[0m [32m INFO[0m [2m69:[0m Command validated: PG
[2m2025-08-30T17:54:07.737776Z[0m [32m INFO[0m [2m71:[0m About to send command: PG
[2m2025-08-30T17:54:07.738707Z[0m [32m INFO[0m [2m86:[0m Latency of code execution: 1ms
[2m2025-08-30T17:54:07.739065Z[0m [32m INFO[0m [2m32:[0m Command sent: [4, 0, 0, 0, 0, 0, 0, 0, 67, 77, 49, 50, 0, 0, 0, 0, 0, 128, 71, 64, 47, 0, 0, 0, 0, 0, 0, 0, 120, 156, 1, 36, 0, 219, 255, 123, 34, 99, 111, 109, 109, 97, 110, 100, 95, 116, 121, 112, 101, 34, 58, 34, 80, 71, 34, 44, 34, 109, 101, 115, 115, 97, 103, 101, 34, 58, 110, 117, 108, 108, 125, 233, 113, 12, 156]
[2m2025-08-30T17:54:12.790410Z[0m [32m INFO[0m [2m63:[0m Command EC validated successfully (latency: 1 µs)
[2m2025-08-30T17:54:12.790651Z[0m [32m INFO[0m [2m69:[0m Command validated: EC
[2m2025-08-30T17:54:12.790768Z[0m [32m INFO[0m [2m71:[0m About to send command: EC
[2m2025-08-30T17:54:12.791565Z[0m [32m INFO[0m [2m86:[0m Latency of code execution: 1ms
[2m2025-08-30T17:54:12.791942Z[0m [32m INFO[0m [2m32:[0m Command sent: [4, 0, 0, 0, 0, 0, 0, 0, 67, 77, 49, 51, 0, 0, 0, 0, 0, 0, 73, 64, 50, 0, 0, 0, 0, 0, 0, 0, 120, 156, 1, 39, 0, 216, 255, 123, 34, 99, 111, 109, 109, 97, 110, 100, 95, 116, 121, 112, 101, 34, 58, 34, 69, 67, 34, 44, 34, 109, 101, 115, 115, 97, 103, 101, 34, 58, 34, 72, 101, 108, 108, 111, 34, 125, 12, 19, 13, 10]
[2m2025-08-30T17:54:21.725448Z[0m [32m INFO[0m [2m63:[0m Command SC validated successfully (latency: 1 µs)
[2m2025-08-30T17:54:21.725733Z[0m [32m INFO[0m [2m69:[0m Command validated: SC
[2m2025-08-30T17:54:21.725885Z[0m [32m INFO[0m [2m71:[0m About to send command: SC
[2m2025-08-30T17:54:21.726774Z[0m [32m INFO[0m [2m86:[0m Latency of code execution: 1ms
[2m2025-08-30T17:54:21.727197Z[0m [32m INFO[0m [2m32:[0m Command sent: [4, 0, 0, 0, 0, 0, 0, 0, 67, 77, 49, 52, 0, 0, 0, 0, 0, 128, 71, 64, 47, 0, 0, 0, 0, 0, 0, 0, 120, 156, 1, 36, 0, 219, 255, 123, 34, 99, 111, 109, 109, 97, 110, 100, 95, 116, 121, 112, 101, 34, 58, 34, 83, 67, 34, 44, 34, 109, 101, 115, 115, 97, 103, 101, 34, 58, 110, 117, 108, 108, 125, 233, 98, 12, 155]
[2m2025-08-30T17:54:27.796028Z[0m [32m INFO[0m [2m63:[0m Command EC validated successfully (latency: 1 µs)
[2m2025-08-30T17:54:27.796384Z[0m [32m INFO[0m [2m69:[0m Command validated: EC
[2m2025-08-30T17:54:27.796515Z[0m [32m INFO[0m [2m71:[0m About to send command: EC
[2m2025-08-30T17:54:27.797420Z[0m [32m INFO[0m [2m86:[0m Latency of code execution: 1ms
[2m2025-08-30T17:54:27.797755Z[0m [32m INFO[0m [2m32:[0m Command sent: [4, 0, 0, 0, 0, 0, 0, 0, 67, 77, 49, 53, 0, 0, 0, 0, 0, 0, 73, 64, 50, 0, 0, 0, 0, 0, 0, 0, 120, 156, 1, 39, 0, 216, 255, 123, 34, 99, 111, 109, 109, 97, 110, 100, 95, 116, 121, 112, 101, 34, 58, 34, 69, 67, 34, 44, 34, 109, 101, 115, 115, 97, 103, 101, 34, 58, 34, 72, 101, 108, 108, 111, 34, 125, 12, 19, 13, 10]
[2m2025-08-30T17:54:32.749271Z[0m [32m INFO[0m [2m63:[0m Command PG validated successfully (latency: 1 µs)
[2m2025-08-30T17:54:32.749780Z[0m [32m INFO[0m [2m69:[0m Command validated: PG
[2m2025-08-30T17:54:32.749951Z[0m [32m INFO[0m [2m71:[0m About to send command: PG
[2m2025-08-30T17:54:32.750839Z[0m [32m INFO[0m [2m86:[0m Latency of code execution: 1ms
[2m2025-08-30T17:54:32.751210Z[0m [32m INFO[0m [2m32:[0m Command sent: [4, 0, 0, 0, 0, 0, 0, 0, 67, 77, 49, 54, 0, 0, 0, 0, 0, 128, 71, 64, 47, 0, 0, 0, 0, 0, 0, 0, 120, 156, 1, 36, 0, 219, 255, 123, 34, 99, 111, 109, 109, 97, 110, 100, 95, 116, 121, 112, 101, 34, 58, 34, 80, 71, 34, 44, 34, 109, 101, 115, 115, 97, 103, 101, 34, 58, 110, 117, 108, 108, 125, 233, 113, 12, 156]
[2m2025-08-30T17:54:42.803428Z[0m [32m INFO[0m [2m63:[0m Command EC validated successfully (latency: 1 µs)
[2m2025-08-30T17:54:42.803884Z[0m [32m INFO[0m [2m69:[0m Command validated: EC
[2m2025-08-30T17:54:42.804125Z[0m [32m INFO[0m [2m71:[0m About to send command: EC
[2m2025-08-30T17:54:42.804989Z[0m [32m INFO[0m [2m86:[0m Latency of code execution: 1ms
[2m2025-08-30T17:54:42.805332Z[0m [32m INFO[0m [2m32:[0m Command sent: [4, 0, 0, 0, 0, 0, 0, 0, 67, 77, 49, 55, 0, 0, 0, 0, 0, 0, 73, 64, 50, 0, 0, 0, 0, 0, 0, 0, 120, 156, 1, 39, 0, 216, 255, 123, 34, 99, 111, 109, 109, 97, 110, 100, 95, 116, 121, 112, 101, 34, 58, 34, 69, 67, 34, 44, 34, 109, 101, 115, 115, 97, 103, 101, 34, 58, 34, 72, 101, 108, 108, 111, 34, 125, 12, 19, 13, 10]
[2m2025-08-30T17:54:57.758315Z[0m [32m INFO[0m [2m63:[0m Command PG validated successfully (latency: 2 µs)
[2m2025-08-30T17:54:57.758542Z[0m [32m INFO[0m [2m69:[0m Command validated: PG
[2m2025-08-30T17:54:57.758634Z[0m [32m INFO[0m [2m71:[0m About to send command: PG
[2m2025-08-30T17:54:57.759519Z[0m [32m INFO[0m [2m86:[0m Latency of code execution: 1ms
[2m2025-08-30T17:54:57.759875Z[0m [32m INFO[0m [2m32:[0m Command sent: [4, 0, 0, 0, 0, 0, 0, 0, 67, 77, 49, 56, 0, 0, 0, 0, 0, 128, 71, 64, 47, 0, 0, 0, 0, 0, 0, 0, 120, 156, 1, 36, 0, 219, 255, 123, 34, 99, 111, 109, 109, 97, 110, 100, 95, 116, 121, 112, 101, 34, 58, 34, 80, 71, 34, 44, 34, 109, 101, 115, 115, 97, 103, 101, 34, 58, 110, 117, 108, 108, 125, 233, 113, 12, 156]
[2m2025-08-30T17:54:57.819441Z[0m [32m INFO[0m [2m63:[0m Command EC validated successfully (latency: 1 µs)
[2m2025-08-30T17:54:57.819683Z[0m [32m INFO[0m [2m69:[0m Command validated: EC
[2m2025-08-30T17:54:57.819798Z[0m [32m INFO[0m [2m71:[0m About to send command: EC
[2m2025-08-30T17:54:57.820660Z[0m [32m INFO[0m [2m86:[0m Latency of code execution: 1ms
[2m2025-08-30T17:54:57.820990Z[0m [32m INFO[0m [2m32:[0m Command sent: [4, 0, 0, 0, 0, 0, 0, 0, 67, 77, 49, 57, 0, 0, 0, 0, 0, 0, 73, 64, 50, 0, 0, 0, 0, 0, 0, 0, 120, 156, 1, 39, 0, 216, 255, 123, 34, 99, 111, 109, 109, 97, 110, 100, 95, 116, 121, 112, 101, 34, 58, 34, 69, 67, 34, 44, 34, 109, 101, 115, 115, 97, 103, 101, 34, 58, 34, 72, 101, 108, 108, 111, 34, 125, 12, 19, 13, 10]
[2m2025-08-30T17:54:59.736501Z[0m [32m INFO[0m [2m63:[0m Command SC validated successfully (latency: 1 µs)
[2m2025-08-30T17:54:59.736967Z[0m [32m INFO[0m [2m69:[0m Command validated: SC
[2m2025-08-30T17:54:59.737214Z[0m [32m INFO[0m [2m71:[0m About to send command: SC
[2m2025-08-30T17:54:59.738136Z[0m [32m INFO[0m [2m86:[0m Latency of code execution: 1ms
[2m2025-08-30T17:54:59.738483Z[0m [32m INFO[0m [2m32:[0m Command sent: [4, 0, 0, 0, 0, 0, 0, 0, 67, 77, 50, 48, 0, 0, 0, 0, 0, 128, 71, 64, 47, 0, 0, 0, 0, 0, 0, 0, 120, 156, 1, 36, 0, 219, 255, 123, 34, 99, 111, 109, 109, 97, 110, 100, 95, 116, 121, 112, 101, 34, 58, 34, 83, 67, 34, 44, 34, 109, 101, 115, 115, 97, 103, 101, 34, 58, 110, 117, 108, 108, 125, 233, 98, 12, 155]
[2m2025-08-30T17:55:12.836468Z[0m [32m INFO[0m [2m63:[0m Command EC validated successfully (latency: 2 µs)
[2m2025-08-30T17:55:12.836899Z[0m [32m INFO[0m [2m69:[0m Command validated: EC
[2m2025-08-30T17:55:12.837182Z[0m [32m INFO[0m [2m71:[0m About to send command: EC
[2m2025-08-30T17:55:12.838107Z[0m [32m INFO[0m [2m86:[0m Latency of code execution: 1ms
[2m2025-08-30T17:55:12.838452Z[0m [32m INFO[0m [2m32:[0m Command sent: [4, 0, 0, 0, 0, 0, 0, 0, 67, 77, 50, 49, 0, 0, 0, 0, 0, 0, 73, 64, 50, 0, 0, 0, 0, 0, 0, 0, 120, 156, 1, 39, 0, 216, 255, 123, 34, 99, 111, 109, 109, 97, 110, 100, 95, 116, 121, 112, 101, 34, 58, 34, 69, 67, 34, 44, 34, 109, 101, 115, 115, 97, 103, 101, 34, 58, 34, 72, 101, 108, 108, 111, 34, 125, 12, 19, 13, 10]
[2m2025-08-30T17:55:22.765475Z[0m [32m INFO[0m [2m63:[0m Command PG validated successfully (latency: 2 µs)
[2m2025-08-30T17:55:22.765742Z[0m [32m INFO[0m [2m69:[0m Command validated: PG
[2m2025-08-30T17:55:22.765909Z[0m [32m INFO[0m [2m71:[0m About to send command: PG
[2m2025-08-30T17:55:22.766967Z[0m [32m INFO[0m [2m86:[0m Latency of code execution: 1ms
[2m2025-08-30T17:55:22.767390Z[0m [32m INFO[0m [2m32:[0m Command sent: [4, 0, 0, 0, 0, 0, 0, 0, 67, 77, 50, 50, 0, 0, 0, 0, 0, 128, 71, 64, 47, 0, 0, 0, 0, 0, 0, 0, 120, 156, 1, 36, 0, 219, 255, 123, 34, 99, 111, 109, 109, 97, 110, 100, 95, 116, 121, 112, 101, 34, 58, 34, 80, 71, 34, 44, 34, 109, 101, 115, 115, 97, 103, 101, 34, 58, 110, 117, 108, 108, 125, 233, 113, 12, 156]
[2m2025-08-30T17:55:27.853294Z[0m [32m INFO[0m [2m63:[0m Command EC validated successfully (latency: 2 µs)
[2m2025-08-30T17:55:27.853840Z[0m [32m INFO[0m [2m69:[0m Command validated: EC
[2m2025-08-30T17:55:27.854040Z[0m [32m INFO[0m [2m71:[0m About to send command: EC
[2m2025-08-30T17:55:27.855074Z[0m [32m INFO[0m [2m86:[0m Latency of code execution: 1ms
[2m2025-08-30T17:55:27.855413Z[0m [32m INFO[0m [2m32:[0m Command sent: [4, 0, 0, 0, 0, 0, 0, 0, 67, 77, 50, 51, 0, 0, 0, 0, 0, 0, 73, 64, 50, 0, 0, 0, 0, 0, 0, 0, 120, 156, 1, 39, 0, 216, 255, 123, 34, 99, 111, 109, 109, 97, 110, 100, 95, 116, 121, 112, 101, 34, 58, 34, 69, 67, 34, 44, 34, 109, 101, 115, 115, 97, 103, 101, 34, 58, 34, 72, 101, 108, 108, 111, 34, 125, 12, 19, 13, 10]
[2m2025-08-30T17:55:37.743066Z[0m [32m INFO[0m [2m63:[0m Command SC validated successfully (latency: 1 µs)
[2m2025-08-30T17:55:37.743383Z[0m [32m INFO[0m [2m69:[0m Command validated: SC
[2m2025-08-30T17:55:37.743563Z[0m [32m INFO[0m [2m71:[0m About to send command: SC
[2m2025-08-30T17:55:37.744637Z[0m [32m INFO[0m [2m86:[0m Latency of code execution: 1ms
[2m2025-08-30T17:55:37.745113Z[0m [32m INFO[0m [2m32:[0m Command sent: [4, 0, 0, 0, 0, 0, 0, 0, 67, 77, 50, 52, 0, 0, 0, 0, 0, 128, 71, 64, 47, 0, 0, 0, 0, 0, 0, 0, 120, 156, 1, 36, 0, 219, 255, 123, 34, 99, 111, 109, 109, 97, 110, 100, 95, 116, 121, 112, 101, 34, 58, 34, 83, 67, 34, 44, 34, 109, 101, 115, 115, 97, 103, 101, 34, 58, 110, 117, 108, 108, 125, 233, 98, 12, 155]
[2m2025-08-30T17:55:42.865821Z[0m [32m INFO[0m [2m63:[0m Command EC validated successfully (latency: 1 µs)
[2m2025-08-30T17:55:42.866074Z[0m [32m INFO[0m [2m69:[0m Command validated: EC
[2m2025-08-30T17:55:42.866240Z[0m [32m INFO[0m [2m71:[0m About to send command: EC
[2m2025-08-30T17:55:42.867112Z[0m [32m INFO[0m [2m86:[0m Latency of code execution: 1ms
[2m2025-08-30T17:55:42.867449Z[0m [32m INFO[0m [2m32:[0m Command sent: [4, 0, 0, 0, 0, 0, 0, 0, 67, 77, 50, 53, 0, 0, 0, 0, 0, 0, 73, 64, 50, 0, 0, 0, 0, 0, 0, 0, 120, 156, 1, 39, 0, 216, 255, 123, 34, 99, 111, 109, 109, 97, 110, 100, 95, 116, 121, 112, 101, 34, 58, 34, 69, 67, 34, 44, 34, 109, 101, 115, 115, 97, 103, 101, 34, 58, 34, 72, 101, 108, 108, 111, 34, 125, 12, 19, 13, 10]
[2m2025-08-30T17:55:47.780847Z[0m [32m INFO[0m [2m63:[0m Command PG validated successfully (latency: 1 µs)
[2m2025-08-30T17:55:47.781248Z[0m [32m INFO[0m [2m69:[0m Command validated: PG
[2m2025-08-30T17:55:47.781562Z[0m [32m INFO[0m [2m71:[0m About to send command: PG
[2m2025-08-30T17:55:47.782765Z[0m [32m INFO[0m [2m86:[0m Latency of code execution: 1ms
[2m2025-08-30T17:55:47.783192Z[0m [32m INFO[0m [2m32:[0m Command sent: [4, 0, 0, 0, 0, 0, 0, 0, 67, 77, 50, 54, 0, 0, 0, 0, 0, 128, 71, 64, 47, 0, 0, 0, 0, 0, 0, 0, 120, 156, 1, 36, 0, 219, 255, 123, 34, 99, 111, 109, 109, 97, 110, 100, 95, 116, 121, 112, 101, 34, 58, 34, 80, 71, 34, 44, 34, 109, 101, 115, 115, 97, 103, 101, 34, 58, 110, 117, 108, 108, 125, 233, 113, 12, 156]
[2m2025-08-30T17:55:57.876435Z[0m [32m INFO[0m [2m63:[0m Command EC validated successfully (latency: 1 µs)
[2m2025-08-30T17:55:57.876780Z[0m [32m INFO[0m [2m69:[0m Command validated: EC
[2m2025-08-30T17:55:57.877097Z[0m [32m INFO[0m [2m71:[0m About to send command: EC
[2m2025-08-30T17:55:57.878344Z[0m [32m INFO[0m [2m86:[0m Latency of code execution: 1ms
[2m2025-08-30T17:55:57.878828Z[0m [32m INFO[0m [2m32:[0m Command sent: [4, 0, 0, 0, 0, 0, 0, 0, 67, 77, 50, 55, 0, 0, 0, 0, 0, 0, 73, 64, 50, 0, 0, 0, 0, 0, 0, 0, 120, 156, 1, 39, 0, 216, 255, 123, 34, 99, 111, 109, 109, 97, 110, 100, 95, 116, 121, 112, 101, 34, 58, 34, 69, 67, 34, 44, 34, 109, 101, 115, 115, 97, 103, 101, 34, 58, 34, 72, 101, 108, 108, 111, 34, 125, 12, 19, 13, 10]
[2m2025-08-30T17:56:12.792957Z[0m [32m INFO[0m [2m63:[0m Command PG validated successfully (latency: 1 µs)
[2m2025-08-30T17:56:12.793258Z[0m [32m INFO[0m [2m69:[0m Command validated: PG
[2m2025-08-30T17:56:12.793455Z[0m [32m INFO[0m [2m71:[0m About to send command: PG
[2m2025-08-30T17:56:12.794514Z[0m [32m INFO[0m [2m86:[0m Latency of code execution: 1ms
[2m2025-08-30T17:56:12.794896Z[0m [32m INFO[0m [2m32:[0m Command sent: [4, 0, 0, 0, 0, 0, 0, 0, 67, 77, 50, 56, 0, 0, 0, 0, 0, 128, 71, 64, 47, 0, 0, 0, 0, 0, 0, 0, 120, 156, 1, 36, 0, 219, 255, 123, 34, 99, 111, 109, 109, 97, 110, 100, 95, 116, 121, 112, 101, 34, 58, 34, 80, 71, 34, 44, 34, 109, 101, 115, 115, 97, 103, 101, 34, 58, 110, 117, 108, 108, 125, 233, 113, 12, 156]
[2m2025-08-30T17:56:12.886829Z[0m [32m INFO[0m [2m63:[0m Command EC validated successfully (latency: 2 µs)
[2m2025-08-30T17:56:12.887144Z[0m [32m INFO[0m [2m69:[0m Command validated: EC
[2m2025-08-30T17:56:12.887309Z[0m [32m INFO[0m [2m71:[0m About to send command: EC
[2m2025-08-30T17:56:12.888421Z[0m [32m INFO[0m [2m86:[0m Latency of code execution: 1ms
[2m2025-08-30T17:56:12.888796Z[0m [32m INFO[0m [2m32:[0m Command sent: [4, 0, 0, 0, 0, 0, 0, 0, 67, 77, 50, 57, 0, 0, 0, 0, 0, 0, 73, 64, 50, 0, 0, 0, 0, 0, 0, 0, 120, 156, 1, 39, 0, 216, 255, 123, 34, 99, 111, 109, 109, 97, 110, 100, 95, 116, 121, 112, 101, 34, 58, 34, 69, 67, 34, 44, 34, 109, 101, 115, 115, 97, 103, 101, 34, 58, 34, 72, 101, 108, 108, 111, 34, 125, 12, 19, 13, 10]
[2m2025-08-30T17:56:15.755414Z[0m [32m INFO[0m [2m63:[0m Command SC validated successfully (latency: 2 µs)
[2m2025-08-30T17:56:15.755792Z[0m [32m INFO[0m [2m69:[0m Command validated: SC
[2m2025-08-30T17:56:15.755955Z[0m [32m INFO[0m [2m71:[0m About to send command: SC
[2m2025-08-30T17:56:15.757045Z[0m [32m INFO[0m [2m86:[0m Latency of code execution: 1ms
[2m2025-08-30T17:56:15.757454Z[0m [32m INFO[0m [2m32:[0m Command sent: [4, 0, 0, 0, 0, 0, 0, 0, 67, 77, 51, 48, 0, 0, 0, 0, 0, 128, 71, 64, 47, 0, 0, 0, 0, 0, 0, 0, 120, 156, 1, 36, 0, 219, 255, 123, 34, 99, 111, 109, 109, 97, 110, 100, 95, 116, 121, 112, 101, 34, 58, 34, 83, 67, 34, 44, 34, 109, 101, 115, 115, 97, 103, 101, 34, 58, 110, 117, 108, 108, 125, 233, 98, 12, 155]
[2m2025-08-30T17:56:27.903416Z[0m [32m INFO[0m [2m63:[0m Command EC validated successfully (latency: 2 µs)
[2m2025-08-30T17:56:27.903989Z[0m [32m INFO[0m [2m69:[0m Command validated: EC
[2m2025-08-30T17:56:27.904234Z[0m [32m INFO[0m [2m71:[0m About to send command: EC
[2m2025-08-30T17:56:27.905351Z[0m [32m INFO[0m [2m86:[0m Latency of code execution: 1ms
[2m2025-08-30T17:56:27.905771Z[0m [32m INFO[0m [2m32:[0m Command sent: [4, 0, 0, 0, 0, 0, 0, 0, 67, 77, 51, 49, 0, 0, 0, 0, 0, 0, 73, 64, 50, 0, 0, 0, 0, 0, 0, 0, 120, 156, 1, 39, 0, 216, 255, 123, 34, 99, 111, 109, 109, 97, 110, 100, 95, 116, 121, 112, 101, 34, 58, 34, 69, 67, 34, 44, 34, 109, 101, 115, 115, 97, 103, 101, 34, 58, 34, 72, 101, 108, 108, 111, 34, 125, 12, 19, 13, 10]
[2m2025-08-30T17:56:37.801306Z[0m [32m INFO[0m [2m63:[0m Command PG validated successfully (latency: 2 µs)
[2m2025-08-30T17:56:37.801728Z[0m [32m INFO[0m [2m69:[0m Command validated: PG
[2m2025-08-30T17:56:37.802031Z[0m [32m INFO[0m [2m71:[0m About to send command: PG
[2m2025-08-30T17:56:37.803112Z[0m [32m INFO[0m [2m86:[0m Latency of code execution: 1ms
[2m2025-08-30T17:56:37.803566Z[0m [32m INFO[0m [2m32:[0m Command sent: [4, 0, 0, 0, 0, 0, 0, 0, 67, 77, 51, 50, 0, 0, 0, 0, 0, 128, 71, 64, 47, 0, 0, 0, 0, 0, 0, 0, 120, 156, 1, 36, 0, 219, 255, 123, 34, 99, 111, 109, 109, 97, 110, 100, 95, 116, 121, 112, 101, 34, 58, 34, 80, 71, 34, 44, 34, 109, 101, 115, 115, 97, 103, 101, 34, 58, 110, 117, 108, 108, 125, 233, 113, 12, 156]
[2m2025-08-30T17:56:42.919202Z[0m [32m INFO[0m [2m63:[0m Command EC validated successfully (latency: 1 µs)
[2m2025-08-30T17:56:42.919680Z[0m [32m INFO[0m [2m69:[0m Command validated: EC
[2m2025-08-30T17:56:42.919947Z[0m [32m INFO[0m [2m71:[0m About to send command: EC
[2m2025-08-30T17:56:42.921039Z[0m [32m INFO[0m [2m86:[0m Latency of code execution: 1ms
[2m2025-08-30T17:56:42.921483Z[0m [32m INFO[0m [2m32:[0m Command sent: [4, 0, 0, 0, 0, 0, 0, 0, 67, 77, 51, 51, 0, 0, 0, 0, 0, 0, 73, 64, 50, 0, 0, 0, 0, 0, 0, 0, 120, 156, 1, 39, 0, 216, 255, 123, 34, 99, 111, 109, 109, 97, 110, 100, 95, 116, 121, 112, 101, 34, 58, 34, 69, 67, 34, 44, 34, 109, 101, 115, 115, 97, 103, 101, 34, 58, 34, 72, 101, 108, 108, 111, 34, 125, 12, 19, 13, 10]
[2m2025-08-30T17:56:53.765102Z[0m [32m INFO[0m [2m63:[0m Command SC validated successfully (latency: 2 µs)
[2m2025-08-30T17:56:53.765490Z[0m [32m INFO[0m [2m69:[0m Command validated: SC
[2m2025-08-30T17:56:53.765963Z[0m [32m INFO[0m [2m71:[0m About to send command: SC
[2m2025-08-30T17:56:53.767020Z[0m [32m INFO[0m [2m86:[0m Latency of code execution: 1ms
[2m2025-08-30T17:56:53.767484Z[0m [32m INFO[0m [2m32:[0m Command sent: [4, 0, 0, 0, 0, 0, 0, 0, 67, 77, 51, 52, 0, 0, 0, 0, 0, 128, 71, 64, 47, 0, 0, 0, 0, 0, 0, 0, 120, 156, 1, 36, 0, 219, 255, 123, 34, 99, 111, 109, 109, 97, 110, 100, 95, 116, 121, 112, 101, 34, 58, 34, 83, 67, 34, 44, 34, 109, 101, 115, 115, 97, 103, 101, 34, 58, 110, 117, 108, 108, 125, 233, 98, 12, 155]
[2m2025-08-30T17:56:57.923804Z[0m [32m INFO[0m [2m63:[0m Command EC validated successfully (latency: 1 µs)
[2m2025-08-30T17:56:57.924099Z[0m [32m INFO[0m [2m69:[0m Command validated: EC
[2m2025-08-30T17:56:57.924281Z[0m [32m INFO[0m [2m71:[0m About to send command: EC
[2m2025-08-30T17:56:57.925255Z[0m [32m INFO[0m [2m86:[0m Latency of code execution: 1ms
[2m2025-08-30T17:56:57.925650Z[0m [32m INFO[0m [2m32:[0m Command sent: [4, 0, 0, 0, 0, 0, 0, 0, 67, 77, 51, 53, 0, 0, 0, 0, 0, 0, 73, 64, 50, 0, 0, 0, 0, 0, 0, 0, 120, 156, 1, 39, 0, 216, 255, 123, 34, 99, 111, 109, 109, 97, 110, 100, 95, 116, 121, 112, 101, 34, 58, 34, 69, 67, 34, 44, 34, 109, 101, 115, 115, 97, 103, 101, 34, 58, 34, 72, 101, 108, 108, 111, 34, 125, 12, 19, 13, 10]
[2m2025-08-30T17:57:02.806846Z[0m [32m INFO[0m [2m63:[0m Command PG validated successfully (latency: 2 µs)
[2m2025-08-30T17:57:02.807270Z[0m [32m INFO[0m [2m69:[0m Command validated: PG
[2m2025-08-30T17:57:02.807509Z[0m [32m INFO[0m [2m71:[0m About to send command: PG
[2m2025-08-30T17:57:02.808575Z[0m [32m INFO[0m [2m86:[0m Latency of code execution: 1ms
[2m2025-08-30T17:57:02.809001Z[0m [32m INFO[0m [2m32:[0m Command sent: [4, 0, 0, 0, 0, 0, 0, 0, 67, 77, 51, 54, 0, 0, 0, 0, 0, 128, 71, 64, 47, 0, 0, 0, 0, 0, 0, 0, 120, 156, 1, 36, 0, 219, 255, 123, 34, 99, 111, 109, 109, 97, 110, 100, 95, 116, 121, 112, 101, 34, 58, 34, 80, 71, 34, 44, 34, 109, 101, 115, 115, 97, 103, 101, 34, 58, 110, 117, 108, 108, 125, 233, 113, 12, 156]
[2m2025-08-30T17:57:12.940312Z[0m [32m INFO[0m [2m63:[0m Command EC validated successfully (latency: 1 µs)
[2m2025-08-30T17:57:12.940858Z[0m [32m INFO[0m [2m69:[0m Command validated: EC
[2m2025-08-30T17:57:12.941140Z[0m [32m INFO[0m [2m71:[0m About to send command: EC
[2m2025-08-30T17:57:12.942189Z[0m [32m INFO[0m [2m86:[0m Latency of code execution: 1ms
[2m2025-08-30T17:57:12.942592Z[0m [32m INFO[0m [2m32:[0m Command sent: [4, 0, 0, 0, 0, 0, 0, 0, 67, 77, 51, 55, 0, 0, 0, 0, 0, 0, 73, 64, 50, 0, 0, 0, 0, 0, 0, 0, 120, 156, 1, 39, 0, 216, 255, 123, 34, 99, 111, 109, 109, 97, 110, 100, 95, 116, 121, 112, 101, 34, 58, 34, 69, 67, 34, 44, 34, 109, 101, 115, 115, 97, 103, 101, 34, 58, 34, 72, 101, 108, 108, 111, 34, 125, 12, 19, 13, 10]
[2m2025-08-30T17:57:27.819888Z[0m [32m INFO[0m [2m63:[0m Command PG validated successfully (latency: 2 µs)
[2m2025-08-30T17:57:27.820175Z[0m [32m INFO[0m [2m69:[0m Command validated: PG
[2m2025-08-30T17:57:27.820369Z[0m [32m INFO[0m [2m71:[0m About to send command: PG
[2m2025-08-30T17:57:27.821420Z[0m [32m INFO[0m [2m86:[0m Latency of code execution: 1ms
[2m2025-08-30T17:57:27.821814Z[0m [32m INFO[0m [2m32:[0m Command sent: [4, 0, 0, 0, 0, 0, 0, 0, 67, 77, 51, 56, 0, 0, 0, 0, 0, 128, 71, 64, 47, 0, 0, 0, 0, 0, 0, 0, 120, 156, 1, 36, 0, 219, 255, 123, 34, 99, 111, 109, 109, 97, 110, 100, 95, 116, 121, 112, 101, 34, 58, 34, 80, 71, 34, 44, 34, 109, 101, 115, 115, 97, 103, 101, 34, 58, 110, 117, 108, 108, 125, 233, 113, 12, 156]
[2m2025-08-30T17:57:27.958231Z[0m [32m INFO[0m [2m63:[0m Command EC validated successfully (latency: 1 µs)
[2m2025-08-30T17:57:27.958538Z[0m [32m INFO[0m [2m69:[0m Command validated: EC
[2m2025-08-30T17:57:27.958727Z[0m [32m INFO[0m [2m71:[0m About to send command: EC
[2m2025-08-30T17:57:27.959624Z[0m [32m INFO[0m [2m86:[0m Latency of code execution: 1ms
[2m2025-08-30T17:57:27.960019Z[0m [32m INFO[0m [2m32:[0m Command sent: [4, 0, 0, 0, 0, 0, 0, 0, 67, 77, 51, 57, 0, 0, 0, 0, 0, 0, 73, 64, 50, 0, 0, 0, 0, 0, 0, 0, 120, 156, 1, 39, 0, 216, 255, 123, 34, 99, 111, 109, 109, 97, 110, 100, 95, 116, 121, 112, 101, 34, 58, 34, 69, 67, 34, 44, 34, 109, 101, 115, 115, 97, 103, 101, 34, 58, 34, 72, 101, 108, 108, 111, 34, 125, 12, 19, 13, 10]
[2m2025-08-30T17:57:31.779959Z[0m [32m INFO[0m [2m63:[0m Command SC validated successfully (latency: 2 µs)
[2m2025-08-30T17:57:31.780249Z[0m [32m INFO[0m [2m69:[0m Command validated: SC
[2m2025-08-30T17:57:31.780431Z[0m [32m INFO[0m [2m71:[0m About to send command: SC
[2m2025-08-30T17:57:31.781544Z[0m [32m INFO[0m [2m86:[0m Latency of code execution: 1ms
[2m2025-08-30T17:57:31.781973Z[0m [32m INFO[0m [2m32:[0m Command sent: [4, 0, 0, 0, 0, 0, 0, 0, 67, 77, 52, 48, 0, 0, 0, 0, 0, 128, 71, 64, 47, 0, 0, 0, 0, 0, 0, 0, 120, 156, 1, 36, 0, 219, 255, 123, 34, 99, 111, 109, 109, 97, 110, 100, 95, 116, 121, 112, 101, 34, 58, 34, 83, 67, 34, 44, 34, 109, 101, 115, 115, 97, 103, 101, 34, 58, 110, 117, 108, 108, 125, 233, 98, 12, 155]
[2m2025-08-30T17:57:42.971559Z[0m [32m INFO[0m [2m63:[0m Command EC validated successfully (latency: 1 µs)
[2m2025-08-30T17:57:42.971821Z[0m [32m INFO[0m [2m69:[0m Command validated: EC
[2m2025-08-30T17:57:42.971969Z[0m [32m INFO[0m [2m71:[0m About to send command: EC
[2m2025-08-30T17:57:42.972841Z[0m [32m INFO[0m [2m86:[0m Latency of code execution: 1ms
[2m2025-08-30T17:57:42.973180Z[0m [32m INFO[0m [2m32:[0m Command sent: [4, 0, 0, 0, 0, 0, 0, 0, 67, 77, 52, 49, 0, 0, 0, 0, 0, 0, 73, 64, 50, 0, 0, 0, 0, 0, 0, 0, 120, 156, 1, 39, 0, 216, 255, 123, 34, 99, 111, 109, 109, 97, 110, 100, 95, 116, 121, 112, 101, 34, 58, 34, 69, 67, 34, 44, 34, 109, 101, 115, 115, 97, 103, 101, 34, 58, 34, 72, 101, 108, 108, 111, 34, 125, 12, 19, 13, 10]
[2m2025-08-30T17:57:52.836517Z[0m [32m INFO[0m [2m63:[0m Command PG validated successfully (latency: 2 µs)
[2m2025-08-30T17:57:52.836889Z[0m [32m INFO[0m [2m69:[0m Command validated: PG
[2m2025-08-30T17:57:52.837144Z[0m [32m INFO[0m [2m71:[0m About to send command: PG
[2m2025-08-30T17:57:52.838193Z[0m [32m INFO[0m [2m86:[0m Latency of code execution: 1ms
[2m2025-08-30T17:57:52.838599Z[0m [32m INFO[0m [2m32:[0m Command sent: [4, 0, 0, 0, 0, 0, 0, 0, 67, 77, 52, 50, 0, 0, 0, 0, 0, 128, 71, 64, 47, 0, 0, 0, 0, 0, 0, 0, 120, 156, 1, 36, 0, 219, 255, 123, 34, 99, 111, 109, 109, 97, 110, 100, 95, 116, 121, 112, 101, 34, 58, 34, 80, 71, 34, 44, 34, 109, 101, 115, 115, 97, 103, 101, 34, 58, 110, 117, 108, 108, 125, 233, 113, 12, 156]
[2m2025-08-30T17:57:57.985417Z[0m [32m INFO[0m [2m63:[0m Command EC validated successfully (latency: 2 µs)
[2m2025-08-30T17:57:57.985734Z[0m [32m INFO[0m [2m69:[0m Command validated: EC
[2m2025-08-30T17:57:57.985946Z[0m [32m INFO[0m [2m71:[0m About to send command: EC
[2m2025-08-30T17:57:57.987017Z[0m [32m INFO[0m [2m86:[0m Latency of code execution: 1ms
[2m2025-08-30T17:57:57.987381Z[0m [32m INFO[0m [2m32:[0m Command sent: [4, 0, 0, 0, 0, 0, 0, 0, 67, 77, 52, 51, 0, 0, 0, 0, 0, 0, 73, 64, 50, 0, 0, 0, 0, 0, 0, 0, 120, 156, 1, 39, 0, 216, 255, 123, 34, 99, 111, 109, 109, 97, 110, 100, 95, 116, 121, 112, 101, 34, 58, 34, 69, 67, 34, 44, 34, 109, 101, 115, 115, 97, 103, 101, 34, 58, 34, 72, 101, 108, 108, 111, 34, 125, 12, 19, 13, 10]
[2m2025-08-30T17:58:09.791308Z[0m [32m INFO[0m [2m63:[0m Command SC validated successfully (latency: 2 µs)
[2m2025-08-30T17:58:09.791662Z[0m [32m INFO[0m [2m69:[0m Command validated: SC
[2m2025-08-30T17:58:09.791821Z[0m [32m INFO[0m [2m71:[0m About to send command: SC
[2m2025-08-30T17:58:09.792869Z[0m [32m INFO[0m [2m86:[0m Latency of code execution: 1ms
[2m2025-08-30T17:58:09.793285Z[0m [32m INFO[0m [2m32:[0m Command sent: [4, 0, 0, 0, 0, 0, 0, 0, 67, 77, 52, 52, 0, 0, 0, 0, 0, 128, 71, 64, 47, 0, 0, 0, 0, 0, 0, 0, 120, 156, 1, 36, 0, 219, 255, 123, 34, 99, 111, 109, 109, 97, 110, 100, 95, 116, 121, 112, 101, 34, 58, 34, 83, 67, 34, 44, 34, 109, 101, 115, 115, 97, 103, 101, 34, 58, 110, 117, 108, 108, 125, 233, 98, 12, 155]
[2m2025-08-30T17:58:12.996233Z[0m [32m INFO[0m [2m63:[0m Command EC validated successfully (latency: 2 µs)
[2m2025-08-30T17:58:12.996506Z[0m [32m INFO[0m [2m69:[0m Command validated: EC
[2m2025-08-30T17:58:12.996687Z[0m [32m INFO[0m [2m71:[0m About to send command: EC
[2m2025-08-30T17:58:12.997840Z[0m [32m INFO[0m [2m86:[0m Latency of code execution: 1ms
[2m2025-08-30T17:58:12.998250Z[0m [32m INFO[0m [2m32:[0m Command sent: [4, 0, 0, 0, 0, 0, 0, 0, 67, 77, 52, 53, 0, 0, 0, 0, 0, 0, 73, 64, 50, 0, 0, 0, 0, 0, 0, 0, 120, 156, 1, 39, 0, 216, 255, 123, 34, 99, 111, 109, 109, 97, 110, 100, 95, 116, 121, 112, 101, 34, 58, 34, 69, 67, 34, 44, 34, 109, 101, 115, 115, 97, 103, 101, 34, 58, 34, 72, 101, 108, 108, 111, 34, 125, 12, 19, 13, 10]
[2m2025-08-30T17:58:17.840317Z[0m [32m INFO[0m [2m63:[0m Command PG validated successfully (latency: 2 µs)
[2m2025-08-30T17:58:17.840748Z[0m [32m INFO[0m [2m69:[0m Command validated: PG
[2m2025-08-30T17:58:17.840997Z[0m [32m INFO[0m [2m71:[0m About to send command: PG
[2m2025-08-30T17:58:17.841920Z[0m [32m INFO[0m [2m86:[0m Latency of code execution: 1ms
[2m2025-08-30T17:58:17.842333Z[0m [32m INFO[0m [2m32:[0m Command sent: [4, 0, 0, 0, 0, 0, 0, 0, 67, 77, 52, 54, 0, 0, 0, 0, 0, 128, 71, 64, 47, 0, 0, 0, 0, 0, 0, 0, 120, 156, 1, 36, 0, 219, 255, 123, 34, 99, 111, 109, 109, 97, 110, 100, 95, 116, 121, 112, 101, 34, 58, 34, 80, 71, 34, 44, 34, 109, 101, 115, 115, 97, 103, 101, 34, 58, 110, 117, 108, 108, 125, 233, 113, 12, 156]
[2m2025-08-30T17:58:28.002977Z[0m [32m INFO[0m [2m63:[0m Command EC validated successfully (latency: 2 µs)
[2m2025-08-30T17:58:28.003402Z[0m [32m INFO[0m [2m69:[0m Command validated: EC
[2m2025-08-30T17:58:28.003686Z[0m [32m INFO[0m [2m71:[0m About to send command: EC
[2m2025-08-30T17:58:28.004579Z[0m [32m INFO[0m [2m86:[0m Latency of code execution: 1ms
[2m2025-08-30T17:58:28.004913Z[0m [32m INFO[0m [2m32:[0m Command sent: [4, 0, 0, 0, 0, 0, 0, 0, 67, 77, 52, 55, 0, 0, 0, 0, 0, 0, 73, 64, 50, 0, 0, 0, 0, 0, 0, 0, 120, 156, 1, 39, 0, 216, 255, 123, 34, 99, 111, 109, 109, 97, 110, 100, 95, 116, 121, 112, 101, 34, 58, 34, 69, 67, 34, 44, 34, 109, 101, 115, 115, 97, 103, 101, 34, 58, 34, 72, 101, 108, 108, 111, 34, 125, 12, 19, 13, 10]
[2m2025-08-30T17:58:42.851330Z[0m [32m INFO[0m [2m63:[0m Command PG validated successfully (latency: 4 µs)
[2m2025-08-30T17:58:42.851703Z[0m [32m INFO[0m [2m69:[0m Command validated: PG
[2m2025-08-30T17:58:42.851962Z[0m [32m INFO[0m [2m71:[0m About to send command: PG
[2m2025-08-30T17:58:42.852925Z[0m [32m INFO[0m [2m86:[0m Latency of code execution: 1ms
[2m2025-08-30T17:58:42.853277Z[0m [32m INFO[0m [2m32:[0m Command sent: [4, 0, 0, 0, 0, 0, 0, 0, 67, 77, 52, 56, 0, 0, 0, 0, 0, 128, 71, 64, 47, 0, 0, 0, 0, 0, 0, 0, 120, 156, 1, 36, 0, 219, 255, 123, 34, 99, 111, 109, 109, 97, 110, 100, 95, 116, 121, 112, 101, 34, 58, 34, 80, 71, 34, 44, 34, 109, 101, 115, 115, 97, 103, 101, 34, 58, 110, 117, 108, 108, 125, 233, 113, 12, 156]
[2m2025-08-30T17:58:43.021068Z[0m [32m INFO[0m [2m63:[0m Command EC validated successfully (latency: 1 µs)
[2m2025-08-30T17:58:43.021445Z[0m [32m INFO[0m [2m69:[0m Command validated: EC
[2m2025-08-30T17:58:43.021680Z[0m [32m INFO[0m [2m71:[0m About to send command: EC
[2m2025-08-30T17:58:43.022665Z[0m [32m INFO[0m [2m86:[0m Latency of code execution: 1ms
[2m2025-08-30T17:58:43.023140Z[0m [32m INFO[0m [2m32:[0m Command sent: [4, 0, 0, 0, 0, 0, 0, 0, 67, 77, 52, 57, 0, 0, 0, 0, 0, 0, 73, 64, 50, 0, 0, 0, 0, 0, 0, 0, 120, 156, 1, 39, 0, 216, 255, 123, 34, 99, 111, 109, 109, 97, 110, 100, 95, 116, 121, 112, 101, 34, 58, 34, 69, 67, 34, 44, 34, 109, 101, 115, 115, 97, 103, 101, 34, 58, 34, 72, 101, 108, 108, 111, 34, 125, 12, 19, 13, 10]
[2m2025-08-30T17:58:47.801344Z[0m [32m INFO[0m [2m63:[0m Command SC validated successfully (latency: 2 µs)
[2m2025-08-30T17:58:47.801875Z[0m [32m INFO[0m [2m69:[0m Command validated: SC
[2m2025-08-30T17:58:47.802128Z[0m [32m INFO[0m [2m71:[0m About to send command: SC
[2m2025-08-30T17:58:47.803092Z[0m [32m INFO[0m [2m86:[0m Latency of code execution: 1ms
[2m2025-08-30T17:58:47.803446Z[0m [32m INFO[0m [2m32:[0m Command sent: [4, 0, 0, 0, 0, 0, 0, 0, 67, 77, 53, 48, 0, 0, 0, 0, 0, 128, 71, 64, 47, 0, 0, 0, 0, 0, 0, 0, 120, 156, 1, 36, 0, 219, 255, 123, 34, 99, 111, 109, 109, 97, 110, 100, 95, 116, 121, 112, 101, 34, 58, 34, 83, 67, 34, 44, 34, 109, 101, 115, 115, 97, 103, 101, 34, 58, 110, 117, 108, 108, 125, 233, 98, 12, 155]
[2m2025-08-30T17:58:58.026124Z[0m [32m INFO[0m [2m63:[0m Command EC validated successfully (latency: 2 µs)
[2m2025-08-30T17:58:58.026685Z[0m [32m INFO[0m [2m69:[0m Command validated: EC
[2m2025-08-30T17:58:58.026964Z[0m [32m INFO[0m [2m71:[0m About to send command: EC
[2m2025-08-30T17:58:58.027868Z[0m [32m INFO[0m [2m86:[0m Latency of code execution: 1ms
[2m2025-08-30T17:58:58.028253Z[0m [32m INFO[0m [2m32:[0m Command sent: [4, 0, 0, 0, 0, 0, 0, 0, 67, 77, 53, 49, 0, 0, 0, 0, 0, 0, 73, 64, 50, 0, 0, 0, 0, 0, 0, 0, 120, 156, 1, 39, 0, 216, 255, 123, 34, 99, 111, 109, 109, 97, 110, 100, 95, 116, 121, 112, 101, 34, 58, 34, 69, 67, 34, 44, 34, 109, 101, 115, 115, 97, 103, 101, 34, 58, 34, 72, 101, 108, 108, 111, 34, 125, 12, 19, 13, 10]
[2m2025-08-30T17:59:07.856072Z[0m [32m INFO[0m [2m63:[0m Command PG validated successfully (latency: 1 µs)
[2m2025-08-30T17:59:07.856578Z[0m [32m INFO[0m [2m69:[0m Command validated: PG
[2m2025-08-30T17:59:07.856898Z[0m [32m INFO[0m [2m71:[0m About to send command: PG
[2m2025-08-30T17:59:07.857855Z[0m [32m INFO[0m [2m86:[0m Latency of code execution: 1ms
[2m2025-08-30T17:59:07.858197Z[0m [32m INFO[0m [2m32:[0m Command sent: [4, 0, 0, 0, 0, 0, 0, 0, 67, 77, 53, 50, 0, 0, 0, 0, 0, 128, 71, 64, 47, 0, 0, 0, 0, 0, 0, 0, 120, 156, 1, 36, 0, 219, 255, 123, 34, 99, 111, 109, 109, 97, 110, 100, 95, 116, 121, 112, 101, 34, 58, 34, 80, 71, 34, 44, 34, 109, 101, 115, 115, 97, 103, 101, 34, 58, 110, 117, 108, 108, 125, 233, 113, 12, 156]
[2m2025-08-30T17:59:13.037886Z[0m [32m INFO[0m [2m63:[0m Command EC validated successfully (latency: 1 µs)
[2m2025-08-30T17:59:13.038122Z[0m [32m INFO[0m [2m69:[0m Command validated: EC
[2m2025-08-30T17:59:13.038234Z[0m [32m INFO[0m [2m71:[0m About to send command: EC
[2m2025-08-30T17:59:13.039059Z[0m [32m INFO[0m [2m86:[0m Latency of code execution: 1ms
[2m2025-08-30T17:59:13.039389Z[0m [32m INFO[0m [2m32:[0m Command sent: [4, 0, 0, 0, 0, 0, 0, 0, 67, 77, 53, 51, 0, 0, 0, 0, 0, 0, 73, 64, 50, 0, 0, 0, 0, 0, 0, 0, 120, 156, 1, 39, 0, 216, 255, 123, 34, 99, 111, 109, 109, 97, 110, 100, 95, 116, 121, 112, 101, 34, 58, 34, 69, 67, 34, 44, 34, 109, 101, 115, 115, 97, 103, 101, 34, 58, 34, 72, 101, 108, 108, 111, 34, 125, 12, 19, 13, 10]
[2m2025-08-30T17:59:25.807990Z[0m [32m INFO[0m [2m63:[0m Command SC validated successfully (latency: 1 µs)
[2m2025-08-30T17:59:25.808277Z[0m [32m INFO[0m [2m69:[0m Command validated: SC
[2m2025-08-30T17:59:25.808437Z[0m [32m INFO[0m [2m71:[0m About to send command: SC
[2m2025-08-30T17:59:25.809611Z[0m [32m INFO[0m [2m86:[0m Latency of code execution: 1ms
[2m2025-08-30T17:59:25.809980Z[0m [32m INFO[0m [2m32:[0m Command sent: [4, 0, 0, 0, 0, 0, 0, 0, 67, 77, 53, 52, 0, 0, 0, 0, 0, 128, 71, 64, 47, 0, 0, 0, 0, 0, 0, 0, 120, 156, 1, 36, 0, 219, 255, 123, 34, 99, 111, 109, 109, 97, 110, 100, 95, 116, 121, 112, 101, 34, 58, 34, 83, 67, 34, 44, 34, 109, 101, 115, 115, 97, 103, 101, 34, 58, 110, 117, 108, 108, 125, 233, 98, 12, 155]
[2m2025-08-30T17:59:28.045972Z[0m [32m INFO[0m [2m63:[0m Command EC validated successfully (latency: 2 µs)
[2m2025-08-30T17:59:28.046295Z[0m [32m INFO[0m [2m69:[0m Command validated: EC
[2m2025-08-30T17:59:28.046490Z[0m [32m INFO[0m [2m71:[0m About to send command: EC
[2m2025-08-30T17:59:28.047673Z[0m [32m INFO[0m [2m86:[0m Latency of code execution: 1ms
[2m2025-08-30T17:59:28.048069Z[0m [32m INFO[0m [2m32:[0m Command sent: [4, 0, 0, 0, 0, 0, 0, 0, 67, 77, 53, 53, 0, 0, 0, 0, 0, 0, 73, 64, 50, 0, 0, 0, 0, 0, 0, 0, 120, 156, 1, 39, 0, 216, 255, 123, 34, 99, 111, 109, 109, 97, 110, 100, 95, 116, 121, 112, 101, 34, 58, 34, 69, 67, 34, 44, 34, 109, 101, 115, 115, 97, 103, 101, 34, 58, 34, 72, 101, 108, 108, 111, 34, 125, 12, 19, 13, 10]
[2m2025-08-30T17:59:32.863147Z[0m [32m INFO[0m [2m63:[0m Command PG validated successfully (latency: 2 µs)
[2m2025-08-30T17:59:32.863507Z[0m [32m INFO[0m [2m69:[0m Command validated: PG
[2m2025-08-30T17:59:32.863730Z[0m [32m INFO[0m [2m71:[0m About to send command: PG
[2m2025-08-30T17:59:32.865164Z[0m [32m INFO[0m [2m86:[0m Latency of code execution: 2ms
[2m2025-08-30T17:59:32.865587Z[0m [32m INFO[0m [2m32:[0m Command sent: [4, 0, 0, 0, 0, 0, 0, 0, 67, 77, 53, 54, 0, 0, 0, 0, 0, 128, 71, 64, 47, 0, 0, 0, 0, 0, 0, 0, 120, 156, 1, 36, 0, 219, 255, 123, 34, 99, 111, 109, 109, 97, 110, 100, 95, 116, 121, 112, 101, 34, 58, 34, 80, 71, 34, 44, 34, 109, 101, 115, 115, 97, 103, 101, 34, 58, 110, 117, 108, 108, 125, 233, 113, 12, 156]
[2m2025-08-30T17:59:43.058986Z[0m [32m INFO[0m [2m63:[0m Command EC validated successfully (latency: 1 µs)
[2m2025-08-30T17:59:43.059263Z[0m [32m INFO[0m [2m69:[0m Command validated: EC
[2m2025-08-30T17:59:43.059379Z[0m [32m INFO[0m [2m71:[0m About to send command: EC
[2m2025-08-30T17:59:43.060350Z[0m [32m INFO[0m [2m86:[0m Latency of code execution: 1ms
[2m2025-08-30T17:59:43.060712Z[0m [32m INFO[0m [2m32:[0m Command sent: [4, 0, 0, 0, 0, 0, 0, 0, 67, 77, 53, 55, 0, 0, 0, 0, 0, 0, 73, 64, 50, 0, 0, 0, 0, 0, 0, 0, 120, 156, 1, 39, 0, 216, 255, 123, 34, 99, 111, 109, 109, 97, 110, 100, 95, 116, 121, 112, 101, 34, 58, 34, 69, 67, 34, 44, 34, 109, 101, 115, 115, 97, 103, 101, 34, 58, 34, 72, 101, 108, 108, 111, 34, 125, 12, 19, 13, 10]
[2m2025-08-30T17:59:57.868570Z[0m [32m INFO[0m [2m63:[0m Command PG validated successfully (latency: 1 µs)
[2m2025-08-30T17:59:57.868781Z[0m [32m INFO[0m [2m69:[0m Command validated: PG
[2m2025-08-30T17:59:57.868895Z[0m [32m INFO[0m [2m71:[0m About to send command: PG
[2m2025-08-30T17:59:57.869757Z[0m [32m INFO[0m [2m86:[0m Latency of code execution: 1ms
[2m2025-08-30T17:59:57.870076Z[0m [32m INFO[0m [2m32:[0m Command sent: [4, 0, 0, 0, 0, 0, 0, 0, 67, 77, 53, 56, 0, 0, 0, 0, 0, 128, 71, 64, 47, 0, 0, 0, 0, 0, 0, 0, 120, 156, 1, 36, 0, 219, 255, 123, 34, 99, 111, 109, 109, 97, 110, 100, 95, 116, 121, 112, 101, 34, 58, 34, 80, 71, 34, 44, 34, 109, 101, 115, 115, 97, 103, 101, 34, 58, 110, 117, 108, 108, 125, 233, 113, 12, 156]
[2m2025-08-30T17:59:58.070163Z[0m [32m INFO[0m [2m63:[0m Command EC validated successfully (latency: 1 µs)
[2m2025-08-30T17:59:58.070426Z[0m [32m INFO[0m [2m69:[0m Command validated: EC
[2m2025-08-30T17:59:58.070574Z[0m [32m INFO[0m [2m71:[0m About to send command: EC
[2m2025-08-30T17:59:58.071413Z[0m [32m INFO[0m [2m86:[0m Latency of code execution: 1ms
[2m2025-08-30T17:59:58.071757Z[0m [32m INFO[0m [2m32:[0m Command sent: [4, 0, 0, 0, 0, 0, 0, 0, 67, 77, 53, 57, 0, 0, 0, 0, 0, 0, 73, 64, 50, 0, 0, 0, 0, 0, 0, 0, 120, 156, 1, 39, 0, 216, 255, 123, 34, 99, 111, 109, 109, 97, 110, 100, 95, 116, 121, 112, 101, 34, 58, 34, 69, 67, 34, 44, 34, 109, 101, 115, 115, 97, 103, 101, 34, 58, 34, 72, 101, 108, 108, 111, 34, 125, 12, 19, 13, 10]
[2m2025-08-30T18:00:03.812263Z[0m [32m INFO[0m [2m63:[0m Command SC validated successfully (latency: 2 µs)
[2m2025-08-30T18:00:03.812650Z[0m [32m INFO[0m [2m69:[0m Command validated: SC
[2m2025-08-30T18:00:03.812861Z[0m [32m INFO[0m [2m71:[0m About to send command: SC
[2m2025-08-30T18:00:03.813868Z[0m [32m INFO[0m [2m86:[0m Latency of code execution: 1ms
[2m2025-08-30T18:00:03.814312Z[0m [32m INFO[0m [2m32:[0m Command sent: [4, 0, 0, 0, 0, 0, 0, 0, 67, 77, 54, 48, 0, 0, 0, 0, 0, 128, 71, 64, 47, 0, 0, 0, 0, 0, 0, 0, 120, 156, 1, 36, 0, 219, 255, 123, 34, 99, 111, 109, 109, 97, 110, 100, 95, 116, 121, 112, 101, 34, 58, 34, 83, 67, 34, 44, 34, 109, 101, 115, 115, 97, 103, 101, 34, 58, 110, 117, 108, 108, 125, 233, 98, 12, 155]
[2m2025-08-30T18:00:13.075295Z[0m [32m INFO[0m [2m63:[0m Command EC validated successfully (latency: 2 µs)
[2m2025-08-30T18:00:13.075713Z[0m [32m INFO[0m [2m69:[0m Command validated: EC
[2m2025-08-30T18:00:13.075878Z[0m [32m INFO[0m [2m71:[0m About to send command: EC
[2m2025-08-30T18:00:13.076862Z[0m [32m INFO[0m [2m86:[0m Latency of code execution: 1ms
[2m2025-08-30T18:00:13.077183Z[0m [32m INFO[0m [2m32:[0m Command sent: [4, 0, 0, 0, 0, 0, 0, 0, 67, 77, 54, 49, 0, 0, 0, 0, 0, 0, 73, 64, 50, 0, 0, 0, 0, 0, 0, 0, 120, 156, 1, 39, 0, 216, 255, 123, 34, 99, 111, 109, 109, 97, 110, 100, 95, 116, 121, 112, 101, 34, 58, 34, 69, 67, 34, 44, 34, 109, 101, 115, 115, 97, 103, 101, 34, 58, 34, 72, 101, 108, 108, 111, 34, 125, 12, 19, 13, 10]
[2m2025-08-30T18:00:22.885798Z[0m [32m INFO[0m [2m63:[0m Command PG validated successfully (latency: 1 µs)
[2m2025-08-30T18:00:22.886138Z[0m [32m INFO[0m [2m69:[0m Command validated: PG
[2m2025-08-30T18:00:22.886319Z[0m [32m INFO[0m [2m71:[0m About to send command: PG
[2m2025-08-30T18:00:22.887244Z[0m [32m INFO[0m [2m86:[0m Latency of code execution: 1ms
[2m2025-08-30T18:00:22.887659Z[0m [32m INFO[0m [2m32:[0m Command sent: [4, 0, 0, 0, 0, 0, 0, 0, 67, 77, 54, 50, 0, 0, 0, 0, 0, 128, 71, 64, 47, 0, 0, 0, 0, 0, 0, 0, 120, 156, 1, 36, 0, 219, 255, 123, 34, 99, 111, 109, 109, 97, 110, 100, 95, 116, 121, 112, 101, 34, 58, 34, 80, 71, 34, 44, 34, 109, 101, 115, 115, 97, 103, 101, 34, 58, 110, 117, 108, 108, 125, 233, 113, 12, 156]
[2m2025-08-30T18:00:28.083870Z[0m [32m INFO[0m [2m63:[0m Command EC validated successfully (latency: 1 µs)
[2m2025-08-30T18:00:28.084212Z[0m [32m INFO[0m [2m69:[0m Command validated: EC
[2m2025-08-30T18:00:28.084356Z[0m [32m INFO[0m [2m71:[0m About to send command: EC
[2m2025-08-30T18:00:28.085482Z[0m [32m INFO[0m [2m86:[0m Latency of code execution: 1ms
[2m2025-08-30T18:00:28.085870Z[0m [32m INFO[0m [2m32:[0m Command sent: [4, 0, 0, 0, 0, 0, 0, 0, 67, 77, 54, 51, 0, 0, 0, 0, 0, 0, 73, 64, 50, 0, 0, 0, 0, 0, 0, 0, 120, 156, 1, 39, 0, 216, 255, 123, 34, 99, 111, 109, 109, 97, 110, 100, 95, 116, 121, 112, 101, 34, 58, 34, 69, 67, 34, 44, 34, 109, 101, 115, 115, 97, 103, 101, 34, 58, 34, 72, 101, 108, 108, 111, 34, 125, 12, 19, 13, 10]
[2m2025-08-30T18:00:41.824490Z[0m [32m INFO[0m [2m63:[0m Command SC validated successfully (latency: 1 µs)
[2m2025-08-30T18:00:41.824837Z[0m [32m INFO[0m [2m69:[0m Command validated: SC
[2m2025-08-30T18:00:41.825009Z[0m [32m INFO[0m [2m71:[0m About to send command: SC
[2m2025-08-30T18:00:41.825717Z[0m [32m INFO[0m [2m86:[0m Latency of code execution: 1ms
[2m2025-08-30T18:00:41.826041Z[0m [32m INFO[0m [2m32:[0m Command sent: [4, 0, 0, 0, 0, 0, 0, 0, 67, 77, 54, 52, 0, 0, 0, 0, 0, 128, 71, 64, 47, 0, 0, 0, 0, 0, 0, 0, 120, 156, 1, 36, 0, 219, 255, 123, 34, 99, 111, 109, 109, 97, 110, 100, 95, 116, 121, 112, 101, 34, 58, 34, 83, 67, 34, 44, 34, 109, 101, 115, 115, 97, 103, 101, 34, 58, 110, 117, 108, 108, 125, 233, 98, 12, 155]
[2m2025-08-30T18:00:43.101968Z[0m [32m INFO[0m [2m63:[0m Command EC validated successfully (latency: 1 µs)
[2m2025-08-30T18:00:43.102316Z[0m [32m INFO[0m [2m69:[0m Command validated: EC
[2m2025-08-30T18:00:43.102573Z[0m [32m INFO[0m [2m71:[0m About to send command: EC
[2m2025-08-30T18:00:43.103621Z[0m [32m INFO[0m [2m86:[0m Latency of code execution: 1ms
[2m2025-08-30T18:00:43.104044Z[0m [32m INFO[0m [2m32:[0m Command sent: [4, 0, 0, 0, 0, 0, 0, 0, 67, 77, 54, 53, 0, 0, 0, 0, 0, 0, 73, 64, 50, 0, 0, 0, 0, 0, 0, 0, 120, 156, 1, 39, 0, 216, 255, 123, 34, 99, 111, 109, 109, 97, 110, 100, 95, 116, 121, 112, 101, 34, 58, 34, 69, 67, 34, 44, 34, 109, 101, 115, 115, 97, 103, 101, 34, 58, 34, 72, 101, 108, 108, 111, 34, 125, 12, 19, 13, 10]
[2m2025-08-30T18:00:47.895012Z[0m [32m INFO[0m [2m63:[0m Command PG validated successfully (latency: 6 µs)
[2m2025-08-30T18:00:47.895353Z[0m [32m INFO[0m [2m69:[0m Command validated: PG
[2m2025-08-30T18:00:47.895556Z[0m [32m INFO[0m [2m71:[0m About to send command: PG
[2m2025-08-30T18:00:47.896488Z[0m [32m INFO[0m [2m86:[0m Latency of code execution: 1ms
[2m2025-08-30T18:00:47.896904Z[0m [32m INFO[0m [2m32:[0m Command sent: [4, 0, 0, 0, 0, 0, 0, 0, 67, 77, 54, 54, 0, 0, 0, 0, 0, 128, 71, 64, 47, 0, 0, 0, 0, 0, 0, 0, 120, 156, 1, 36, 0, 219, 255, 123, 34, 99, 111, 109, 109, 97, 110, 100, 95, 116, 121, 112, 101, 34, 58, 34, 80, 71, 34, 44, 34, 109, 101, 115, 115, 97, 103, 101, 34, 58, 110, 117, 108, 108, 125, 233, 113, 12, 156]
[2m2025-08-30T18:00:58.116792Z[0m [32m INFO[0m [2m63:[0m Command EC validated successfully (latency: 1 µs)
[2m2025-08-30T18:00:58.117321Z[0m [32m INFO[0m [2m69:[0m Command validated: EC
[2m2025-08-30T18:00:58.117598Z[0m [32m INFO[0m [2m71:[0m About to send command: EC
[2m2025-08-30T18:00:58.118683Z[0m [32m INFO[0m [2m86:[0m Latency of code execution: 1ms
[2m2025-08-30T18:00:58.119029Z[0m [32m INFO[0m [2m32:[0m Command sent: [4, 0, 0, 0, 0, 0, 0, 0, 67, 77, 54, 55, 0, 0, 0, 0, 0, 0, 73, 64, 50, 0, 0, 0, 0, 0, 0, 0, 120, 156, 1, 39, 0, 216, 255, 123, 34, 99, 111, 109, 109, 97, 110, 100, 95, 116, 121, 112, 101, 34, 58, 34, 69, 67, 34, 44, 34, 109, 101, 115, 115, 97, 103, 101, 34, 58, 34, 72, 101, 108, 108, 111, 34, 125, 12, 19, 13, 10]
[2m2025-08-30T18:01:12.908754Z[0m [32m INFO[0m [2m63:[0m Command PG validated successfully (latency: 1 µs)
[2m2025-08-30T18:01:12.909224Z[0m [32m INFO[0m [2m69:[0m Command validated: PG
[2m2025-08-30T18:01:12.909435Z[0m [32m INFO[0m [2m71:[0m About to send command: PG
[2m2025-08-30T18:01:12.910262Z[0m [32m INFO[0m [2m86:[0m Latency of code execution: 1ms
[2m2025-08-30T18:01:12.910595Z[0m [32m INFO[0m [2m32:[0m Command sent: [4, 0, 0, 0, 0, 0, 0, 0, 67, 77, 54, 56, 0, 0, 0, 0, 0, 128, 71, 64, 47, 0, 0, 0, 0, 0, 0, 0, 120, 156, 1, 36, 0, 219, 255, 123, 34, 99, 111, 109, 109, 97, 110, 100, 95, 116, 121, 112, 101, 34, 58, 34, 80, 71, 34, 44, 34, 109, 101, 115, 115, 97, 103, 101, 34, 58, 110, 117, 108, 108, 125, 233, 113, 12, 156]
[2m2025-08-30T18:01:13.123012Z[0m [32m INFO[0m [2m63:[0m Command EC validated successfully (latency: 1 µs)
[2m2025-08-30T18:01:13.123383Z[0m [32m INFO[0m [2m69:[0m Command validated: EC
[2m2025-08-30T18:01:13.123649Z[0m [32m INFO[0m [2m71:[0m About to send command: EC
[2m2025-08-30T18:01:13.124466Z[0m [32m INFO[0m [2m86:[0m Latency of code execution: 1ms
[2m2025-08-30T18:01:13.124820Z[0m [32m INFO[0m [2m32:[0m Command sent: [4, 0, 0, 0, 0, 0, 0, 0, 67, 77, 54, 57, 0, 0, 0, 0, 0, 0, 73, 64, 50, 0, 0, 0, 0, 0, 0, 0, 120, 156, 1, 39, 0, 216, 255, 123, 34, 99, 111, 109, 109, 97, 110, 100, 95, 116, 121, 112, 101, 34, 58, 34, 69, 67, 34, 44, 34, 109, 101, 115, 115, 97, 103, 101, 34, 58, 34, 72, 101, 108, 108, 111, 34, 125, 12, 19, 13, 10]
[2m2025-08-30T18:01:19.838434Z[0m [32m INFO[0m [2m63:[0m Command SC validated successfully (latency: 1 µs)
[2m2025-08-30T18:01:19.838743Z[0m [32m INFO[0m [2m69:[0m Command validated: SC
[2m2025-08-30T18:01:19.838880Z[0m [32m INFO[0m [2m71:[0m About to send command: SC
[2m2025-08-30T18:01:19.839708Z[0m [32m INFO[0m [2m86:[0m Latency of code execution: 1ms
[2m2025-08-30T18:01:19.840090Z[0m [32m INFO[0m [2m32:[0m Command sent: [4, 0, 0, 0, 0, 0, 0, 0, 67, 77, 55, 48, 0, 0, 0, 0, 0, 128, 71, 64, 47, 0, 0, 0, 0, 0, 0, 0, 120, 156, 1, 36, 0, 219, 255, 123, 34, 99, 111, 109, 109, 97, 110, 100, 95, 116, 121, 112, 101, 34, 58, 34, 83, 67, 34, 44, 34, 109, 101, 115, 115, 97, 103, 101, 34, 58, 110, 117, 108, 108, 125, 233, 98, 12, 155]
[2m2025-08-30T18:01:28.138639Z[0m [32m INFO[0m [2m63:[0m Command EC validated successfully (latency: 1 µs)
[2m2025-08-30T18:01:28.138942Z[0m [32m INFO[0m [2m69:[0m Command validated: EC
[2m2025-08-30T18:01:28.139056Z[0m [32m INFO[0m [2m71:[0m About to send command: EC
[2m2025-08-30T18:01:28.140061Z[0m [32m INFO[0m [2m86:[0m Latency of code execution: 1ms
[2m2025-08-30T18:01:28.140476Z[0m [32m INFO[0m [2m32:[0m Command sent: [4, 0, 0, 0, 0, 0, 0, 0, 67, 77, 55, 49, 0, 0, 0, 0, 0, 0, 73, 64, 50, 0, 0, 0, 0, 0, 0, 0, 120, 156, 1, 39, 0, 216, 255, 123, 34, 99, 111, 109, 109, 97, 110, 100, 95, 116, 121, 112, 101, 34, 58, 34, 69, 67, 34, 44, 34, 109, 101, 115, 115, 97, 103, 101, 34, 58, 34, 72, 101, 108, 108, 111, 34, 125, 12, 19, 13, 10]
[2m2025-08-30T18:01:37.927298Z[0m [32m INFO[0m [2m63:[0m Command PG validated successfully (latency: 2 µs)
[2m2025-08-30T18:01:37.927576Z[0m [32m INFO[0m [2m69:[0m Command validated: PG
[2m2025-08-30T18:01:37.927703Z[0m [32m INFO[0m [2m71:[0m About to send command: PG
[2m2025-08-30T18:01:37.928448Z[0m [32m INFO[0m [2m86:[0m Latency of code execution: 1ms
[2m2025-08-30T18:01:37.928796Z[0m [32m INFO[0m [2m32:[0m Command sent: [4, 0, 0, 0, 0, 0, 0, 0, 67, 77, 55, 50, 0, 0, 0, 0, 0, 128, 71, 64, 47, 0, 0, 0, 0, 0, 0, 0, 120, 156, 1, 36, 0, 219, 255, 123, 34, 99, 111, 109, 109, 97, 110, 100, 95, 116, 121, 112, 101, 34, 58, 34, 80, 71, 34, 44, 34, 109, 101, 115, 115, 97, 103, 101, 34, 58, 110, 117, 108, 108, 125, 233, 113, 12, 156]
[2m2025-08-30T18:01:43.150842Z[0m [32m INFO[0m [2m63:[0m Command EC validated successfully (latency: 1 µs)
[2m2025-08-30T18:01:43.151526Z[0m [32m INFO[0m [2m69:[0m Command validated: EC
[2m2025-08-30T18:01:43.151782Z[0m [32m INFO[0m [2m71:[0m About to send command: EC
[2m2025-08-30T18:01:43.152635Z[0m [32m INFO[0m [2m86:[0m Latency of code execution: 1ms
[2m2025-08-30T18:01:43.153002Z[0m [32m INFO[0m [2m32:[0m Command sent: [4, 0, 0, 0, 0, 0, 0, 0, 67, 77, 55, 51, 0, 0, 0, 0, 0, 0, 73, 64, 50, 0, 0, 0, 0, 0, 0, 0, 120, 156, 1, 39, 0, 216, 255, 123, 34, 99, 111, 109, 109, 97, 110, 100, 95, 116, 121, 112, 101, 34, 58, 34, 69, 67, 34, 44, 34, 109, 101, 115, 115, 97, 103, 101, 34, 58, 34, 72, 101, 108, 108, 111, 34, 125, 12, 19, 13, 10]
[2m2025-08-30T18:01:57.848852Z[0m [32m INFO[0m [2m63:[0m Command SC validated successfully (latency: 2 µs)
[2m2025-08-30T18:01:57.849236Z[0m [32m INFO[0m [2m69:[0m Command validated: SC
[2m2025-08-30T18:01:57.849341Z[0m [32m INFO[0m [2m71:[0m About to send command: SC
[2m2025-08-30T18:01:57.850081Z[0m [32m INFO[0m [2m86:[0m Latency of code execution: 1ms
[2m2025-08-30T18:01:57.850419Z[0m [32m INFO[0m [2m32:[0m Command sent: [4, 0, 0, 0, 0, 0, 0, 0, 67, 77, 55, 52, 0, 0, 0, 0, 0, 128, 71, 64, 47, 0, 0, 0, 0, 0, 0, 0, 120, 156, 1, 36, 0, 219, 255, 123, 34, 99, 111, 109, 109, 97, 110, 100, 95, 116, 121, 112, 101, 34, 58, 34, 83, 67, 34, 44, 34, 109, 101, 115, 115, 97, 103, 101, 34, 58, 110, 117, 108, 108, 125, 233, 98, 12, 155]
[2m2025-08-30T18:01:58.158291Z[0m [32m INFO[0m [2m63:[0m Command EC validated successfully (latency: 1 µs)
[2m2025-08-30T18:01:58.158655Z[0m [32m INFO[0m [2m69:[0m Command validated: EC
[2m2025-08-30T18:01:58.158854Z[0m [32m INFO[0m [2m71:[0m About to send command: EC
[2m2025-08-30T18:01:58.159716Z[0m [32m INFO[0m [2m86:[0m Latency of code execution: 1ms
[2m2025-08-30T18:01:58.160073Z[0m [32m INFO[0m [2m32:[0m Command sent: [4, 0, 0, 0, 0, 0, 0, 0, 67, 77, 55, 53, 0, 0, 0, 0, 0, 0, 73, 64, 50, 0, 0, 0, 0, 0, 0, 0, 120, 156, 1, 39, 0, 216, 255, 123, 34, 99, 111, 109, 109, 97, 110, 100, 95, 116, 121, 112, 101, 34, 58, 34, 69, 67, 34, 44, 34, 109, 101, 115, 115, 97, 103, 101, 34, 58, 34, 72, 101, 108, 108, 111, 34, 125, 12, 19, 13, 10]
[2m2025-08-30T18:02:02.944247Z[0m [32m INFO[0m [2m63:[0m Command PG validated successfully (latency: 2 µs)
[2m2025-08-30T18:02:02.944537Z[0m [32m INFO[0m [2m69:[0m Command validated: PG
[2m2025-08-30T18:02:02.944709Z[0m [32m INFO[0m [2m71:[0m About to send command: PG
[2m2025-08-30T18:02:02.945589Z[0m [32m INFO[0m [2m86:[0m Latency of code execution: 1ms
[2m2025-08-30T18:02:02.945900Z[0m [32m INFO[0m [2m32:[0m Command sent: [4, 0, 0, 0, 0, 0, 0, 0, 67, 77, 55, 54, 0, 0, 0, 0, 0, 128, 71, 64, 47, 0, 0, 0, 0, 0, 0, 0, 120, 156, 1, 36, 0, 219, 255, 123, 34, 99, 111, 109, 109, 97, 110, 100, 95, 116, 121, 112, 101, 34, 58, 34, 80, 71, 34, 44, 34, 109, 101, 115, 115, 97, 103, 101, 34, 58, 110, 117, 108, 108, 125, 233, 113, 12, 156]
[2m2025-08-30T18:02:13.169562Z[0m [32m INFO[0m [2m63:[0m Command EC validated successfully (latency: 1 µs)
[2m2025-08-30T18:02:13.169931Z[0m [32m INFO[0m [2m69:[0m Command validated: EC
[2m2025-08-30T18:02:13.170078Z[0m [32m INFO[0m [2m71:[0m About to send command: EC
[2m2025-08-30T18:02:13.171162Z[0m [32m INFO[0m [2m86:[0m Latency of code execution: 1ms
[2m2025-08-30T18:02:13.171618Z[0m [32m INFO[0m [2m32:[0m Command sent: [4, 0, 0, 0, 0, 0, 0, 0, 67, 77, 55, 55, 0, 0, 0, 0, 0, 0, 73, 64, 50, 0, 0, 0, 0, 0, 0, 0, 120, 156, 1, 39, 0, 216, 255, 123, 34, 99, 111, 109, 109, 97, 110, 100, 95, 116, 121, 112, 101, 34, 58, 34, 69, 67, 34, 44, 34, 109, 101, 115, 115, 97, 103, 101, 34, 58, 34, 72, 101, 108, 108, 111, 34, 125, 12, 19, 13, 10]
[2m2025-08-30T18:02:27.948562Z[0m [32m INFO[0m [2m63:[0m Command PG validated successfully (latency: 1 µs)
[2m2025-08-30T18:02:27.948883Z[0m [32m INFO[0m [2m69:[0m Command validated: PG
[2m2025-08-30T18:02:27.949070Z[0m [32m INFO[0m [2m71:[0m About to send command: PG
[2m2025-08-30T18:02:27.950067Z[0m [32m INFO[0m [2m86:[0m Latency of code execution: 1ms
[2m2025-08-30T18:02:27.950509Z[0m [32m INFO[0m [2m32:[0m Command sent: [4, 0, 0, 0, 0, 0, 0, 0, 67, 77, 55, 56, 0, 0, 0, 0, 0, 128, 71, 64, 47, 0, 0, 0, 0, 0, 0, 0, 120, 156, 1, 36, 0, 219, 255, 123, 34, 99, 111, 109, 109, 97, 110, 100, 95, 116, 121, 112, 101, 34, 58, 34, 80, 71, 34, 44, 34, 109, 101, 115, 115, 97, 103, 101, 34, 58, 110, 117, 108, 108, 125, 233, 113, 12, 156]
[2m2025-08-30T18:02:28.179771Z[0m [32m INFO[0m [2m63:[0m Command EC validated successfully (latency: 1 µs)
[2m2025-08-30T18:02:28.180042Z[0m [32m INFO[0m [2m69:[0m Command validated: EC
[2m2025-08-30T18:02:28.180236Z[0m [32m INFO[0m [2m71:[0m About to send command: EC
[2m2025-08-30T18:02:28.181209Z[0m [32m INFO[0m [2m86:[0m Latency of code execution: 1ms
[2m2025-08-30T18:02:28.181565Z[0m [32m INFO[0m [2m32:[0m Command sent: [4, 0, 0, 0, 0, 0, 0, 0, 67, 77, 55, 57, 0, 0, 0, 0, 0, 0, 73, 64, 50, 0, 0, 0, 0, 0, 0, 0, 120, 156, 1, 39, 0, 216, 255, 123, 34, 99, 111, 109, 109, 97, 110, 100, 95, 116, 121, 112, 101, 34, 58, 34, 69, 67, 34, 44, 34, 109, 101, 115, 115, 97, 103, 101, 34, 58, 34, 72, 101, 108, 108, 111, 34, 125, 12, 19, 13, 10]
[2m2025-08-30T18:02:35.859330Z[0m [32m INFO[0m [2m63:[0m Command SC validated successfully (latency: 2 µs)
[2m2025-08-30T18:02:35.859724Z[0m [32m INFO[0m [2m69:[0m Command validated: SC
[2m2025-08-30T18:02:35.860170Z[0m [32m INFO[0m [2m71:[0m About to send command: SC
[2m2025-08-30T18:02:35.861582Z[0m [32m INFO[0m [2m86:[0m Latency of code execution: 2ms
[2m2025-08-30T18:02:35.862150Z[0m [32m INFO[0m [2m32:[0m Command sent: [4, 0, 0, 0, 0, 0, 0, 0, 67, 77, 56, 48, 0, 0, 0, 0, 0, 128, 71, 64, 47, 0, 0, 0, 0, 0, 0, 0, 120, 156, 1, 36, 0, 219, 255, 123, 34, 99, 111, 109, 109, 97, 110, 100, 95, 116, 121, 112, 101, 34, 58, 34, 83, 67, 34, 44, 34, 109, 101, 115, 115, 97, 103, 101, 34, 58, 110, 117, 108, 108, 125, 233, 98, 12, 155]
[2m2025-08-30T18:02:43.181713Z[0m [32m INFO[0m [2m63:[0m Command EC validated successfully (latency: 1 µs)
[2m2025-08-30T18:02:43.182090Z[0m [32m INFO[0m [2m69:[0m Command validated: EC
[2m2025-08-30T18:02:43.182347Z[0m [32m INFO[0m [2m71:[0m About to send command: EC
[2m2025-08-30T18:02:43.183854Z[0m [32m INFO[0m [2m86:[0m Latency of code execution: 2ms
[2m2025-08-30T18:02:43.184468Z[0m [32m INFO[0m [2m32:[0m Command sent: [4, 0, 0, 0, 0, 0, 0, 0, 67, 77, 56, 49, 0, 0, 0, 0, 0, 0, 73, 64, 50, 0, 0, 0, 0, 0, 0, 0, 120, 156, 1, 39, 0, 216, 255, 123, 34, 99, 111, 109, 109, 97, 110, 100, 95, 116, 121, 112, 101, 34, 58, 34, 69, 67, 34, 44, 34, 109, 101, 115, 115, 97, 103, 101, 34, 58, 34, 72, 101, 108, 108, 111, 34, 125, 12, 19, 13, 10]
[2m2025-08-30T18:02:52.960090Z[0m [32m INFO[0m [2m63:[0m Command PG validated successfully (latency: 1 µs)
[2m2025-08-30T18:02:52.960674Z[0m [32m INFO[0m [2m69:[0m Command validated: PG
[2m2025-08-30T18:02:52.961073Z[0m [32m INFO[0m [2m71:[0m About to send command: PG
[2m2025-08-30T18:02:52.962068Z[0m [32m INFO[0m [2m86:[0m Latency of code execution: 2ms
[2m2025-08-30T18:02:52.962452Z[0m [32m INFO[0m [2m32:[0m Command sent: [4, 0, 0, 0, 0, 0, 0, 0, 67, 77, 56, 50, 0, 0, 0, 0, 0, 128, 71, 64, 47, 0, 0, 0, 0, 0, 0, 0, 120, 156, 1, 36, 0, 219, 255, 123, 34, 99, 111, 109, 109, 97, 110, 100, 95, 116, 121, 112, 101, 34, 58, 34, 80, 71, 34, 44, 34, 109, 101, 115, 115, 97, 103, 101, 34, 58, 110, 117, 108, 108, 125, 233, 113, 12, 156]
[2m2025-08-30T18:02:58.196546Z[0m [32m INFO[0m [2m63:[0m Command EC validated successfully (latency: 2 µs)
[2m2025-08-30T18:02:58.196788Z[0m [32m INFO[0m [2m69:[0m Command validated: EC
[2m2025-08-30T18:02:58.196935Z[0m [32m INFO[0m [2m71:[0m About to send command: EC
[2m2025-08-30T18:02:58.197781Z[0m [32m INFO[0m [2m86:[0m Latency of code execution: 1ms
[2m2025-08-30T18:02:58.198186Z[0m [32m INFO[0m [2m32:[0m Command sent: [4, 0, 0, 0, 0, 0, 0, 0, 67, 77, 56, 51, 0, 0, 0, 0, 0, 0, 73, 64, 50, 0, 0, 0, 0, 0, 0, 0, 120, 156, 1, 39, 0, 216, 255, 123, 34, 99, 111, 109, 109, 97, 110, 100, 95, 116, 121, 112, 101, 34, 58, 34, 69, 67, 34, 44, 34, 109, 101, 115, 115, 97, 103, 101, 34, 58, 34, 72, 101, 108, 108, 111, 34, 125, 12, 19, 13, 10]
[2m2025-08-30T18:03:13.211319Z[0m [32m INFO[0m [2m63:[0m Command EC validated successfully (latency: 1 µs)
[2m2025-08-30T18:03:13.211828Z[0m [32m INFO[0m [2m69:[0m Command validated: EC
[2m2025-08-30T18:03:13.212107Z[0m [32m INFO[0m [2m71:[0m About to send command: EC
[2m2025-08-30T18:03:13.213170Z[0m [32m INFO[0m [2m86:[0m Latency of code execution: 1ms
[2m2025-08-30T18:03:13.213682Z[0m [32m INFO[0m [2m32:[0m Command sent: [4, 0, 0, 0, 0, 0, 0, 0, 67, 77, 56, 52, 0, 0, 0, 0, 0, 0, 73, 64, 50, 0, 0, 0, 0, 0, 0, 0, 120, 156, 1, 39, 0, 216, 255, 123, 34, 99, 111, 109, 109, 97, 110, 100, 95, 116, 121, 112, 101, 34, 58, 34, 69, 67, 34, 44, 34, 109, 101, 115, 115, 97, 103, 101, 34, 58, 34, 72, 101, 108, 108, 111, 34, 125, 12, 19, 13, 10]
[2m2025-08-30T18:03:13.879095Z[0m [32m INFO[0m [2m63:[0m Command SC validated successfully (latency: 2 µs)
[2m2025-08-30T18:03:13.879569Z[0m [32m INFO[0m [2m69:[0m Command validated: SC
[2m2025-08-30T18:03:13.879780Z[0m [32m INFO[0m [2m71:[0m About to send command: SC
[2m2025-08-30T18:03:13.880609Z[0m [32m INFO[0m [2m86:[0m Latency of code execution: 1ms
[2m2025-08-30T18:03:13.880998Z[0m [32m INFO[0m [2m32:[0m Command sent: [4, 0, 0, 0, 0, 0, 0, 0, 67, 77, 56, 53, 0, 0, 0, 0, 0, 128, 71, 64, 47, 0, 0, 0, 0, 0, 0, 0, 120, 156, 1, 36, 0, 219, 255, 123, 34, 99, 111, 109, 109, 97, 110, 100, 95, 116, 121, 112, 101, 34, 58, 34, 83, 67, 34, 44, 34, 109, 101, 115, 115, 97, 103, 101, 34, 58, 110, 117, 108, 108, 125, 233, 98, 12, 155]
[2m2025-08-30T18:03:17.976415Z[0m [32m INFO[0m [2m63:[0m Command PG validated successfully (latency: 1 µs)
[2m2025-08-30T18:03:17.977023Z[0m [32m INFO[0m [2m69:[0m Command validated: PG
[2m2025-08-30T18:03:17.977342Z[0m [32m INFO[0m [2m71:[0m About to send command: PG
[2m2025-08-30T18:03:17.978242Z[0m [32m INFO[0m [2m86:[0m Latency of code execution: 1ms
[2m2025-08-30T18:03:17.978583Z[0m [32m INFO[0m [2m32:[0m Command sent: [4, 0, 0, 0, 0, 0, 0, 0, 67, 77, 56, 54, 0, 0, 0, 0, 0, 128, 71, 64, 47, 0, 0, 0, 0, 0, 0, 0, 120, 156, 1, 36, 0, 219, 255, 123, 34, 99, 111, 109, 109, 97, 110, 100, 95, 116, 121, 112, 101, 34, 58, 34, 80, 71, 34, 44, 34, 109, 101, 115, 115, 97, 103, 101, 34, 58, 110, 117, 108, 108, 125, 233, 113, 12, 156]
[2m2025-08-30T18:03:28.218417Z[0m [32m INFO[0m [2m63:[0m Command EC validated successfully (latency: 2 µs)
[2m2025-08-30T18:03:28.218920Z[0m [32m INFO[0m [2m69:[0m Command validated: EC
[2m2025-08-30T18:03:28.219098Z[0m [32m INFO[0m [2m71:[0m About to send command: EC
[2m2025-08-30T18:03:28.220204Z[0m [32m INFO[0m [2m86:[0m Latency of code execution: 1ms
[2m2025-08-30T18:03:28.220541Z[0m [32m INFO[0m [2m32:[0m Command sent: [4, 0, 0, 0, 0, 0, 0, 0, 67, 77, 56, 55, 0, 0, 0, 0, 0, 0, 73, 64, 50, 0, 0, 0, 0, 0, 0, 0, 120, 156, 1, 39, 0, 216, 255, 123, 34, 99, 111, 109, 109, 97, 110, 100, 95, 116, 121, 112, 101, 34, 58, 34, 69, 67, 34, 44, 34, 109, 101, 115, 115, 97, 103, 101, 34, 58, 34, 72, 101, 108, 108, 111, 34, 125, 12, 19, 13, 10]
[2m2025-08-30T18:03:42.989677Z[0m [32m INFO[0m [2m63:[0m Command PG validated successfully (latency: 1 µs)
[2m2025-08-30T18:03:42.989975Z[0m [32m INFO[0m [2m69:[0m Command validated: PG
[2m2025-08-30T18:03:42.990215Z[0m [32m INFO[0m [2m71:[0m About to send command: PG
[2m2025-08-30T18:03:42.991262Z[0m [32m INFO[0m [2m86:[0m Latency of code execution: 1ms
[2m2025-08-30T18:03:42.991587Z[0m [32m INFO[0m [2m32:[0m Command sent: [4, 0, 0, 0, 0, 0, 0, 0, 67, 77, 56, 56, 0, 0, 0, 0, 0, 128, 71, 64, 47, 0, 0, 0, 0, 0, 0, 0, 120, 156, 1, 36, 0, 219, 255, 123, 34, 99, 111, 109, 109, 97, 110, 100, 95, 116, 121, 112, 101, 34, 58, 34, 80, 71, 34, 44, 34, 109, 101, 115, 115, 97, 103, 101, 34, 58, 110, 117, 108, 108, 125, 233, 113, 12, 156]
[2m2025-08-30T18:03:43.237386Z[0m [32m INFO[0m [2m63:[0m Command EC validated successfully (latency: 1 µs)
[2m2025-08-30T18:03:43.237931Z[0m [32m INFO[0m [2m69:[0m Command validated: EC
[2m2025-08-30T18:03:43.238275Z[0m [32m INFO[0m [2m71:[0m About to send command: EC
[2m2025-08-30T18:03:43.239175Z[0m [32m INFO[0m [2m86:[0m Latency of code execution: 1ms
[2m2025-08-30T18:03:43.239507Z[0m [32m INFO[0m [2m32:[0m Command sent: [4, 0, 0, 0, 0, 0, 0, 0, 67, 77, 56, 57, 0, 0, 0, 0, 0, 0, 73, 64, 50, 0, 0, 0, 0, 0, 0, 0, 120, 156, 1, 39, 0, 216, 255, 123, 34, 99, 111, 109, 109, 97, 110, 100, 95, 116, 121, 112, 101, 34, 58, 34, 69, 67, 34, 44, 34, 109, 101, 115, 115, 97, 103, 101, 34, 58, 34, 72, 101, 108, 108, 111, 34, 125, 12, 19, 13, 10]
[2m2025-08-30T18:03:51.887206Z[0m [32m INFO[0m [2m63:[0m Command SC validated successfully (latency: 3 µs)
[2m2025-08-30T18:03:51.887615Z[0m [32m INFO[0m [2m69:[0m Command validated: SC
[2m2025-08-30T18:03:51.887845Z[0m [32m INFO[0m [2m71:[0m About to send command: SC
[2m2025-08-30T18:03:51.888793Z[0m [32m INFO[0m [2m86:[0m Latency of code execution: 1ms
[2m2025-08-30T18:03:51.889169Z[0m [32m INFO[0m [2m32:[0m Command sent: [4, 0, 0, 0, 0, 0, 0, 0, 67, 77, 57, 48, 0, 0, 0, 0, 0, 128, 71, 64, 47, 0, 0, 0, 0, 0, 0, 0, 120, 156, 1, 36, 0, 219, 255, 123, 34, 99, 111, 109, 109, 97, 110, 100, 95, 116, 121, 112, 101, 34, 58, 34, 83, 67, 34, 44, 34, 109, 101, 115, 115, 97, 103, 101, 34, 58, 110, 117, 108, 108, 125, 233, 98, 12, 155]
[2m2025-08-30T18:03:58.245522Z[0m [32m INFO[0m [2m63:[0m Command EC validated successfully (latency: 3 µs)
[2m2025-08-30T18:03:58.245956Z[0m [32m INFO[0m [2m69:[0m Command validated: EC
[2m2025-08-30T18:03:58.246204Z[0m [32m INFO[0m [2m71:[0m About to send command: EC
[2m2025-08-30T18:03:58.247408Z[0m [32m INFO[0m [2m86:[0m Latency of code execution: 1ms
[2m2025-08-30T18:03:58.247801Z[0m [32m INFO[0m [2m32:[0m Command sent: [4, 0, 0, 0, 0, 0, 0, 0, 67, 77, 57, 49, 0, 0, 0, 0, 0, 0, 73, 64, 50, 0, 0, 0, 0, 0, 0, 0, 120, 156, 1, 39, 0, 216, 255, 123, 34, 99, 111, 109, 109, 97, 110, 100, 95, 116, 121, 112, 101, 34, 58, 34, 69, 67, 34, 44, 34, 109, 101, 115, 115, 97, 103, 101, 34, 58, 34, 72, 101, 108, 108, 111, 34, 125, 12, 19, 13, 10]
[2m2025-08-30T18:04:08.002540Z[0m [32m INFO[0m [2m63:[0m Command PG validated successfully (latency: 2 µs)
[2m2025-08-30T18:04:08.002798Z[0m [32m INFO[0m [2m69:[0m Command validated: PG
[2m2025-08-30T18:04:08.003009Z[0m [32m INFO[0m [2m71:[0m About to send command: PG
[2m2025-08-30T18:04:08.003980Z[0m [32m INFO[0m [2m86:[0m Latency of code execution: 1ms
[2m2025-08-30T18:04:08.004351Z[0m [32m INFO[0m [2m32:[0m Command sent: [4, 0, 0, 0, 0, 0, 0, 0, 67, 77, 57, 50, 0, 0, 0, 0, 0, 128, 71, 64, 47, 0, 0, 0, 0, 0, 0, 0, 120, 156, 1, 36, 0, 219, 255, 123, 34, 99, 111, 109, 109, 97, 110, 100, 95, 116, 121, 112, 101, 34, 58, 34, 80, 71, 34, 44, 34, 109, 101, 115, 115, 97, 103, 101, 34, 58, 110, 117, 108, 108, 125, 233, 113, 12, 156]
[2m2025-08-30T18:04:13.261595Z[0m [32m INFO[0m [2m63:[0m Command EC validated successfully (latency: 1 µs)
[2m2025-08-30T18:04:13.261869Z[0m [32m INFO[0m [2m69:[0m Command validated: EC
[2m2025-08-30T18:04:13.262057Z[0m [32m INFO[0m [2m71:[0m About to send command: EC
[2m2025-08-30T18:04:13.263101Z[0m [32m INFO[0m [2m86:[0m Latency of code execution: 1ms
[2m2025-08-30T18:04:13.263540Z[0m [32m INFO[0m [2m32:[0m Command sent: [4, 0, 0, 0, 0, 0, 0, 0, 67, 77, 57, 51, 0, 0, 0, 0, 0, 0, 73, 64, 50, 0, 0, 0, 0, 0, 0, 0, 120, 156, 1, 39, 0, 216, 255, 123, 34, 99, 111, 109, 109, 97, 110, 100, 95, 116, 121, 112, 101, 34, 58, 34, 69, 67, 34, 44, 34, 109, 101, 115, 115, 97, 103, 101, 34, 58, 34, 72, 101, 108, 108, 111, 34, 125, 12, 19, 13, 10]
[2m2025-08-30T18:04:28.275463Z[0m [32m INFO[0m [2m63:[0m Command EC validated successfully (latency: 1 µs)
[2m2025-08-30T18:04:28.275922Z[0m [32m INFO[0m [2m69:[0m Command validated: EC
[2m2025-08-30T18:04:28.276382Z[0m [32m INFO[0m [2m71:[0m About to send command: EC
[2m2025-08-30T18:04:28.277401Z[0m [32m INFO[0m [2m86:[0m Latency of code execution: 1ms
[2m2025-08-30T18:04:28.277760Z[0m [32m INFO[0m [2m32:[0m Command sent: [4, 0, 0, 0, 0, 0, 0, 0, 67, 77, 57, 52, 0, 0, 0, 0, 0, 0, 73, 64, 50, 0, 0, 0, 0, 0, 0, 0, 120, 156, 1, 39, 0, 216, 255, 123, 34, 99, 111, 109, 109, 97, 110, 100, 95, 116, 121, 112, 101, 34, 58, 34, 69, 67, 34, 44, 34, 109, 101, 115, 115, 97, 103, 101, 34, 58, 34, 72, 101, 108, 108, 111, 34, 125, 12, 19, 13, 10]
[2m2025-08-30T18:04:29.899424Z[0m [32m INFO[0m [2m63:[0m Command SC validated successfully (latency: 1 µs)
[2m2025-08-30T18:04:29.899830Z[0m [32m INFO[0m [2m69:[0m Command validated: SC
[2m2025-08-30T18:04:29.900087Z[0m [32m INFO[0m [2m71:[0m About to send command: SC
[2m2025-08-30T18:04:29.901154Z[0m [32m INFO[0m [2m86:[0m Latency of code execution: 1ms
[2m2025-08-30T18:04:29.901601Z[0m [32m INFO[0m [2m32:[0m Command sent: [4, 0, 0, 0, 0, 0, 0, 0, 67, 77, 57, 53, 0, 0, 0, 0, 0, 128, 71, 64, 47, 0, 0, 0, 0, 0, 0, 0, 120, 156, 1, 36, 0, 219, 255, 123, 34, 99, 111, 109, 109, 97, 110, 100, 95, 116, 121, 112, 101, 34, 58, 34, 83, 67, 34, 44, 34, 109, 101, 115, 115, 97, 103, 101, 34, 58, 110, 117, 108, 108, 125, 233, 98, 12, 155]
[2m2025-08-30T18:04:33.015260Z[0m [32m INFO[0m [2m63:[0m Command PG validated successfully (latency: 2 µs)
[2m2025-08-30T18:04:33.015628Z[0m [32m INFO[0m [2m69:[0m Command validated: PG
[2m2025-08-30T18:04:33.015870Z[0m [32m INFO[0m [2m71:[0m About to send command: PG
[2m2025-08-30T18:04:33.016788Z[0m [32m INFO[0m [2m86:[0m Latency of code execution: 1ms
[2m2025-08-30T18:04:33.017151Z[0m [32m INFO[0m [2m32:[0m Command sent: [4, 0, 0, 0, 0, 0, 0, 0, 67, 77, 57, 54, 0, 0, 0, 0, 0, 128, 71, 64, 47, 0, 0, 0, 0, 0, 0, 0, 120, 156, 1, 36, 0, 219, 255, 123, 34, 99, 111, 109, 109, 97, 110, 100, 95, 116, 121, 112, 101, 34, 58, 34, 80, 71, 34, 44, 34, 109, 101, 115, 115, 97, 103, 101, 34, 58, 110, 117, 108, 108, 125, 233, 113, 12, 156]
[2m2025-08-30T18:04:43.278339Z[0m [32m INFO[0m [2m63:[0m Command EC validated successfully (latency: 2 µs)
[2m2025-08-30T18:04:43.278688Z[0m [32m INFO[0m [2m69:[0m Command validated: EC
[2m2025-08-30T18:04:43.278850Z[0m [32m INFO[0m [2m71:[0m About to send command: EC
[2m2025-08-30T18:04:43.279945Z[0m [32m INFO[0m [2m86:[0m Latency of code execution: 1ms
[2m2025-08-30T18:04:43.280374Z[0m [32m INFO[0m [2m32:[0m Command sent: [4, 0, 0, 0, 0, 0, 0, 0, 67, 77, 57, 55, 0, 0, 0, 0, 0, 0, 73, 64, 50, 0, 0, 0, 0, 0, 0, 0, 120, 156, 1, 39, 0, 216, 255, 123, 34, 99, 111, 109, 109, 97, 110, 100, 95, 116, 121, 112, 101, 34, 58, 34, 69, 67, 34, 44, 34, 109, 101, 115, 115, 97, 103, 101, 34, 58, 34, 72, 101, 108, 108, 111, 34, 125, 12, 19, 13, 10]
[2m2025-08-30T18:04:58.025899Z[0m [32m INFO[0m [2m63:[0m Command PG validated successfully (latency: 1 µs)
[2m2025-08-30T18:04:58.026235Z[0m [32m INFO[0m [2m69:[0m Command validated: PG
[2m2025-08-30T18:04:58.026432Z[0m [32m INFO[0m [2m71:[0m About to send command: PG
[2m2025-08-30T18:04:58.027507Z[0m [32m INFO[0m [2m86:[0m Latency of code execution: 1ms
[2m2025-08-30T18:04:58.027916Z[0m [32m INFO[0m [2m32:[0m Command sent: [4, 0, 0, 0, 0, 0, 0, 0, 67, 77, 57, 56, 0, 0, 0, 0, 0, 128, 71, 64, 47, 0, 0, 0, 0, 0, 0, 0, 120, 156, 1, 36, 0, 219, 255, 123, 34, 99, 111, 109, 109, 97, 110, 100, 95, 116, 121, 112, 101, 34, 58, 34, 80, 71, 34, 44, 34, 109, 101, 115, 115, 97, 103, 101, 34, 58, 110, 117, 108, 108, 125, 233, 113, 12, 156]
[2m2025-08-30T18:04:58.288310Z[0m [32m INFO[0m [2m63:[0m Command EC validated successfully (latency: 2 µs)
[2m2025-08-30T18:04:58.288677Z[0m [32m INFO[0m [2m69:[0m Command validated: EC
[2m2025-08-30T18:04:58.288845Z[0m [32m INFO[0m [2m71:[0m About to send command: EC
[2m2025-08-30T18:04:58.289881Z[0m [32m INFO[0m [2m86:[0m Latency of code execution: 1ms
[2m2025-08-30T18:04:58.290365Z[0m [32m INFO[0m [2m32:[0m Command sent: [4, 0, 0, 0, 0, 0, 0, 0, 67, 77, 57, 57, 0, 0, 0, 0, 0, 0, 73, 64, 50, 0, 0, 0, 0, 0, 0, 0, 120, 156, 1, 39, 0, 216, 255, 123, 34, 99, 111, 109, 109, 97, 110, 100, 95, 116, 121, 112, 101, 34, 58, 34, 69, 67, 34, 44, 34, 109, 101, 115, 115, 97, 103, 101, 34, 58, 34, 72, 101, 108, 108, 111, 34, 125, 12, 19, 13, 10]
[2m2025-08-30T18:05:07.910486Z[0m [32m INFO[0m [2m63:[0m Command SC validated successfully (latency: 1 µs)
[2m2025-08-30T18:05:07.910898Z[0m [32m INFO[0m [2m69:[0m Command validated: SC
[2m2025-08-30T18:05:07.911172Z[0m [32m INFO[0m [2m71:[0m About to send command: SC
[2m2025-08-30T18:05:07.912282Z[0m [32m INFO[0m [2m86:[0m Latency of code execution: 1ms
[2m2025-08-30T18:05:07.912733Z[0m [32m INFO[0m [2m32:[0m Command sent: [5, 0, 0, 0, 0, 0, 0, 0, 67, 77, 49, 48, 48, 0, 0, 0, 0, 0, 128, 71, 64, 47, 0, 0, 0, 0, 0, 0, 0, 120, 156, 1, 36, 0, 219, 255, 123, 34, 99, 111, 109, 109, 97, 110, 100, 95, 116, 121, 112, 101, 34, 58, 34, 83, 67, 34, 44, 34, 109, 101, 115, 115, 97, 103, 101, 34, 58, 110, 117, 108, 108, 125, 233, 98, 12, 155]
[2m2025-08-30T18:05:13.305430Z[0m [32m INFO[0m [2m63:[0m Command EC validated successfully (latency: 2 µs)
[2m2025-08-30T18:05:13.305867Z[0m [32m INFO[0m [2m69:[0m Command validated: EC
[2m2025-08-30T18:05:13.306079Z[0m [32m INFO[0m [2m71:[0m About to send command: EC
[2m2025-08-30T18:05:13.307178Z[0m [32m INFO[0m [2m86:[0m Latency of code execution: 1ms
[2m2025-08-30T18:05:13.307580Z[0m [32m INFO[0m [2m32:[0m Command sent: [5, 0, 0, 0, 0, 0, 0, 0, 67, 77, 49, 48, 49, 0, 0, 0, 0, 0, 0, 73, 64, 50, 0, 0, 0, 0, 0, 0, 0, 120, 156, 1, 39, 0, 216, 255, 123, 34, 99, 111, 109, 109, 97, 110, 100, 95, 116, 121, 112, 101, 34, 58, 34, 69, 67, 34, 44, 34, 109, 101, 115, 115, 97, 103, 101, 34, 58, 34, 72, 101, 108, 108, 111, 34, 125, 12, 19, 13, 10]
[2m2025-08-30T18:05:23.040885Z[0m [32m INFO[0m [2m63:[0m Command PG validated successfully (latency: 2 µs)
[2m2025-08-30T18:05:23.041447Z[0m [32m INFO[0m [2m69:[0m Command validated: PG
[2m2025-08-30T18:05:23.041738Z[0m [32m INFO[0m [2m71:[0m About to send command: PG
[2m2025-08-30T18:05:23.042672Z[0m [32m INFO[0m [2m86:[0m Latency of code execution: 1ms
[2m2025-08-30T18:05:23.043096Z[0m [32m INFO[0m [2m32:[0m Command sent: [5, 0, 0, 0, 0, 0, 0, 0, 67, 77, 49, 48, 50, 0, 0, 0, 0, 0, 128, 71, 64, 47, 0, 0, 0, 0, 0, 0, 0, 120, 156, 1, 36, 0, 219, 255, 123, 34, 99, 111, 109, 109, 97, 110, 100, 95, 116, 121, 112, 101, 34, 58, 34, 80, 71, 34, 44, 34, 109, 101, 115, 115, 97, 103, 101, 34, 58, 110, 117, 108, 108, 125, 233, 113, 12, 156]
[2m2025-08-30T18:05:28.319809Z[0m [32m INFO[0m [2m63:[0m Command EC validated successfully (latency: 1 µs)
[2m2025-08-30T18:05:28.320151Z[0m [32m INFO[0m [2m69:[0m Command validated: EC
[2m2025-08-30T18:05:28.320647Z[0m [32m INFO[0m [2m71:[0m About to send command: EC
[2m2025-08-30T18:05:28.321765Z[0m [32m INFO[0m [2m86:[0m Latency of code execution: 1ms
[2m2025-08-30T18:05:28.322207Z[0m [32m INFO[0m [2m32:[0m Command sent: [5, 0, 0, 0, 0, 0, 0, 0, 67, 77, 49, 48, 51, 0, 0, 0, 0, 0, 0, 73, 64, 50, 0, 0, 0, 0, 0, 0, 0, 120, 156, 1, 39, 0, 216, 255, 123, 34, 99, 111, 109, 109, 97, 110, 100, 95, 116, 121, 112, 101, 34, 58, 34, 69, 67, 34, 44, 34, 109, 101, 115, 115, 97, 103, 101, 34, 58, 34, 72, 101, 108, 108, 111, 34, 125, 12, 19, 13, 10]
[2m2025-08-30T18:05:43.327027Z[0m [32m INFO[0m [2m63:[0m Command EC validated successfully (latency: 1 µs)
[2m2025-08-30T18:05:43.327509Z[0m [32m INFO[0m [2m69:[0m Command validated: EC
[2m2025-08-30T18:05:43.327832Z[0m [32m INFO[0m [2m71:[0m About to send command: EC
[2m2025-08-30T18:05:43.328933Z[0m [32m INFO[0m [2m86:[0m Latency of code execution: 1ms
[2m2025-08-30T18:05:43.329412Z[0m [32m INFO[0m [2m32:[0m Command sent: [5, 0, 0, 0, 0, 0, 0, 0, 67, 77, 49, 48, 52, 0, 0, 0, 0, 0, 0, 73, 64, 50, 0, 0, 0, 0, 0, 0, 0, 120, 156, 1, 39, 0, 216, 255, 123, 34, 99, 111, 109, 109, 97, 110, 100, 95, 116, 121, 112, 101, 34, 58, 34, 69, 67, 34, 44, 34, 109, 101, 115, 115, 97, 103, 101, 34, 58, 34, 72, 101, 108, 108, 111, 34, 125, 12, 19, 13, 10]
[2m2025-08-30T18:05:45.916236Z[0m [32m INFO[0m [2m63:[0m Command SC validated successfully (latency: 1 µs)
[2m2025-08-30T18:05:45.916621Z[0m [32m INFO[0m [2m69:[0m Command validated: SC
[2m2025-08-30T18:05:45.916872Z[0m [32m INFO[0m [2m71:[0m About to send command: SC
[2m2025-08-30T18:05:45.917824Z[0m [32m INFO[0m [2m86:[0m Latency of code execution: 1ms
[2m2025-08-30T18:05:45.918182Z[0m [32m INFO[0m [2m32:[0m Command sent: [5, 0, 0, 0, 0, 0, 0, 0, 67, 77, 49, 48, 53, 0, 0, 0, 0, 0, 128, 71, 64, 47, 0, 0, 0, 0, 0, 0, 0, 120, 156, 1, 36, 0, 219, 255, 123, 34, 99, 111, 109, 109, 97, 110, 100, 95, 116, 121, 112, 101, 34, 58, 34, 83, 67, 34, 44, 34, 109, 101, 115, 115, 97, 103, 101, 34, 58, 110, 117, 108, 108, 125, 233, 98, 12, 155]
[2m2025-08-30T18:05:48.052708Z[0m [32m INFO[0m [2m63:[0m Command PG validated successfully (latency: 1 µs)
[2m2025-08-30T18:05:48.053145Z[0m [32m INFO[0m [2m69:[0m Command validated: PG
[2m2025-08-30T18:05:48.053336Z[0m [32m INFO[0m [2m71:[0m About to send command: PG
[2m2025-08-30T18:05:48.054389Z[0m [32m INFO[0m [2m86:[0m Latency of code execution: 1ms
[2m2025-08-30T18:05:48.054783Z[0m [32m INFO[0m [2m32:[0m Command sent: [5, 0, 0, 0, 0, 0, 0, 0, 67, 77, 49, 48, 54, 0, 0, 0, 0, 0, 128, 71, 64, 47, 0, 0, 0, 0, 0, 0, 0, 120, 156, 1, 36, 0, 219, 255, 123, 34, 99, 111, 109, 109, 97, 110, 100, 95, 116, 121, 112, 101, 34, 58, 34, 80, 71, 34, 44, 34, 109, 101, 115, 115, 97, 103, 101, 34, 58, 110, 117, 108, 108, 125, 233, 113, 12, 156]
[2m2025-08-30T18:05:58.338916Z[0m [32m INFO[0m [2m63:[0m Command EC validated successfully (latency: 2 µs)
[2m2025-08-30T18:05:58.339343Z[0m [32m INFO[0m [2m69:[0m Command validated: EC
[2m2025-08-30T18:05:58.339512Z[0m [32m INFO[0m [2m71:[0m About to send command: EC
[2m2025-08-30T18:05:58.340507Z[0m [32m INFO[0m [2m86:[0m Latency of code execution: 1ms
[2m2025-08-30T18:05:58.340915Z[0m [32m INFO[0m [2m32:[0m Command sent: [5, 0, 0, 0, 0, 0, 0, 0, 67, 77, 49, 48, 55, 0, 0, 0, 0, 0, 0, 73, 64, 50, 0, 0, 0, 0, 0, 0, 0, 120, 156, 1, 39, 0, 216, 255, 123, 34, 99, 111, 109, 109, 97, 110, 100, 95, 116, 121, 112, 101, 34, 58, 34, 69, 67, 34, 44, 34, 109, 101, 115, 115, 97, 103, 101, 34, 58, 34, 72, 101, 108, 108, 111, 34, 125, 12, 19, 13, 10]
[2m2025-08-30T18:06:13.058411Z[0m [32m INFO[0m [2m63:[0m Command PG validated successfully (latency: 1 µs)
[2m2025-08-30T18:06:13.058884Z[0m [32m INFO[0m [2m69:[0m Command validated: PG
[2m2025-08-30T18:06:13.059192Z[0m [32m INFO[0m [2m71:[0m About to send command: PG
[2m2025-08-30T18:06:13.060289Z[0m [32m INFO[0m [2m86:[0m Latency of code execution: 1ms
[2m2025-08-30T18:06:13.060674Z[0m [32m INFO[0m [2m32:[0m Command sent: [5, 0, 0, 0, 0, 0, 0, 0, 67, 77, 49, 48, 56, 0, 0, 0, 0, 0, 128, 71, 64, 47, 0, 0, 0, 0, 0, 0, 0, 120, 156, 1, 36, 0, 219, 255, 123, 34, 99, 111, 109, 109, 97, 110, 100, 95, 116, 121, 112, 101, 34, 58, 34, 80, 71, 34, 44, 34, 109, 101, 115, 115, 97, 103, 101, 34, 58, 110, 117, 108, 108, 125, 233, 113, 12, 156]
[2m2025-08-30T18:06:13.352074Z[0m [32m INFO[0m [2m63:[0m Command EC validated successfully (latency: 2 µs)
[2m2025-08-30T18:06:13.352580Z[0m [32m INFO[0m [2m69:[0m Command validated: EC
[2m2025-08-30T18:06:13.352901Z[0m [32m INFO[0m [2m71:[0m About to send command: EC
[2m2025-08-30T18:06:13.354129Z[0m [32m INFO[0m [2m86:[0m Latency of code execution: 2ms
[2m2025-08-30T18:06:13.354719Z[0m [32m INFO[0m [2m32:[0m Command sent: [5, 0, 0, 0, 0, 0, 0, 0, 67, 77, 49, 48, 57, 0, 0, 0, 0, 0, 0, 73, 64, 50, 0, 0, 0, 0, 0, 0, 0, 120, 156, 1, 39, 0, 216, 255, 123, 34, 99, 111, 109, 109, 97, 110, 100, 95, 116, 121, 112, 101, 34, 58, 34, 69, 67, 34, 44, 34, 109, 101, 115, 115, 97, 103, 101, 34, 58, 34, 72, 101, 108, 108, 111, 34, 125, 12, 19, 13, 10]
[2m2025-08-30T18:06:23.935488Z[0m [32m INFO[0m [2m63:[0m Command SC validated successfully (latency: 2 µs)
[2m2025-08-30T18:06:23.935928Z[0m [32m INFO[0m [2m69:[0m Command validated: SC
[2m2025-08-30T18:06:23.936153Z[0m [32m INFO[0m [2m71:[0m About to send command: SC
[2m2025-08-30T18:06:23.937349Z[0m [32m INFO[0m [2m86:[0m Latency of code execution: 1ms
[2m2025-08-30T18:06:23.937706Z[0m [32m INFO[0m [2m32:[0m Command sent: [5, 0, 0, 0, 0, 0, 0, 0, 67, 77, 49, 49, 48, 0, 0, 0, 0, 0, 128, 71, 64, 47, 0, 0, 0, 0, 0, 0, 0, 120, 156, 1, 36, 0, 219, 255, 123, 34, 99, 111, 109, 109, 97, 110, 100, 95, 116, 121, 112, 101, 34, 58, 34, 83, 67, 34, 44, 34, 109, 101, 115, 115, 97, 103, 101, 34, 58, 110, 117, 108, 108, 125, 233, 98, 12, 155]
[2m2025-08-30T18:06:28.360277Z[0m [32m INFO[0m [2m63:[0m Command EC validated successfully (latency: 5 µs)
[2m2025-08-30T18:06:28.360776Z[0m [32m INFO[0m [2m69:[0m Command validated: EC
[2m2025-08-30T18:06:28.361010Z[0m [32m INFO[0m [2m71:[0m About to send command: EC
[2m2025-08-30T18:06:28.362346Z[0m [32m INFO[0m [2m86:[0m Latency of code execution: 2ms
[2m2025-08-30T18:06:28.362732Z[0m [32m INFO[0m [2m32:[0m Command sent: [5, 0, 0, 0, 0, 0, 0, 0, 67, 77, 49, 49, 49, 0, 0, 0, 0, 0, 0, 73, 64, 50, 0, 0, 0, 0, 0, 0, 0, 120, 156, 1, 39, 0, 216, 255, 123, 34, 99, 111, 109, 109, 97, 110, 100, 95, 116, 121, 112, 101, 34, 58, 34, 69, 67, 34, 44, 34, 109, 101, 115, 115, 97, 103, 101, 34, 58, 34, 72, 101, 108, 108, 111, 34, 125, 12, 19, 13, 10]
[2m2025-08-30T18:06:38.061822Z[0m [32m INFO[0m [2m63:[0m Command PG validated successfully (latency: 2 µs)
[2m2025-08-30T18:06:38.062118Z[0m [32m INFO[0m [2m69:[0m Command validated: PG
[2m2025-08-30T18:06:38.062286Z[0m [32m INFO[0m [2m71:[0m About to send command: PG
[2m2025-08-30T18:06:38.063247Z[0m [32m INFO[0m [2m86:[0m Latency of code execution: 1ms
[2m2025-08-30T18:06:38.063606Z[0m [32m INFO[0m [2m32:[0m Command sent: [5, 0, 0, 0, 0, 0, 0, 0, 67, 77, 49, 49, 50, 0, 0, 0, 0, 0, 128, 71, 64, 47, 0, 0, 0, 0, 0, 0, 0, 120, 156, 1, 36, 0, 219, 255, 123, 34, 99, 111, 109, 109, 97, 110, 100, 95, 116, 121, 112, 101, 34, 58, 34, 80, 71, 34, 44, 34, 109, 101, 115, 115, 97, 103, 101, 34, 58, 110, 117, 108, 108, 125, 233, 113, 12, 156]
[2m2025-08-30T18:06:43.367324Z[0m [32m INFO[0m [2m63:[0m Command EC validated successfully (latency: 2 µs)
[2m2025-08-30T18:06:43.367665Z[0m [32m INFO[0m [2m69:[0m Command validated: EC
[2m2025-08-30T18:06:43.367855Z[0m [32m INFO[0m [2m71:[0m About to send command: EC
[2m2025-08-30T18:06:43.368879Z[0m [32m INFO[0m [2m86:[0m Latency of code execution: 1ms
[2m2025-08-30T18:06:43.369260Z[0m [32m INFO[0m [2m32:[0m Command sent: [5, 0, 0, 0, 0, 0, 0, 0, 67, 77, 49, 49, 51, 0, 0, 0, 0, 0, 0, 73, 64, 50, 0, 0, 0, 0, 0, 0, 0, 120, 156, 1, 39, 0, 216, 255, 123, 34, 99, 111, 109, 109, 97, 110, 100, 95, 116, 121, 112, 101, 34, 58, 34, 69, 67, 34, 44, 34, 109, 101, 115, 115, 97, 103, 101, 34, 58, 34, 72, 101, 108, 108, 111, 34, 125, 12, 19, 13, 10]
[2m2025-08-30T18:06:58.380597Z[0m [32m INFO[0m [2m63:[0m Command EC validated successfully (latency: 4 µs)
[2m2025-08-30T18:06:58.380945Z[0m [32m INFO[0m [2m69:[0m Command validated: EC
[2m2025-08-30T18:06:58.381097Z[0m [32m INFO[0m [2m71:[0m About to send command: EC
[2m2025-08-30T18:06:58.382122Z[0m [32m INFO[0m [2m86:[0m Latency of code execution: 1ms
[2m2025-08-30T18:06:58.382535Z[0m [32m INFO[0m [2m32:[0m Command sent: [5, 0, 0, 0, 0, 0, 0, 0, 67, 77, 49, 49, 52, 0, 0, 0, 0, 0, 0, 73, 64, 50, 0, 0, 0, 0, 0, 0, 0, 120, 156, 1, 39, 0, 216, 255, 123, 34, 99, 111, 109, 109, 97, 110, 100, 95, 116, 121, 112, 101, 34, 58, 34, 69, 67, 34, 44, 34, 109, 101, 115, 115, 97, 103, 101, 34, 58, 34, 72, 101, 108, 108, 111, 34, 125, 12, 19, 13, 10]
[2m2025-08-30T18:07:01.946752Z[0m [32m INFO[0m [2m63:[0m Command SC validated successfully (latency: 1 µs)
[2m2025-08-30T18:07:01.947062Z[0m [32m INFO[0m [2m69:[0m Command validated: SC
[2m2025-08-30T18:07:01.947269Z[0m [32m INFO[0m [2m71:[0m About to send command: SC
[2m2025-08-30T18:07:01.948492Z[0m [32m INFO[0m [2m86:[0m Latency of code execution: 1ms
[2m2025-08-30T18:07:01.948958Z[0m [32m INFO[0m [2m32:[0m Command sent: [5, 0, 0, 0, 0, 0, 0, 0, 67, 77, 49, 49, 53, 0, 0, 0, 0, 0, 128, 71, 64, 47, 0, 0, 0, 0, 0, 0, 0, 120, 156, 1, 36, 0, 219, 255, 123, 34, 99, 111, 109, 109, 97, 110, 100, 95, 116, 121, 112, 101, 34, 58, 34, 83, 67, 34, 44, 34, 109, 101, 115, 115, 97, 103, 101, 34, 58, 110, 117, 108, 108, 125, 233, 98, 12, 155]
[2m2025-08-30T18:07:03.076181Z[0m [32m INFO[0m [2m63:[0m Command PG validated successfully (latency: 1 µs)
[2m2025-08-30T18:07:03.076463Z[0m [32m INFO[0m [2m69:[0m Command validated: PG
[2m2025-08-30T18:07:03.076617Z[0m [32m INFO[0m [2m71:[0m About to send command: PG
[2m2025-08-30T18:07:03.077753Z[0m [32m INFO[0m [2m86:[0m Latency of code execution: 1ms
[2m2025-08-30T18:07:03.078148Z[0m [32m INFO[0m [2m32:[0m Command sent: [5, 0, 0, 0, 0, 0, 0, 0, 67, 77, 49, 49, 54, 0, 0, 0, 0, 0, 128, 71, 64, 47, 0, 0, 0, 0, 0, 0, 0, 120, 156, 1, 36, 0, 219, 255, 123, 34, 99, 111, 109, 109, 97, 110, 100, 95, 116, 121, 112, 101, 34, 58, 34, 80, 71, 34, 44, 34, 109, 101, 115, 115, 97, 103, 101, 34, 58, 110, 117, 108, 108, 125, 233, 113, 12, 156]
[2m2025-08-30T18:07:13.392201Z[0m [32m INFO[0m [2m63:[0m Command EC validated successfully (latency: 1 µs)
[2m2025-08-30T18:07:13.392589Z[0m [32m INFO[0m [2m69:[0m Command validated: EC
[2m2025-08-30T18:07:13.392872Z[0m [32m INFO[0m [2m71:[0m About to send command: EC
[2m2025-08-30T18:07:13.394073Z[0m [32m INFO[0m [2m86:[0m Latency of code execution: 1ms
[2m2025-08-30T18:07:13.394528Z[0m [32m INFO[0m [2m32:[0m Command sent: [5, 0, 0, 0, 0, 0, 0, 0, 67, 77, 49, 49, 55, 0, 0, 0, 0, 0, 0, 73, 64, 50, 0, 0, 0, 0, 0, 0, 0, 120, 156, 1, 39, 0, 216, 255, 123, 34, 99, 111, 109, 109, 97, 110, 100, 95, 116, 121, 112, 101, 34, 58, 34, 69, 67, 34, 44, 34, 109, 101, 115, 115, 97, 103, 101, 34, 58, 34, 72, 101, 108, 108, 111, 34, 125, 12, 19, 13, 10]
[2m2025-08-30T18:07:28.092156Z[0m [32m INFO[0m [2m63:[0m Command PG validated successfully (latency: 4 µs)
[2m2025-08-30T18:07:28.092667Z[0m [32m INFO[0m [2m69:[0m Command validated: PG
[2m2025-08-30T18:07:28.092957Z[0m [32m INFO[0m [2m71:[0m About to send command: PG
[2m2025-08-30T18:07:28.094073Z[0m [32m INFO[0m [2m86:[0m Latency of code execution: 1ms
[2m2025-08-30T18:07:28.094460Z[0m [32m INFO[0m [2m32:[0m Command sent: [5, 0, 0, 0, 0, 0, 0, 0, 67, 77, 49, 49, 56, 0, 0, 0, 0, 0, 128, 71, 64, 47, 0, 0, 0, 0, 0, 0, 0, 120, 156, 1, 36, 0, 219, 255, 123, 34, 99, 111, 109, 109, 97, 110, 100, 95, 116, 121, 112, 101, 34, 58, 34, 80, 71, 34, 44, 34, 109, 101, 115, 115, 97, 103, 101, 34, 58, 110, 117, 108, 108, 125, 233, 113, 12, 156]
[2m2025-08-30T18:07:28.400901Z[0m [32m INFO[0m [2m63:[0m Command EC validated successfully (latency: 2 µs)
[2m2025-08-30T18:07:28.401206Z[0m [32m INFO[0m [2m69:[0m Command validated: EC
[2m2025-08-30T18:07:28.401501Z[0m [32m INFO[0m [2m71:[0m About to send command: EC
[2m2025-08-30T18:07:28.402552Z[0m [32m INFO[0m [2m86:[0m Latency of code execution: 1ms
[2m2025-08-30T18:07:28.402912Z[0m [32m INFO[0m [2m32:[0m Command sent: [5, 0, 0, 0, 0, 0, 0, 0, 67, 77, 49, 49, 57, 0, 0, 0, 0, 0, 0, 73, 64, 50, 0, 0, 0, 0, 0, 0, 0, 120, 156, 1, 39, 0, 216, 255, 123, 34, 99, 111, 109, 109, 97, 110, 100, 95, 116, 121, 112, 101, 34, 58, 34, 69, 67, 34, 44, 34, 109, 101, 115, 115, 97, 103, 101, 34, 58, 34, 72, 101, 108, 108, 111, 34, 125, 12, 19, 13, 10]
[2m2025-08-30T18:07:39.953674Z[0m [32m INFO[0m [2m63:[0m Command SC validated successfully (latency: 2 µs)
[2m2025-08-30T18:07:39.954170Z[0m [32m INFO[0m [2m69:[0m Command validated: SC
[2m2025-08-30T18:07:39.954413Z[0m [32m INFO[0m [2m71:[0m About to send command: SC
[2m2025-08-30T18:07:39.955429Z[0m [32m INFO[0m [2m86:[0m Latency of code execution: 1ms
[2m2025-08-30T18:07:39.955824Z[0m [32m INFO[0m [2m32:[0m Command sent: [5, 0, 0, 0, 0, 0, 0, 0, 67, 77, 49, 50, 48, 0, 0, 0, 0, 0, 128, 71, 64, 47, 0, 0, 0, 0, 0, 0, 0, 120, 156, 1, 36, 0, 219, 255, 123, 34, 99, 111, 109, 109, 97, 110, 100, 95, 116, 121, 112, 101, 34, 58, 34, 83, 67, 34, 44, 34, 109, 101, 115, 115, 97, 103, 101, 34, 58, 110, 117, 108, 108, 125, 233, 98, 12, 155]
[2m2025-08-30T18:07:43.411785Z[0m [32m INFO[0m [2m63:[0m Command EC validated successfully (latency: 2 µs)
[2m2025-08-30T18:07:43.412161Z[0m [32m INFO[0m [2m69:[0m Command validated: EC
[2m2025-08-30T18:07:43.412358Z[0m [32m INFO[0m [2m71:[0m About to send command: EC
[2m2025-08-30T18:07:43.413310Z[0m [32m INFO[0m [2m86:[0m Latency of code execution: 1ms
[2m2025-08-30T18:07:43.413759Z[0m [32m INFO[0m [2m32:[0m Command sent: [5, 0, 0, 0, 0, 0, 0, 0, 67, 77, 49, 50, 49, 0, 0, 0, 0, 0, 0, 73, 64, 50, 0, 0, 0, 0, 0, 0, 0, 120, 156, 1, 39, 0, 216, 255, 123, 34, 99, 111, 109, 109, 97, 110, 100, 95, 116, 121, 112, 101, 34, 58, 34, 69, 67, 34, 44, 34, 109, 101, 115, 115, 97, 103, 101, 34, 58, 34, 72, 101, 108, 108, 111, 34, 125, 12, 19, 13, 10]
[2m2025-08-30T18:07:53.100386Z[0m [32m INFO[0m [2m63:[0m Command PG validated successfully (latency: 1 µs)
[2m2025-08-30T18:07:53.100864Z[0m [32m INFO[0m [2m69:[0m Command validated: PG
[2m2025-08-30T18:07:53.101084Z[0m [32m INFO[0m [2m71:[0m About to send command: PG
[2m2025-08-30T18:07:53.101973Z[0m [32m INFO[0m [2m86:[0m Latency of code execution: 1ms
[2m2025-08-30T18:07:53.102371Z[0m [32m INFO[0m [2m32:[0m Command sent: [5, 0, 0, 0, 0, 0, 0, 0, 67, 77, 49, 50, 50, 0, 0, 0, 0, 0, 128, 71, 64, 47, 0, 0, 0, 0, 0, 0, 0, 120, 156, 1, 36, 0, 219, 255, 123, 34, 99, 111, 109, 109, 97, 110, 100, 95, 116, 121, 112, 101, 34, 58, 34, 80, 71, 34, 44, 34, 109, 101, 115, 115, 97, 103, 101, 34, 58, 110, 117, 108, 108, 125, 233, 113, 12, 156]
[2m2025-08-30T18:07:58.424037Z[0m [32m INFO[0m [2m63:[0m Command EC validated successfully (latency: 1 µs)
[2m2025-08-30T18:07:58.424331Z[0m [32m INFO[0m [2m69:[0m Command validated: EC
[2m2025-08-30T18:07:58.424587Z[0m [32m INFO[0m [2m71:[0m About to send command: EC
[2m2025-08-30T18:07:58.425551Z[0m [32m INFO[0m [2m86:[0m Latency of code execution: 1ms
[2m2025-08-30T18:07:58.425937Z[0m [32m INFO[0m [2m32:[0m Command sent: [5, 0, 0, 0, 0, 0, 0, 0, 67, 77, 49, 50, 51, 0, 0, 0, 0, 0, 0, 73, 64, 50, 0, 0, 0, 0, 0, 0, 0, 120, 156, 1, 39, 0, 216, 255, 123, 34, 99, 111, 109, 109, 97, 110, 100, 95, 116, 121, 112, 101, 34, 58, 34, 69, 67, 34, 44, 34, 109, 101, 115, 115, 97, 103, 101, 34, 58, 34, 72, 101, 108, 108, 111, 34, 125, 12, 19, 13, 10]
