[2m2025-08-30T10:59:03.7435378Z[0m [32m INFO[0m [2msatellite[0m[2m:[0m Starting Satellite System...    
[2m2025-08-30T10:59:04.3568771Z[0m [32m INFO[0m [2mrts_rust_assignment::satellite::sensor[0m[2m:[0m OnboardTelemetrySensor data acquisition drift: 9ms    
[2m2025-08-30T10:59:04.3575403Z[0m [32m INFO[0m [2mrts_rust_assignment::satellite::sensor[0m[2m:[0m Data generated from OnboardTelemetrySensor    
[2m2025-08-30T10:59:04.3577655Z[0m [32m INFO[0m [2mrts_rust_assignment::satellite::buffer[0m[2m:[0m Buffer len: 0    
[2m2025-08-30T10:59:04.3579568Z[0m [32m INFO[0m [2mrts_rust_assignment::satellite::buffer[0m[2m:[0m Buffer insertion latency for OnboardTelemetrySensor: 0.645ms    
[2m2025-08-30T10:59:04.3606505Z[0m [32m INFO[0m [2mrts_rust_assignment::satellite::sensor[0m[2m:[0m OnboardTelemetrySensor data pushed to buffer    
[2m2025-08-30T10:59:04.8617936Z[0m [32m INFO[0m [2mrts_rust_assignment::satellite::sensor[0m[2m:[0m OnboardTelemetrySensor data acquisition drift: 14ms    
[2m2025-08-30T10:59:04.8617871Z[0m [32m INFO[0m [2mrts_rust_assignment::satellite::sensor[0m[2m:[0m RadiationSensor data acquisition drift: 14ms    
[2m2025-08-30T10:59:04.8621547Z[0m [32m INFO[0m [2mrts_rust_assignment::satellite::sensor[0m[2m:[0m Data generated from OnboardTelemetrySensor    
[2m2025-08-30T10:59:04.8622918Z[0m [32m INFO[0m [2mrts_rust_assignment::satellite::sensor[0m[2m:[0m Data generated from RadiationSensor    
[2m2025-08-30T10:59:04.8623916Z[0m [32m INFO[0m [2mrts_rust_assignment::satellite::buffer[0m[2m:[0m Buffer len: 1    
[2m2025-08-30T10:59:04.8626236Z[0m [32m INFO[0m [2mrts_rust_assignment::satellite::buffer[0m[2m:[0m Buffer insertion latency for OnboardTelemetrySensor: 0.489ms    
[2m2025-08-30T10:59:04.8627702Z[0m [32m INFO[0m [2mrts_rust_assignment::satellite::sensor[0m[2m:[0m OnboardTelemetrySensor data pushed to buffer    
[2m2025-08-30T10:59:04.8629649Z[0m [32m INFO[0m [2mrts_rust_assignment::satellite::buffer[0m[2m:[0m Buffer len: 2    
[2m2025-08-30T10:59:04.8631263Z[0m [32m INFO[0m [2mrts_rust_assignment::satellite::buffer[0m[2m:[0m Buffer insertion latency for RadiationSensor: 0.876ms    
[2m2025-08-30T10:59:04.8632879Z[0m [32m INFO[0m [2mrts_rust_assignment::satellite::sensor[0m[2m:[0m RadiationSensor data pushed to buffer    
[2m2025-08-30T10:59:05.3498483Z[0m [32m INFO[0m [2mrts_rust_assignment::satellite::sensor[0m[2m:[0m AntennaPointingSensor data acquisition drift: 2ms    
[2m2025-08-30T10:59:05.3498564Z[0m [32m INFO[0m [2mrts_rust_assignment::satellite::sensor[0m[2m:[0m OnboardTelemetrySensor data acquisition drift: 2ms    
[2m2025-08-30T10:59:05.3501295Z[0m [32m INFO[0m [2mrts_rust_assignment::satellite::sensor[0m[2m:[0m Data generated from AntennaPointingSensor    
[2m2025-08-30T10:59:05.350247Z[0m [32m INFO[0m [2mrts_rust_assignment::satellite::sensor[0m[2m:[0m Data generated from OnboardTelemetrySensor    
[2m2025-08-30T10:59:05.3503868Z[0m [32m INFO[0m [2mrts_rust_assignment::satellite::buffer[0m[2m:[0m Buffer len: 3    
[2m2025-08-30T10:59:05.3506474Z[0m [32m INFO[0m [2mrts_rust_assignment::satellite::buffer[0m[2m:[0m Buffer insertion latency for AntennaPointingSensor: 0.557ms    
[2m2025-08-30T10:59:05.3508098Z[0m [32m INFO[0m [2mrts_rust_assignment::satellite::sensor[0m[2m:[0m AntennaPointingSensor data pushed to buffer    
[2m2025-08-30T10:59:05.3510151Z[0m [32m INFO[0m [2mrts_rust_assignment::satellite::buffer[0m[2m:[0m Buffer len: 4    
[2m2025-08-30T10:59:05.3511596Z[0m [32m INFO[0m [2mrts_rust_assignment::satellite::buffer[0m[2m:[0m Buffer insertion latency for OnboardTelemetrySensor: 0.914ms    
[2m2025-08-30T10:59:05.35131Z[0m [32m INFO[0m [2mrts_rust_assignment::satellite::sensor[0m[2m:[0m OnboardTelemetrySensor data pushed to buffer    
[2m2025-08-30T10:59:05.8571817Z[0m [32m INFO[0m [2mrts_rust_assignment::satellite::sensor[0m[2m:[0m RadiationSensor data acquisition drift: 10ms    
[2m2025-08-30T10:59:05.8571703Z[0m [32m INFO[0m [2mrts_rust_assignment::satellite::scheduler[0m[2m:[0m Task HealthMonitoring scheduled at 25464586022999 with drift 10.0    
[2m2025-08-30T10:59:05.8573593Z[0m [32m INFO[0m [2mrts_rust_assignment::satellite::sensor[0m[2m:[0m OnboardTelemetrySensor data acquisition drift: 10ms    
[2m2025-08-30T10:59:05.8575456Z[0m [32m INFO[0m [2mrts_rust_assignment::satellite::sensor[0m[2m:[0m Data generated from RadiationSensor    
[2m2025-08-30T10:59:05.8580173Z[0m [33m WARN[0m [2mrts_rust_assignment::satellite::task[0m[2m:[0m Start delay for task HealthMonitoring: 11.002µs    
[2m2025-08-30T10:59:05.8583006Z[0m [32m INFO[0m [2mrts_rust_assignment::satellite::sensor[0m[2m:[0m Data generated from OnboardTelemetrySensor    
[2m2025-08-30T10:59:05.8584796Z[0m [32m INFO[0m [2mrts_rust_assignment::satellite::buffer[0m[2m:[0m Buffer len: 5    
[2m2025-08-30T10:59:05.8589426Z[0m [32m INFO[0m [2mrts_rust_assignment::satellite::buffer[0m[2m:[0m Buffer insertion latency for RadiationSensor: 1.399ms    
[2m2025-08-30T10:59:05.8591096Z[0m [32m INFO[0m [2mrts_rust_assignment::satellite::sensor[0m[2m:[0m RadiationSensor data pushed to buffer    
[2m2025-08-30T10:59:05.8592909Z[0m [32m INFO[0m [2mrts_rust_assignment::satellite::buffer[0m[2m:[0m Buffer len: 6    
[2m2025-08-30T10:59:05.859452Z[0m [32m INFO[0m [2mrts_rust_assignment::satellite::buffer[0m[2m:[0m Buffer insertion latency for OnboardTelemetrySensor: 1.154ms    
[2m2025-08-30T10:59:05.8595987Z[0m [32m INFO[0m [2mrts_rust_assignment::satellite::sensor[0m[2m:[0m OnboardTelemetrySensor data pushed to buffer    
[2m2025-08-30T10:59:05.8597761Z[0m [32m INFO[0m [2mrts_rust_assignment::satellite::task[0m[2m:[0m Monitoring health of satellite    
[2m2025-08-30T10:59:06.3488013Z[0m [32m INFO[0m [2mrts_rust_assignment::satellite::sensor[0m[2m:[0m OnboardTelemetrySensor data acquisition drift: 1ms    
[2m2025-08-30T10:59:06.3490335Z[0m [32m INFO[0m [2mrts_rust_assignment::satellite::sensor[0m[2m:[0m Data generated from OnboardTelemetrySensor    
[2m2025-08-30T10:59:06.349184Z[0m [32m INFO[0m [2mrts_rust_assignment::satellite::buffer[0m[2m:[0m Buffer len: 6    
[2m2025-08-30T10:59:06.3493286Z[0m [32m INFO[0m [2mrts_rust_assignment::satellite::buffer[0m[2m:[0m Buffer insertion latency for OnboardTelemetrySensor: 0.296ms    
[2m2025-08-30T10:59:06.3494659Z[0m [32m INFO[0m [2mrts_rust_assignment::satellite::sensor[0m[2m:[0m OnboardTelemetrySensor data pushed to buffer    
[2m2025-08-30T10:59:06.8477821Z[0m [32m INFO[0m [2mrts_rust_assignment::satellite::sensor[0m[2m:[0m OnboardTelemetrySensor data acquisition drift: 0ms    
[2m2025-08-30T10:59:06.8477894Z[0m [32m INFO[0m [2mrts_rust_assignment::satellite::sensor[0m[2m:[0m AntennaPointingSensor started simulation for corrupt fault injection    
[2m2025-08-30T10:59:06.8478219Z[0m [32m INFO[0m [2mrts_rust_assignment::satellite::sensor[0m[2m:[0m RadiationSensor data acquisition drift: 0ms    
[2m2025-08-30T10:59:06.8478375Z[0m [32m INFO[0m [2mrts_rust_assignment::satellite::sensor[0m[2m:[0m RadiationSensor started simulation for corrupt fault injection    
[2m2025-08-30T10:59:06.8478145Z[0m [32m INFO[0m [2mrts_rust_assignment::satellite::scheduler[0m[2m:[0m Task SpaceWeatherMonitoring scheduled at 25465576656213 with drift 0.0    
[2m2025-08-30T10:59:06.8478602Z[0m [32m INFO[0m [2mrts_rust_assignment::satellite::sensor[0m[2m:[0m OnboardTelemetrySensor started simulation for corrupt fault injection    
[2m2025-08-30T10:59:06.8478028Z[0m [32m INFO[0m [2mrts_rust_assignment::satellite::sensor[0m[2m:[0m AntennaPointingSensor data acquisition drift: 0ms    
[2m2025-08-30T10:59:06.8480411Z[0m [32m INFO[0m [2mrts_rust_assignment::satellite::sensor[0m[2m:[0m Data generated from OnboardTelemetrySensor    
[2m2025-08-30T10:59:06.8482781Z[0m [32m INFO[0m [2mrts_rust_assignment::satellite::sensor[0m[2m:[0m Data generated from RadiationSensor    
[2m2025-08-30T10:59:06.8487628Z[0m [32m INFO[0m [2mrts_rust_assignment::satellite::sensor[0m[2m:[0m Data generated from AntennaPointingSensor    
[2m2025-08-30T10:59:06.8488684Z[0m [32m INFO[0m [2mrts_rust_assignment::satellite::buffer[0m[2m:[0m Buffer len: 7    
[2m2025-08-30T10:59:06.849321Z[0m [32m INFO[0m [2mrts_rust_assignment::satellite::buffer[0m[2m:[0m Buffer insertion latency for OnboardTelemetrySensor: 1.281ms    
[2m2025-08-30T10:59:06.8494553Z[0m [32m INFO[0m [2mrts_rust_assignment::satellite::sensor[0m[2m:[0m OnboardTelemetrySensor data pushed to buffer    
[2m2025-08-30T10:59:06.8495937Z[0m [32m INFO[0m [2mrts_rust_assignment::satellite::buffer[0m[2m:[0m Buffer len: 8    
[2m2025-08-30T10:59:06.8498731Z[0m [32m INFO[0m [2mrts_rust_assignment::satellite::buffer[0m[2m:[0m Buffer insertion latency for RadiationSensor: 1.596ms    
[2m2025-08-30T10:59:06.8501183Z[0m [32m INFO[0m [2mrts_rust_assignment::satellite::sensor[0m[2m:[0m RadiationSensor data pushed to buffer    
[2m2025-08-30T10:59:06.8504379Z[0m [32m INFO[0m [2mrts_rust_assignment::satellite::buffer[0m[2m:[0m Buffer len: 9    
[2m2025-08-30T10:59:06.850584Z[0m [32m INFO[0m [2mrts_rust_assignment::satellite::buffer[0m[2m:[0m Buffer insertion latency for AntennaPointingSensor: 1.824ms    
[2m2025-08-30T10:59:06.8508134Z[0m [32m INFO[0m [2mrts_rust_assignment::satellite::sensor[0m[2m:[0m AntennaPointingSensor data pushed to buffer    
[2m2025-08-30T10:59:07.3527655Z[0m [32m INFO[0m [2mrts_rust_assignment::satellite::sensor[0m[2m:[0m OnboardTelemetrySensor data acquisition drift: 5ms    
[2m2025-08-30T10:59:07.3530437Z[0m [32m INFO[0m [2mrts_rust_assignment::satellite::sensor[0m[2m:[0m Data generated from OnboardTelemetrySensor    
[2m2025-08-30T10:59:07.3531895Z[0m [32m INFO[0m [2mrts_rust_assignment::satellite::buffer[0m[2m:[0m Buffer len: 10    
[2m2025-08-30T10:59:07.3533241Z[0m [32m INFO[0m [2mrts_rust_assignment::satellite::buffer[0m[2m:[0m Buffer insertion latency for OnboardTelemetrySensor: 0.284ms    
[2m2025-08-30T10:59:07.3534879Z[0m [32m INFO[0m [2mrts_rust_assignment::satellite::sensor[0m[2m:[0m OnboardTelemetrySensor data pushed to buffer    
[2m2025-08-30T10:59:07.3688777Z[0m [33m WARN[0m [2mrts_rust_assignment::satellite::task[0m[2m:[0m Completion delay for task HealthMonitoring: 10.846078ms    
[2m2025-08-30T10:59:07.3691278Z[0m [33m WARN[0m [2mrts_rust_assignment::satellite::task[0m[2m:[0m Start delay for task SpaceWeatherMonitoring: 10.201µs    
[2m2025-08-30T10:59:07.3692859Z[0m [32m INFO[0m [2mrts_rust_assignment::satellite::task[0m[2m:[0m Monitoring Space Weather    
[2m2025-08-30T10:59:07.3694234Z[0m [33m WARN[0m [2mrts_rust_assignment::satellite::task[0m[2m:[0m Solar storm detected, safe mode activation needed    
[2m2025-08-30T10:59:07.3712299Z[0m [32m INFO[0m [2mrts_rust_assignment::satellite::downlink[0m[2m:[0m Packet insert to transmission queue latency: 2ms    
[2m2025-08-30T10:59:07.3713653Z[0m [32m INFO[0m [2mrts_rust_assignment::satellite::downlink[0m[2m:[0m Downlink buffer fill rate:  0%    
[2m2025-08-30T10:59:07.861909Z[0m [32m INFO[0m [2mrts_rust_assignment::satellite::sensor[0m[2m:[0m OnboardTelemetrySensor data acquisition drift: 14ms    
[2m2025-08-30T10:59:07.8619519Z[0m [32m INFO[0m [2mrts_rust_assignment::satellite::scheduler[0m[2m:[0m Task HealthMonitoring scheduled at 25466590762307 with drift 14.0    
[2m2025-08-30T10:59:07.8619216Z[0m [32m INFO[0m [2mrts_rust_assignment::satellite::sensor[0m[2m:[0m RadiationSensor data acquisition drift: 14ms    
[2m2025-08-30T10:59:07.861939Z[0m [32m INFO[0m [2mrts_rust_assignment::satellite::scheduler[0m[2m:[0m Task AntennaAlignment scheduled at 25466590791838 with drift 14.0    
[2m2025-08-30T10:59:07.8624495Z[0m [32m INFO[0m [2mrts_rust_assignment::satellite::sensor[0m[2m:[0m Data generated from OnboardTelemetrySensor    
[2m2025-08-30T10:59:07.8626359Z[0m [32m INFO[0m [2mrts_rust_assignment::satellite::sensor[0m[2m:[0m Data generated from RadiationSensor    
[2m2025-08-30T10:59:07.8627388Z[0m [32m INFO[0m [2mrts_rust_assignment::satellite::buffer[0m[2m:[0m Buffer len: 4    
[2m2025-08-30T10:59:07.8629998Z[0m [32m INFO[0m [2mrts_rust_assignment::satellite::buffer[0m[2m:[0m Buffer insertion latency for OnboardTelemetrySensor: 0.555ms    
[2m2025-08-30T10:59:07.8631666Z[0m [32m INFO[0m [2mrts_rust_assignment::satellite::sensor[0m[2m:[0m OnboardTelemetrySensor data pushed to buffer    
[2m2025-08-30T10:59:07.8636137Z[0m [32m INFO[0m [2mrts_rust_assignment::satellite::buffer[0m[2m:[0m Buffer len: 5    
[2m2025-08-30T10:59:07.8639949Z[0m [32m INFO[0m [2mrts_rust_assignment::satellite::buffer[0m[2m:[0m Buffer insertion latency for RadiationSensor: 1.362ms    
[2m2025-08-30T10:59:07.8644438Z[0m [32m INFO[0m [2mrts_rust_assignment::satellite::sensor[0m[2m:[0m RadiationSensor data pushed to buffer    
[2m2025-08-30T10:59:08.3538928Z[0m [32m INFO[0m [2mrts_rust_assignment::satellite::sensor[0m[2m:[0m OnboardTelemetrySensor data acquisition drift: 6ms    
[2m2025-08-30T10:59:08.3538927Z[0m [32m INFO[0m [2mrts_rust_assignment::satellite::sensor[0m[2m:[0m AntennaPointingSensor data acquisition drift: 6ms    
[2m2025-08-30T10:59:08.3541234Z[0m [32m INFO[0m [2mrts_rust_assignment::satellite::sensor[0m[2m:[0m Data generated from OnboardTelemetrySensor    
[2m2025-08-30T10:59:08.354283Z[0m [32m INFO[0m [2mrts_rust_assignment::satellite::sensor[0m[2m:[0m Data generated from AntennaPointingSensor    
[2m2025-08-30T10:59:08.3543683Z[0m [32m INFO[0m [2mrts_rust_assignment::satellite::buffer[0m[2m:[0m Buffer len: 6    
[2m2025-08-30T10:59:08.35465Z[0m [32m INFO[0m [2mrts_rust_assignment::satellite::buffer[0m[2m:[0m Buffer insertion latency for OnboardTelemetrySensor: 0.529ms    
[2m2025-08-30T10:59:08.3548125Z[0m [32m INFO[0m [2mrts_rust_assignment::satellite::sensor[0m[2m:[0m OnboardTelemetrySensor data pushed to buffer    
[2m2025-08-30T10:59:08.3549948Z[0m [32m INFO[0m [2mrts_rust_assignment::satellite::buffer[0m[2m:[0m Buffer len: 7    
[2m2025-08-30T10:59:08.3551501Z[0m [32m INFO[0m [2mrts_rust_assignment::satellite::buffer[0m[2m:[0m Buffer insertion latency for AntennaPointingSensor: 0.87ms    
[2m2025-08-30T10:59:08.355294Z[0m [32m INFO[0m [2mrts_rust_assignment::satellite::sensor[0m[2m:[0m AntennaPointingSensor data pushed to buffer    
[2m2025-08-30T10:59:08.7998456Z[0m [32m INFO[0m [2mrts_rust_assignment::satellite::downlink[0m[2m:[0m Downlink Window Opened    
[2m2025-08-30T10:59:08.8001712Z[0m [32m INFO[0m [2mrts_rust_assignment::satellite::downlink[0m[2m:[0m Message sent    
[2m2025-08-30T10:59:08.8318125Z[0m [32m INFO[0m [2mrts_rust_assignment::satellite::downlink[0m[2m:[0m Downlink Window Closed    
[2m2025-08-30T10:59:08.847887Z[0m [32m INFO[0m [2mrts_rust_assignment::satellite::sensor[0m[2m:[0m RadiationSensor started simulation for corrupt fault injection    
[2m2025-08-30T10:59:08.8479187Z[0m [32m INFO[0m [2mrts_rust_assignment::satellite::sensor[0m[2m:[0m RadiationSensor data acquisition drift: 0ms    
[2m2025-08-30T10:59:08.8479322Z[0m [32m INFO[0m [2mrts_rust_assignment::satellite::sensor[0m[2m:[0m OnboardTelemetrySensor started simulation for corrupt fault injection    
[2m2025-08-30T10:59:08.8478989Z[0m [32m INFO[0m [2mrts_rust_assignment::satellite::sensor[0m[2m:[0m AntennaPointingSensor started simulation for corrupt fault injection    
[2m2025-08-30T10:59:08.847882Z[0m [32m INFO[0m [2mrts_rust_assignment::satellite::sensor[0m[2m:[0m OnboardTelemetrySensor data acquisition drift: 0ms    
[2m2025-08-30T10:59:08.8482694Z[0m [32m INFO[0m [2mrts_rust_assignment::satellite::sensor[0m[2m:[0m Data generated from RadiationSensor    
[2m2025-08-30T10:59:08.8485868Z[0m [32m INFO[0m [2mrts_rust_assignment::satellite::sensor[0m[2m:[0m Data generated from OnboardTelemetrySensor    
[2m2025-08-30T10:59:08.8486827Z[0m [32m INFO[0m [2mrts_rust_assignment::satellite::buffer[0m[2m:[0m Buffer len: 8    
[2m2025-08-30T10:59:08.8491552Z[0m [32m INFO[0m [2mrts_rust_assignment::satellite::buffer[0m[2m:[0m Buffer insertion latency for RadiationSensor: 0.89ms    
[2m2025-08-30T10:59:08.8494745Z[0m [32m INFO[0m [2mrts_rust_assignment::satellite::sensor[0m[2m:[0m RadiationSensor data pushed to buffer    
[2m2025-08-30T10:59:08.8496515Z[0m [32m INFO[0m [2mrts_rust_assignment::satellite::buffer[0m[2m:[0m Buffer len: 9    
[2m2025-08-30T10:59:08.8497852Z[0m [32m INFO[0m [2mrts_rust_assignment::satellite::buffer[0m[2m:[0m Buffer insertion latency for OnboardTelemetrySensor: 1.201ms    
[2m2025-08-30T10:59:08.8500076Z[0m [32m INFO[0m [2mrts_rust_assignment::satellite::sensor[0m[2m:[0m OnboardTelemetrySensor data pushed to buffer    
[2m2025-08-30T10:59:09.3578582Z[0m [32m INFO[0m [2mrts_rust_assignment::satellite::sensor[0m[2m:[0m OnboardTelemetrySensor data acquisition drift: 10ms    
[2m2025-08-30T10:59:09.358061Z[0m [32m INFO[0m [2mrts_rust_assignment::satellite::sensor[0m[2m:[0m Data generated from OnboardTelemetrySensor    
[2m2025-08-30T10:59:09.3582019Z[0m [32m INFO[0m [2mrts_rust_assignment::satellite::buffer[0m[2m:[0m Buffer len: 10    
[2m2025-08-30T10:59:09.3583905Z[0m [32m INFO[0m [2mrts_rust_assignment::satellite::buffer[0m[2m:[0m Buffer insertion latency for OnboardTelemetrySensor: 0.335ms    
[2m2025-08-30T10:59:09.3585351Z[0m [32m INFO[0m [2mrts_rust_assignment::satellite::sensor[0m[2m:[0m OnboardTelemetrySensor data pushed to buffer    
[2m2025-08-30T10:59:09.3739746Z[0m [33m WARN[0m [2mrts_rust_assignment::satellite::task[0m[2m:[0m Completion delay for task SpaceWeatherMonitoring: 4.839977ms    
[2m2025-08-30T10:59:09.3742179Z[0m [32m INFO[0m [2mrts_rust_assignment::satellite::scheduler[0m[2m:[0m Preempted Safe Mode Activation Task    
[2m2025-08-30T10:59:09.3744098Z[0m [33m WARN[0m [2mrts_rust_assignment::satellite::task[0m[2m:[0m Start delay for task SafeModeActivation: 6.389µs    
[2m2025-08-30T10:59:09.3745542Z[0m [32m INFO[0m [2mrts_rust_assignment::satellite::task[0m[2m:[0m Safe Mode Activating    
[2m2025-08-30T10:59:09.6768036Z[0m [33m WARN[0m [2mrts_rust_assignment::satellite::task[0m[2m:[0m Completion delay for task SafeModeActivation: 2.385494ms    
[2m2025-08-30T10:59:09.6770935Z[0m [33m WARN[0m [2mrts_rust_assignment::satellite::task[0m[2m:[0m Start delay for task HealthMonitoring: 8.327µs    
[2m2025-08-30T10:59:09.6772456Z[0m [32m INFO[0m [2mrts_rust_assignment::satellite::task[0m[2m:[0m Monitoring health of satellite    
[2m2025-08-30T10:59:09.8517914Z[0m [32m INFO[0m [2mrts_rust_assignment::satellite::scheduler[0m[2m:[0m Task HealthMonitoring scheduled at 25468580637085 with drift 4.0    
[2m2025-08-30T10:59:09.85183Z[0m [32m INFO[0m [2mrts_rust_assignment::satellite::sensor[0m[2m:[0m AntennaPointingSensor data acquisition drift: 4ms    
[2m2025-08-30T10:59:09.8518724Z[0m [32m INFO[0m [2mrts_rust_assignment::satellite::sensor[0m[2m:[0m RadiationSensor data acquisition drift: 4ms    
[2m2025-08-30T10:59:09.8518856Z[0m [32m INFO[0m [2mrts_rust_assignment::satellite::sensor[0m[2m:[0m OnboardTelemetrySensor data acquisition drift: 4ms    
[2m2025-08-30T10:59:09.8518573Z[0m [32m INFO[0m [2mrts_rust_assignment::satellite::scheduler[0m[2m:[0m Task SpaceWeatherMonitoring scheduled at 25468580707290 with drift 4.0    
[2m2025-08-30T10:59:09.8523807Z[0m [32m INFO[0m [2mrts_rust_assignment::satellite::sensor[0m[2m:[0m Data generated from AntennaPointingSensor    
[2m2025-08-30T10:59:09.8524846Z[0m [32m INFO[0m [2mrts_rust_assignment::satellite::sensor[0m[2m:[0m Data generated from RadiationSensor    
[2m2025-08-30T10:59:09.8526503Z[0m [32m INFO[0m [2mrts_rust_assignment::satellite::sensor[0m[2m:[0m Data generated from OnboardTelemetrySensor    
[2m2025-08-30T10:59:09.8529524Z[0m [32m INFO[0m [2mrts_rust_assignment::satellite::buffer[0m[2m:[0m Buffer len: 10    
[2m2025-08-30T10:59:09.8534777Z[0m [32m INFO[0m [2mrts_rust_assignment::satellite::buffer[0m[2m:[0m Buffer insertion latency for AntennaPointingSensor: 1.102ms    
[2m2025-08-30T10:59:09.8536071Z[0m [32m INFO[0m [2mrts_rust_assignment::satellite::sensor[0m[2m:[0m AntennaPointingSensor data pushed to buffer    
[2m2025-08-30T10:59:09.8537414Z[0m [32m INFO[0m [2mrts_rust_assignment::satellite::buffer[0m[2m:[0m Buffer len: 11    
[2m2025-08-30T10:59:09.8538896Z[0m [32m INFO[0m [2mrts_rust_assignment::satellite::buffer[0m[2m:[0m Buffer insertion latency for RadiationSensor: 1.407ms    
[2m2025-08-30T10:59:09.8540433Z[0m [32m INFO[0m [2mrts_rust_assignment::satellite::sensor[0m[2m:[0m RadiationSensor data pushed to buffer    
[2m2025-08-30T10:59:09.8542586Z[0m [32m INFO[0m [2mrts_rust_assignment::satellite::buffer[0m[2m:[0m Buffer len: 12    
[2m2025-08-30T10:59:09.8543895Z[0m [32m INFO[0m [2mrts_rust_assignment::satellite::buffer[0m[2m:[0m Buffer insertion latency for OnboardTelemetrySensor: 1.743ms    
[2m2025-08-30T10:59:09.8545063Z[0m [32m INFO[0m [2mrts_rust_assignment::satellite::sensor[0m[2m:[0m OnboardTelemetrySensor data pushed to buffer    
[2m2025-08-30T10:59:10.3608574Z[0m [32m INFO[0m [2mrts_rust_assignment::satellite::sensor[0m[2m:[0m OnboardTelemetrySensor data acquisition drift: 13ms    
[2m2025-08-30T10:59:10.361316Z[0m [32m INFO[0m [2mrts_rust_assignment::satellite::sensor[0m[2m:[0m Data generated from OnboardTelemetrySensor    
[2m2025-08-30T10:59:10.3615855Z[0m [32m INFO[0m [2mrts_rust_assignment::satellite::buffer[0m[2m:[0m Buffer len: 13    
[2m2025-08-30T10:59:10.361822Z[0m [32m INFO[0m [2mrts_rust_assignment::satellite::buffer[0m[2m:[0m Buffer insertion latency for OnboardTelemetrySensor: 0.557ms    
[2m2025-08-30T10:59:10.3623249Z[0m [32m INFO[0m [2mrts_rust_assignment::satellite::sensor[0m[2m:[0m OnboardTelemetrySensor data pushed to buffer    
[2m2025-08-30T10:59:10.8539341Z[0m [32m INFO[0m [2mrts_rust_assignment::satellite::sensor[0m[2m:[0m RadiationSensor data acquisition drift: 6ms    
[2m2025-08-30T10:59:10.8539221Z[0m [32m INFO[0m [2mrts_rust_assignment::satellite::sensor[0m[2m:[0m OnboardTelemetrySensor data acquisition drift: 6ms    
[2m2025-08-30T10:59:10.854293Z[0m [32m INFO[0m [2mrts_rust_assignment::satellite::sensor[0m[2m:[0m Data generated from RadiationSensor    
[2m2025-08-30T10:59:10.8544657Z[0m [32m INFO[0m [2mrts_rust_assignment::satellite::sensor[0m[2m:[0m Data generated from OnboardTelemetrySensor    
[2m2025-08-30T10:59:10.854566Z[0m [32m INFO[0m [2mrts_rust_assignment::satellite::buffer[0m[2m:[0m Buffer len: 14    
[2m2025-08-30T10:59:10.8547995Z[0m [32m INFO[0m [2mrts_rust_assignment::satellite::buffer[0m[2m:[0m Buffer insertion latency for RadiationSensor: 0.503ms    
[2m2025-08-30T10:59:10.8549509Z[0m [32m INFO[0m [2mrts_rust_assignment::satellite::sensor[0m[2m:[0m RadiationSensor data pushed to buffer    
[2m2025-08-30T10:59:10.8551034Z[0m [32m INFO[0m [2mrts_rust_assignment::satellite::buffer[0m[2m:[0m Buffer len: 15    
[2m2025-08-30T10:59:10.8553299Z[0m [32m INFO[0m [2mrts_rust_assignment::satellite::buffer[0m[2m:[0m Buffer insertion latency for OnboardTelemetrySensor: 0.846ms    
[2m2025-08-30T10:59:10.8554539Z[0m [32m INFO[0m [2mrts_rust_assignment::satellite::sensor[0m[2m:[0m OnboardTelemetrySensor data pushed to buffer    
[2m2025-08-30T10:59:11.1868542Z[0m [33m WARN[0m [2mrts_rust_assignment::satellite::task[0m[2m:[0m Completion delay for task HealthMonitoring: 9.753908ms    
[2m2025-08-30T10:59:11.1871649Z[0m [33m WARN[0m [2mrts_rust_assignment::satellite::task[0m[2m:[0m Start delay for task AntennaAlignment: 9.939µs    
[2m2025-08-30T10:59:11.1874652Z[0m [32m INFO[0m [2mrts_rust_assignment::satellite::task[0m[2m:[0m Aligning Antenna    
[2m2025-08-30T10:59:11.3618896Z[0m [32m INFO[0m [2mrts_rust_assignment::satellite::sensor[0m[2m:[0m OnboardTelemetrySensor data acquisition drift: 14ms    
[2m2025-08-30T10:59:11.3618896Z[0m [32m INFO[0m [2mrts_rust_assignment::satellite::sensor[0m[2m:[0m AntennaPointingSensor data acquisition drift: 14ms    
[2m2025-08-30T10:59:11.3622152Z[0m [32m INFO[0m [2mrts_rust_assignment::satellite::sensor[0m[2m:[0m Data generated from OnboardTelemetrySensor    
[2m2025-08-30T10:59:11.362361Z[0m [32m INFO[0m [2mrts_rust_assignment::satellite::sensor[0m[2m:[0m Data generated from AntennaPointingSensor    
[2m2025-08-30T10:59:11.3625785Z[0m [32m INFO[0m [2mrts_rust_assignment::satellite::buffer[0m[2m:[0m Buffer len: 3    
[2m2025-08-30T10:59:11.3630164Z[0m [32m INFO[0m [2mrts_rust_assignment::satellite::buffer[0m[2m:[0m Buffer insertion latency for OnboardTelemetrySensor: 0.806ms    
[2m2025-08-30T10:59:11.3634052Z[0m [32m INFO[0m [2mrts_rust_assignment::satellite::sensor[0m[2m:[0m OnboardTelemetrySensor data pushed to buffer    
[2m2025-08-30T10:59:11.3637173Z[0m [32m INFO[0m [2mrts_rust_assignment::satellite::buffer[0m[2m:[0m Buffer len: 4    
[2m2025-08-30T10:59:11.3639358Z[0m [32m INFO[0m [2mrts_rust_assignment::satellite::buffer[0m[2m:[0m Buffer insertion latency for AntennaPointingSensor: 1.578ms    
[2m2025-08-30T10:59:11.3641841Z[0m [32m INFO[0m [2mrts_rust_assignment::satellite::sensor[0m[2m:[0m AntennaPointingSensor data pushed to buffer    
[2m2025-08-30T10:59:11.8528557Z[0m [32m INFO[0m [2mrts_rust_assignment::satellite::sensor[0m[2m:[0m OnboardTelemetrySensor data acquisition drift: 5ms    
[2m2025-08-30T10:59:11.8528993Z[0m [32m INFO[0m [2mrts_rust_assignment::satellite::sensor[0m[2m:[0m RadiationSensor data acquisition drift: 5ms    
[2m2025-08-30T10:59:11.8529304Z[0m [32m INFO[0m [2mrts_rust_assignment::satellite::scheduler[0m[2m:[0m Task AntennaAlignment scheduled at 25470581792060 with drift 5.0    
[2m2025-08-30T10:59:11.8529325Z[0m [32m INFO[0m [2mrts_rust_assignment::satellite::scheduler[0m[2m:[0m Task HealthMonitoring scheduled at 25470581794967 with drift 5.0    
[2m2025-08-30T10:59:11.8531445Z[0m [32m INFO[0m [2mrts_rust_assignment::satellite::sensor[0m[2m:[0m Data generated from RadiationSensor    
[2m2025-08-30T10:59:11.8532566Z[0m [32m INFO[0m [2mrts_rust_assignment::satellite::sensor[0m[2m:[0m Data generated from OnboardTelemetrySensor    
[2m2025-08-30T10:59:11.8536348Z[0m [32m INFO[0m [2mrts_rust_assignment::satellite::buffer[0m[2m:[0m Buffer len: 5    
[2m2025-08-30T10:59:11.8538969Z[0m [32m INFO[0m [2mrts_rust_assignment::satellite::buffer[0m[2m:[0m Buffer insertion latency for RadiationSensor: 0.778ms    
[2m2025-08-30T10:59:11.854044Z[0m [32m INFO[0m [2mrts_rust_assignment::satellite::sensor[0m[2m:[0m RadiationSensor data pushed to buffer    
[2m2025-08-30T10:59:11.854198Z[0m [32m INFO[0m [2mrts_rust_assignment::satellite::buffer[0m[2m:[0m Buffer len: 6    
[2m2025-08-30T10:59:11.8543532Z[0m [32m INFO[0m [2mrts_rust_assignment::satellite::buffer[0m[2m:[0m Buffer insertion latency for OnboardTelemetrySensor: 1.088ms    
[2m2025-08-30T10:59:11.8545034Z[0m [32m INFO[0m [2mrts_rust_assignment::satellite::sensor[0m[2m:[0m OnboardTelemetrySensor data pushed to buffer    
[2m2025-08-30T10:59:12.3608398Z[0m [32m INFO[0m [2mrts_rust_assignment::satellite::sensor[0m[2m:[0m OnboardTelemetrySensor data acquisition drift: 13ms    
[2m2025-08-30T10:59:12.3611662Z[0m [32m INFO[0m [2mrts_rust_assignment::satellite::sensor[0m[2m:[0m Data generated from OnboardTelemetrySensor    
[2m2025-08-30T10:59:12.3613722Z[0m [32m INFO[0m [2mrts_rust_assignment::satellite::buffer[0m[2m:[0m Buffer len: 7    
[2m2025-08-30T10:59:12.3616092Z[0m [32m INFO[0m [2mrts_rust_assignment::satellite::buffer[0m[2m:[0m Buffer insertion latency for OnboardTelemetrySensor: 0.445ms    
[2m2025-08-30T10:59:12.3618004Z[0m [32m INFO[0m [2mrts_rust_assignment::satellite::sensor[0m[2m:[0m OnboardTelemetrySensor data pushed to buffer    
[2m2025-08-30T10:59:12.3786002Z[0m [32m INFO[0m [2mrts_rust_assignment::satellite::downlink[0m[2m:[0m Packet insert to transmission queue latency: 1ms    
[2m2025-08-30T10:59:12.3789064Z[0m [32m INFO[0m [2mrts_rust_assignment::satellite::downlink[0m[2m:[0m Downlink buffer fill rate:  5%    
[2m2025-08-30T10:59:12.8528636Z[0m [32m INFO[0m [2mrts_rust_assignment::satellite::sensor[0m[2m:[0m OnboardTelemetrySensor data acquisition drift: 5ms    
[2m2025-08-30T10:59:12.8528691Z[0m [32m INFO[0m [2mrts_rust_assignment::satellite::sensor[0m[2m:[0m AntennaPointingSensor data acquisition drift: 5ms    
[2m2025-08-30T10:59:12.852883Z[0m [32m INFO[0m [2mrts_rust_assignment::satellite::scheduler[0m[2m:[0m Task SpaceWeatherMonitoring scheduled at 25471581746181 with drift 5.0    
[2m2025-08-30T10:59:12.8529347Z[0m [32m INFO[0m [2mrts_rust_assignment::satellite::sensor[0m[2m:[0m RadiationSensor data acquisition drift: 5ms    
[2m2025-08-30T10:59:12.8532027Z[0m [32m INFO[0m [2mrts_rust_assignment::satellite::sensor[0m[2m:[0m Data generated from OnboardTelemetrySensor    
[2m2025-08-30T10:59:12.8533221Z[0m [32m INFO[0m [2mrts_rust_assignment::satellite::sensor[0m[2m:[0m Data generated from AntennaPointingSensor    
[2m2025-08-30T10:59:12.853406Z[0m [32m INFO[0m [2mrts_rust_assignment::satellite::sensor[0m[2m:[0m Data generated from RadiationSensor    
[2m2025-08-30T10:59:12.8536812Z[0m [32m INFO[0m [2mrts_rust_assignment::satellite::buffer[0m[2m:[0m Buffer len: 8    
[2m2025-08-30T10:59:12.8540241Z[0m [32m INFO[0m [2mrts_rust_assignment::satellite::buffer[0m[2m:[0m Buffer insertion latency for OnboardTelemetrySensor: 0.825ms    
[2m2025-08-30T10:59:12.8541783Z[0m [32m INFO[0m [2mrts_rust_assignment::satellite::sensor[0m[2m:[0m OnboardTelemetrySensor data pushed to buffer    
[2m2025-08-30T10:59:12.854345Z[0m [32m INFO[0m [2mrts_rust_assignment::satellite::buffer[0m[2m:[0m Buffer len: 9    
[2m2025-08-30T10:59:12.8544841Z[0m [32m INFO[0m [2mrts_rust_assignment::satellite::buffer[0m[2m:[0m Buffer insertion latency for AntennaPointingSensor: 1.164ms    
[2m2025-08-30T10:59:12.8546165Z[0m [32m INFO[0m [2mrts_rust_assignment::satellite::sensor[0m[2m:[0m AntennaPointingSensor data pushed to buffer    
[2m2025-08-30T10:59:12.8548243Z[0m [32m INFO[0m [2mrts_rust_assignment::satellite::buffer[0m[2m:[0m Buffer len: 10    
[2m2025-08-30T10:59:12.8549775Z[0m [32m INFO[0m [2mrts_rust_assignment::satellite::buffer[0m[2m:[0m Buffer insertion latency for RadiationSensor: 1.572ms    
[2m2025-08-30T10:59:12.8551378Z[0m [32m INFO[0m [2mrts_rust_assignment::satellite::sensor[0m[2m:[0m RadiationSensor data pushed to buffer    
[2m2025-08-30T10:59:13.3598309Z[0m [32m INFO[0m [2mrts_rust_assignment::satellite::sensor[0m[2m:[0m OnboardTelemetrySensor data acquisition drift: 12ms    
[2m2025-08-30T10:59:13.3600674Z[0m [32m INFO[0m [2mrts_rust_assignment::satellite::sensor[0m[2m:[0m Data generated from OnboardTelemetrySensor    
[2m2025-08-30T10:59:13.3603015Z[0m [32m INFO[0m [2mrts_rust_assignment::satellite::buffer[0m[2m:[0m Buffer len: 11    
[2m2025-08-30T10:59:13.3604336Z[0m [32m INFO[0m [2mrts_rust_assignment::satellite::buffer[0m[2m:[0m Buffer insertion latency for OnboardTelemetrySensor: 0.37ms    
[2m2025-08-30T10:59:13.3605526Z[0m [32m INFO[0m [2mrts_rust_assignment::satellite::sensor[0m[2m:[0m OnboardTelemetrySensor data pushed to buffer    
[2m2025-08-30T10:59:13.8038797Z[0m [32m INFO[0m [2mrts_rust_assignment::satellite::downlink[0m[2m:[0m Downlink Window Opened    
[2m2025-08-30T10:59:13.8038843Z[0m [31mERROR[0m [2mrts_rust_assignment::satellite::downlink[0m[2m:[0m Error sending data: invalid channel state: Closing (basic.publish)    
